Removed Pin From Net: NetName=GND Pin=C42-1
Removed Pin From Net: NetName=GND Pin=C43-1
Removed Pin From Net: NetName=GND Pin=C44-1
Removed Pin From Net: NetName=GND Pin=Q11-3
Removed Pin From Net: NetName=GND Pin=Q12-3
Removed Pin From Net: NetName=GND Pin=R40-1
Removed Pin From Net: NetName=GND Pin=R55-1
Removed Pin From Net: NetName=GND Pin=U6-9
Added Pin To Net: NetName=+48V Pin=C4-1
Added Pin To Net: NetName=+48V Pin=C5-1
Added Pin To Net: NetName=+48V Pin=C6-1
Added Pin To Net: NetName=+48V Pin=C7-1
Added Pin To Net: NetName=+48V Pin=C11-1
Added Pin To Net: NetName=+48V Pin=C12-1
Added Pin To Net: NetName=+48V Pin=C13-1
Added Pin To Net: NetName=+48V Pin=C14-1
Added Pin To Net: NetName=NetC42_1 Pin=C42-1
Added Pin To Net: NetName=NetC42_1 Pin=C43-1
Added Pin To Net: NetName=NetC42_1 Pin=C44-1
Added Pin To Net: NetName=NetC42_1 Pin=Q11-3
Added Pin To Net: NetName=NetC42_1 Pin=Q12-3
Added Pin To Net: NetName=NetC42_1 Pin=R40-1
Added Pin To Net: NetName=NetC42_1 Pin=R55-1
Added Pin To Net: NetName=NetC42_1 Pin=U6-9
Added Net: Name=NetC42_1
Added Room: Name=Regulator
