Added Component: Designator=C4(220uF 100V Cap)
Added Component: Designator=C5(220uF 100V Cap)
Added Component: Designator=C6(220uF 100V Cap)
Added Component: Designator=C7(220uF 100V Cap)
Added Component: Designator=C11(220uF 100V Cap)
Added Component: Designator=C12(220uF 100V Cap)
Added Component: Designator=C13(220uF 100V Cap)
Added Component: Designator=C14(220uF 100V Cap)
Added Pin To Net: NetName=+48V Pin=C4-1
Added Pin To Net: NetName=GND Pin=C4-2
Added Pin To Net: NetName=+48V Pin=C5-1
Added Pin To Net: NetName=GND Pin=C5-2
Added Pin To Net: NetName=+48V Pin=C6-1
Added Pin To Net: NetName=GND Pin=C6-2
Added Pin To Net: NetName=+48V Pin=C7-1
Added Pin To Net: NetName=GND Pin=C7-2
Added Pin To Net: NetName=+48V Pin=C11-1
Added Pin To Net: NetName=GND Pin=C11-2
Added Pin To Net: NetName=+48V Pin=C12-1
Added Pin To Net: NetName=GND Pin=C12-2
Added Pin To Net: NetName=+48V Pin=C13-1
Added Pin To Net: NetName=GND Pin=C13-2
Added Pin To Net: NetName=+48V Pin=C14-1
Added Pin To Net: NetName=GND Pin=C14-2
Added Member To Class: ClassName=Power Member=Component C4 220uF
Added Member To Class: ClassName=Power Member=Component C5 220uF
Added Member To Class: ClassName=Power Member=Component C6 220uF
Added Member To Class: ClassName=Power Member=Component C7 220uF
Added Member To Class: ClassName=Power Member=Component C10 1uF 50V
Added Member To Class: ClassName=Power Member=Component C11 220uF
Added Member To Class: ClassName=Power Member=Component C12 220uF
Added Member To Class: ClassName=Power Member=Component C13 220uF
Added Member To Class: ClassName=Power Member=Component C14 220uF
Added Member To Class: ClassName=Power Member=Component C15 10pF 50V
Added Room: Name=Regulator
