Added Component: Designator=C?(CAPE-P15XD30XH62MM)
Add component (AddParameter): Name = "Arrow Part Number"; Value = ""; VariantName = "[No Variations]"
Add component (AddParameter): Name = "Arrow Price/Stock"; Value = ""; VariantName = "[No Variations]"
Add component (AddParameter): Name = "Datasheet Link"; Value = "https://lcsc.com/product-detail/Aluminum-Electrolytic-Capacitors-Leaded_560uF-20-400V_C106433.html"; VariantName = "[No Variations]"
Add component (AddParameter): Name = "Height"; Value = "62mm"; VariantName = "[No Variations]"
Add component (AddParameter): Name = "Manufacturer_Name"; Value = "Aihua Group"; VariantName = "[No Variations]"
Add component (AddParameter): Name = "Manufacturer_Part_Number"; Value = "ELH2GM561Q60KT"; VariantName = "[No Variations]"
Add component (AddParameter): Name = "Mouser Part Number"; Value = ""; VariantName = "[No Variations]"
Add component (AddParameter): Name = "Mouser Price/Stock"; Value = ""; VariantName = "[No Variations]"
Added Component: Designator=C?(CAPE-P15XD30XH62MM)
Add component (AddParameter): Name = "Arrow Part Number"; Value = ""; VariantName = "[No Variations]"
Add component (AddParameter): Name = "Arrow Price/Stock"; Value = ""; VariantName = "[No Variations]"
Add component (AddParameter): Name = "Datasheet Link"; Value = "https://lcsc.com/product-detail/Aluminum-Electrolytic-Capacitors-Leaded_560uF-20-400V_C106433.html"; VariantName = "[No Variations]"
Add component (AddParameter): Name = "Height"; Value = "62mm"; VariantName = "[No Variations]"
Add component (AddParameter): Name = "Manufacturer_Name"; Value = "Aihua Group"; VariantName = "[No Variations]"
Add component (AddParameter): Name = "Manufacturer_Part_Number"; Value = "ELH2GM561Q60KT"; VariantName = "[No Variations]"
Add component (AddParameter): Name = "Mouser Part Number"; Value = ""; VariantName = "[No Variations]"
Add component (AddParameter): Name = "Mouser Price/Stock"; Value = ""; VariantName = "[No Variations]"
Added Component: Designator=C?(CAPE-P15XD30XH62MM)
Add component (AddParameter): Name = "Arrow Part Number"; Value = ""; VariantName = "[No Variations]"
Add component (AddParameter): Name = "Arrow Price/Stock"; Value = ""; VariantName = "[No Variations]"
Add component (AddParameter): Name = "Datasheet Link"; Value = "https://lcsc.com/product-detail/Aluminum-Electrolytic-Capacitors-Leaded_560uF-20-400V_C106433.html"; VariantName = "[No Variations]"
Add component (AddParameter): Name = "Height"; Value = "62mm"; VariantName = "[No Variations]"
Add component (AddParameter): Name = "Manufacturer_Name"; Value = "Aihua Group"; VariantName = "[No Variations]"
Add component (AddParameter): Name = "Manufacturer_Part_Number"; Value = "ELH2GM561Q60KT"; VariantName = "[No Variations]"
Add component (AddParameter): Name = "Mouser Part Number"; Value = ""; VariantName = "[No Variations]"
Add component (AddParameter): Name = "Mouser Price/Stock"; Value = ""; VariantName = "[No Variations]"
Added Component: Designator=C?(CAPE-P15XD30XH62MM)
Add component (AddParameter): Name = "Arrow Part Number"; Value = ""; VariantName = "[No Variations]"
Add component (AddParameter): Name = "Arrow Price/Stock"; Value = ""; VariantName = "[No Variations]"
Add component (AddParameter): Name = "Datasheet Link"; Value = "https://lcsc.com/product-detail/Aluminum-Electrolytic-Capacitors-Leaded_560uF-20-400V_C106433.html"; VariantName = "[No Variations]"
Add component (AddParameter): Name = "Height"; Value = "62mm"; VariantName = "[No Variations]"
Add component (AddParameter): Name = "Manufacturer_Name"; Value = "Aihua Group"; VariantName = "[No Variations]"
Add component (AddParameter): Name = "Manufacturer_Part_Number"; Value = "ELH2GM561Q60KT"; VariantName = "[No Variations]"
Add component (AddParameter): Name = "Mouser Part Number"; Value = ""; VariantName = "[No Variations]"
Add component (AddParameter): Name = "Mouser Price/Stock"; Value = ""; VariantName = "[No Variations]"
Added Component: Designator=C?(CAPE-P15XD30XH62MM)
Add component (AddParameter): Name = "Arrow Part Number"; Value = ""; VariantName = "[No Variations]"
Add component (AddParameter): Name = "Arrow Price/Stock"; Value = ""; VariantName = "[No Variations]"
Add component (AddParameter): Name = "Datasheet Link"; Value = "https://lcsc.com/product-detail/Aluminum-Electrolytic-Capacitors-Leaded_560uF-20-400V_C106433.html"; VariantName = "[No Variations]"
Add component (AddParameter): Name = "Height"; Value = "62mm"; VariantName = "[No Variations]"
Add component (AddParameter): Name = "Manufacturer_Name"; Value = "Aihua Group"; VariantName = "[No Variations]"
Add component (AddParameter): Name = "Manufacturer_Part_Number"; Value = "ELH2GM561Q60KT"; VariantName = "[No Variations]"
Add component (AddParameter): Name = "Mouser Part Number"; Value = ""; VariantName = "[No Variations]"
Add component (AddParameter): Name = "Mouser Price/Stock"; Value = ""; VariantName = "[No Variations]"
Added Component: Designator=C?(CAPE-P15XD30XH62MM)
Add component (AddParameter): Name = "Arrow Part Number"; Value = ""; VariantName = "[No Variations]"
Add component (AddParameter): Name = "Arrow Price/Stock"; Value = ""; VariantName = "[No Variations]"
Add component (AddParameter): Name = "Datasheet Link"; Value = "https://lcsc.com/product-detail/Aluminum-Electrolytic-Capacitors-Leaded_560uF-20-400V_C106433.html"; VariantName = "[No Variations]"
Add component (AddParameter): Name = "Height"; Value = "62mm"; VariantName = "[No Variations]"
Add component (AddParameter): Name = "Manufacturer_Name"; Value = "Aihua Group"; VariantName = "[No Variations]"
Add component (AddParameter): Name = "Manufacturer_Part_Number"; Value = "ELH2GM561Q60KT"; VariantName = "[No Variations]"
Add component (AddParameter): Name = "Mouser Part Number"; Value = ""; VariantName = "[No Variations]"
Add component (AddParameter): Name = "Mouser Price/Stock"; Value = ""; VariantName = "[No Variations]"
Added Component: Designator=C?(CAPE-P15XD30XH62MM)
Add component (AddParameter): Name = "Arrow Part Number"; Value = ""; VariantName = "[No Variations]"
Add component (AddParameter): Name = "Arrow Price/Stock"; Value = ""; VariantName = "[No Variations]"
Add component (AddParameter): Name = "Datasheet Link"; Value = "https://lcsc.com/product-detail/Aluminum-Electrolytic-Capacitors-Leaded_560uF-20-400V_C106433.html"; VariantName = "[No Variations]"
Add component (AddParameter): Name = "Height"; Value = "62mm"; VariantName = "[No Variations]"
Add component (AddParameter): Name = "Manufacturer_Name"; Value = "Aihua Group"; VariantName = "[No Variations]"
Add component (AddParameter): Name = "Manufacturer_Part_Number"; Value = "ELH2GM561Q60KT"; VariantName = "[No Variations]"
Add component (AddParameter): Name = "Mouser Part Number"; Value = ""; VariantName = "[No Variations]"
Add component (AddParameter): Name = "Mouser Price/Stock"; Value = ""; VariantName = "[No Variations]"
Added Component: Designator=C?(CAPE-P15XD30XH62MM)
Add component (AddParameter): Name = "Arrow Part Number"; Value = ""; VariantName = "[No Variations]"
Add component (AddParameter): Name = "Arrow Price/Stock"; Value = ""; VariantName = "[No Variations]"
Add component (AddParameter): Name = "Datasheet Link"; Value = "https://lcsc.com/product-detail/Aluminum-Electrolytic-Capacitors-Leaded_560uF-20-400V_C106433.html"; VariantName = "[No Variations]"
Add component (AddParameter): Name = "Height"; Value = "62mm"; VariantName = "[No Variations]"
Add component (AddParameter): Name = "Manufacturer_Name"; Value = "Aihua Group"; VariantName = "[No Variations]"
Add component (AddParameter): Name = "Manufacturer_Part_Number"; Value = "ELH2GM561Q60KT"; VariantName = "[No Variations]"
Add component (AddParameter): Name = "Mouser Part Number"; Value = ""; VariantName = "[No Variations]"
Add component (AddParameter): Name = "Mouser Price/Stock"; Value = ""; VariantName = "[No Variations]"
Added Pin To Net: NetName=GND Pin=C?-1
Added Pin To Net: NetName=GND Pin=C?-1
Added Pin To Net: NetName=GND Pin=C?-1
Added Pin To Net: NetName=GND Pin=C?-1
Added Pin To Net: NetName=GND Pin=C?-1
Added Pin To Net: NetName=GND Pin=C?-1
Added Pin To Net: NetName=GND Pin=C?-1
Added Pin To Net: NetName=GND Pin=C?-1
Added Pin To Net: NetName=+48V Pin=C?-2
Added Pin To Net: NetName=+48V Pin=C?-2
Added Pin To Net: NetName=+48V Pin=C?-2
Added Pin To Net: NetName=+48V Pin=C?-2
Added Pin To Net: NetName=+48V Pin=C?-2
Added Pin To Net: NetName=+48V Pin=C?-2
Added Pin To Net: NetName=+48V Pin=C?-2
Added Pin To Net: NetName=+48V Pin=C?-2
Added Member To Class: ClassName=Power Member=Component C? 470uF 160V
Added Member To Class: ClassName=Power Member=Component C? 470uF 160V
Added Member To Class: ClassName=Power Member=Component C? 470uF 160V
Added Member To Class: ClassName=Power Member=Component C? 470uF 160V
Added Member To Class: ClassName=Power Member=Component C? 470uF 160V
Added Member To Class: ClassName=Power Member=Component C? 470uF 160V
Added Member To Class: ClassName=Power Member=Component C? 470uF 160V
Added Member To Class: ClassName=Power Member=Component C? 470uF 160V
Added Room: Name=Regulator
