Removed Pin From Net: NetName=GND Pin=P5-2
Removed Pin From Net: NetName=Sense_P Pin=R52-1
Removed Pin From Net: NetName=GND Pin=R53-1
Removed Member From Class: ClassName=Power Member=C60
Removed Member From Class: ClassName=Power Member=P5
Removed Member From Class: ClassName=Power Member=P6
Removed Member From Class: ClassName=Power Member=R52
Removed Member From Class: ClassName=Power Member=R53
Added Pin To Net: NetName=+48V Pin=C4-1
Added Pin To Net: NetName=+48V Pin=C5-1
Added Pin To Net: NetName=+48V Pin=C6-1
Added Pin To Net: NetName=+48V Pin=C7-1
Added Pin To Net: NetName=+48V Pin=C11-1
Added Pin To Net: NetName=+48V Pin=C12-1
Added Pin To Net: NetName=+48V Pin=C13-1
Added Pin To Net: NetName=+48V Pin=C14-1
Added Pin To Net: NetName=ENABLE Pin=J1-2
Added Pin To Net: NetName=\ Pin=J1-4
Added Pin To Net: NetName=Sense_P Pin=J1-5
Added Pin To Net: NetName=+5V Pin=J1-6
Added Pin To Net: NetName=GND Pin=J1-7
Added Pin To Net: NetName=+5V Pin=J1-8
Added Pin To Net: NetName=+5V Pin=J1-9
Added Pin To Net: NetName=\ Pin=J1-10
Added Pin To Net: NetName=\ Pin=J1-12
Added Pin To Net: NetName=\ Pin=J1-14
Added Pin To Net: NetName=H_A Pin=J1-15
Added Pin To Net: NetName=+5V Pin=J1-16
Added Pin To Net: NetName=H_B Pin=J1-17
Added Pin To Net: NetName=POT Pin=J1-18
Added Pin To Net: NetName=H_C Pin=J1-19
Added Pin To Net: NetName=GND Pin=J1-20
Added Pin To Net: NetName=GND Pin=J1-22
Added Pin To Net: NetName=FW/RV Pin=J1-24
Added Pin To Net: NetName=+5V Pin=J2-1
Added Pin To Net: NetName=+5V Pin=J3-1
Added Pin To Net: NetName=GND Pin=J3-3
Added Pin To Net: NetName=+12V Pin=P2-1
Added Pin To Net: NetName=GND Pin=P2-2
Added Room: Name=Regulator
