Removed Member From Class: ClassName=Regulator Member=C63
Removed Member From Class: ClassName=Power Member=U7
Removed Member From Class: ClassName=Power Member=U8
Change Component Designator: OldDesignator=C16 NewDesignator=C8
Change Component Designator: OldDesignator=C17 NewDesignator=C9
Change Component Designator: OldDesignator=C18 NewDesignator=C21
Change Component Designator: OldDesignator=C19 NewDesignator=C16
Change Component Designator: OldDesignator=C20 NewDesignator=C17
Change Component Designator: OldDesignator=C21 NewDesignator=C18
Change Component Designator: OldDesignator=C22 NewDesignator=C19
Change Component Designator: OldDesignator=C23 NewDesignator=C20
Change Component Designator: OldDesignator=C24 NewDesignator=C22
Change Component Designator: OldDesignator=C25 NewDesignator=C23
Change Component Designator: OldDesignator=C26 NewDesignator=C24
Change Component Designator: OldDesignator=C29 NewDesignator=C25
Change Component Designator: OldDesignator=C30 NewDesignator=C26
Change Component Designator: OldDesignator=C31 NewDesignator=C27
Change Component Designator: OldDesignator=C32 NewDesignator=C28
Change Component Designator: OldDesignator=C34 NewDesignator=C29
Change Component Designator: OldDesignator=C35 NewDesignator=C30
Change Component Designator: OldDesignator=C36 NewDesignator=C31
Change Component Designator: OldDesignator=C37 NewDesignator=C32
Change Component Designator: OldDesignator=C38 NewDesignator=C33
Change Component Designator: OldDesignator=C39 NewDesignator=C34
Change Component Designator: OldDesignator=C40 NewDesignator=C35
Change Component Designator: OldDesignator=C41 NewDesignator=C36
Change Component Designator: OldDesignator=C44 NewDesignator=C37
Change Component Designator: OldDesignator=C45 NewDesignator=C38
Change Component Designator: OldDesignator=C46 NewDesignator=C39
Change Component Designator: OldDesignator=C47 NewDesignator=C40
Change Component Designator: OldDesignator=C48 NewDesignator=C41
Change Component Designator: OldDesignator=C49 NewDesignator=C42
Change Component Designator: OldDesignator=C50 NewDesignator=C43
Change Component Designator: OldDesignator=C51 NewDesignator=C44
Change Component Designator: OldDesignator=C52 NewDesignator=C45
Change Component Designator: OldDesignator=C53 NewDesignator=C57
Change Component Designator: OldDesignator=C54 NewDesignator=C58
Change Component Designator: OldDesignator=C55 NewDesignator=C59
Change Component Designator: OldDesignator=C56 NewDesignator=C54
Change Component Designator: OldDesignator=C57 NewDesignator=C55
Change Component Designator: OldDesignator=C58 NewDesignator=C56
Change Component Designator: OldDesignator=C59 NewDesignator=C46
Change Component Designator: OldDesignator=C60 NewDesignator=C47
Change Component Designator: OldDesignator=C61 NewDesignator=C51
Change Component Designator: OldDesignator=C62 NewDesignator=C52
Change Component Designator: OldDesignator=C63 NewDesignator=C53
Change Component Designator: OldDesignator=C64 NewDesignator=C48
Change Component Designator: OldDesignator=C65 NewDesignator=C49
Change Component Designator: OldDesignator=C66 NewDesignator=C50
Change Component Designator: OldDesignator=R2 NewDesignator=R5
Change Component Designator: OldDesignator=R3 NewDesignator=R2
Change Component Designator: OldDesignator=R4 NewDesignator=R3
Change Component Designator: OldDesignator=R5 NewDesignator=R4
Change Component Designator: OldDesignator=R7 NewDesignator=R8
Change Component Designator: OldDesignator=R8 NewDesignator=R7
Change Component Designator: OldDesignator=R14 NewDesignator=R13
Change Component Designator: OldDesignator=R15 NewDesignator=R14
Change Component Designator: OldDesignator=R16 NewDesignator=R15
Change Component Designator: OldDesignator=R17 NewDesignator=R19
Change Component Designator: OldDesignator=R18 NewDesignator=R16
Change Component Designator: OldDesignator=R19 NewDesignator=R17
Change Component Designator: OldDesignator=R20 NewDesignator=R18
Change Component Designator: OldDesignator=R21 NewDesignator=R20
Change Component Designator: OldDesignator=R23 NewDesignator=R21
Change Component Designator: OldDesignator=R24 NewDesignator=R23
Change Component Designator: OldDesignator=R25 NewDesignator=R24
Change Component Designator: OldDesignator=R26 NewDesignator=R25
Change Component Designator: OldDesignator=R27 NewDesignator=R26
Change Component Designator: OldDesignator=R31 NewDesignator=R27
Change Component Designator: OldDesignator=R32 NewDesignator=R28
Change Component Designator: OldDesignator=R33 NewDesignator=R29
Change Component Designator: OldDesignator=R34 NewDesignator=R33
Change Component Designator: OldDesignator=R35 NewDesignator=R30
Change Component Designator: OldDesignator=R36 NewDesignator=R31
Change Component Designator: OldDesignator=R37 NewDesignator=R32
Change Component Designator: OldDesignator=R38 NewDesignator=R34
Change Component Designator: OldDesignator=R39 NewDesignator=R35
Change Component Designator: OldDesignator=R40 NewDesignator=R36
Change Component Designator: OldDesignator=R41 NewDesignator=R37
Change Component Designator: OldDesignator=R42 NewDesignator=R38
Change Component Designator: OldDesignator=R43 NewDesignator=R39
Change Component Designator: OldDesignator=R44 NewDesignator=R40
Change Component Designator: OldDesignator=R46 NewDesignator=R41
Change Component Designator: OldDesignator=R47 NewDesignator=R42
Change Component Designator: OldDesignator=R48 NewDesignator=R43
Change Component Designator: OldDesignator=R49 NewDesignator=R44
Change Component Designator: OldDesignator=R50 NewDesignator=R47
Change Component Designator: OldDesignator=R51 NewDesignator=R48
Change Component Designator: OldDesignator=R52 NewDesignator=R45
Change Component Designator: OldDesignator=R53 NewDesignator=R49
Change Component Designator: OldDesignator=R54 NewDesignator=R46
Change Component Designator: OldDesignator=R55 NewDesignator=R50
Change Component Designator: OldDesignator=U1 NewDesignator=U2
Change Component Designator: OldDesignator=U2 NewDesignator=U4
Change Component Designator: OldDesignator=U3 NewDesignator=U6
Change Component Designator: OldDesignator=U4 NewDesignator=U9
Change Component Designator: OldDesignator=U5 NewDesignator=U8
Change Component Designator: OldDesignator=U6 NewDesignator=U7
Change Component Designator: OldDesignator=U7 NewDesignator=U1
Change Component Designator: OldDesignator=U8 NewDesignator=U3
Change Component Designator: OldDesignator=U9 NewDesignator=U5
Change Component Designator: OldDesignator=VR4 NewDesignator=VR1
Added Component: Designator=C?(CAPE-P15XD30XH62MM)
Add component (AddParameter): Name = "Arrow Part Number"; Value = ""; VariantName = "[No Variations]"
Add component (AddParameter): Name = "Arrow Price/Stock"; Value = ""; VariantName = "[No Variations]"
Add component (AddParameter): Name = "Datasheet Link"; Value = "https://lcsc.com/product-detail/Aluminum-Electrolytic-Capacitors-Leaded_560uF-20-400V_C106433.html"; VariantName = "[No Variations]"
Add component (AddParameter): Name = "Height"; Value = "62mm"; VariantName = "[No Variations]"
Add component (AddParameter): Name = "Manufacturer_Name"; Value = "Aihua Group"; VariantName = "[No Variations]"
Add component (AddParameter): Name = "Manufacturer_Part_Number"; Value = "ELH2GM561Q60KT"; VariantName = "[No Variations]"
Add component (AddParameter): Name = "Mouser Part Number"; Value = ""; VariantName = "[No Variations]"
Add component (AddParameter): Name = "Mouser Price/Stock"; Value = ""; VariantName = "[No Variations]"
Added Component: Designator=C?(CAPE-P15XD30XH62MM)
Add component (AddParameter): Name = "Arrow Part Number"; Value = ""; VariantName = "[No Variations]"
Add component (AddParameter): Name = "Arrow Price/Stock"; Value = ""; VariantName = "[No Variations]"
Add component (AddParameter): Name = "Datasheet Link"; Value = "https://lcsc.com/product-detail/Aluminum-Electrolytic-Capacitors-Leaded_560uF-20-400V_C106433.html"; VariantName = "[No Variations]"
Add component (AddParameter): Name = "Height"; Value = "62mm"; VariantName = "[No Variations]"
Add component (AddParameter): Name = "Manufacturer_Name"; Value = "Aihua Group"; VariantName = "[No Variations]"
Add component (AddParameter): Name = "Manufacturer_Part_Number"; Value = "ELH2GM561Q60KT"; VariantName = "[No Variations]"
Add component (AddParameter): Name = "Mouser Part Number"; Value = ""; VariantName = "[No Variations]"
Add component (AddParameter): Name = "Mouser Price/Stock"; Value = ""; VariantName = "[No Variations]"
Added Component: Designator=C?(CAPE-P15XD30XH62MM)
Add component (AddParameter): Name = "Arrow Part Number"; Value = ""; VariantName = "[No Variations]"
Add component (AddParameter): Name = "Arrow Price/Stock"; Value = ""; VariantName = "[No Variations]"
Add component (AddParameter): Name = "Datasheet Link"; Value = "https://lcsc.com/product-detail/Aluminum-Electrolytic-Capacitors-Leaded_560uF-20-400V_C106433.html"; VariantName = "[No Variations]"
Add component (AddParameter): Name = "Height"; Value = "62mm"; VariantName = "[No Variations]"
Add component (AddParameter): Name = "Manufacturer_Name"; Value = "Aihua Group"; VariantName = "[No Variations]"
Add component (AddParameter): Name = "Manufacturer_Part_Number"; Value = "ELH2GM561Q60KT"; VariantName = "[No Variations]"
Add component (AddParameter): Name = "Mouser Part Number"; Value = ""; VariantName = "[No Variations]"
Add component (AddParameter): Name = "Mouser Price/Stock"; Value = ""; VariantName = "[No Variations]"
Added Component: Designator=C?(CAPE-P15XD30XH62MM)
Add component (AddParameter): Name = "Arrow Part Number"; Value = ""; VariantName = "[No Variations]"
Add component (AddParameter): Name = "Arrow Price/Stock"; Value = ""; VariantName = "[No Variations]"
Add component (AddParameter): Name = "Datasheet Link"; Value = "https://lcsc.com/product-detail/Aluminum-Electrolytic-Capacitors-Leaded_560uF-20-400V_C106433.html"; VariantName = "[No Variations]"
Add component (AddParameter): Name = "Height"; Value = "62mm"; VariantName = "[No Variations]"
Add component (AddParameter): Name = "Manufacturer_Name"; Value = "Aihua Group"; VariantName = "[No Variations]"
Add component (AddParameter): Name = "Manufacturer_Part_Number"; Value = "ELH2GM561Q60KT"; VariantName = "[No Variations]"
Add component (AddParameter): Name = "Mouser Part Number"; Value = ""; VariantName = "[No Variations]"
Add component (AddParameter): Name = "Mouser Price/Stock"; Value = ""; VariantName = "[No Variations]"
Added Component: Designator=C?(CAPE-P15XD30XH62MM)
Add component (AddParameter): Name = "Arrow Part Number"; Value = ""; VariantName = "[No Variations]"
Add component (AddParameter): Name = "Arrow Price/Stock"; Value = ""; VariantName = "[No Variations]"
Add component (AddParameter): Name = "Datasheet Link"; Value = "https://lcsc.com/product-detail/Aluminum-Electrolytic-Capacitors-Leaded_560uF-20-400V_C106433.html"; VariantName = "[No Variations]"
Add component (AddParameter): Name = "Height"; Value = "62mm"; VariantName = "[No Variations]"
Add component (AddParameter): Name = "Manufacturer_Name"; Value = "Aihua Group"; VariantName = "[No Variations]"
Add component (AddParameter): Name = "Manufacturer_Part_Number"; Value = "ELH2GM561Q60KT"; VariantName = "[No Variations]"
Add component (AddParameter): Name = "Mouser Part Number"; Value = ""; VariantName = "[No Variations]"
Add component (AddParameter): Name = "Mouser Price/Stock"; Value = ""; VariantName = "[No Variations]"
Added Component: Designator=C?(CAPE-P15XD30XH62MM)
Add component (AddParameter): Name = "Arrow Part Number"; Value = ""; VariantName = "[No Variations]"
Add component (AddParameter): Name = "Arrow Price/Stock"; Value = ""; VariantName = "[No Variations]"
Add component (AddParameter): Name = "Datasheet Link"; Value = "https://lcsc.com/product-detail/Aluminum-Electrolytic-Capacitors-Leaded_560uF-20-400V_C106433.html"; VariantName = "[No Variations]"
Add component (AddParameter): Name = "Height"; Value = "62mm"; VariantName = "[No Variations]"
Add component (AddParameter): Name = "Manufacturer_Name"; Value = "Aihua Group"; VariantName = "[No Variations]"
Add component (AddParameter): Name = "Manufacturer_Part_Number"; Value = "ELH2GM561Q60KT"; VariantName = "[No Variations]"
Add component (AddParameter): Name = "Mouser Part Number"; Value = ""; VariantName = "[No Variations]"
Add component (AddParameter): Name = "Mouser Price/Stock"; Value = ""; VariantName = "[No Variations]"
Added Component: Designator=C?(CAPE-P15XD30XH62MM)
Add component (AddParameter): Name = "Arrow Part Number"; Value = ""; VariantName = "[No Variations]"
Add component (AddParameter): Name = "Arrow Price/Stock"; Value = ""; VariantName = "[No Variations]"
Add component (AddParameter): Name = "Datasheet Link"; Value = "https://lcsc.com/product-detail/Aluminum-Electrolytic-Capacitors-Leaded_560uF-20-400V_C106433.html"; VariantName = "[No Variations]"
Add component (AddParameter): Name = "Height"; Value = "62mm"; VariantName = "[No Variations]"
Add component (AddParameter): Name = "Manufacturer_Name"; Value = "Aihua Group"; VariantName = "[No Variations]"
Add component (AddParameter): Name = "Manufacturer_Part_Number"; Value = "ELH2GM561Q60KT"; VariantName = "[No Variations]"
Add component (AddParameter): Name = "Mouser Part Number"; Value = ""; VariantName = "[No Variations]"
Add component (AddParameter): Name = "Mouser Price/Stock"; Value = ""; VariantName = "[No Variations]"
Added Component: Designator=C?(CAPE-P15XD30XH62MM)
Add component (AddParameter): Name = "Arrow Part Number"; Value = ""; VariantName = "[No Variations]"
Add component (AddParameter): Name = "Arrow Price/Stock"; Value = ""; VariantName = "[No Variations]"
Add component (AddParameter): Name = "Datasheet Link"; Value = "https://lcsc.com/product-detail/Aluminum-Electrolytic-Capacitors-Leaded_560uF-20-400V_C106433.html"; VariantName = "[No Variations]"
Add component (AddParameter): Name = "Height"; Value = "62mm"; VariantName = "[No Variations]"
Add component (AddParameter): Name = "Manufacturer_Name"; Value = "Aihua Group"; VariantName = "[No Variations]"
Add component (AddParameter): Name = "Manufacturer_Part_Number"; Value = "ELH2GM561Q60KT"; VariantName = "[No Variations]"
Add component (AddParameter): Name = "Mouser Part Number"; Value = ""; VariantName = "[No Variations]"
Add component (AddParameter): Name = "Mouser Price/Stock"; Value = ""; VariantName = "[No Variations]"
Added Pin To Net: NetName=GND Pin=C?-1
Added Pin To Net: NetName=GND Pin=C?-1
Added Pin To Net: NetName=GND Pin=C?-1
Added Pin To Net: NetName=GND Pin=C?-1
Added Pin To Net: NetName=GND Pin=C?-1
Added Pin To Net: NetName=GND Pin=C?-1
Added Pin To Net: NetName=GND Pin=C?-1
Added Pin To Net: NetName=GND Pin=C?-1
Added Pin To Net: NetName=48V Pin=C?-2
Added Pin To Net: NetName=48V Pin=C?-2
Added Pin To Net: NetName=48V Pin=C?-2
Added Pin To Net: NetName=48V Pin=C?-2
Added Pin To Net: NetName=48V Pin=C?-2
Added Pin To Net: NetName=48V Pin=C?-2
Added Pin To Net: NetName=48V Pin=C?-2
Added Pin To Net: NetName=48V Pin=C?-2
Change Net Name : Old Net Name=48V New Net Name=+48V
Change Net Name : Old Net Name=NetC19_2 New Net Name=NetC16_2
Change Net Name : Old Net Name=NetC29_2 New Net Name=NetC25_2
Change Net Name : Old Net Name=NetC34_2 New Net Name=NetC29_2
Change Net Name : Old Net Name=NetC44_2 New Net Name=NetC37_2
Change Net Name : Old Net Name=NetC48_2 New Net Name=NetC41_2
Change Net Name : Old Net Name=NetC60_1 New Net Name=+48V
Change Net Name : Old Net Name=NetR48_2 New Net Name=NetR43_2
Added Member To Class: ClassName=Regulator Member=Component C59 10uF 25V
Added Member To Class: ClassName=Power Member=Component C? 470uF 160V
Added Member To Class: ClassName=Power Member=Component C? 470uF 160V
Added Member To Class: ClassName=Power Member=Component C? 470uF 160V
Added Member To Class: ClassName=Power Member=Component C? 470uF 160V
Added Member To Class: ClassName=Power Member=Component C? 470uF 160V
Added Member To Class: ClassName=Power Member=Component C? 470uF 160V
Added Member To Class: ClassName=Power Member=Component C? 470uF 160V
Added Member To Class: ClassName=Power Member=Component C? 470uF 160V
Added Member To Class: ClassName=Power Member=Component U4 UCC20520
Added Member To Class: ClassName=Power Member=Component U6 UCC20520
Added Room: Name=Regulator
