Removed Member From Class: ClassName=Regulator Member=C39
Removed Member From Class: ClassName=Regulator Member=U1
Removed Member From Class: ClassName=Regulator Member=U3
Added Component: Designator=C?(CAPE-P15XD30XH62MM)
Add component (AddParameter): Name = "Arrow Part Number"; Value = ""; VariantName = "[No Variations]"
Add component (AddParameter): Name = "Arrow Price/Stock"; Value = ""; VariantName = "[No Variations]"
Add component (AddParameter): Name = "Datasheet Link"; Value = "https://lcsc.com/product-detail/Aluminum-Electrolytic-Capacitors-Leaded_560uF-20-400V_C106433.html"; VariantName = "[No Variations]"
Add component (AddParameter): Name = "Height"; Value = "62mm"; VariantName = "[No Variations]"
Add component (AddParameter): Name = "Manufacturer_Name"; Value = "Aihua Group"; VariantName = "[No Variations]"
Add component (AddParameter): Name = "Manufacturer_Part_Number"; Value = "ELH2GM561Q60KT"; VariantName = "[No Variations]"
Add component (AddParameter): Name = "Mouser Part Number"; Value = ""; VariantName = "[No Variations]"
Add component (AddParameter): Name = "Mouser Price/Stock"; Value = ""; VariantName = "[No Variations]"
Added Component: Designator=C?(CAPE-P15XD30XH62MM)
Add component (AddParameter): Name = "Arrow Part Number"; Value = ""; VariantName = "[No Variations]"
Add component (AddParameter): Name = "Arrow Price/Stock"; Value = ""; VariantName = "[No Variations]"
Add component (AddParameter): Name = "Datasheet Link"; Value = "https://lcsc.com/product-detail/Aluminum-Electrolytic-Capacitors-Leaded_560uF-20-400V_C106433.html"; VariantName = "[No Variations]"
Add component (AddParameter): Name = "Height"; Value = "62mm"; VariantName = "[No Variations]"
Add component (AddParameter): Name = "Manufacturer_Name"; Value = "Aihua Group"; VariantName = "[No Variations]"
Add component (AddParameter): Name = "Manufacturer_Part_Number"; Value = "ELH2GM561Q60KT"; VariantName = "[No Variations]"
Add component (AddParameter): Name = "Mouser Part Number"; Value = ""; VariantName = "[No Variations]"
Add component (AddParameter): Name = "Mouser Price/Stock"; Value = ""; VariantName = "[No Variations]"
Added Component: Designator=C?(CAPE-P15XD30XH62MM)
Add component (AddParameter): Name = "Arrow Part Number"; Value = ""; VariantName = "[No Variations]"
Add component (AddParameter): Name = "Arrow Price/Stock"; Value = ""; VariantName = "[No Variations]"
Add component (AddParameter): Name = "Datasheet Link"; Value = "https://lcsc.com/product-detail/Aluminum-Electrolytic-Capacitors-Leaded_560uF-20-400V_C106433.html"; VariantName = "[No Variations]"
Add component (AddParameter): Name = "Height"; Value = "62mm"; VariantName = "[No Variations]"
Add component (AddParameter): Name = "Manufacturer_Name"; Value = "Aihua Group"; VariantName = "[No Variations]"
Add component (AddParameter): Name = "Manufacturer_Part_Number"; Value = "ELH2GM561Q60KT"; VariantName = "[No Variations]"
Add component (AddParameter): Name = "Mouser Part Number"; Value = ""; VariantName = "[No Variations]"
Add component (AddParameter): Name = "Mouser Price/Stock"; Value = ""; VariantName = "[No Variations]"
Added Component: Designator=C?(CAPE-P15XD30XH62MM)
Add component (AddParameter): Name = "Arrow Part Number"; Value = ""; VariantName = "[No Variations]"
Add component (AddParameter): Name = "Arrow Price/Stock"; Value = ""; VariantName = "[No Variations]"
Add component (AddParameter): Name = "Datasheet Link"; Value = "https://lcsc.com/product-detail/Aluminum-Electrolytic-Capacitors-Leaded_560uF-20-400V_C106433.html"; VariantName = "[No Variations]"
Add component (AddParameter): Name = "Height"; Value = "62mm"; VariantName = "[No Variations]"
Add component (AddParameter): Name = "Manufacturer_Name"; Value = "Aihua Group"; VariantName = "[No Variations]"
Add component (AddParameter): Name = "Manufacturer_Part_Number"; Value = "ELH2GM561Q60KT"; VariantName = "[No Variations]"
Add component (AddParameter): Name = "Mouser Part Number"; Value = ""; VariantName = "[No Variations]"
Add component (AddParameter): Name = "Mouser Price/Stock"; Value = ""; VariantName = "[No Variations]"
Added Component: Designator=C?(CAPE-P15XD30XH62MM)
Add component (AddParameter): Name = "Arrow Part Number"; Value = ""; VariantName = "[No Variations]"
Add component (AddParameter): Name = "Arrow Price/Stock"; Value = ""; VariantName = "[No Variations]"
Add component (AddParameter): Name = "Datasheet Link"; Value = "https://lcsc.com/product-detail/Aluminum-Electrolytic-Capacitors-Leaded_560uF-20-400V_C106433.html"; VariantName = "[No Variations]"
Add component (AddParameter): Name = "Height"; Value = "62mm"; VariantName = "[No Variations]"
Add component (AddParameter): Name = "Manufacturer_Name"; Value = "Aihua Group"; VariantName = "[No Variations]"
Add component (AddParameter): Name = "Manufacturer_Part_Number"; Value = "ELH2GM561Q60KT"; VariantName = "[No Variations]"
Add component (AddParameter): Name = "Mouser Part Number"; Value = ""; VariantName = "[No Variations]"
Add component (AddParameter): Name = "Mouser Price/Stock"; Value = ""; VariantName = "[No Variations]"
Added Component: Designator=C?(CAPE-P15XD30XH62MM)
Add component (AddParameter): Name = "Arrow Part Number"; Value = ""; VariantName = "[No Variations]"
Add component (AddParameter): Name = "Arrow Price/Stock"; Value = ""; VariantName = "[No Variations]"
Add component (AddParameter): Name = "Datasheet Link"; Value = "https://lcsc.com/product-detail/Aluminum-Electrolytic-Capacitors-Leaded_560uF-20-400V_C106433.html"; VariantName = "[No Variations]"
Add component (AddParameter): Name = "Height"; Value = "62mm"; VariantName = "[No Variations]"
Add component (AddParameter): Name = "Manufacturer_Name"; Value = "Aihua Group"; VariantName = "[No Variations]"
Add component (AddParameter): Name = "Manufacturer_Part_Number"; Value = "ELH2GM561Q60KT"; VariantName = "[No Variations]"
Add component (AddParameter): Name = "Mouser Part Number"; Value = ""; VariantName = "[No Variations]"
Add component (AddParameter): Name = "Mouser Price/Stock"; Value = ""; VariantName = "[No Variations]"
Added Component: Designator=C?(CAPE-P15XD30XH62MM)
Add component (AddParameter): Name = "Arrow Part Number"; Value = ""; VariantName = "[No Variations]"
Add component (AddParameter): Name = "Arrow Price/Stock"; Value = ""; VariantName = "[No Variations]"
Add component (AddParameter): Name = "Datasheet Link"; Value = "https://lcsc.com/product-detail/Aluminum-Electrolytic-Capacitors-Leaded_560uF-20-400V_C106433.html"; VariantName = "[No Variations]"
Add component (AddParameter): Name = "Height"; Value = "62mm"; VariantName = "[No Variations]"
Add component (AddParameter): Name = "Manufacturer_Name"; Value = "Aihua Group"; VariantName = "[No Variations]"
Add component (AddParameter): Name = "Manufacturer_Part_Number"; Value = "ELH2GM561Q60KT"; VariantName = "[No Variations]"
Add component (AddParameter): Name = "Mouser Part Number"; Value = ""; VariantName = "[No Variations]"
Add component (AddParameter): Name = "Mouser Price/Stock"; Value = ""; VariantName = "[No Variations]"
Added Component: Designator=C?(CAPE-P15XD30XH62MM)
Add component (AddParameter): Name = "Arrow Part Number"; Value = ""; VariantName = "[No Variations]"
Add component (AddParameter): Name = "Arrow Price/Stock"; Value = ""; VariantName = "[No Variations]"
Add component (AddParameter): Name = "Datasheet Link"; Value = "https://lcsc.com/product-detail/Aluminum-Electrolytic-Capacitors-Leaded_560uF-20-400V_C106433.html"; VariantName = "[No Variations]"
Add component (AddParameter): Name = "Height"; Value = "62mm"; VariantName = "[No Variations]"
Add component (AddParameter): Name = "Manufacturer_Name"; Value = "Aihua Group"; VariantName = "[No Variations]"
Add component (AddParameter): Name = "Manufacturer_Part_Number"; Value = "ELH2GM561Q60KT"; VariantName = "[No Variations]"
Add component (AddParameter): Name = "Mouser Part Number"; Value = ""; VariantName = "[No Variations]"
Add component (AddParameter): Name = "Mouser Price/Stock"; Value = ""; VariantName = "[No Variations]"
Added Pin To Net: NetName=GND Pin=C?-1
Added Pin To Net: NetName=GND Pin=C?-1
Added Pin To Net: NetName=GND Pin=C?-1
Added Pin To Net: NetName=GND Pin=C?-1
Added Pin To Net: NetName=GND Pin=C?-1
Added Pin To Net: NetName=GND Pin=C?-1
Added Pin To Net: NetName=GND Pin=C?-1
Added Pin To Net: NetName=GND Pin=C?-1
Added Pin To Net: NetName=+48V Pin=C?-2
Added Pin To Net: NetName=+48V Pin=C?-2
Added Pin To Net: NetName=+48V Pin=C?-2
Added Pin To Net: NetName=+48V Pin=C?-2
Added Pin To Net: NetName=+48V Pin=C?-2
Added Pin To Net: NetName=+48V Pin=C?-2
Added Pin To Net: NetName=+48V Pin=C?-2
Added Pin To Net: NetName=+48V Pin=C?-2
Added Member To Class: ClassName=Power Member=Component C16 2.2nF 50V
Added Member To Class: ClassName=Power Member=Component C18 10uF 50V
Added Member To Class: ClassName=Power Member=Component C20 10pF 50V
Added Member To Class: ClassName=Power Member=Component C26 100nF 50V
Added Member To Class: ClassName=Power Member=Component C34 1uF 25V
Added Member To Class: ClassName=Power Member=Component C36 2.2uF 250V
Added Member To Class: ClassName=Power Member=Component C38 100nF 50V
Added Member To Class: ClassName=Power Member=Component C40 10pF 50V
Added Member To Class: ClassName=Power Member=Component C44 10uF 50V
Added Member To Class: ClassName=Regulator Member=Component C46 1µF 200V
Added Member To Class: ClassName=Regulator Member=Component C53 680 uF 100V
Added Member To Class: ClassName=Regulator Member=Component C57 100nF 25V
Added Member To Class: ClassName=Regulator Member=Component C58 1uF 25V
Added Member To Class: ClassName=Regulator Member=Component C59 10uF 25V
Added Member To Class: ClassName=Power Member=Component R3 10 Ohms
Added Member To Class: ClassName=Power Member=Component R5 0 Ohms
Added Member To Class: ClassName=Power Member=Component R8 20 ohms
Added Member To Class: ClassName=Power Member=Component R15 20 Ohms
Added Member To Class: ClassName=Power Member=Component R19 0 Ohms
Added Member To Class: ClassName=Power Member=Component R23 20 Ohms
Added Member To Class: ClassName=Power Member=Component R25 10 Ohms
Added Member To Class: ClassName=Power Member=Component R27 0 Ohms
Added Member To Class: ClassName=Power Member=Component R32 10 Ohms
Added Member To Class: ClassName=Power Member=Component R34 1k Ohms
Added Member To Class: ClassName=Power Member=Component R35 20 ohms
Added Member To Class: ClassName=Power Member=Component R36 0 Ohms
Added Member To Class: ClassName=Power Member=Component R38 10 Ohms
Added Member To Class: ClassName=Power Member=Component R41 0 Ohms
Added Member To Class: ClassName=Regulator Member=Component R48 22k Ohms
Added Member To Class: ClassName=Regulator Member=Component R50 2.2k Ohms
Added Member To Class: ClassName=Power Member=Component U4 UCC20520
Added Member To Class: ClassName=Power Member=Component U5 5Vin, 15Vout
Added Member To Class: ClassName=Regulator Member=Component U7 LD1117S33TR
Added Member To Class: ClassName=Regulator Member=Component U8 7-28Vin, 3.3Vout, 1Aout
Added Member To Class: ClassName=Regulator Member=Component U9 7-28Vin, 3.3Vout, 1Aout
Added Room: Name=Regulator
