Removed Pin From Net: NetName=GND Pin=J?-11
Removed Pin From Net: NetName=GND Pin=J?-12
Removed Pin From Net: NetName=COUT_N Pin=U?-9
Removed Pin From Net: NetName=COUT_P Pin=U?-10
Added Component: Designator=C?(0603_CAP)
Add component (AddParameter): Name = "Value"; Value = "100nF 16V"; VariantName = "[No Variations]"
Added Component: Designator=R?(0603_RES)
Add component (AddParameter): Name = "Power"; Value = "1/8W"; VariantName = "[No Variations]"
Add component (AddParameter): Name = "Value"; Value = "82 Ohms"; VariantName = "[No Variations]"
Added Component: Designator=R?(0603_RES)
Add component (AddParameter): Name = "Power"; Value = "1/8W"; VariantName = "[No Variations]"
Add component (AddParameter): Name = "Value"; Value = "82 Ohms"; VariantName = "[No Variations]"
Added Pin To Net: NetName=COUT_N Pin=R?-1
Added Pin To Net: NetName=COUT_P Pin=R?-1
Added Pin To Net: NetName=IN+ Pin=C?-1
Added Pin To Net: NetName=IN+ Pin=R?-2
Added Pin To Net: NetName=IN+ Pin=U?-10
Added Net: Name=IN+
Added Pin To Net: NetName=IN- Pin=C?-2
Added Pin To Net: NetName=IN- Pin=R?-2
Added Pin To Net: NetName=IN- Pin=U?-9
Added Net: Name=IN-
Added Member To Class: ClassName=Sheet2 Member=Component C? 100nF
Added Member To Class: ClassName=Sheet2 Member=Component C? 10nF 35V
Added Member To Class: ClassName=Sheet2 Member=Component C? 100nF
Added Member To Class: ClassName=Sheet2 Member=Component C? 10nF 35V
Added Member To Class: ClassName=Sheet2 Member=Component C? 100nF 16V
Added Member To Class: ClassName=Sheet2 Member=Component C? 100nF 16V
Added Member To Class: ClassName=Sheet2 Member=Component C? 2.2uF
Added Member To Class: ClassName=Sheet2 Member=Component C? 1uF
Added Member To Class: ClassName=Sheet2 Member=Component C? 100nF
Added Member To Class: ClassName=Sheet2 Member=Component C? 4.7uF
Added Member To Class: ClassName=Sheet2 Member=Component C? 10nF
Added Member To Class: ClassName=Sheet2 Member=Component C? 100nF 16V
Added Member To Class: ClassName=Sheet2 Member=Component C? 2.2uF
Added Member To Class: ClassName=Sheet2 Member=Component C? 100nF
Added Member To Class: ClassName=Sheet2 Member=Component J? DS1070 2 Pin
Added Member To Class: ClassName=Sheet2 Member=Component J? DS1070 5P
Added Member To Class: ClassName=Sheet2 Member=Component J? DS1070 2 Pin
Added Member To Class: ClassName=Sheet2 Member=Component J? DS1070 3 Pin
Added Member To Class: ClassName=Sheet2 Member=Component R? 10K
Added Member To Class: ClassName=Sheet2 Member=Component R? 2k2
Added Member To Class: ClassName=Sheet2 Member=Component R? 4.7K
Added Member To Class: ClassName=Sheet2 Member=Component R? 4.7K
Added Member To Class: ClassName=Sheet2 Member=Component R? 2k2
Added Member To Class: ClassName=Sheet2 Member=Component R? 4.7K
Added Member To Class: ClassName=Sheet2 Member=Component R? 10k Ohms
Added Member To Class: ClassName=Sheet2 Member=Component R? 2k2
Added Member To Class: ClassName=Sheet2 Member=Component R? 82 Ohms
Added Member To Class: ClassName=Sheet2 Member=Component R? 4.7K
Added Member To Class: ClassName=Sheet2 Member=Component R? 2k2
Added Member To Class: ClassName=Sheet2 Member=Component R? 10k Ohms
Added Member To Class: ClassName=Sheet2 Member=Component R? 82 Ohms
Added Member To Class: ClassName=Sheet2 Member=Component R? 2k2
Added Member To Class: ClassName=Sheet2 Member=Component R? 4.7K
Added Member To Class: ClassName=Sheet2 Member=Component R? 4.7K
Added Member To Class: ClassName=Sheet2 Member=Component R? 4.7K
Added Member To Class: ClassName=Sheet2 Member=Component R? 2k2
Added Member To Class: ClassName=Sheet2 Member=Component RX? Green
Added Member To Class: ClassName=Sheet2 Member=Component RX? Green
Added Member To Class: ClassName=Sheet2 Member=Component RX? Green
Added Member To Class: ClassName=Sheet2 Member=Component RX? Green
Added Member To Class: ClassName=Sheet2 Member=Component TX? Green
Added Member To Class: ClassName=Sheet2 Member=Component U? INA229
Added Room: Name=Sheet2
