Added Component: Designator=J?(61302621821)
Add component (AddParameter): Name = "Category"; Value = "Board-to-Board Connectors"; VariantName = "[No Variations]"
Add component (AddParameter): Name = "ComponentLink1Description"; Value = "Website Link"; VariantName = "[No Variations]"
Add component (AddParameter): Name = "ComponentLink1URL"; Value = "https://www.we-online.com/redexpert/article/61302621821?ad"; VariantName = "[No Variations]"
Add component (AddParameter): Name = "ComponentLink2Description"; Value = "Datasheet Link"; VariantName = "[No Variations]"
Add component (AddParameter): Name = "ComponentLink2URL"; Value = "https://www.we-online.com/redexpert/spec/61302621821?ad"; VariantName = "[No Variations]"
Add component (AddParameter): Name = "Contact Resistance"; Value = "20m?"; VariantName = "[No Variations]"
Add component (AddParameter): Name = "Gender"; Value = "Socket Header"; VariantName = "[No Variations]"
Add component (AddParameter): Name = "Manufacturer"; Value = "Wurth Elektronik"; VariantName = "[No Variations]"
Add component (AddParameter): Name = "Manufacturer Part Number"; Value = "61302621821"; VariantName = "[No Variations]"
Add component (AddParameter): Name = "Match Code"; Value = "WR-PHD"; VariantName = "[No Variations]"
Add component (AddParameter): Name = "Mount"; Value = "Through Hole"; VariantName = "[No Variations]"
Add component (AddParameter): Name = "Number of Pins"; Value = "26"; VariantName = "[No Variations]"
Add component (AddParameter): Name = "Number of Rows"; Value = "2"; VariantName = "[No Variations]"
Add component (AddParameter): Name = "Operating Temperature Max"; Value = "125°C"; VariantName = "[No Variations]"
Add component (AddParameter): Name = "Operating Temperature Min"; Value = "-40°C"; VariantName = "[No Variations]"
Add component (AddParameter): Name = "Orientation"; Value = "Vertical"; VariantName = "[No Variations]"
Add component (AddParameter): Name = "Packaging"; Value = "Tray"; VariantName = "[No Variations]"
Add component (AddParameter): Name = "Pitch"; Value = "2.54mm"; VariantName = "[No Variations]"
Add component (AddParameter): Name = "Rated Current"; Value = "3A"; VariantName = "[No Variations]"
Add component (AddParameter): Name = "Withstanding Voltage"; Value = "500V"; VariantName = "[No Variations]"
Add component (AddParameter): Name = "Working Voltage"; Value = "250V"; VariantName = "[No Variations]"
Added Pin To Net: NetName=COUT_N Pin=J?-1
Added Pin To Net: NetName=COUT_P Pin=J?-2
Added Pin To Net: NetName=HC Pin=J?-3
Added Pin To Net: NetName=PWM_CL Pin=J?-4
Added Pin To Net: NetName=HB Pin=J?-5
Added Pin To Net: NetName=PWM_CH Pin=J?-6
Added Pin To Net: NetName=HA Pin=J?-7
Added Pin To Net: NetName=+15 Pin=J?-8
Added Pin To Net: NetName=GND Pin=J?-9
Added Pin To Net: NetName=+15 Pin=J?-10
Added Pin To Net: NetName=GND Pin=J?-11
Added Pin To Net: NetName=GND Pin=J?-12
Added Pin To Net: NetName=REFOUT Pin=J?-13
Added Pin To Net: NetName=PWM_BL Pin=J?-14
Added Pin To Net: NetName=+5 Pin=J?-15
Added Pin To Net: NetName=PWM_BH Pin=J?-16
Added Pin To Net: NetName=SPEED Pin=J?-17
Added Pin To Net: NetName=+15 Pin=J?-18
Added Pin To Net: NetName=+5 Pin=J?-19
Added Pin To Net: NetName=+15 Pin=J?-20
Added Pin To Net: NetName=ENABLE Pin=J?-21
Added Pin To Net: NetName=+5 Pin=J?-22
Added Pin To Net: NetName=GND Pin=J?-23
Added Pin To Net: NetName=PWM_AL Pin=J?-24
Added Pin To Net: NetName=FWD/REV Pin=J?-25
Added Pin To Net: NetName=PWM_AH Pin=J?-26
Added Member To Class: ClassName=Sheet2 Member=Component C? 10nF
Added Member To Class: ClassName=Sheet2 Member=Component C? 100nF 16V
Added Member To Class: ClassName=Sheet2 Member=Component C? 1uF
Added Member To Class: ClassName=Sheet2 Member=Component C? 100nF 16V
Added Member To Class: ClassName=Sheet2 Member=Component C? 100nF
Added Member To Class: ClassName=Sheet2 Member=Component C? 10nF 35V
Added Member To Class: ClassName=Sheet2 Member=Component C? 100nF
Added Member To Class: ClassName=Sheet2 Member=Component C? 100nF
Added Member To Class: ClassName=Sheet2 Member=Component C? 10nF 35V
Added Member To Class: ClassName=Sheet2 Member=Component C? 4.7uF
Added Member To Class: ClassName=Sheet2 Member=Component C? 2.2uF
Added Member To Class: ClassName=Sheet2 Member=Component C? 100nF
Added Member To Class: ClassName=Sheet2 Member=Component C? 2.2uF
Added Member To Class: ClassName=Sheet2 Member=Component J? DS1070 5P
Added Member To Class: ClassName=Sheet2 Member=Component J? 61302621821
Added Member To Class: ClassName=Sheet2 Member=Component J? DS1070 2 Pin
Added Member To Class: ClassName=Sheet2 Member=Component J? DS1070 3 Pin
Added Member To Class: ClassName=Sheet2 Member=Component J? DS1070 2 Pin
Added Member To Class: ClassName=Sheet2 Member=Component R? 4.7K
Added Member To Class: ClassName=Sheet2 Member=Component R? 2k2
Added Member To Class: ClassName=Sheet2 Member=Component R? 4.7K
Added Member To Class: ClassName=Sheet2 Member=Component R? 4.7K
Added Member To Class: ClassName=Sheet2 Member=Component R? 4.7K
Added Member To Class: ClassName=Sheet2 Member=Component R? 2k2
Added Member To Class: ClassName=Sheet2 Member=Component R? 4.7K
Added Member To Class: ClassName=Sheet2 Member=Component R? 2k2
Added Member To Class: ClassName=Sheet2 Member=Component R? 10k Ohms
Added Member To Class: ClassName=Sheet2 Member=Component R? 4.7K
Added Member To Class: ClassName=Sheet2 Member=Component R? 2k2
Added Member To Class: ClassName=Sheet2 Member=Component R? 10k Ohms
Added Member To Class: ClassName=Sheet2 Member=Component R? 10K
Added Member To Class: ClassName=Sheet2 Member=Component R? 4.7K
Added Member To Class: ClassName=Sheet2 Member=Component R? 2k2
Added Member To Class: ClassName=Sheet2 Member=Component R? 2k2
Added Member To Class: ClassName=Sheet2 Member=Component RX? Green
Added Member To Class: ClassName=Sheet2 Member=Component RX? Green
Added Member To Class: ClassName=Sheet2 Member=Component RX? Green
Added Member To Class: ClassName=Sheet2 Member=Component RX? Green
Added Member To Class: ClassName=Sheet2 Member=Component TX? Green
Added Member To Class: ClassName=Sheet2 Member=Component U? INA229
Added Room: Name=Sheet2
