Added Component: Designator=C?(0805_CAP)
Add component (AddParameter): Name = "Value"; Value = "100nF 16V"; VariantName = "[No Variations]"
Added Component: Designator=C?(0603_CAP)
Add component (AddParameter): Name = "Value"; Value = "100nF 16V"; VariantName = "[No Variations]"
Added Component: Designator=R?(0603_RES)
Add component (AddParameter): Name = "Power"; Value = "1/8W"; VariantName = "[No Variations]"
Add component (AddParameter): Name = "Value"; Value = "0/10 Ohms"; VariantName = "[No Variations]"
Added Component: Designator=R?(0603_RES)
Add component (AddParameter): Name = "Power"; Value = "1/8W"; VariantName = "[No Variations]"
Add component (AddParameter): Name = "Value"; Value = "10k Ohms"; VariantName = "[No Variations]"
Added Component: Designator=R?(0603_RES)
Add component (AddParameter): Name = "Power"; Value = "1/8W"; VariantName = "[No Variations]"
Add component (AddParameter): Name = "Value"; Value = "0/10 Ohms"; VariantName = "[No Variations]"
Added Component: Designator=R?(0603_RES)
Add component (AddParameter): Name = "Power"; Value = "1/8W"; VariantName = "[No Variations]"
Add component (AddParameter): Name = "Value"; Value = "0/10 Ohms"; VariantName = "[No Variations]"
Added Component: Designator=R?(0603_RES)
Add component (AddParameter): Name = "Power"; Value = "1/8W"; VariantName = "[No Variations]"
Add component (AddParameter): Name = "Value"; Value = "0/10 Ohms"; VariantName = "[No Variations]"
Added Component: Designator=R?(0603_RES)
Add component (AddParameter): Name = "Power"; Value = "1/8W"; VariantName = "[No Variations]"
Add component (AddParameter): Name = "Value"; Value = "0/10 Ohms"; VariantName = "[No Variations]"
Added Component: Designator=R?(0603_RES)
Add component (AddParameter): Name = "Power"; Value = "1/8W"; VariantName = "[No Variations]"
Add component (AddParameter): Name = "Value"; Value = "0/10 Ohms"; VariantName = "[No Variations]"
Added Component: Designator=R?(0603_RES)
Add component (AddParameter): Name = "Power"; Value = "1/8W"; VariantName = "[No Variations]"
Add component (AddParameter): Name = "Value"; Value = "0/10 Ohms"; VariantName = "[No Variations]"
Added Component: Designator=R?(0603_RES)
Add component (AddParameter): Name = "Power"; Value = "1/8W"; VariantName = "[No Variations]"
Add component (AddParameter): Name = "Value"; Value = "0/10 Ohms"; VariantName = "[No Variations]"
Added Component: Designator=RX?(0805LED)
Added Component: Designator=RX?(0805LED)
Added Component: Designator=RX?(0805LED)
Added Component: Designator=RX?(0805LED)
Added Component: Designator=RX?(0805LED)
Added Component: Designator=TX?(0805LED)
Added Component: Designator=TX?(0805LED)
Added Pin To Net: NetName=GND Pin=C?-1
Added Pin To Net: NetName=GND Pin=C?-1
Added Pin To Net: NetName=3V3 Pin=C?-2
Added Pin To Net: NetName=RESET Pin=C?-2
Added Pin To Net: NetName=3V3 Pin=R?-1
Added Pin To Net: NetName=3V3 Pin=R?-1
Added Pin To Net: NetName=3V3 Pin=R?-1
Added Pin To Net: NetName=3V3 Pin=R?-1
Added Pin To Net: NetName=ALERT Pin=R?-1
Added Pin To Net: NetName=ENABLE Pin=R?-1
Added Pin To Net: NetName=PB3 Pin=R?-1
Added Pin To Net: NetName=SPEED Pin=R?-1
Added Pin To Net: NetName=SPEED Pin=R?-1
Added Pin To Net: NetName=3V3 Pin=R?-2
Added Pin To Net: NetName=3V3 Pin=R?-2
Added Pin To Net: NetName=GND Pin=R?-2
Added Pin To Net: NetName=NetR?_2 Pin=R?-2
Added Pin To Net: NetName=PB1 Pin=R?-2
Added Pin To Net: NetName=PC2 Pin=R?-2
Added Pin To Net: NetName=NetR?_2 Pin=RX?-1
Added Pin To Net: NetName=NetRX?_2 Pin=RX?-2
Added Pin To Net: NetName=PB14 Pin=RX?-2
Added Pin To Net: NetName=PB15 Pin=RX?-2
Added Pin To Net: NetName=PC11 Pin=RX?-2
Added Pin To Net: NetName=NetTX?_2 Pin=TX?-2
Added Member To Class: ClassName=Sheet2 Member=Component C? 100nF
Added Member To Class: ClassName=Sheet2 Member=Component C? 100nF 16V
Added Member To Class: ClassName=Sheet2 Member=Component C? 10nF 35V
Added Member To Class: ClassName=Sheet2 Member=Component C? 2.2uF
Added Member To Class: ClassName=Sheet2 Member=Component C? 10nF
Added Member To Class: ClassName=Sheet2 Member=Component C? 10nF 35V
Added Member To Class: ClassName=Sheet2 Member=Component C? 100nF 16V
Added Member To Class: ClassName=Sheet2 Member=Component C? 100nF 16V
Added Member To Class: ClassName=Sheet2 Member=Component C? 2.2uF
Added Member To Class: ClassName=Sheet2 Member=Component C? 100nF
Added Member To Class: ClassName=Sheet2 Member=Component C? 100nF
Added Member To Class: ClassName=Sheet2 Member=Component C? 4.7uF
Added Member To Class: ClassName=Sheet2 Member=Component C? 100nF
Added Member To Class: ClassName=Sheet2 Member=Component C? 1uF
Added Member To Class: ClassName=Sheet2 Member=Component C? 100nF 16V
Added Member To Class: ClassName=Sheet2 Member=Component J? DS1070 2 Pin
Added Member To Class: ClassName=Sheet2 Member=Component J? DS1070 2 Pin
Added Member To Class: ClassName=Sheet2 Member=Component J? DS1070 3 Pin
Added Member To Class: ClassName=Sheet2 Member=Component J? DS1070 5P
Added Member To Class: ClassName=Sheet2 Member=Component R? 82 Ohms
Added Member To Class: ClassName=Sheet2 Member=Component R? 2k2
Added Member To Class: ClassName=Sheet2 Member=Component R? 82 Ohms
Added Member To Class: ClassName=Sheet2 Member=Component R? 10k Ohms
Added Member To Class: ClassName=Sheet2 Member=Component R? 2k2
Added Member To Class: ClassName=Sheet2 Member=Component R? 2k2
Added Member To Class: ClassName=Sheet2 Member=Component R? 4.7K
Added Member To Class: ClassName=Sheet2 Member=Component R? 2k2
Added Member To Class: ClassName=Sheet2 Member=Component R? 2k2
Added Member To Class: ClassName=Sheet2 Member=Component R? 2k2
Added Member To Class: ClassName=Sheet2 Member=Component R? 4.7K
Added Member To Class: ClassName=Sheet2 Member=Component R? 4.7K
Added Member To Class: ClassName=Sheet2 Member=Component R? 10K
Added Member To Class: ClassName=Sheet2 Member=Component R? 4.7K
Added Member To Class: ClassName=Sheet2 Member=Component R? 2k2
Added Member To Class: ClassName=Sheet2 Member=Component R? 4.7K
Added Member To Class: ClassName=Sheet2 Member=Component R? 4.7K
Added Member To Class: ClassName=Sheet2 Member=Component R? 4.7K
Added Member To Class: ClassName=Sheet2 Member=Component R? 10k Ohms
Added Member To Class: ClassName=Sheet2 Member=Component RX? Green
Added Member To Class: ClassName=Sheet2 Member=Component RX? Green
Added Member To Class: ClassName=Sheet2 Member=Component RX? Green
Added Member To Class: ClassName=Sheet2 Member=Component RX? Green
Added Member To Class: ClassName=Sheet2 Member=Component RX? Green
Added Member To Class: ClassName=Sheet2 Member=Component TX? Green
Added Member To Class: ClassName=Sheet2 Member=Component TX? Green
Added Member To Class: ClassName=Sheet2 Member=Component U? INA229
Added Room: Name=Sheet2
