Removed Pin From Net: NetName=PA3 Pin=J?-1
Removed Pin From Net: NetName=PA2 Pin=J?-2
Removed Pin From Net: NetName=GND Pin=J?-3
Added Pin To Net: NetName=GND Pin=J?-1
Added Member To Class: ClassName=Sheet2 Member=Component C? 4.7uF
Added Member To Class: ClassName=Sheet2 Member=Component C? 100nF
Added Member To Class: ClassName=Sheet2 Member=Component C? 10nF
Added Member To Class: ClassName=Sheet2 Member=Component C? 1uF
Added Member To Class: ClassName=Sheet2 Member=Component C? 2.2uF
Added Member To Class: ClassName=Sheet2 Member=Component C? 100nF 16V
Added Member To Class: ClassName=Sheet2 Member=Component C? 10nF 35V
Added Member To Class: ClassName=Sheet2 Member=Component C? 100nF
Added Member To Class: ClassName=Sheet2 Member=Component C? 100nF
Added Member To Class: ClassName=Sheet2 Member=Component C? 2.2uF
Added Member To Class: ClassName=Sheet2 Member=Component C? 100nF
Added Member To Class: ClassName=Sheet2 Member=Component C? 10nF 35V
Added Member To Class: ClassName=Sheet2 Member=Component J? DS1070 2 Pin
Added Member To Class: ClassName=Sheet2 Member=Component J? DS1070 5P
Added Member To Class: ClassName=Sheet2 Member=Component J? DS1070 3 Pin
Added Member To Class: ClassName=Sheet2 Member=Component R? 4.7k Ohms
Added Member To Class: ClassName=Sheet2 Member=Component R? 10K
Added Member To Class: ClassName=Sheet2 Member=Component R? 10k Ohms
Added Member To Class: ClassName=Sheet2 Member=Component R? 4.7k Ohms
Added Member To Class: ClassName=Sheet2 Member=Component R? 4.7k Ohms
Added Member To Class: ClassName=Sheet2 Member=Component R? 2k2 Ohms
Added Member To Class: ClassName=Sheet2 Member=Component R? 2k2 Ohms
Added Member To Class: ClassName=Sheet2 Member=Component R? 2k2 Ohms
Added Member To Class: ClassName=Sheet2 Member=Component R? 4.7k Ohms
Added Member To Class: ClassName=Sheet2 Member=Component R? 2k2 Ohms
Added Member To Class: ClassName=Sheet2 Member=Component R? 2k2 Ohms
Added Member To Class: ClassName=Sheet2 Member=Component R? 2k2 Ohms
Added Member To Class: ClassName=Sheet2 Member=Component R? 4.7k Ohms
Added Member To Class: ClassName=Sheet2 Member=Component R? 2k2 Ohms
Added Member To Class: ClassName=Sheet2 Member=Component R? 4.7k Ohms
Added Member To Class: ClassName=Sheet2 Member=Component R? 4.7k Ohms
Added Member To Class: ClassName=Sheet2 Member=Component RX? Green
Added Member To Class: ClassName=Sheet2 Member=Component RX? Green
Added Member To Class: ClassName=Sheet2 Member=Component RX? Green
Added Member To Class: ClassName=Sheet2 Member=Component RX? Green
Added Member To Class: ClassName=Sheet2 Member=Component TX? Green
Added Room: Name=Sheet2
