Removed Pin From Net: NetName=PVDD Pin=C?-1
Removed Pin From Net: NetName=+15V Pin=U?-1
Removed Pin From Net: NetName=GND Pin=U?-2
Add Component: Footprint Not Found WCAP-ATG5_D5H11
Add Component: Footprint Not Found WCAP-ATG5_D5H11
Add Component: Footprint Not Found 0805_RES
Add Component: Footprint Not Found 0805_RES
Add Component: Footprint Not Found WPME-FDSM_SIP-3_L11.6W8.5H10.5
Add Component: Footprint Not Found WPME-FDSM_SIP-3_L11.6W8.5H10.5
Add Component: Footprint Not Found WPME-FDSM_SIP-3_L11.6W8.5H10.5
Added Pin To Net: NetName=+45V Pin=C?-1
Added Pin To Net: NetName=GND Pin=C?-1
Added Pin To Net: NetName=PVDD Pin=C?-1
Added Pin To Net: NetName=GND Pin=C?-2
Added Pin To Net: NetName=+45V Pin=R?-1
Added Pin To Net: NetName=GND Pin=R?-2
Added Pin To Net: NetName=+15V Pin=U?-1
Added Pin To Net: NetName=GND Pin=U?-2
Add Net: Net with name "Net+?_1" already exists
Add Net: Net with name "Net+?_1" already exists
Add Net: Net with name "NetC?_1" already exists
Add Net: Net with name "NetC?_1" already exists
Add Net: Net with name "NetC?_1" already exists
Add Net: Net with name "NetC?_2" already exists
Add Net: Net with name "NetC?_2" already exists
Add Net: Net with name "NetC?_2" already exists
Add Net: Net with name "NetC?_2" already exists
Add Net: Net with name "NetC?_2" already exists
Add Net: Net with name "NetC?_2" already exists
Add Net: Net with name "NetC?_2" already exists
Add Net: Net with name "NetC?_2" already exists
Add Net: Net with name "NetD?_2" already exists
Add Net: Net with name "NetD?_2" already exists
Add Net: Net with name "NetD?_2" already exists
Add Net: Net with name "NetD?_A" already exists
Add Net: Net with name "NetD?_A" already exists
Add Net: Net with name "NetD?_A" already exists
Add Net: Net with name "NetD?_A" already exists
Add Net: Net with name "NetD?_A" already exists
Add Net: Net with name "NetD?_C" already exists
Add Net: Net with name "NetD?_C" already exists
Add Net: Net with name "NetD?_C" already exists
Add Net: Net with name "NetD?_C" already exists
Add Net: Net with name "NetD?_C" already exists
Add Net: Net with name "NetQ?_1" already exists
Add Net: Net with name "NetQ?_1" already exists
Add Net: Net with name "NetQ?_1" already exists
Add Net: Net with name "NetQ?_1" already exists
Add Net: Net with name "NetQ?_1" already exists
Add Net: Net with name "NetQ?_1" already exists
Add Net: Net with name "NetQ?_1" already exists
Add Net: Net with name "NetQ?_1" already exists
Add Net: Net with name "NetQ?_1" already exists
Add Net: Net with name "NetQ?_1" already exists
Add Net: Net with name "NetQ?_1" already exists
Add Net: Net with name "NetQ?_1" already exists
Add Net: Net with name "NetQ?_1" already exists
Add Net: Net with name "NetQ?_1" already exists
Add Net: Net with name "NetQ?_1" already exists
Add Net: Net with name "NetQ?_1" already exists
Add Net: Net with name "NetQ?_1" already exists
Add Net: Net with name "NetQ?_2" already exists
Add Net: Net with name "NetQ?_2" already exists
Add Net: Net with name "NetQ?_2" already exists
Add Net: Net with name "NetQ?_2" already exists
Add Net: Net with name "NetQ?_2" already exists
Add Net: Net with name "NetQ?_2" already exists
Add Net: Net with name "NetQ?_2" already exists
Add Net: Net with name "NetQ?_2" already exists
Add Net: Net with name "NetQ?_2" already exists
Add Net: Net with name "NetQ?_2" already exists
Add Net: Net with name "NetQ?_2" already exists
Add Net: Net with name "NetQ?_2" already exists
Add Net: Net with name "NetQ?_2" already exists
Add Net: Net with name "NetQ?_2" already exists
Add Net: Net with name "NetQ?_2" already exists
Add Net: Net with name "NetQ?_2" already exists
Add Net: Net with name "NetQ?_2" already exists
Add Net: Net with name "NetQ?_4" already exists
Add Net: Net with name "NetQ?_4" already exists
Add Net: Net with name "NetR?_1" already exists
Add Net: Net with name "NetR?_1" already exists
Add Net: Net with name "NetR?_1" already exists
Added Member To Class: ClassName=Regulators Member=Component +? Green
Added Member To Class: ClassName=Regulators Member=Component +? Green
Added Member To Class: ClassName=Driver Member=Component C? 10uF Tantalum
Added Member To Class: ClassName=Driver Member=Component C? 100nF 50V
Added Member To Class: ClassName=Driver Member=Component C? 1uF Tantalum
Added Member To Class: ClassName=Driver Member=Component C? 2200pF 50V
Added Member To Class: ClassName=Driver Member=Component C? 1uF 50V
Added Member To Class: ClassName=Driver Member=Component C? 10uF 50V
Added Member To Class: ClassName=Driver Member=Component C? 220pF 50V
Added Member To Class: ClassName=Driver Member=Component C? 220pF 50V
Added Member To Class: ClassName=Driver Member=Component C? 10uF 50V
Added Member To Class: ClassName=Driver Member=Component C? 100nF 50V
Added Member To Class: ClassName=Driver Member=Component C? 100nF 50V
Added Member To Class: ClassName=Driver Member=Component C? 100nF 50V
Added Member To Class: ClassName=Driver Member=Component C? 10uF Tantalum
Added Member To Class: ClassName=Driver Member=Component C? 220nF 50V
Added Member To Class: ClassName=Driver Member=Component C? 100nF 50V
Added Member To Class: ClassName=Driver Member=Component C? 10uF 50V
Added Member To Class: ClassName=Driver Member=Component C? 220pF 50V
Added Member To Class: ClassName=Driver Member=Component C? 100nF 50V
Added Member To Class: ClassName=Driver Member=Component C? 100nF 50V
Added Member To Class: ClassName=Driver Member=Component C? 1uF Tantalum
Added Member To Class: ClassName=Driver Member=Component C? 2200pF 50V
Added Member To Class: ClassName=Driver Member=Component C? 220nF 50V
Added Member To Class: ClassName=Driver Member=Component C? 220pF 50V
Added Member To Class: ClassName=Driver Member=Component C? 220pF 50V
Added Member To Class: ClassName=Driver Member=Component C? 220nF 50V
Added Member To Class: ClassName=Driver Member=Component C? 1uF 50V
Added Member To Class: ClassName=Driver Member=Component C? 100nF 50V
Added Member To Class: ClassName=Driver Member=Component C? 1uF 50V
Added Member To Class: ClassName=Driver Member=Component C? 100nF 50V
Added Member To Class: ClassName=Driver Member=Component C? 10uF Tantalum
Added Member To Class: ClassName=Driver Member=Component C? 220pF 50V
Added Member To Class: ClassName=Driver Member=Component C? 1uF 50V
Added Member To Class: ClassName=Driver Member=Component C? 2200pF 50V
Added Member To Class: ClassName=Driver Member=Component C? 220pF 50V
Added Member To Class: ClassName=Driver Member=Component C? 10uF 50V
Added Member To Class: ClassName=Driver Member=Component C? 220pF 50V
Added Member To Class: ClassName=Driver Member=Component C? 1uF 50V
Added Member To Class: ClassName=Driver Member=Component C? 1uF 50V
Added Member To Class: ClassName=Driver Member=Component C? 220pF 50V
Added Member To Class: ClassName=Driver Member=Component C? 10uF 50V
Added Member To Class: ClassName=Driver Member=Component C? 10uF 50V
Added Member To Class: ClassName=Power Member=Component C? 4.7uF
Added Member To Class: ClassName=Power Member=Component C? 4.7uF
Added Member To Class: ClassName=Power Member=Component C? 100nF 25V
Added Member To Class: ClassName=Power Member=Component C? 1uF 16V
Added Member To Class: ClassName=Power Member=Component C? 470uF 200V
Added Member To Class: ClassName=Power Member=Component C? 4.7uF
Added Member To Class: ClassName=Power Member=Component C? 4.7uF
Added Member To Class: ClassName=Power Member=Component C? 4.7uF
Added Member To Class: ClassName=Power Member=Component C? 470uF 200V
Added Member To Class: ClassName=Power Member=Component C? 4.7uF
Added Member To Class: ClassName=Power Member=Component C? 470uF 200V
Added Member To Class: ClassName=Power Member=Component C? 4.7uF
Added Member To Class: ClassName=Power Member=Component C? 470uF 200V
Added Member To Class: ClassName=Power Member=Component C? 100nF 25V
Added Member To Class: ClassName=Power Member=Component C? 4.7uF
Added Member To Class: ClassName=Power Member=Component C? 4.7uF
Added Member To Class: ClassName=Power Member=Component C? 4.7uF
Added Member To Class: ClassName=Power Member=Component C? 4.7uF
Added Member To Class: ClassName=Power Member=Component C? 4.7uF
Added Member To Class: ClassName=Power Member=Component C? 470uF 200V
Added Member To Class: ClassName=Power Member=Component C? 4.7uF
Added Member To Class: ClassName=Power Member=Component C? 470uF 200V
Added Member To Class: ClassName=Power Member=Component C? 100nF 25V
Added Member To Class: ClassName=Power Member=Component C? 1uF 16V
Added Member To Class: ClassName=Power Member=Component C? 4.7uF
Added Member To Class: ClassName=Power Member=Component C? 4.7uF
Added Member To Class: ClassName=Power Member=Component C? 4.7uF
Added Member To Class: ClassName=Power Member=Component C? 4.7uF
Added Member To Class: ClassName=Power Member=Component C? 4.7uF
Added Member To Class: ClassName=Regulators Member=Component C? 100nF 100V
Added Member To Class: ClassName=Regulators Member=Component C? 10uF 25V
Added Member To Class: ClassName=Regulators Member=Component C? 10uF 25V
Added Member To Class: ClassName=Regulators Member=Component C? 100nF 25V
Added Member To Class: ClassName=Regulators Member=Component C? 100nF 25V
Added Member To Class: ClassName=Regulators Member=Component C? 10uF 25V
Added Member To Class: ClassName=Regulators Member=Component C? 10uF 25V
Added Member To Class: ClassName=Regulators Member=Component C? 680pF 25V
Added Member To Class: ClassName=Regulators Member=Component C? 100nF 25V
Added Member To Class: ClassName=Regulators Member=Component C? 100nF 25V
Added Member To Class: ClassName=Regulators Member=Component C? 10uF 25V
Added Member To Class: ClassName=Regulators Member=Component C? 470uF 100V
Added Member To Class: ClassName=Regulators Member=Component C? 10湩 63V
Added Member To Class: ClassName=Regulators Member=Component C? 220uF 50V
Added Member To Class: ClassName=Regulators Member=Component C? 10uF 25V
Added Member To Class: ClassName=Driver Member=Component D? B0530W-7-F
Added Member To Class: ClassName=Driver Member=Component D? SS14
Added Member To Class: ClassName=Driver Member=Component D? C4D02120E
Added Member To Class: ClassName=Driver Member=Component D? SS14
Added Member To Class: ClassName=Driver Member=Component D? B0530W-7-F
Added Member To Class: ClassName=Driver Member=Component D? B0530W-7-F
Added Member To Class: ClassName=Driver Member=Component D? B0530W-7-F
Added Member To Class: ClassName=Driver Member=Component D? B0530W-7-F
Added Member To Class: ClassName=Driver Member=Component D? SS14
Added Member To Class: ClassName=Driver Member=Component D? C4D02120E
Added Member To Class: ClassName=Driver Member=Component D? SS14
Added Member To Class: ClassName=Driver Member=Component D? B0530W-7-F
Added Member To Class: ClassName=Driver Member=Component D? C4D02120E
Added Member To Class: ClassName=Driver Member=Component D? SS14
Added Member To Class: ClassName=Power Member=Component IC? ACS758LCB-100B-PFF-T
Added Member To Class: ClassName=Power Member=Component IC? ACS758LCB-100B-PFF-T
Added Member To Class: ClassName=Power Member=Component MP? M6 x 10mm
Added Member To Class: ClassName=Power Member=Component MP? M6 x 10mm
Added Member To Class: ClassName=Power Member=Component Q? FDB0260N1007L
Added Member To Class: ClassName=Power Member=Component Q? FDB0260N1007L
Added Member To Class: ClassName=Power Member=Component Q? FDB0260N1007L
Added Member To Class: ClassName=Power Member=Component Q? FDB0260N1007L
Added Member To Class: ClassName=Power Member=Component Q? FDB0260N1007L
Added Member To Class: ClassName=Power Member=Component Q? FDB0260N1007L
Added Member To Class: ClassName=Power Member=Component Q? FDB0260N1007L
Added Member To Class: ClassName=Power Member=Component Q? FDB0260N1007L
Added Member To Class: ClassName=Power Member=Component Q? FDB0260N1007L
Added Member To Class: ClassName=Power Member=Component Q? FDB0260N1007L
Added Member To Class: ClassName=Power Member=Component Q? FDB0260N1007L
Added Member To Class: ClassName=Power Member=Component Q? FDB0260N1007L
Added Member To Class: ClassName=Power Member=Component Q? FDB0260N1007L
Added Member To Class: ClassName=Power Member=Component Q? FDB0260N1007L
Added Member To Class: ClassName=Power Member=Component Q? FDB0260N1007L
Added Member To Class: ClassName=Power Member=Component Q? FDB0260N1007L
Added Member To Class: ClassName=Power Member=Component Q? FDB0260N1007L
Added Member To Class: ClassName=Driver Member=Component R? 109 Ohms
Added Member To Class: ClassName=Driver Member=Component R? 76.5 Ohms
Added Member To Class: ClassName=Driver Member=Component R? 51 Ohms
Added Member To Class: ClassName=Driver Member=Component R? 0 Ohms
Added Member To Class: ClassName=Driver Member=Component R? 2 Ohms
Added Member To Class: ClassName=Driver Member=Component R? 51 Ohms
Added Member To Class: ClassName=Driver Member=Component R? 109 Ohms
Added Member To Class: ClassName=Driver Member=Component R? 51 Ohms
Added Member To Class: ClassName=Driver Member=Component R? 2 Ohms
Added Member To Class: ClassName=Driver Member=Component R? 2 Ohms
Added Member To Class: ClassName=Driver Member=Component R? 76.5 Ohms
Added Member To Class: ClassName=Driver Member=Component R? 51 Ohms
Added Member To Class: ClassName=Driver Member=Component R? 51 Ohms
Added Member To Class: ClassName=Driver Member=Component R? 10k Ohms
Added Member To Class: ClassName=Driver Member=Component R? 76.5 Ohms
Added Member To Class: ClassName=Driver Member=Component R? 10k Ohms
Added Member To Class: ClassName=Driver Member=Component R? 10k Ohms
Added Member To Class: ClassName=Driver Member=Component R? 0 Ohms
Added Member To Class: ClassName=Driver Member=Component R? 51 Ohms
Added Member To Class: ClassName=Driver Member=Component R? 0 Ohms
Added Member To Class: ClassName=Driver Member=Component R? 10k Ohms
Added Member To Class: ClassName=Driver Member=Component R? 10k Ohms
Added Member To Class: ClassName=Driver Member=Component R? 10k Ohms
Added Member To Class: ClassName=Driver Member=Component R? 109 Ohms
Added Member To Class: ClassName=Driver Member=Component R? 10k Ohms
Added Member To Class: ClassName=Driver Member=Component R? 109 Ohms
Added Member To Class: ClassName=Driver Member=Component R? 51 Ohms
Added Member To Class: ClassName=Driver Member=Component R? 10k Ohms
Added Member To Class: ClassName=Driver Member=Component R? 109 Ohms
Added Member To Class: ClassName=Driver Member=Component R? 10k Ohms
Added Member To Class: ClassName=Driver Member=Component R? 10k Ohms
Added Member To Class: ClassName=Driver Member=Component R? 76.5 Ohms
Added Member To Class: ClassName=Driver Member=Component R? 10k Ohms
Added Member To Class: ClassName=Driver Member=Component R? 10k Ohms
Added Member To Class: ClassName=Driver Member=Component R? 10k Ohms
Added Member To Class: ClassName=Driver Member=Component R? 109 Ohms
Added Member To Class: ClassName=Driver Member=Component R? 10k Ohms
Added Member To Class: ClassName=Driver Member=Component R? 51 Ohms
Added Member To Class: ClassName=Driver Member=Component R? 0 Ohms
Added Member To Class: ClassName=Driver Member=Component R? 10k Ohms
Added Member To Class: ClassName=Driver Member=Component R? 0 Ohms
Added Member To Class: ClassName=Driver Member=Component R? 51 Ohms
Added Member To Class: ClassName=Driver Member=Component R? 76.5 Ohms
Added Member To Class: ClassName=Driver Member=Component R? 76.5 Ohms
Added Member To Class: ClassName=Power Member=Component R? 3 Ohms
Added Member To Class: ClassName=Power Member=Component R? 3 Ohms
Added Member To Class: ClassName=Power Member=Component R? 3 Ohms
Added Member To Class: ClassName=Power Member=Component R? 3 Ohms
Added Member To Class: ClassName=Power Member=Component R? 1k Ohms
Added Member To Class: ClassName=Power Member=Component R? 3 Ohms
Added Member To Class: ClassName=Power Member=Component R? 3 Ohms
Added Member To Class: ClassName=Power Member=Component R? 3 Ohms
Added Member To Class: ClassName=Power Member=Component R? 3 Ohms
Added Member To Class: ClassName=Power Member=Component R? 3 Ohms
Added Member To Class: ClassName=Power Member=Component R? 3 Ohms
Added Member To Class: ClassName=Power Member=Component R? 3 Ohms
Added Member To Class: ClassName=Power Member=Component R? 3 Ohms
Added Member To Class: ClassName=Power Member=Component R? 3 Ohms
Added Member To Class: ClassName=Power Member=Component R? 3 Ohms
Added Member To Class: ClassName=Power Member=Component R? 3 Ohms
Added Member To Class: ClassName=Power Member=Component R? 3 Ohms
Added Member To Class: ClassName=Power Member=Component R? 3 Ohms
Added Member To Class: ClassName=Power Member=Component R? 3 Ohms
Added Member To Class: ClassName=Power Member=Component R? 3 Ohms
Added Member To Class: ClassName=Power Member=Component R? 3 Ohms
Added Member To Class: ClassName=Power Member=Component R? 3 Ohms
Added Member To Class: ClassName=Power Member=Component R? 3 Ohms
Added Member To Class: ClassName=Power Member=Component R? 3 Ohms
Added Member To Class: ClassName=Power Member=Component R? 3 Ohms
Added Member To Class: ClassName=Power Member=Component R? 3 Ohms
Added Member To Class: ClassName=Power Member=Component R? 3 Ohms
Added Member To Class: ClassName=Power Member=Component R? 1k Ohms
Added Member To Class: ClassName=Power Member=Component R? 3 Ohms
Added Member To Class: ClassName=Power Member=Component R? 3 Ohms
Added Member To Class: ClassName=Power Member=Component R? 3 Ohms
Added Member To Class: ClassName=Power Member=Component R? 3 Ohms
Added Member To Class: ClassName=Power Member=Component R? 3 Ohms
Added Member To Class: ClassName=Power Member=Component R? 3 Ohms
Added Member To Class: ClassName=Power Member=Component R? 3 Ohms
Added Member To Class: ClassName=Power Member=Component R? 3 Ohms
Added Member To Class: ClassName=Power Member=Component R? 3 Ohms
Added Member To Class: ClassName=Power Member=Component R? 3 Ohms
Added Member To Class: ClassName=Regulators Member=Component R? 11k Ohms
Added Member To Class: ClassName=Regulators Member=Component R? 1k Ohms
Added Member To Class: ClassName=Regulators Member=Component R? 20K Ohms
Added Member To Class: ClassName=Regulators Member=Component R? 1k Ohms
Added Member To Class: ClassName=Regulators Member=Component R? 2k2 Ohms
Added Member To Class: ClassName=Regulators Member=Component R? 10K Ohms
Added Member To Class: ClassName=Regulators Member=Component R? 22K Ohms
Added Member To Class: ClassName=Driver Member=Component U? UCC21520DWR
Added Member To Class: ClassName=Driver Member=Component U? UCC21520DWR
Added Member To Class: ClassName=Regulators Member=Component U? LD1117S33TR
Added Member To Class: ClassName=Regulators Member=Component U? 8-28Vin, 5Vout, 1Aout
Added Member To Class: ClassName=Regulators Member=Component U? 8-28Vin, 5Vout, 1Aout
Added Member To Class: ClassName=Regulators Member=Component VR? LM2596S-5.0
