Removed Pin From Net: NetName=A_VSS_H Pin=IC?-4
Removed Pin From Net: NetName=A_VSS_H Pin=IC?-4
Removed Pin From Net: NetName=A_VSS_H Pin=IC?-4
Removed Pin From Net: NetName=A_VSS_H Pin=IC?-4
Removed Pin From Net: NetName=A_VSS_H Pin=IC?-4
Removed Pin From Net: NetName=A_VSS_H Pin=IC?-4
Removed Pin From Net: NetName=A_VSS_H Pin=IC?-4
Removed Pin From Net: NetName=A_VSS_H Pin=IC?-4
Removed Pin From Net: NetName=A_VSS_H Pin=IC?-4
Removed Pin From Net: NetName=A_VSS_H Pin=IC?-4
Removed Pin From Net: NetName=A_VSS_H Pin=IC?-4
Removed Pin From Net: NetName=A_VSS_H Pin=IC?-4
Removed Pin From Net: NetName=A_VSS_H Pin=IC?-4
Removed Pin From Net: NetName=A_VSS_H Pin=IC?-4
Removed Pin From Net: NetName=A_VSS_H Pin=IC?-4
Removed Pin From Net: NetName=A_VSS_H Pin=IC?-4
Removed Pin From Net: NetName=A_VSS_H Pin=IC?-4
Removed Pin From Net: NetName=A_VSS_H Pin=IC?-4
Removed Pin From Net: NetName=B_VSS_H Pin=IC?-4
Removed Pin From Net: NetName=B_VSS_H Pin=IC?-4
Removed Pin From Net: NetName=B_VSS_H Pin=IC?-4
Removed Pin From Net: NetName=B_VSS_H Pin=IC?-4
Removed Pin From Net: NetName=B_VSS_H Pin=IC?-4
Removed Pin From Net: NetName=B_VSS_H Pin=IC?-4
Removed Pin From Net: NetName=B_VSS_H Pin=IC?-4
Removed Pin From Net: NetName=B_VSS_H Pin=IC?-4
Removed Pin From Net: NetName=B_VSS_H Pin=IC?-4
Removed Pin From Net: NetName=B_VSS_H Pin=IC?-4
Removed Pin From Net: NetName=B_VSS_H Pin=IC?-4
Removed Pin From Net: NetName=B_VSS_H Pin=IC?-4
Removed Pin From Net: NetName=B_VSS_H Pin=IC?-4
Removed Pin From Net: NetName=B_VSS_H Pin=IC?-4
Removed Pin From Net: NetName=B_VSS_H Pin=IC?-4
Removed Pin From Net: NetName=B_VSS_H Pin=IC?-4
Removed Pin From Net: NetName=B_VSS_H Pin=IC?-4
Removed Pin From Net: NetName=B_VSS_H Pin=IC?-4
Removed Pin From Net: NetName=C_VSS_H Pin=IC?-4
Removed Pin From Net: NetName=C_VSS_H Pin=IC?-4
Removed Pin From Net: NetName=C_VSS_H Pin=IC?-4
Removed Pin From Net: NetName=C_VSS_H Pin=IC?-4
Removed Pin From Net: NetName=C_VSS_H Pin=IC?-4
Removed Pin From Net: NetName=C_VSS_H Pin=IC?-4
Removed Pin From Net: NetName=C_VSS_H Pin=IC?-4
Removed Pin From Net: NetName=C_VSS_H Pin=IC?-4
Removed Pin From Net: NetName=C_VSS_H Pin=IC?-4
Removed Pin From Net: NetName=C_VSS_H Pin=IC?-4
Removed Pin From Net: NetName=C_VSS_H Pin=IC?-4
Removed Pin From Net: NetName=C_VSS_H Pin=IC?-4
Removed Pin From Net: NetName=C_VSS_H Pin=IC?-4
Removed Pin From Net: NetName=C_VSS_H Pin=IC?-4
Removed Pin From Net: NetName=C_VSS_H Pin=IC?-4
Removed Pin From Net: NetName=C_VSS_H Pin=IC?-4
Removed Pin From Net: NetName=C_VSS_H Pin=IC?-4
Removed Pin From Net: NetName=C_VSS_H Pin=IC?-4
Removed Pin From Net: NetName=PHASE_A Pin=IC?-5
Removed Pin From Net: NetName=PHASE_A Pin=IC?-5
Removed Pin From Net: NetName=PHASE_A Pin=IC?-5
Removed Pin From Net: NetName=PHASE_A Pin=IC?-5
Removed Pin From Net: NetName=PHASE_A Pin=IC?-5
Removed Pin From Net: NetName=PHASE_A Pin=IC?-5
Removed Pin From Net: NetName=PHASE_A Pin=IC?-5
Removed Pin From Net: NetName=PHASE_A Pin=IC?-5
Removed Pin From Net: NetName=PHASE_A Pin=IC?-5
Removed Pin From Net: NetName=PHASE_A Pin=IC?-5
Removed Pin From Net: NetName=PHASE_A Pin=IC?-5
Removed Pin From Net: NetName=PHASE_A Pin=IC?-5
Removed Pin From Net: NetName=PHASE_A Pin=IC?-5
Removed Pin From Net: NetName=PHASE_A Pin=IC?-5
Removed Pin From Net: NetName=PHASE_A Pin=IC?-5
Removed Pin From Net: NetName=PHASE_A Pin=IC?-5
Removed Pin From Net: NetName=PHASE_A Pin=IC?-5
Removed Pin From Net: NetName=PHASE_A Pin=IC?-5
Removed Pin From Net: NetName=PHASE_B Pin=IC?-5
Removed Pin From Net: NetName=PHASE_B Pin=IC?-5
Removed Pin From Net: NetName=PHASE_B Pin=IC?-5
Removed Pin From Net: NetName=PHASE_B Pin=IC?-5
Removed Pin From Net: NetName=PHASE_B Pin=IC?-5
Removed Pin From Net: NetName=PHASE_B Pin=IC?-5
Removed Pin From Net: NetName=PHASE_B Pin=IC?-5
Removed Pin From Net: NetName=PHASE_B Pin=IC?-5
Removed Pin From Net: NetName=PHASE_B Pin=IC?-5
Removed Pin From Net: NetName=PHASE_B Pin=IC?-5
Removed Pin From Net: NetName=PHASE_B Pin=IC?-5
Removed Pin From Net: NetName=PHASE_B Pin=IC?-5
Removed Pin From Net: NetName=PHASE_B Pin=IC?-5
Removed Pin From Net: NetName=PHASE_B Pin=IC?-5
Removed Pin From Net: NetName=PHASE_B Pin=IC?-5
Removed Pin From Net: NetName=PHASE_B Pin=IC?-5
Removed Pin From Net: NetName=PHASE_B Pin=IC?-5
Removed Pin From Net: NetName=PHASE_B Pin=IC?-5
Removed Pin From Net: NetName=PHASE_C Pin=IC?-5
Removed Pin From Net: NetName=PHASE_C Pin=IC?-5
Removed Pin From Net: NetName=PHASE_C Pin=IC?-5
Removed Pin From Net: NetName=PHASE_C Pin=IC?-5
Removed Pin From Net: NetName=PHASE_C Pin=IC?-5
Removed Pin From Net: NetName=PHASE_C Pin=IC?-5
Removed Pin From Net: NetName=PHASE_C Pin=IC?-5
Removed Pin From Net: NetName=PHASE_C Pin=IC?-5
Removed Pin From Net: NetName=PHASE_C Pin=IC?-5
Removed Pin From Net: NetName=PHASE_C Pin=IC?-5
Removed Pin From Net: NetName=PHASE_C Pin=IC?-5
Removed Pin From Net: NetName=PHASE_C Pin=IC?-5
Removed Pin From Net: NetName=PHASE_C Pin=IC?-5
Removed Pin From Net: NetName=PHASE_C Pin=IC?-5
Removed Pin From Net: NetName=PHASE_C Pin=IC?-5
Removed Pin From Net: NetName=PHASE_C Pin=IC?-5
Removed Pin From Net: NetName=PHASE_C Pin=IC?-5
Removed Pin From Net: NetName=PHASE_C Pin=IC?-5
Added Pin To Net: NetName=PHASE_A Pin=IC?-4
Added Pin To Net: NetName=PHASE_A Pin=IC?-4
Added Pin To Net: NetName=PHASE_A Pin=IC?-4
Added Pin To Net: NetName=PHASE_A Pin=IC?-4
Added Pin To Net: NetName=PHASE_A Pin=IC?-4
Added Pin To Net: NetName=PHASE_A Pin=IC?-4
Added Pin To Net: NetName=PHASE_A Pin=IC?-4
Added Pin To Net: NetName=PHASE_A Pin=IC?-4
Added Pin To Net: NetName=PHASE_A Pin=IC?-4
Added Pin To Net: NetName=PHASE_A Pin=IC?-4
Added Pin To Net: NetName=PHASE_A Pin=IC?-4
Added Pin To Net: NetName=PHASE_A Pin=IC?-4
Added Pin To Net: NetName=PHASE_A Pin=IC?-4
Added Pin To Net: NetName=PHASE_A Pin=IC?-4
Added Pin To Net: NetName=PHASE_A Pin=IC?-4
Added Pin To Net: NetName=PHASE_A Pin=IC?-4
Added Pin To Net: NetName=PHASE_A Pin=IC?-4
Added Pin To Net: NetName=PHASE_A Pin=IC?-4
Added Pin To Net: NetName=PHASE_B Pin=IC?-4
Added Pin To Net: NetName=PHASE_B Pin=IC?-4
Added Pin To Net: NetName=PHASE_B Pin=IC?-4
Added Pin To Net: NetName=PHASE_B Pin=IC?-4
Added Pin To Net: NetName=PHASE_B Pin=IC?-4
Added Pin To Net: NetName=PHASE_B Pin=IC?-4
Added Pin To Net: NetName=PHASE_B Pin=IC?-4
Added Pin To Net: NetName=PHASE_B Pin=IC?-4
Added Pin To Net: NetName=PHASE_B Pin=IC?-4
Added Pin To Net: NetName=PHASE_B Pin=IC?-4
Added Pin To Net: NetName=PHASE_B Pin=IC?-4
Added Pin To Net: NetName=PHASE_B Pin=IC?-4
Added Pin To Net: NetName=PHASE_B Pin=IC?-4
Added Pin To Net: NetName=PHASE_B Pin=IC?-4
Added Pin To Net: NetName=PHASE_B Pin=IC?-4
Added Pin To Net: NetName=PHASE_B Pin=IC?-4
Added Pin To Net: NetName=PHASE_B Pin=IC?-4
Added Pin To Net: NetName=PHASE_B Pin=IC?-4
Added Pin To Net: NetName=PHASE_C Pin=IC?-4
Added Pin To Net: NetName=PHASE_C Pin=IC?-4
Added Pin To Net: NetName=PHASE_C Pin=IC?-4
Added Pin To Net: NetName=PHASE_C Pin=IC?-4
Added Pin To Net: NetName=PHASE_C Pin=IC?-4
Added Pin To Net: NetName=PHASE_C Pin=IC?-4
Added Pin To Net: NetName=PHASE_C Pin=IC?-4
Added Pin To Net: NetName=PHASE_C Pin=IC?-4
Added Pin To Net: NetName=PHASE_C Pin=IC?-4
Added Pin To Net: NetName=PHASE_C Pin=IC?-4
Added Pin To Net: NetName=PHASE_C Pin=IC?-4
Added Pin To Net: NetName=PHASE_C Pin=IC?-4
Added Pin To Net: NetName=PHASE_C Pin=IC?-4
Added Pin To Net: NetName=PHASE_C Pin=IC?-4
Added Pin To Net: NetName=PHASE_C Pin=IC?-4
Added Pin To Net: NetName=PHASE_C Pin=IC?-4
Added Pin To Net: NetName=PHASE_C Pin=IC?-4
Added Pin To Net: NetName=PHASE_C Pin=IC?-4
Added Pin To Net: NetName=A_VSS_H Pin=IC?-5
Added Pin To Net: NetName=A_VSS_H Pin=IC?-5
Added Pin To Net: NetName=A_VSS_H Pin=IC?-5
Added Pin To Net: NetName=A_VSS_H Pin=IC?-5
Added Pin To Net: NetName=A_VSS_H Pin=IC?-5
Added Pin To Net: NetName=A_VSS_H Pin=IC?-5
Added Pin To Net: NetName=A_VSS_H Pin=IC?-5
Added Pin To Net: NetName=A_VSS_H Pin=IC?-5
Added Pin To Net: NetName=A_VSS_H Pin=IC?-5
Added Pin To Net: NetName=A_VSS_H Pin=IC?-5
Added Pin To Net: NetName=A_VSS_H Pin=IC?-5
Added Pin To Net: NetName=A_VSS_H Pin=IC?-5
Added Pin To Net: NetName=A_VSS_H Pin=IC?-5
Added Pin To Net: NetName=A_VSS_H Pin=IC?-5
Added Pin To Net: NetName=A_VSS_H Pin=IC?-5
Added Pin To Net: NetName=A_VSS_H Pin=IC?-5
Added Pin To Net: NetName=A_VSS_H Pin=IC?-5
Added Pin To Net: NetName=A_VSS_H Pin=IC?-5
Added Pin To Net: NetName=B_VSS_H Pin=IC?-5
Added Pin To Net: NetName=B_VSS_H Pin=IC?-5
Added Pin To Net: NetName=B_VSS_H Pin=IC?-5
Added Pin To Net: NetName=B_VSS_H Pin=IC?-5
Added Pin To Net: NetName=B_VSS_H Pin=IC?-5
Added Pin To Net: NetName=B_VSS_H Pin=IC?-5
Added Pin To Net: NetName=B_VSS_H Pin=IC?-5
Added Pin To Net: NetName=B_VSS_H Pin=IC?-5
Added Pin To Net: NetName=B_VSS_H Pin=IC?-5
Added Pin To Net: NetName=B_VSS_H Pin=IC?-5
Added Pin To Net: NetName=B_VSS_H Pin=IC?-5
Added Pin To Net: NetName=B_VSS_H Pin=IC?-5
Added Pin To Net: NetName=B_VSS_H Pin=IC?-5
Added Pin To Net: NetName=B_VSS_H Pin=IC?-5
Added Pin To Net: NetName=B_VSS_H Pin=IC?-5
Added Pin To Net: NetName=B_VSS_H Pin=IC?-5
Added Pin To Net: NetName=B_VSS_H Pin=IC?-5
Added Pin To Net: NetName=B_VSS_H Pin=IC?-5
Added Pin To Net: NetName=C_VSS_H Pin=IC?-5
Added Pin To Net: NetName=C_VSS_H Pin=IC?-5
Added Pin To Net: NetName=C_VSS_H Pin=IC?-5
Added Pin To Net: NetName=C_VSS_H Pin=IC?-5
Added Pin To Net: NetName=C_VSS_H Pin=IC?-5
Added Pin To Net: NetName=C_VSS_H Pin=IC?-5
Added Pin To Net: NetName=C_VSS_H Pin=IC?-5
Added Pin To Net: NetName=C_VSS_H Pin=IC?-5
Added Pin To Net: NetName=C_VSS_H Pin=IC?-5
Added Pin To Net: NetName=C_VSS_H Pin=IC?-5
Added Pin To Net: NetName=C_VSS_H Pin=IC?-5
Added Pin To Net: NetName=C_VSS_H Pin=IC?-5
Added Pin To Net: NetName=C_VSS_H Pin=IC?-5
Added Pin To Net: NetName=C_VSS_H Pin=IC?-5
Added Pin To Net: NetName=C_VSS_H Pin=IC?-5
Added Pin To Net: NetName=C_VSS_H Pin=IC?-5
Added Pin To Net: NetName=C_VSS_H Pin=IC?-5
Added Pin To Net: NetName=C_VSS_H Pin=IC?-5
Added Member To Class: ClassName=Power Member=Component IC? ACS756KCA-050B-PFF-T
Added Member To Class: ClassName=Power Member=Component IC? ACS756KCA-050B-PFF-T
