Added Component: Designator=C31(CAPPRD750W80D1825H4150)
Add component (AddParameter): Name = "Arrow Part Number"; Value = ""; VariantName = "[No Variations]"
Add component (AddParameter): Name = "Arrow Price/Stock"; Value = ""; VariantName = "[No Variations]"
Add component (AddParameter): Name = "Datasheet Link"; Value = "https://www.mouser.in/datasheet/2/293/e_ucy-1511878.pdf"; VariantName = "[No Variations]"
Add component (AddParameter): Name = "Geometry.Height"; Value = "41.5mm"; VariantName = "[No Variations]"
Add component (AddParameter): Name = "Manufacturer_Name"; Value = "Nichicon"; VariantName = "[No Variations]"
Add component (AddParameter): Name = "Manufacturer_Part_Number"; Value = "UCY2D471MHD"; VariantName = "[No Variations]"
Add component (AddParameter): Name = "Mouser Part Number"; Value = "647-UCY2D471MHD"; VariantName = "[No Variations]"
Add component (AddParameter): Name = "Mouser Price/Stock"; Value = "https://www.mouser.co.uk/ProductDetail/Nichicon/UCY2D471MHD?qs=lub5aoyU9qCCB7JKpUdfUQ%3D%3D"; VariantName = "[No Variations]"
Added Component: Designator=C32(CAPPRD750W80D1825H4150)
Add component (AddParameter): Name = "Arrow Part Number"; Value = ""; VariantName = "[No Variations]"
Add component (AddParameter): Name = "Arrow Price/Stock"; Value = ""; VariantName = "[No Variations]"
Add component (AddParameter): Name = "Datasheet Link"; Value = "https://www.mouser.in/datasheet/2/293/e_ucy-1511878.pdf"; VariantName = "[No Variations]"
Add component (AddParameter): Name = "Geometry.Height"; Value = "41.5mm"; VariantName = "[No Variations]"
Add component (AddParameter): Name = "Manufacturer_Name"; Value = "Nichicon"; VariantName = "[No Variations]"
Add component (AddParameter): Name = "Manufacturer_Part_Number"; Value = "UCY2D471MHD"; VariantName = "[No Variations]"
Add component (AddParameter): Name = "Mouser Part Number"; Value = "647-UCY2D471MHD"; VariantName = "[No Variations]"
Add component (AddParameter): Name = "Mouser Price/Stock"; Value = "https://www.mouser.co.uk/ProductDetail/Nichicon/UCY2D471MHD?qs=lub5aoyU9qCCB7JKpUdfUQ%3D%3D"; VariantName = "[No Variations]"
Added Component: Designator=C37(CAPPRD750W80D1825H4150)
Add component (AddParameter): Name = "Arrow Part Number"; Value = ""; VariantName = "[No Variations]"
Add component (AddParameter): Name = "Arrow Price/Stock"; Value = ""; VariantName = "[No Variations]"
Add component (AddParameter): Name = "Datasheet Link"; Value = "https://www.mouser.in/datasheet/2/293/e_ucy-1511878.pdf"; VariantName = "[No Variations]"
Add component (AddParameter): Name = "Geometry.Height"; Value = "41.5mm"; VariantName = "[No Variations]"
Add component (AddParameter): Name = "Manufacturer_Name"; Value = "Nichicon"; VariantName = "[No Variations]"
Add component (AddParameter): Name = "Manufacturer_Part_Number"; Value = "UCY2D471MHD"; VariantName = "[No Variations]"
Add component (AddParameter): Name = "Mouser Part Number"; Value = "647-UCY2D471MHD"; VariantName = "[No Variations]"
Add component (AddParameter): Name = "Mouser Price/Stock"; Value = "https://www.mouser.co.uk/ProductDetail/Nichicon/UCY2D471MHD?qs=lub5aoyU9qCCB7JKpUdfUQ%3D%3D"; VariantName = "[No Variations]"
Added Component: Designator=J5(61300511821)
Add component (AddParameter): Name = "Category"; Value = "Board-to-Board Connectors"; VariantName = "[No Variations]"
Add component (AddParameter): Name = "ComponentLink1Description"; Value = "Website Link"; VariantName = "[No Variations]"
Add component (AddParameter): Name = "ComponentLink1URL"; Value = "https://www.we-online.com/redexpert/article/61300511821?ad"; VariantName = "[No Variations]"
Add component (AddParameter): Name = "ComponentLink2Description"; Value = "Datasheet Link"; VariantName = "[No Variations]"
Add component (AddParameter): Name = "ComponentLink2URL"; Value = "https://www.we-online.com/redexpert/spec/61300511821?ad"; VariantName = "[No Variations]"
Add component (AddParameter): Name = "Contact Resistance"; Value = "20mOhm"; VariantName = "[No Variations]"
Add component (AddParameter): Name = "Gender"; Value = "Socket Header"; VariantName = "[No Variations]"
Add component (AddParameter): Name = "Manufacturer"; Value = "Wurth Elektronik"; VariantName = "[No Variations]"
Add component (AddParameter): Name = "Manufacturer Part Number"; Value = "61300511821"; VariantName = "[No Variations]"
Add component (AddParameter): Name = "Match Code"; Value = "WR-PHD"; VariantName = "[No Variations]"
Add component (AddParameter): Name = "Mount"; Value = "Through Hole"; VariantName = "[No Variations]"
Add component (AddParameter): Name = "Number of Pins"; Value = "5"; VariantName = "[No Variations]"
Add component (AddParameter): Name = "Number of Rows"; Value = "1"; VariantName = "[No Variations]"
Add component (AddParameter): Name = "Operating Temperature Max"; Value = "125°C"; VariantName = "[No Variations]"
Add component (AddParameter): Name = "Operating Temperature Min"; Value = "-40°C"; VariantName = "[No Variations]"
Add component (AddParameter): Name = "Orientation"; Value = "Vertical"; VariantName = "[No Variations]"
Add component (AddParameter): Name = "Packaging"; Value = "Tray"; VariantName = "[No Variations]"
Add component (AddParameter): Name = "Pitch"; Value = "2.54mm"; VariantName = "[No Variations]"
Add component (AddParameter): Name = "Rated Current"; Value = "3A"; VariantName = "[No Variations]"
Add component (AddParameter): Name = "Withstanding Voltage"; Value = "500V"; VariantName = "[No Variations]"
Add component (AddParameter): Name = "Working Voltage"; Value = "250V"; VariantName = "[No Variations]"
Added Pin To Net: NetName=A_VSS_L Pin=C31-1
Added Pin To Net: NetName=PVDD Pin=C31-2
Added Pin To Net: NetName=A_VSS_L Pin=C32-1
Added Pin To Net: NetName=PVDD Pin=C32-2
Added Pin To Net: NetName=A_VSS_L Pin=C37-1
Added Pin To Net: NetName=PVDD Pin=C53-2
Added Pin To Net: NetName=PVDD Pin=C54-2
Added Pin To Net: NetName=PVDD Pin=C55-2
Added Pin To Net: NetName=PVDD Pin=C56-2
Added Pin To Net: NetName=PVDD Pin=C57-2
Added Pin To Net: NetName=PVDD Pin=C58-2
Added Pin To Net: NetName=PVDD Pin=C59-2
Added Pin To Net: NetName=PVDD Pin=C60-2
Added Pin To Net: NetName=PVDD Pin=C63-2
Added Pin To Net: NetName=PVDD Pin=C64-2
Added Pin To Net: NetName=PVDD Pin=C65-2
Added Pin To Net: NetName=PVDD Pin=C66-2
Added Pin To Net: NetName=PVDD Pin=C67-2
Added Pin To Net: NetName=PVDD Pin=C68-2
Added Pin To Net: NetName=PVDD Pin=C69-2
Added Pin To Net: NetName=PVDD Pin=C70-2
Added Pin To Net: NetName=PVDD Pin=Q7-4
Added Pin To Net: NetName=PVDD Pin=Q13-4
Added Member To Class: ClassName=Power Member=Component C31 470uF 200V
Added Member To Class: ClassName=Power Member=Component C32 470uF 200V
Added Member To Class: ClassName=Power Member=Component C37 470uF 200V
Added Member To Class: ClassName=Connection Member=Component J5 61300511821
