Removed Pin From Net: NetName=PHASE_B Pin=MP2-1
Removed Pin From Net: NetName=PHASE_B Pin=MP2-1
Removed Pin From Net: NetName=PHASE_B Pin=MP2-1
Removed Pin From Net: NetName=PHASE_B Pin=MP2-1
Removed Pin From Net: NetName=PHASE_B Pin=MP2-1
Removed Pin From Net: NetName=PHASE_B Pin=MP2-1
Removed Pin From Net: NetName=PHASE_B Pin=MP2-1
Removed Pin From Net: NetName=PHASE_B Pin=MP2-1
Removed Pin From Net: NetName=PHASE_B Pin=MP2-1
Removed Pin From Net: NetName=PHASE_B Pin=MP2-1
Removed Pin From Net: NetName=PHASE_B Pin=MP2-1
Removed Pin From Net: NetName=PHASE_B Pin=MP2-1
Removed Pin From Net: NetName=PHASE_B Pin=MP2-1
Removed Pin From Net: NetName=PHASE_B Pin=MP2-1
Removed Pin From Net: NetName=PHASE_B Pin=MP2-1
Removed Pin From Net: NetName=PHASE_B Pin=MP2-1
Removed Pin From Net: NetName=PHASE_B Pin=MP2-1
Removed Pin From Net: NetName=PHASE_B Pin=MP2-1
Removed Pin From Net: NetName=PHASE_B Pin=MP2-1
Removed Pin From Net: NetName=PHASE_B Pin=MP2-1
Removed Pin From Net: NetName=PHASE_B Pin=MP2-1
Removed Pin From Net: NetName=PHASE_B Pin=MP2-1
Removed Pin From Net: NetName=PHASE_B Pin=MP2-1
Removed Pin From Net: NetName=PHASE_B Pin=MP2-1
Removed Pin From Net: NetName=PHASE_B Pin=MP2-1
Removed Pin From Net: NetName=A_VSS_L Pin=MP5-1
Removed Pin From Net: NetName=A_VSS_L Pin=MP5-1
Removed Pin From Net: NetName=A_VSS_L Pin=MP5-1
Removed Pin From Net: NetName=A_VSS_L Pin=MP5-1
Removed Pin From Net: NetName=A_VSS_L Pin=MP5-1
Removed Pin From Net: NetName=A_VSS_L Pin=MP5-1
Removed Pin From Net: NetName=A_VSS_L Pin=MP5-1
Removed Pin From Net: NetName=A_VSS_L Pin=MP5-1
Removed Pin From Net: NetName=A_VSS_L Pin=MP5-1
Removed Pin From Net: NetName=A_VSS_L Pin=MP5-1
Removed Pin From Net: NetName=A_VSS_L Pin=MP5-1
Removed Pin From Net: NetName=A_VSS_L Pin=MP5-1
Removed Pin From Net: NetName=A_VSS_L Pin=MP5-1
Removed Pin From Net: NetName=A_VSS_L Pin=MP5-1
Removed Pin From Net: NetName=A_VSS_L Pin=MP5-1
Removed Pin From Net: NetName=A_VSS_L Pin=MP5-1
Removed Pin From Net: NetName=A_VSS_L Pin=MP5-1
Removed Pin From Net: NetName=A_VSS_L Pin=MP5-1
Removed Pin From Net: NetName=A_VSS_L Pin=MP5-1
Removed Pin From Net: NetName=A_VSS_L Pin=MP5-1
Removed Pin From Net: NetName=A_VSS_L Pin=MP5-1
Removed Pin From Net: NetName=A_VSS_L Pin=MP5-1
Removed Pin From Net: NetName=A_VSS_L Pin=MP5-1
Removed Pin From Net: NetName=A_VSS_L Pin=MP5-1
Removed Pin From Net: NetName=A_VSS_L Pin=MP5-1
Added Pin To Net: NetName=A_VSS_L Pin=MP2-1
Added Pin To Net: NetName=A_VSS_L Pin=MP2-1
Added Pin To Net: NetName=A_VSS_L Pin=MP2-1
Added Pin To Net: NetName=A_VSS_L Pin=MP2-1
Added Pin To Net: NetName=A_VSS_L Pin=MP2-1
Added Pin To Net: NetName=A_VSS_L Pin=MP2-1
Added Pin To Net: NetName=A_VSS_L Pin=MP2-1
Added Pin To Net: NetName=A_VSS_L Pin=MP2-1
Added Pin To Net: NetName=A_VSS_L Pin=MP2-1
Added Pin To Net: NetName=A_VSS_L Pin=MP2-1
Added Pin To Net: NetName=A_VSS_L Pin=MP2-1
Added Pin To Net: NetName=A_VSS_L Pin=MP2-1
Added Pin To Net: NetName=A_VSS_L Pin=MP2-1
Added Pin To Net: NetName=A_VSS_L Pin=MP2-1
Added Pin To Net: NetName=A_VSS_L Pin=MP2-1
Added Pin To Net: NetName=A_VSS_L Pin=MP2-1
Added Pin To Net: NetName=A_VSS_L Pin=MP2-1
Added Pin To Net: NetName=A_VSS_L Pin=MP2-1
Added Pin To Net: NetName=A_VSS_L Pin=MP2-1
Added Pin To Net: NetName=A_VSS_L Pin=MP2-1
Added Pin To Net: NetName=A_VSS_L Pin=MP2-1
Added Pin To Net: NetName=A_VSS_L Pin=MP2-1
Added Pin To Net: NetName=A_VSS_L Pin=MP2-1
Added Pin To Net: NetName=A_VSS_L Pin=MP2-1
Added Pin To Net: NetName=A_VSS_L Pin=MP2-1
Added Pin To Net: NetName=PHASE_B Pin=MP5-1
Added Pin To Net: NetName=PHASE_B Pin=MP5-1
Added Pin To Net: NetName=PHASE_B Pin=MP5-1
Added Pin To Net: NetName=PHASE_B Pin=MP5-1
Added Pin To Net: NetName=PHASE_B Pin=MP5-1
Added Pin To Net: NetName=PHASE_B Pin=MP5-1
Added Pin To Net: NetName=PHASE_B Pin=MP5-1
Added Pin To Net: NetName=PHASE_B Pin=MP5-1
Added Pin To Net: NetName=PHASE_B Pin=MP5-1
Added Pin To Net: NetName=PHASE_B Pin=MP5-1
Added Pin To Net: NetName=PHASE_B Pin=MP5-1
Added Pin To Net: NetName=PHASE_B Pin=MP5-1
Added Pin To Net: NetName=PHASE_B Pin=MP5-1
Added Pin To Net: NetName=PHASE_B Pin=MP5-1
Added Pin To Net: NetName=PHASE_B Pin=MP5-1
Added Pin To Net: NetName=PHASE_B Pin=MP5-1
Added Pin To Net: NetName=PHASE_B Pin=MP5-1
Added Pin To Net: NetName=PHASE_B Pin=MP5-1
Added Pin To Net: NetName=PHASE_B Pin=MP5-1
Added Pin To Net: NetName=PHASE_B Pin=MP5-1
Added Pin To Net: NetName=PHASE_B Pin=MP5-1
Added Pin To Net: NetName=PHASE_B Pin=MP5-1
Added Pin To Net: NetName=PHASE_B Pin=MP5-1
Added Pin To Net: NetName=PHASE_B Pin=MP5-1
Added Pin To Net: NetName=PHASE_B Pin=MP5-1
Added Member To Class: ClassName=Regulators Member=Component B1 R1SE-0512_H2-R
Added Member To Class: ClassName=Regulators Member=Component B2 R1SE-0512_H2-R
Added Member To Class: ClassName=Regulators Member=Component B4 R1SE-0512_H2-R
Added Member To Class: ClassName=Regulators Member=Component B5 R1SE-0512_H2-R
Added Member To Class: ClassName=Regulators Member=Component B6 R1SE-0512_H2-R
Added Member To Class: ClassName=Regulators Member=Component C86 10uF
Added Member To Class: ClassName=Regulators Member=Component C87 6.8uF
Added Member To Class: ClassName=Regulators Member=Component C88 10uF
Added Member To Class: ClassName=Regulators Member=Component C89 6.8uF
Added Member To Class: ClassName=Regulators Member=Component C90 10uF
Added Member To Class: ClassName=Regulators Member=Component C91 6.8uF
Added Member To Class: ClassName=Regulators Member=Component C92 10uF
Added Member To Class: ClassName=Regulators Member=Component C93 6.8uF
Added Member To Class: ClassName=Regulators Member=Component C94 10uF
Added Member To Class: ClassName=Regulators Member=Component C95 6.8uF
Added Member To Class: ClassName=Regulators Member=Component C96 10uF
Added Member To Class: ClassName=Regulators Member=Component C97 6.8uF
Added Member To Class: ClassName=Regulators Member=Component L2 RLS-126-R
Added Member To Class: ClassName=Regulators Member=Component L3 RLS-126-R
Added Member To Class: ClassName=Regulators Member=Component L4 RLS-126-R
Added Member To Class: ClassName=Regulators Member=Component L5 RLS-126-R
Added Member To Class: ClassName=Regulators Member=Component L6 RLS-126-R
Added Member To Class: ClassName=Regulators Member=Component L7 RLS-126-R
