Added Component: Designator=IC?(ACS772ECB200BPFFT)
Add component (AddParameter): Name = "Arrow Part Number"; Value = "ACS758LCB-100B-PFF-T"; VariantName = "[No Variations]"
Add component (AddParameter): Name = "Arrow Price/Stock"; Value = "https://www.arrow.com/en/products/acs758lcb-100b-pff-t/allegro-microsystems?region=nac"; VariantName = "[No Variations]"
Add component (AddParameter): Name = "Datasheet Link"; Value = "https://www.allegromicro.com/-/media/files/datasheets/acs758-datasheet.ashx"; VariantName = "[No Variations]"
Add component (AddParameter): Name = "Height"; Value = "7.1mm"; VariantName = "[No Variations]"
Add component (AddParameter): Name = "Manufacturer_Name"; Value = "Allegro Microsystems"; VariantName = "[No Variations]"
Add component (AddParameter): Name = "Manufacturer_Part_Number"; Value = "ACS758LCB-100B-PFF-T"; VariantName = "[No Variations]"
Add component (AddParameter): Name = "Mouser Part Number"; Value = "250-758LCB100BPFFT"; VariantName = "[No Variations]"
Add component (AddParameter): Name = "Mouser Price/Stock"; Value = "https://www.mouser.co.uk/ProductDetail/Allegro-MicroSystems/ACS758LCB-100B-PFF-T?qs=pUKx8fyJudA0WtlqV%2Fcrcw%3D%3D"; VariantName = "[No Variations]"
Added Pin To Net: NetName=+3.3V Pin=IC?-1
Added Pin To Net: NetName=A_VSS_L Pin=IC?-2
Added Pin To Net: NetName=NetR84_1 Pin=IC?-3
Added Pin To Net: NetName=C_VSS_H Pin=IC?-4
Added Pin To Net: NetName=PHASE_C Pin=IC?-5
Added Pin To Net: NetName=PHASE_C Pin=IC?-5
Added Pin To Net: NetName=PHASE_C Pin=IC?-6
Added Pin To Net: NetName=PHASE_C Pin=IC?-7
Added Pin To Net: NetName=PHASE_C Pin=IC?-8
Added Pin To Net: NetName=PHASE_C Pin=IC?-9
Added Pin To Net: NetName=PHASE_C Pin=IC?-10
Added Pin To Net: NetName=PHASE_C Pin=IC?-11
Added Pin To Net: NetName=PHASE_C Pin=IC?-12
Added Pin To Net: NetName=PHASE_C Pin=IC?-13
Added Pin To Net: NetName=PHASE_C Pin=IC?-14
Added Pin To Net: NetName=PHASE_C Pin=IC?-14
Added Pin To Net: NetName=PHASE_C Pin=IC?-15
Added Pin To Net: NetName=PHASE_C Pin=IC?-16
Added Pin To Net: NetName=PHASE_C Pin=IC?-16
Added Pin To Net: NetName=PHASE_C Pin=IC?-17
Added Pin To Net: NetName=PHASE_C Pin=IC?-18
Added Pin To Net: NetName=PHASE_C Pin=IC?-19
Added Pin To Net: NetName=PHASE_C Pin=IC?-20
Added Pin To Net: NetName=C_VSS_H Pin=IC?-21
Added Pin To Net: NetName=C_VSS_H Pin=IC?-22
Added Pin To Net: NetName=C_VSS_H Pin=IC?-23
Added Pin To Net: NetName=C_VSS_H Pin=IC?-24
Added Pin To Net: NetName=C_VSS_H Pin=IC?-25
Added Pin To Net: NetName=C_VSS_H Pin=IC?-26
Added Pin To Net: NetName=C_VSS_H Pin=IC?-27
Added Pin To Net: NetName=C_VSS_H Pin=IC?-28
Added Pin To Net: NetName=C_VSS_H Pin=IC?-29
Added Pin To Net: NetName=C_VSS_H Pin=IC?-30
Added Pin To Net: NetName=C_VSS_H Pin=IC?-31
Added Pin To Net: NetName=C_VSS_H Pin=IC?-32
Added Pin To Net: NetName=C_VSS_H Pin=IC?-33
Added Pin To Net: NetName=C_VSS_H Pin=IC?-34
Added Pin To Net: NetName=C_VSS_H Pin=IC?-35
Added Member To Class: ClassName=Power Member=Component IC? ACS758LCB-100B-PFF-T
