Removed Pin From Net: NetName=C_VSS_H Pin=IC?-4
Removed Pin From Net: NetName=PHASE_C Pin=IC?-5
Removed Pin From Net: NetName=PHASE_C Pin=IC?-5
Removed Pin From Net: NetName=PHASE_C Pin=IC?-6
Removed Pin From Net: NetName=PHASE_C Pin=IC?-7
Removed Pin From Net: NetName=PHASE_C Pin=IC?-8
Removed Pin From Net: NetName=PHASE_C Pin=IC?-9
Removed Pin From Net: NetName=PHASE_C Pin=IC?-10
Removed Pin From Net: NetName=PHASE_C Pin=IC?-11
Removed Pin From Net: NetName=PHASE_C Pin=IC?-12
Removed Pin From Net: NetName=PHASE_C Pin=IC?-13
Removed Pin From Net: NetName=PHASE_C Pin=IC?-15
Removed Pin From Net: NetName=PHASE_C Pin=IC?-16
Removed Pin From Net: NetName=PHASE_C Pin=IC?-16
Removed Pin From Net: NetName=PHASE_C Pin=IC?-17
Removed Pin From Net: NetName=PHASE_C Pin=IC?-18
Removed Pin From Net: NetName=PHASE_C Pin=IC?-19
Removed Pin From Net: NetName=PHASE_C Pin=IC?-20
Removed Pin From Net: NetName=C_VSS_H Pin=IC?-21
Removed Pin From Net: NetName=C_VSS_H Pin=IC?-22
Removed Pin From Net: NetName=C_VSS_H Pin=IC?-23
Removed Pin From Net: NetName=C_VSS_H Pin=IC?-24
Removed Pin From Net: NetName=C_VSS_H Pin=IC?-25
Removed Pin From Net: NetName=C_VSS_H Pin=IC?-26
Removed Pin From Net: NetName=C_VSS_H Pin=IC?-27
Removed Pin From Net: NetName=C_VSS_H Pin=IC?-28
Removed Pin From Net: NetName=C_VSS_H Pin=IC?-29
Removed Pin From Net: NetName=C_VSS_H Pin=IC?-30
Removed Pin From Net: NetName=C_VSS_H Pin=IC?-31
Removed Pin From Net: NetName=C_VSS_H Pin=IC?-32
Removed Pin From Net: NetName=C_VSS_H Pin=IC?-33
Removed Pin From Net: NetName=C_VSS_H Pin=IC?-34
Removed Pin From Net: NetName=C_VSS_H Pin=IC?-35
Change Component Comment : Designator=IC? Old Comment=ACS758LCB-100B-PFF-T New Comment=ACS756KCA-050B-PFF-T
Change component parameters: Designator = "IC?" ("IC?"); Footprint = "ACS772ECB200BPFFT"; UniqueID = "\IHNYMFQB" ("\IHNYMFQB")
Change component parameters (AddParameter): Name = "Arrow Part Number"; Value = "ACS756KCA-050B-PFF-T"; VariantName = "[No Variations]"
Change component parameters (AddParameter): Name = "Arrow Price/Stock"; Value = "https://www.arrow.com/en/products/acs756kca-050b-pff-t/allegro-microsystems"; VariantName = "[No Variations]"
Change component parameters (AddParameter): Name = "Datasheet Link"; Value = "https://www.allegromicro.com/~/media/Files/Datasheets/ACS756-Datasheet.ashx"; VariantName = "[No Variations]"
Change component parameters (AddParameter): Name = "Height"; Value = "7.1mm"; VariantName = "[No Variations]"
Change component parameters (AddParameter): Name = "Manufacturer_Name"; Value = "Allegro Microsystems"; VariantName = "[No Variations]"
Change component parameters (AddParameter): Name = "Manufacturer_Part_Number"; Value = "ACS756KCA-050B-PFF-T"; VariantName = "[No Variations]"
Change component parameters (AddParameter): Name = "Mouser Part Number"; Value = ""; VariantName = "[No Variations]"
Change component parameters (AddParameter): Name = "Mouser Price/Stock"; Value = ""; VariantName = "[No Variations]"
Added Pin To Net: NetName=C_VSS_H Pin=IC?-16
Added Pin To Net: NetName=C_VSS_H Pin=IC?-16
