Removed Member From Class: ClassName=Power Member=IC2
Add Component: Footprint Not Found WCAP-ATG5_D5H11
Add Component: Footprint Not Found WCAP-ATG5_D5H11
Add Component: Footprint Not Found Wolfspeed_TO-252-2_v2_MFG
Add Component: Footprint Not Found Wolfspeed_TO-252-2_v2_MFG
Add Component: Footprint Not Found Wolfspeed_TO-252-2_v2_MFG
Added Component: Designator=IC?(ACS772ECB200BPFFT)
Add component (AddParameter): Name = "Arrow Part Number"; Value = "ACS758LCB-100B-PFF-T"; VariantName = "[No Variations]"
Add component (AddParameter): Name = "Arrow Price/Stock"; Value = "https://www.arrow.com/en/products/acs758lcb-100b-pff-t/allegro-microsystems?region=nac"; VariantName = "[No Variations]"
Add component (AddParameter): Name = "Datasheet Link"; Value = "https://www.allegromicro.com/-/media/files/datasheets/acs758-datasheet.ashx"; VariantName = "[No Variations]"
Add component (AddParameter): Name = "Height"; Value = "7.1mm"; VariantName = "[No Variations]"
Add component (AddParameter): Name = "Manufacturer_Name"; Value = "Allegro Microsystems"; VariantName = "[No Variations]"
Add component (AddParameter): Name = "Manufacturer_Part_Number"; Value = "ACS758LCB-100B-PFF-T"; VariantName = "[No Variations]"
Add component (AddParameter): Name = "Mouser Part Number"; Value = "250-758LCB100BPFFT"; VariantName = "[No Variations]"
Add component (AddParameter): Name = "Mouser Price/Stock"; Value = "https://www.mouser.co.uk/ProductDetail/Allegro-MicroSystems/ACS758LCB-100B-PFF-T?qs=pUKx8fyJudA0WtlqV%2Fcrcw%3D%3D"; VariantName = "[No Variations]"
Added Component: Designator=IC?(ACS772ECB200BPFFT)
Add component (AddParameter): Name = "Arrow Part Number"; Value = "ACS758LCB-100B-PFF-T"; VariantName = "[No Variations]"
Add component (AddParameter): Name = "Arrow Price/Stock"; Value = "https://www.arrow.com/en/products/acs758lcb-100b-pff-t/allegro-microsystems?region=nac"; VariantName = "[No Variations]"
Add component (AddParameter): Name = "Datasheet Link"; Value = "https://www.allegromicro.com/-/media/files/datasheets/acs758-datasheet.ashx"; VariantName = "[No Variations]"
Add component (AddParameter): Name = "Height"; Value = "7.1mm"; VariantName = "[No Variations]"
Add component (AddParameter): Name = "Manufacturer_Name"; Value = "Allegro Microsystems"; VariantName = "[No Variations]"
Add component (AddParameter): Name = "Manufacturer_Part_Number"; Value = "ACS758LCB-100B-PFF-T"; VariantName = "[No Variations]"
Add component (AddParameter): Name = "Mouser Part Number"; Value = "250-758LCB100BPFFT"; VariantName = "[No Variations]"
Add component (AddParameter): Name = "Mouser Price/Stock"; Value = "https://www.mouser.co.uk/ProductDetail/Allegro-MicroSystems/ACS758LCB-100B-PFF-T?qs=pUKx8fyJudA0WtlqV%2Fcrcw%3D%3D"; VariantName = "[No Variations]"
Add Component: Footprint Not Found 0805_RES
Add Component: Footprint Not Found 0805_RES
Add Component: Footprint Not Found WPME-FDSM_SIP-3_L11.6W8.5H10.5
Add Component: Footprint Not Found WPME-FDSM_SIP-3_L11.6W8.5H10.5
Add Component: Footprint Not Found TO170P1524X483-6N
Add Pin To Net: Unknown Pin: Pin C80-1
Add Pin To Net: Unknown Pin: Pin C80-2
Add Pin To Net: Unknown Pin: Pin C84-1
Add Pin To Net: Unknown Pin: Pin C84-2
Add Pin To Net: Unknown Pin: Pin D1-1
Add Pin To Net: Unknown Pin: Pin D1-2
Add Pin To Net: Unknown Pin: Pin D1-3
Add Pin To Net: Unknown Pin: Pin D6-1
Add Pin To Net: Unknown Pin: Pin D6-2
Add Pin To Net: Unknown Pin: Pin D6-3
Add Pin To Net: Unknown Pin: Pin D11-1
Add Pin To Net: Unknown Pin: Pin D11-2
Add Pin To Net: Unknown Pin: Pin D11-3
Added Pin To Net: NetName=+3.3V Pin=IC?-1
Added Pin To Net: NetName=+3.3V Pin=IC?-1
Added Pin To Net: NetName=GND Pin=IC?-2
Added Pin To Net: NetName=GND Pin=IC?-2
Added Pin To Net: NetName=NetR71_1 Pin=IC?-3
Added Pin To Net: NetName=NetR84_1 Pin=IC?-3
Added Pin To Net: NetName=NetQ7_5 Pin=IC?-4
Added Pin To Net: NetName=NetQ13_5 Pin=IC?-4
Added Pin To Net: NetName=PHASE_B Pin=IC?-5
Added Pin To Net: NetName=PHASE_B Pin=IC?-5
Added Pin To Net: NetName=PHASE_C Pin=IC?-5
Added Pin To Net: NetName=PHASE_C Pin=IC?-5
Added Pin To Net: NetName=PHASE_B Pin=IC?-6
Added Pin To Net: NetName=PHASE_C Pin=IC?-6
Added Pin To Net: NetName=PHASE_B Pin=IC?-7
Added Pin To Net: NetName=PHASE_C Pin=IC?-7
Added Pin To Net: NetName=PHASE_B Pin=IC?-8
Added Pin To Net: NetName=PHASE_C Pin=IC?-8
Added Pin To Net: NetName=PHASE_B Pin=IC?-9
Added Pin To Net: NetName=PHASE_C Pin=IC?-9
Added Pin To Net: NetName=PHASE_B Pin=IC?-10
Added Pin To Net: NetName=PHASE_C Pin=IC?-10
Added Pin To Net: NetName=PHASE_B Pin=IC?-11
Added Pin To Net: NetName=PHASE_C Pin=IC?-11
Added Pin To Net: NetName=PHASE_B Pin=IC?-12
Added Pin To Net: NetName=PHASE_C Pin=IC?-12
Added Pin To Net: NetName=PHASE_B Pin=IC?-13
Added Pin To Net: NetName=PHASE_C Pin=IC?-13
Added Pin To Net: NetName=PHASE_B Pin=IC?-14
Added Pin To Net: NetName=PHASE_B Pin=IC?-14
Added Pin To Net: NetName=PHASE_B Pin=IC?-14
Added Pin To Net: NetName=PHASE_C Pin=IC?-14
Added Pin To Net: NetName=PHASE_C Pin=IC?-14
Added Pin To Net: NetName=PHASE_C Pin=IC?-14
Added Pin To Net: NetName=PHASE_B Pin=IC?-15
Added Pin To Net: NetName=PHASE_C Pin=IC?-15
Added Pin To Net: NetName=PHASE_B Pin=IC?-16
Added Pin To Net: NetName=PHASE_C Pin=IC?-16
Added Pin To Net: NetName=PHASE_B Pin=IC?-17
Added Pin To Net: NetName=PHASE_C Pin=IC?-17
Added Pin To Net: NetName=PHASE_B Pin=IC?-18
Added Pin To Net: NetName=PHASE_C Pin=IC?-18
Added Pin To Net: NetName=PHASE_B Pin=IC?-19
Added Pin To Net: NetName=PHASE_C Pin=IC?-19
Added Pin To Net: NetName=PHASE_B Pin=IC?-20
Added Pin To Net: NetName=PHASE_C Pin=IC?-20
Added Pin To Net: NetName=NetQ7_5 Pin=IC?-21
Added Pin To Net: NetName=NetQ13_5 Pin=IC?-21
Added Pin To Net: NetName=NetQ7_5 Pin=IC?-22
Added Pin To Net: NetName=NetQ13_5 Pin=IC?-22
Added Pin To Net: NetName=NetQ7_5 Pin=IC?-23
Added Pin To Net: NetName=NetQ13_5 Pin=IC?-23
Added Pin To Net: NetName=NetQ7_5 Pin=IC?-24
Added Pin To Net: NetName=NetQ13_5 Pin=IC?-24
Added Pin To Net: NetName=NetQ7_5 Pin=IC?-25
Added Pin To Net: NetName=NetQ13_5 Pin=IC?-25
Added Pin To Net: NetName=NetQ7_5 Pin=IC?-26
Added Pin To Net: NetName=NetQ13_5 Pin=IC?-26
Added Pin To Net: NetName=NetQ7_5 Pin=IC?-27
Added Pin To Net: NetName=NetQ13_5 Pin=IC?-27
Added Pin To Net: NetName=NetQ7_5 Pin=IC?-28
Added Pin To Net: NetName=NetQ13_5 Pin=IC?-28
Added Pin To Net: NetName=NetQ7_5 Pin=IC?-29
Added Pin To Net: NetName=NetQ13_5 Pin=IC?-29
Added Pin To Net: NetName=NetQ7_5 Pin=IC?-30
Added Pin To Net: NetName=NetQ13_5 Pin=IC?-30
Added Pin To Net: NetName=NetQ7_5 Pin=IC?-31
Added Pin To Net: NetName=NetQ13_5 Pin=IC?-31
Added Pin To Net: NetName=NetQ7_5 Pin=IC?-32
Added Pin To Net: NetName=NetQ13_5 Pin=IC?-32
Added Pin To Net: NetName=NetQ7_5 Pin=IC?-33
Added Pin To Net: NetName=NetQ13_5 Pin=IC?-33
Added Pin To Net: NetName=NetQ7_5 Pin=IC?-34
Added Pin To Net: NetName=NetQ13_5 Pin=IC?-34
Added Pin To Net: NetName=NetQ7_5 Pin=IC?-35
Added Pin To Net: NetName=NetQ13_5 Pin=IC?-35
Add Pin To Net: Unknown Pin: Pin R89-1
Add Pin To Net: Unknown Pin: Pin R89-2
Add Pin To Net: Unknown Pin: Pin R92-1
Add Pin To Net: Unknown Pin: Pin R92-2
Add Pin To Net: Unknown Pin: Pin U4-1
Add Pin To Net: Unknown Pin: Pin U4-2
Add Pin To Net: Unknown Pin: Pin U4-3
Add Pin To Net: Unknown Pin: Pin U5-1
Add Pin To Net: Unknown Pin: Pin U5-2
Add Pin To Net: Unknown Pin: Pin U5-3
Add Pin To Net: Unknown Pin: Pin VR2-1
Add Pin To Net: Unknown Pin: Pin VR2-2
Add Pin To Net: Unknown Pin: Pin VR2-3
Add Pin To Net: Unknown Pin: Pin VR2-5
Add Pin To Net: Unknown Pin: Pin VR2-6
Add Class Member: Failed to add class member : Component C80 10µF 63V
Add Class Member: Failed to add class member : Component C84 10µF 63V
Add Class Member: Failed to add class member : Component D1 C4D02120E
Add Class Member: Failed to add class member : Component D6 C4D02120E
Add Class Member: Failed to add class member : Component D11 C4D02120E
Added Member To Class: ClassName=Power Member=Component IC? ACS758LCB-100B-PFF-T
Added Member To Class: ClassName=Power Member=Component IC? ACS758LCB-100B-PFF-T
Add Class Member: Failed to add class member : Component R89 1k Ohms
Add Class Member: Failed to add class member : Component R92 35k Ohms
Add Class Member: Failed to add class member : Component U4 8-28Vin, 5Vout, 1Aout
Add Class Member: Failed to add class member : Component U5 8-28Vin, 5Vout, 1Aout
Add Class Member: Failed to add class member : Component VR2 LM2596S-5.0
