Removed Pin From Net: NetName=+3.3V Pin=C52-1
Added Component: Designator=IC?(ACS758)
Add component (AddParameter): Name = "Arrow Part Number"; Value = "ACS756KCA-050B-PFF-T"; VariantName = "[No Variations]"
Add component (AddParameter): Name = "Arrow Price/Stock"; Value = "https://www.arrow.com/en/products/acs756kca-050b-pff-t/allegro-microsystems"; VariantName = "[No Variations]"
Add component (AddParameter): Name = "Datasheet Link"; Value = "https://www.allegromicro.com/~/media/Files/Datasheets/ACS756-Datasheet.ashx"; VariantName = "[No Variations]"
Add component (AddParameter): Name = "Height"; Value = "7.1mm"; VariantName = "[No Variations]"
Add component (AddParameter): Name = "Manufacturer_Name"; Value = "Allegro Microsystems"; VariantName = "[No Variations]"
Add component (AddParameter): Name = "Manufacturer_Part_Number"; Value = "ACS756KCA-050B-PFF-T"; VariantName = "[No Variations]"
Add component (AddParameter): Name = "Mouser Part Number"; Value = ""; VariantName = "[No Variations]"
Add component (AddParameter): Name = "Mouser Price/Stock"; Value = ""; VariantName = "[No Variations]"
Added Component: Designator=IC?(ACS758)
Add component (AddParameter): Name = "Arrow Part Number"; Value = "ACS756KCA-050B-PFF-T"; VariantName = "[No Variations]"
Add component (AddParameter): Name = "Arrow Price/Stock"; Value = "https://www.arrow.com/en/products/acs756kca-050b-pff-t/allegro-microsystems"; VariantName = "[No Variations]"
Add component (AddParameter): Name = "Datasheet Link"; Value = "https://www.allegromicro.com/~/media/Files/Datasheets/ACS756-Datasheet.ashx"; VariantName = "[No Variations]"
Add component (AddParameter): Name = "Height"; Value = "7.1mm"; VariantName = "[No Variations]"
Add component (AddParameter): Name = "Manufacturer_Name"; Value = "Allegro Microsystems"; VariantName = "[No Variations]"
Add component (AddParameter): Name = "Manufacturer_Part_Number"; Value = "ACS756KCA-050B-PFF-T"; VariantName = "[No Variations]"
Add component (AddParameter): Name = "Mouser Part Number"; Value = ""; VariantName = "[No Variations]"
Add component (AddParameter): Name = "Mouser Price/Stock"; Value = ""; VariantName = "[No Variations]"
Added Pin To Net: NetName=A_VSS_L Pin=C61-2
Added Pin To Net: NetName=+3.3V Pin=C72-1
Added Pin To Net: NetName=+3.3V Pin=IC?-1
Added Pin To Net: NetName=+3.3V Pin=IC?-1
Added Pin To Net: NetName=A_VSS_L Pin=IC?-2
Added Pin To Net: NetName=A_VSS_L Pin=IC?-2
Added Pin To Net: NetName=A_VSS_H Pin=IC?-4
Added Pin To Net: NetName=A_VSS_H Pin=IC?-4
Added Pin To Net: NetName=A_VSS_H Pin=IC?-4
Added Pin To Net: NetName=A_VSS_H Pin=IC?-4
Added Pin To Net: NetName=A_VSS_H Pin=IC?-4
Added Pin To Net: NetName=A_VSS_H Pin=IC?-4
Added Pin To Net: NetName=A_VSS_H Pin=IC?-4
Added Pin To Net: NetName=A_VSS_H Pin=IC?-4
Added Pin To Net: NetName=A_VSS_H Pin=IC?-4
Added Pin To Net: NetName=A_VSS_H Pin=IC?-4
Added Pin To Net: NetName=A_VSS_H Pin=IC?-4
Added Pin To Net: NetName=A_VSS_H Pin=IC?-4
Added Pin To Net: NetName=A_VSS_H Pin=IC?-4
Added Pin To Net: NetName=A_VSS_H Pin=IC?-4
Added Pin To Net: NetName=A_VSS_H Pin=IC?-4
Added Pin To Net: NetName=A_VSS_H Pin=IC?-4
Added Pin To Net: NetName=A_VSS_H Pin=IC?-4
Added Pin To Net: NetName=A_VSS_H Pin=IC?-4
Added Pin To Net: NetName=B_VSS_H Pin=IC?-4
Added Pin To Net: NetName=B_VSS_H Pin=IC?-4
Added Pin To Net: NetName=B_VSS_H Pin=IC?-4
Added Pin To Net: NetName=B_VSS_H Pin=IC?-4
Added Pin To Net: NetName=B_VSS_H Pin=IC?-4
Added Pin To Net: NetName=B_VSS_H Pin=IC?-4
Added Pin To Net: NetName=B_VSS_H Pin=IC?-4
Added Pin To Net: NetName=B_VSS_H Pin=IC?-4
Added Pin To Net: NetName=B_VSS_H Pin=IC?-4
Added Pin To Net: NetName=B_VSS_H Pin=IC?-4
Added Pin To Net: NetName=B_VSS_H Pin=IC?-4
Added Pin To Net: NetName=B_VSS_H Pin=IC?-4
Added Pin To Net: NetName=B_VSS_H Pin=IC?-4
Added Pin To Net: NetName=B_VSS_H Pin=IC?-4
Added Pin To Net: NetName=B_VSS_H Pin=IC?-4
Added Pin To Net: NetName=B_VSS_H Pin=IC?-4
Added Pin To Net: NetName=B_VSS_H Pin=IC?-4
Added Pin To Net: NetName=B_VSS_H Pin=IC?-4
Added Pin To Net: NetName=PHASE_A Pin=IC?-5
Added Pin To Net: NetName=PHASE_A Pin=IC?-5
Added Pin To Net: NetName=PHASE_A Pin=IC?-5
Added Pin To Net: NetName=PHASE_A Pin=IC?-5
Added Pin To Net: NetName=PHASE_A Pin=IC?-5
Added Pin To Net: NetName=PHASE_A Pin=IC?-5
Added Pin To Net: NetName=PHASE_A Pin=IC?-5
Added Pin To Net: NetName=PHASE_A Pin=IC?-5
Added Pin To Net: NetName=PHASE_A Pin=IC?-5
Added Pin To Net: NetName=PHASE_A Pin=IC?-5
Added Pin To Net: NetName=PHASE_A Pin=IC?-5
Added Pin To Net: NetName=PHASE_A Pin=IC?-5
Added Pin To Net: NetName=PHASE_A Pin=IC?-5
Added Pin To Net: NetName=PHASE_A Pin=IC?-5
Added Pin To Net: NetName=PHASE_A Pin=IC?-5
Added Pin To Net: NetName=PHASE_A Pin=IC?-5
Added Pin To Net: NetName=PHASE_A Pin=IC?-5
Added Pin To Net: NetName=PHASE_A Pin=IC?-5
Added Pin To Net: NetName=PHASE_B Pin=IC?-5
Added Pin To Net: NetName=PHASE_B Pin=IC?-5
Added Pin To Net: NetName=PHASE_B Pin=IC?-5
Added Pin To Net: NetName=PHASE_B Pin=IC?-5
Added Pin To Net: NetName=PHASE_B Pin=IC?-5
Added Pin To Net: NetName=PHASE_B Pin=IC?-5
Added Pin To Net: NetName=PHASE_B Pin=IC?-5
Added Pin To Net: NetName=PHASE_B Pin=IC?-5
Added Pin To Net: NetName=PHASE_B Pin=IC?-5
Added Pin To Net: NetName=PHASE_B Pin=IC?-5
Added Pin To Net: NetName=PHASE_B Pin=IC?-5
Added Pin To Net: NetName=PHASE_B Pin=IC?-5
Added Pin To Net: NetName=PHASE_B Pin=IC?-5
Added Pin To Net: NetName=PHASE_B Pin=IC?-5
Added Pin To Net: NetName=PHASE_B Pin=IC?-5
Added Pin To Net: NetName=PHASE_B Pin=IC?-5
Added Pin To Net: NetName=PHASE_B Pin=IC?-5
Added Pin To Net: NetName=PHASE_B Pin=IC?-5
Added Pin To Net: NetName=A_VSS_L Pin=P1-19
Added Pin To Net: NetName=A_VSS_L Pin=R71-2
Added Pin To Net: NetName=NetC52_1 Pin=C52-1
Added Pin To Net: NetName=NetC52_1 Pin=IC?-1
Added Net: Name=NetC52_1
Added Pin To Net: NetName=NetR58_1 Pin=R58-1
Added Pin To Net: NetName=NetR58_1 Pin=IC?-3
Added Net: Name=NetR58_1
Added Pin To Net: NetName=NetR71_1 Pin=R71-1
Added Pin To Net: NetName=NetR71_1 Pin=IC?-3
Added Net: Name=NetR71_1
Added Member To Class: ClassName=Power Member=Component IC? ACS756KCA-050B-PFF-T
Added Member To Class: ClassName=Power Member=Component IC? ACS756KCA-050B-PFF-T
