Removed Member From Class: ClassName=Regulators Member=C7
Removed Member From Class: ClassName=Regulators Member=IC1
Removed Member From Class: ClassName=Regulators Member=R2
Change Component Designator: OldDesignator=C? NewDesignator=C80
Change Component Designator: OldDesignator=C? NewDesignator=C84
Change Component Designator: OldDesignator=IC? NewDesignator=IC2
Change Component Designator: OldDesignator=IC? NewDesignator=IC3
Change Component Designator: OldDesignator=IC? NewDesignator=IC4
Change Component Designator: OldDesignator=R? NewDesignator=R89
Change Component Designator: OldDesignator=R? NewDesignator=R92
Add Pin To Net: Unknown Pin: Pin D1-1
Add Pin To Net: Unknown Pin: Pin D1-3
Add Pin To Net: Unknown Pin: Pin D6-1
Add Pin To Net: Unknown Pin: Pin D6-3
Add Pin To Net: Unknown Pin: Pin D11-1
Add Pin To Net: Unknown Pin: Pin D11-3
Change Net Name : Old Net Name=NetR?_1 New Net Name=NetR89_2
Added Pin To Net: NetName=NetD1_2 Pin=R1-1
Added Net: Name=NetD1_2
Added Pin To Net: NetName=NetD6_2 Pin=R16-1
Added Net: Name=NetD6_2
Added Pin To Net: NetName=NetD11_2 Pin=R31-1
Added Net: Name=NetD11_2
Added Member To Class: ClassName=Regulators Member=Component C80 10ÁF
Added Member To Class: ClassName=Regulators Member=Component C84 10ÁF
Add Class Member: Failed to add class member : Component D1 C4D02120E
Add Class Member: Failed to add class member : Component D6 C4D02120E
Add Class Member: Failed to add class member : Component D11 C4D02120E
Added Member To Class: ClassName=Power Member=Component IC2 ACS758LCB-100B-PFF-T
Added Member To Class: ClassName=Power Member=Component IC3 ACS758LCB-100B-PFF-T
Added Member To Class: ClassName=Regulators Member=Component IC4 LM2596HV
Added Member To Class: ClassName=Regulators Member=Component R89 1k Ohms
Added Member To Class: ClassName=Regulators Member=Component R92 35K Ohms
