Removed Pin From Net: NetName=PVDD Pin=C?-1
Removed Pin From Net: NetName=GND Pin=C?-2
Removed Pin From Net: NetName=+3.3V Pin=IC?-1
Removed Pin From Net: NetName=PHASE_C Pin=IC?-5
Removed Pin From Net: NetName=PHASE_C Pin=IC?-6
Removed Pin From Net: NetName=PHASE_C Pin=IC?-7
Removed Pin From Net: NetName=PHASE_C Pin=IC?-8
Removed Pin From Net: NetName=NetR?_1 Pin=R?-2
Removed Pin From Net: NetName=+15V Pin=U?-1
Removed Pin From Net: NetName=GND Pin=U?-2
Removed Pin From Net: NetName=NetD?_2 Pin=VR?-2
Add Component: Footprint Not Found WCAP-ATG5_D5H11
Add Component: Footprint Not Found WCAP-ATG5_D5H11
Add Component: Footprint Not Found Wolfspeed_TO-252-2_v2_MFG
Add Component: Footprint Not Found Wolfspeed_TO-252-2_v2_MFG
Add Component: Footprint Not Found Wolfspeed_TO-252-2_v2_MFG
Add Component: Footprint Not Found ACS772ECB200BPFFT
Add Component: Footprint Not Found ACS772ECB200BPFFT
Add Component: Footprint Not Found ACS772ECB200BPFFT
Add Component: Footprint Not Found 0805_RES
Add Component: Footprint Not Found 0805_RES
Add Component: Footprint Not Found SOT230P700X180-4N
Add Component: Footprint Not Found WPME-FDSM_SIP-3_L11.6W8.5H10.5
Add Component: Footprint Not Found WPME-FDSM_SIP-3_L11.6W8.5H10.5
Add Component: Footprint Not Found WPME-FDSM_SIP-3_L11.6W8.5H10.5
Add Component: Footprint Not Found TO170P1524X483-6N
Added Pin To Net: NetName=+45V Pin=C?-1
Added Pin To Net: NetName=ISO_+12_A_L Pin=C?-1
Added Pin To Net: NetName=PVDD Pin=C?-1
Added Pin To Net: NetName=A_VSS_L Pin=C?-2
Added Pin To Net: NetName=GND Pin=C?-2
Add Pin To Net: Unknown Pin: Pin D?-1
Add Pin To Net: Unknown Pin: Pin D?-1
Add Pin To Net: Unknown Pin: Pin D?-1
Add Pin To Net: Unknown Pin: Pin D?-3
Add Pin To Net: Unknown Pin: Pin D?-3
Add Pin To Net: Unknown Pin: Pin D?-3
Added Pin To Net: NetName=+3.3V Pin=IC?-1
Added Pin To Net: NetName=GND Pin=IC?-5
Added Pin To Net: NetName=PHASE_A Pin=IC?-5
Added Pin To Net: NetName=PHASE_B Pin=IC?-5
Added Pin To Net: NetName=PHASE_C Pin=IC?-5
Added Pin To Net: NetName=GND Pin=IC?-6
Added Pin To Net: NetName=PHASE_A Pin=IC?-6
Added Pin To Net: NetName=PHASE_B Pin=IC?-6
Added Pin To Net: NetName=PHASE_C Pin=IC?-6
Added Pin To Net: NetName=GND Pin=IC?-7
Added Pin To Net: NetName=PHASE_A Pin=IC?-7
Added Pin To Net: NetName=PHASE_B Pin=IC?-7
Added Pin To Net: NetName=PHASE_C Pin=IC?-7
Added Pin To Net: NetName=PHASE_A Pin=IC?-8
Added Pin To Net: NetName=PHASE_B Pin=IC?-8
Added Pin To Net: NetName=PHASE_C Pin=IC?-8
Add Pin To Net: Unknown Pin: Pin IC?-9
Add Pin To Net: Unknown Pin: Pin IC?-9
Add Pin To Net: Unknown Pin: Pin IC?-9
Add Pin To Net: Unknown Pin: Pin IC?-10
Add Pin To Net: Unknown Pin: Pin IC?-10
Add Pin To Net: Unknown Pin: Pin IC?-10
Add Pin To Net: Unknown Pin: Pin IC?-11
Add Pin To Net: Unknown Pin: Pin IC?-11
Add Pin To Net: Unknown Pin: Pin IC?-11
Add Pin To Net: Unknown Pin: Pin IC?-12
Add Pin To Net: Unknown Pin: Pin IC?-12
Add Pin To Net: Unknown Pin: Pin IC?-12
Add Pin To Net: Unknown Pin: Pin IC?-13
Add Pin To Net: Unknown Pin: Pin IC?-13
Add Pin To Net: Unknown Pin: Pin IC?-13
Add Pin To Net: Unknown Pin: Pin IC?-14
Add Pin To Net: Unknown Pin: Pin IC?-14
Add Pin To Net: Unknown Pin: Pin IC?-14
Add Pin To Net: Unknown Pin: Pin IC?-15
Add Pin To Net: Unknown Pin: Pin IC?-15
Add Pin To Net: Unknown Pin: Pin IC?-15
Add Pin To Net: Unknown Pin: Pin IC?-16
Add Pin To Net: Unknown Pin: Pin IC?-16
Add Pin To Net: Unknown Pin: Pin IC?-16
Add Pin To Net: Unknown Pin: Pin IC?-17
Add Pin To Net: Unknown Pin: Pin IC?-17
Add Pin To Net: Unknown Pin: Pin IC?-17
Add Pin To Net: Unknown Pin: Pin IC?-18
Add Pin To Net: Unknown Pin: Pin IC?-18
Add Pin To Net: Unknown Pin: Pin IC?-18
Add Pin To Net: Unknown Pin: Pin IC?-19
Add Pin To Net: Unknown Pin: Pin IC?-19
Add Pin To Net: Unknown Pin: Pin IC?-19
Add Pin To Net: Unknown Pin: Pin IC?-20
Add Pin To Net: Unknown Pin: Pin IC?-20
Add Pin To Net: Unknown Pin: Pin IC?-20
Added Pin To Net: NetName=+45V Pin=R?-1
Added Pin To Net: NetName=NetR?_1 Pin=R?-1
Added Pin To Net: NetName=A_VSS_L Pin=R?-2
Added Pin To Net: NetName=GND Pin=R?-2
Added Pin To Net: NetName=NetR?_1 Pin=R?-2
Added Pin To Net: NetName=+15V Pin=U?-1
Added Pin To Net: NetName=GND Pin=U?-2
Added Pin To Net: NetName=+45V Pin=VR?-1
Added Pin To Net: NetName=+45V Pin=VR?-2
Added Pin To Net: NetName=NetD?_2 Pin=VR?-2
Added Pin To Net: NetName=GND Pin=VR?-3
Add Pin To Net: Unknown Pin: Pin VR?-5
Add Pin To Net: Unknown Pin: Pin VR?-6
Add Net: Net with name "Net+?_1" already exists
Add Net: Net with name "Net+?_1" already exists
Add Net: Net with name "NetC?_1" already exists
Add Net: Net with name "NetC?_1" already exists
Add Net: Net with name "NetC?_1" already exists
Add Net: Net with name "NetC?_2" already exists
Add Net: Net with name "NetC?_2" already exists
Add Net: Net with name "NetC?_2" already exists
Add Net: Net with name "NetC?_2" already exists
Add Net: Net with name "NetC?_2" already exists
Add Net: Net with name "NetC?_2" already exists
Add Net: Net with name "NetC?_2" already exists
Add Net: Net with name "NetC?_2" already exists
Add Net: Net with name "NetC?_2" already exists
Add Net: Net with name "NetD?_2" already exists
Add Net: Net with name "NetD?_2" already exists
Add Net: Net with name "NetD?_2" already exists
Add Net: Net with name "NetD?_A" already exists
Add Net: Net with name "NetD?_A" already exists
Add Net: Net with name "NetD?_A" already exists
Add Net: Net with name "NetD?_A" already exists
Add Net: Net with name "NetD?_A" already exists
Add Net: Net with name "NetD?_C" already exists
Add Net: Net with name "NetD?_C" already exists
Add Net: Net with name "NetD?_C" already exists
Add Net: Net with name "NetD?_C" already exists
Add Net: Net with name "NetD?_C" already exists
Add Net: Net with name "NetR?_1" already exists
Add Net: Net with name "NetR?_1" already exists
Add Net: Net with name "NetR?_1" already exists
Add Net: Net with name "NetR?_2" already exists
Add Net: Net with name "NetR?_2" already exists
Add Net: Net with name "NetR?_2" already exists
Add Net: Net with name "NetR?_2" already exists
Add Net: Net with name "NetR?_2" already exists
Add Net: Net with name "NetR?_2" already exists
Add Net: Net with name "NetR?_2" already exists
Add Net: Net with name "NetR?_2" already exists
Add Net: Net with name "NetR?_2" already exists
Add Net: Net with name "NetR?_2" already exists
Add Net: Net with name "NetR?_2" already exists
Add Net: Net with name "NetR?_2" already exists
Add Net: Net with name "NetR?_2" already exists
Add Net: Net with name "NetR?_2" already exists
Add Net: Net with name "NetR?_2" already exists
Add Net: Net with name "NetR?_2" already exists
Add Net: Net with name "NetR?_2" already exists
Add Net: Net with name "NetR?_2" already exists
Added Member To Class: ClassName=Regulators Member=Component +? Green
Added Member To Class: ClassName=Regulators Member=Component +? Green
Added Member To Class: ClassName=Driver Member=Component C? 1uF 50V
Added Member To Class: ClassName=Driver Member=Component C? 100nF 50V
Added Member To Class: ClassName=Driver Member=Component C? 220nF 50V
Added Member To Class: ClassName=Driver Member=Component C? 220nF 50V
Added Member To Class: ClassName=Driver Member=Component C? 100nF 50V
Added Member To Class: ClassName=Driver Member=Component C? 10uF 50V
Added Member To Class: ClassName=Driver Member=Component C? 10uF Tantalum
Added Member To Class: ClassName=Driver Member=Component C? 1uF 50V
Added Member To Class: ClassName=Driver Member=Component C? 100nF 50V
Added Member To Class: ClassName=Driver Member=Component C? 100nF 50V
Added Member To Class: ClassName=Driver Member=Component C? 220pF 50V
Added Member To Class: ClassName=Driver Member=Component C? 10uF 50V
Added Member To Class: ClassName=Driver Member=Component C? 1uF 50V
Added Member To Class: ClassName=Driver Member=Component C? 2200pF 50V
Added Member To Class: ClassName=Driver Member=Component C? 220pF 50V
Added Member To Class: ClassName=Driver Member=Component C? 10uF 50V
Added Member To Class: ClassName=Driver Member=Component C? 100nF 50V
Added Member To Class: ClassName=Driver Member=Component C? 100nF 50V
Added Member To Class: ClassName=Driver Member=Component C? 220pF 50V
Added Member To Class: ClassName=Driver Member=Component C? 220pF 50V
Added Member To Class: ClassName=Driver Member=Component C? 10uF 50V
Added Member To Class: ClassName=Driver Member=Component C? 10uF 50V
Added Member To Class: ClassName=Driver Member=Component C? 10uF Tantalum
Added Member To Class: ClassName=Driver Member=Component C? 10uF 50V
Added Member To Class: ClassName=Driver Member=Component C? 220pF 50V
Added Member To Class: ClassName=Driver Member=Component C? 1uF 50V
Added Member To Class: ClassName=Driver Member=Component C? 2200pF 50V
Added Member To Class: ClassName=Driver Member=Component C? 10uF Tantalum
Added Member To Class: ClassName=Driver Member=Component C? 220pF 50V
Added Member To Class: ClassName=Driver Member=Component C? 220nF 50V
Added Member To Class: ClassName=Driver Member=Component C? 1uF 50V
Added Member To Class: ClassName=Driver Member=Component C? 220pF 50V
Added Member To Class: ClassName=Driver Member=Component C? 220pF 50V
Added Member To Class: ClassName=Driver Member=Component C? 100nF 50V
Added Member To Class: ClassName=Driver Member=Component C? 100nF 50V
Added Member To Class: ClassName=Driver Member=Component C? 100nF 50V
Added Member To Class: ClassName=Driver Member=Component C? 1uF Tantalum
Added Member To Class: ClassName=Driver Member=Component C? 1uF 50V
Added Member To Class: ClassName=Driver Member=Component C? 1uF Tantalum
Added Member To Class: ClassName=Driver Member=Component C? 220pF 50V
Added Member To Class: ClassName=Driver Member=Component C? 2200pF 50V
Added Member To Class: ClassName=Power Member=Component C? 470uF 200V
Added Member To Class: ClassName=Power Member=Component C? 4.7uF
Added Member To Class: ClassName=Power Member=Component C? 4.7uF
Added Member To Class: ClassName=Power Member=Component C? 4.7uF
Added Member To Class: ClassName=Power Member=Component C? 470uF 200V
Added Member To Class: ClassName=Power Member=Component C? 4.7uF
Added Member To Class: ClassName=Power Member=Component C? 4.7uF
Added Member To Class: ClassName=Power Member=Component C? 4.7uF
Added Member To Class: ClassName=Power Member=Component C? 4.7uF
Added Member To Class: ClassName=Power Member=Component C? 4.7uF
Added Member To Class: ClassName=Power Member=Component C? 4.7uF
Added Member To Class: ClassName=Power Member=Component C? 4.7uF
Added Member To Class: ClassName=Power Member=Component C? 470uF 200V
Added Member To Class: ClassName=Power Member=Component C? 4.7uF
Added Member To Class: ClassName=Power Member=Component C? 4.7uF
Added Member To Class: ClassName=Power Member=Component C? 4.7uF
Added Member To Class: ClassName=Power Member=Component C? 470uF 200V
Added Member To Class: ClassName=Power Member=Component C? 100nF 25V
Added Member To Class: ClassName=Power Member=Component C? 4.7uF
Added Member To Class: ClassName=Power Member=Component C? 470uF 200V
Added Member To Class: ClassName=Power Member=Component C? 4.7uF
Added Member To Class: ClassName=Power Member=Component C? 470uF 200V
Added Member To Class: ClassName=Power Member=Component C? 1uF 16V
Added Member To Class: ClassName=Power Member=Component C? 100nF 25V
Added Member To Class: ClassName=Power Member=Component C? 1uF 16V
Added Member To Class: ClassName=Power Member=Component C? 100nF 25V
Added Member To Class: ClassName=Power Member=Component C? 4.7uF
Added Member To Class: ClassName=Power Member=Component C? 4.7uF
Added Member To Class: ClassName=Power Member=Component C? 4.7uF
Added Member To Class: ClassName=Regulators Member=Component C? 220uF 50V
Added Member To Class: ClassName=Regulators Member=Component C? 470uF 100V
Added Member To Class: ClassName=Regulators Member=Component C? 100nF 100V
Added Member To Class: ClassName=Regulators Member=Component C? 10µF 63V
Added Member To Class: ClassName=Regulators Member=Component C? 100nF 25V
Added Member To Class: ClassName=Regulators Member=Component C? 10uF 25V
Added Member To Class: ClassName=Regulators Member=Component C? 680pF 25V
Added Member To Class: ClassName=Regulators Member=Component C? 10uF 25V
Added Member To Class: ClassName=Regulators Member=Component C? 100nF 25V
Added Member To Class: ClassName=Regulators Member=Component C? 10uF 25V
Added Member To Class: ClassName=Regulators Member=Component C? 10uF 25V
Added Member To Class: ClassName=Regulators Member=Component C? 100nF 25V
Added Member To Class: ClassName=Regulators Member=Component C? 100nF 25V
Added Member To Class: ClassName=Regulators Member=Component C? 10uF 25V
Added Member To Class: ClassName=Regulators Member=Component C? 10uF 25V
Added Member To Class: ClassName=Driver Member=Component D? C4D02120E
Added Member To Class: ClassName=Driver Member=Component D? C4D02120E
Added Member To Class: ClassName=Driver Member=Component D? B0530W-7-F
Added Member To Class: ClassName=Driver Member=Component D? SS14
Added Member To Class: ClassName=Driver Member=Component D? SS14
Added Member To Class: ClassName=Driver Member=Component D? C4D02120E
Added Member To Class: ClassName=Driver Member=Component D? B0530W-7-F
Added Member To Class: ClassName=Driver Member=Component D? B0530W-7-F
Added Member To Class: ClassName=Driver Member=Component D? B0530W-7-F
Added Member To Class: ClassName=Driver Member=Component D? SS14
Added Member To Class: ClassName=Driver Member=Component D? SS14
Added Member To Class: ClassName=Driver Member=Component D? SS14
Added Member To Class: ClassName=Driver Member=Component D? B0530W-7-F
Added Member To Class: ClassName=Driver Member=Component D? B0530W-7-F
Added Member To Class: ClassName=Power Member=Component IC? IPB017N10N5ATMA1
Added Member To Class: ClassName=Power Member=Component IC? IPB017N10N5ATMA1
Added Member To Class: ClassName=Power Member=Component IC? ACS758LCB-100B-PFF-T
Added Member To Class: ClassName=Power Member=Component IC? IPB017N10N5ATMA1
Added Member To Class: ClassName=Power Member=Component IC? IPB017N10N5ATMA1
Added Member To Class: ClassName=Power Member=Component IC? IPB017N10N5ATMA1
Added Member To Class: ClassName=Power Member=Component IC? IPB017N10N5ATMA1
Added Member To Class: ClassName=Power Member=Component IC? ACS758LCB-100B-PFF-T
Added Member To Class: ClassName=Power Member=Component IC? IPB017N10N5ATMA1
Added Member To Class: ClassName=Power Member=Component IC? IPB017N10N5ATMA1
Added Member To Class: ClassName=Power Member=Component IC? ACS758LCB-100B-PFF-T
Added Member To Class: ClassName=Power Member=Component IC? IPB017N10N5ATMA1
Added Member To Class: ClassName=Power Member=Component IC? IPB017N10N5ATMA1
Added Member To Class: ClassName=Power Member=Component IC? IPB017N10N5ATMA1
Added Member To Class: ClassName=Power Member=Component IC? IPB017N10N5ATMA1
Added Member To Class: ClassName=Power Member=Component IC? IPB180N04S400ATMA1
Added Member To Class: ClassName=Power Member=Component IC? IPB017N10N5ATMA1
Added Member To Class: ClassName=Power Member=Component IC? IPB017N10N5ATMA1
Added Member To Class: ClassName=Power Member=Component IC? IPB017N10N5ATMA1
Added Member To Class: ClassName=Power Member=Component IC? IPB017N10N5ATMA1
Added Member To Class: ClassName=Power Member=Component MP? M6 x 10mm
Added Member To Class: ClassName=Power Member=Component MP? M6 x 10mm
Added Member To Class: ClassName=Driver Member=Component R? 10k Ohms
Added Member To Class: ClassName=Driver Member=Component R? 10k Ohms
Added Member To Class: ClassName=Driver Member=Component R? 0 Ohms
Added Member To Class: ClassName=Driver Member=Component R? 2 Ohms
Added Member To Class: ClassName=Driver Member=Component R? 10k Ohms
Added Member To Class: ClassName=Driver Member=Component R? 2 Ohms
Added Member To Class: ClassName=Driver Member=Component R? 10k Ohms
Added Member To Class: ClassName=Driver Member=Component R? 51 Ohms
Added Member To Class: ClassName=Driver Member=Component R? 51 Ohms
Added Member To Class: ClassName=Driver Member=Component R? 51 Ohms
Added Member To Class: ClassName=Driver Member=Component R? 51 Ohms
Added Member To Class: ClassName=Driver Member=Component R? 51 Ohms
Added Member To Class: ClassName=Driver Member=Component R? 76.5 Ohms
Added Member To Class: ClassName=Driver Member=Component R? 0 Ohms
Added Member To Class: ClassName=Driver Member=Component R? 0 Ohms
Added Member To Class: ClassName=Driver Member=Component R? 10k Ohms
Added Member To Class: ClassName=Driver Member=Component R? 10k Ohms
Added Member To Class: ClassName=Driver Member=Component R? 76.5 Ohms
Added Member To Class: ClassName=Driver Member=Component R? 51 Ohms
Added Member To Class: ClassName=Driver Member=Component R? 2 Ohms
Added Member To Class: ClassName=Driver Member=Component R? 10k Ohms
Added Member To Class: ClassName=Driver Member=Component R? 10k Ohms
Added Member To Class: ClassName=Driver Member=Component R? 76.5 Ohms
Added Member To Class: ClassName=Driver Member=Component R? 10k Ohms
Added Member To Class: ClassName=Driver Member=Component R? 76.5 Ohms
Added Member To Class: ClassName=Driver Member=Component R? 10k Ohms
Added Member To Class: ClassName=Driver Member=Component R? 0 Ohms
Added Member To Class: ClassName=Driver Member=Component R? 51 Ohms
Added Member To Class: ClassName=Driver Member=Component R? 109 Ohms
Added Member To Class: ClassName=Driver Member=Component R? 10k Ohms
Added Member To Class: ClassName=Driver Member=Component R? 109 Ohms
Added Member To Class: ClassName=Driver Member=Component R? 10k Ohms
Added Member To Class: ClassName=Driver Member=Component R? 76.5 Ohms
Added Member To Class: ClassName=Driver Member=Component R? 0 Ohms
Added Member To Class: ClassName=Driver Member=Component R? 109 Ohms
Added Member To Class: ClassName=Driver Member=Component R? 109 Ohms
Added Member To Class: ClassName=Driver Member=Component R? 76.5 Ohms
Added Member To Class: ClassName=Driver Member=Component R? 10k Ohms
Added Member To Class: ClassName=Driver Member=Component R? 51 Ohms
Added Member To Class: ClassName=Driver Member=Component R? 10k Ohms
Added Member To Class: ClassName=Driver Member=Component R? 51 Ohms
Added Member To Class: ClassName=Driver Member=Component R? 109 Ohms
Added Member To Class: ClassName=Driver Member=Component R? 109 Ohms
Added Member To Class: ClassName=Driver Member=Component R? 10k Ohms
Added Member To Class: ClassName=Power Member=Component R? 3 Ohms
Added Member To Class: ClassName=Power Member=Component R? 3 Ohms
Added Member To Class: ClassName=Power Member=Component R? 3 Ohms
Added Member To Class: ClassName=Power Member=Component R? 3 Ohms
Added Member To Class: ClassName=Power Member=Component R? 3 Ohms
Added Member To Class: ClassName=Power Member=Component R? 3 Ohms
Added Member To Class: ClassName=Power Member=Component R? 3 Ohms
Added Member To Class: ClassName=Power Member=Component R? 3 Ohms
Added Member To Class: ClassName=Power Member=Component R? 1k Ohms
Added Member To Class: ClassName=Power Member=Component R? 3 Ohms
Added Member To Class: ClassName=Power Member=Component R? 3 Ohms
Added Member To Class: ClassName=Power Member=Component R? 3 Ohms
Added Member To Class: ClassName=Power Member=Component R? 3 Ohms
Added Member To Class: ClassName=Power Member=Component R? 3 Ohms
Added Member To Class: ClassName=Power Member=Component R? 3 Ohms
Added Member To Class: ClassName=Power Member=Component R? 3 Ohms
Added Member To Class: ClassName=Power Member=Component R? 3 Ohms
Added Member To Class: ClassName=Power Member=Component R? 3 Ohms
Added Member To Class: ClassName=Power Member=Component R? 3 Ohms
Added Member To Class: ClassName=Power Member=Component R? 3 Ohms
Added Member To Class: ClassName=Power Member=Component R? 3 Ohms
Added Member To Class: ClassName=Power Member=Component R? 3 Ohms
Added Member To Class: ClassName=Power Member=Component R? 3 Ohms
Added Member To Class: ClassName=Power Member=Component R? 3 Ohms
Added Member To Class: ClassName=Power Member=Component R? 3 Ohms
Added Member To Class: ClassName=Power Member=Component R? 3 Ohms
Added Member To Class: ClassName=Power Member=Component R? 3 Ohms
Added Member To Class: ClassName=Power Member=Component R? 3 Ohms
Added Member To Class: ClassName=Power Member=Component R? 3 Ohms
Added Member To Class: ClassName=Power Member=Component R? 1k Ohms
Added Member To Class: ClassName=Power Member=Component R? 3 Ohms
Added Member To Class: ClassName=Power Member=Component R? 3 Ohms
Added Member To Class: ClassName=Power Member=Component R? 3 Ohms
Added Member To Class: ClassName=Power Member=Component R? 3 Ohms
Added Member To Class: ClassName=Power Member=Component R? 3 Ohms
Added Member To Class: ClassName=Power Member=Component R? 3 Ohms
Added Member To Class: ClassName=Power Member=Component R? 3 Ohms
Added Member To Class: ClassName=Power Member=Component R? 3 Ohms
Added Member To Class: ClassName=Regulators Member=Component R? 1k Ohms
Added Member To Class: ClassName=Regulators Member=Component R? 20K Ohms
Added Member To Class: ClassName=Regulators Member=Component R? 10K Ohms
Added Member To Class: ClassName=Regulators Member=Component R? 2k2 Ohms
Added Member To Class: ClassName=Regulators Member=Component R? 22K Ohms
Added Member To Class: ClassName=Regulators Member=Component R? 11k Ohms
Added Member To Class: ClassName=Regulators Member=Component R? 1k Ohms
Added Member To Class: ClassName=Driver Member=Component U? UCC21520DWR
Added Member To Class: ClassName=Driver Member=Component U? UCC21520DWR
Added Member To Class: ClassName=Regulators Member=Component U? LD1117S33TR
Added Member To Class: ClassName=Regulators Member=Component U? 8-28Vin, 5Vout, 1Aout
Added Member To Class: ClassName=Regulators Member=Component U? 8-28Vin, 5Vout, 1Aout
Added Member To Class: ClassName=Regulators Member=Component VR? LM2596S-5.0
