Removed Pin From Net: NetName=PVDD Pin=C?-1
Removed Pin From Net: NetName=GND Pin=C?-2
Removed Pin From Net: NetName=HC Pin=J?-3
Removed Pin From Net: NetName=HB Pin=J?-5
Removed Pin From Net: NetName=HA Pin=J?-7
Removed Pin From Net: NetName=GND Pin=J?-9
Removed Pin From Net: NetName=GND Pin=J?-11
Removed Pin From Net: NetName=GND Pin=J?-12
Removed Pin From Net: NetName=REFOUT Pin=J?-13
Removed Pin From Net: NetName=SPEED Pin=J?-17
Removed Pin From Net: NetName=ENABLE Pin=J?-21
Removed Pin From Net: NetName=GND Pin=J?-23
Removed Pin From Net: NetName=FWD/REV Pin=J?-25
Removed Pin From Net: NetName=ISO_5V Pin=L?-1
Removed Pin From Net: NetName=PHASE_C Pin=MP?-1
Removed Pin From Net: NetName=PHASE_C Pin=MP?-1
Removed Pin From Net: NetName=PHASE_C Pin=MP?-1
Removed Pin From Net: NetName=PHASE_C Pin=MP?-1
Removed Pin From Net: NetName=PHASE_C Pin=MP?-1
Removed Pin From Net: NetName=PHASE_C Pin=MP?-1
Removed Pin From Net: NetName=PHASE_C Pin=MP?-1
Removed Pin From Net: NetName=PHASE_C Pin=MP?-1
Removed Pin From Net: NetName=PHASE_C Pin=MP?-1
Removed Pin From Net: NetName=PHASE_C Pin=MP?-1
Removed Pin From Net: NetName=PHASE_C Pin=MP?-1
Removed Pin From Net: NetName=PHASE_C Pin=MP?-1
Removed Pin From Net: NetName=PHASE_C Pin=MP?-1
Removed Pin From Net: NetName=PHASE_C Pin=MP?-1
Removed Pin From Net: NetName=PHASE_C Pin=MP?-1
Removed Pin From Net: NetName=PHASE_C Pin=MP?-1
Removed Pin From Net: NetName=PHASE_C Pin=MP?-1
Removed Pin From Net: NetName=PHASE_C Pin=MP?-1
Removed Pin From Net: NetName=PHASE_C Pin=MP?-1
Removed Pin From Net: NetName=PHASE_C Pin=MP?-1
Removed Pin From Net: NetName=PHASE_C Pin=MP?-1
Removed Pin From Net: NetName=PHASE_C Pin=MP?-1
Removed Pin From Net: NetName=PHASE_C Pin=MP?-1
Removed Pin From Net: NetName=PHASE_C Pin=MP?-1
Removed Pin From Net: NetName=PHASE_C Pin=MP?-1
Removed Pin From Net: NetName=HC Pin=P?-4
Removed Pin From Net: NetName=HB Pin=P?-6
Removed Pin From Net: NetName=HA Pin=P?-8
Removed Pin From Net: NetName=GND Pin=P?-10
Removed Pin From Net: NetName=GND Pin=P?-11
Removed Pin From Net: NetName=GND Pin=P?-12
Removed Pin From Net: NetName=REFOUT Pin=P?-14
Removed Pin From Net: NetName=SPEED Pin=P?-18
Removed Pin From Net: NetName=ENABLE Pin=P?-22
Removed Pin From Net: NetName=GND Pin=P?-24
Removed Pin From Net: NetName=+15V Pin=U?-1
Removed Pin From Net: NetName=GND Pin=U?-2
Removed Pin From Net: NetName=ISO_5V Pin=U?-3
Removed Pin From Net: NetName=GND Pin=VR?-3
Removed Member From Class: ClassName=Driver Member=C?
Removed Member From Class: ClassName=Regulators Member=C?
Removed Member From Class: ClassName=Driver Member=D?
Removed Member From Class: ClassName=Driver Member=J?
Removed Member From Class: ClassName=Driver Member=P?
Removed Member From Class: ClassName=Power Member=R?
Removed Member From Class: ClassName=Regulators Member=R?
Removed Member From Class: ClassName=Regulators Member=U?
Change Component Comment : Designator=R? Old Comment=1k Ohms New Comment=120 Ohms
Change Component Comment : Designator=C? Old Comment=1uF 16V New Comment=220pF 16V
Change Component Designator: OldDesignator=+? NewDesignator=+1
Change Component Designator: OldDesignator=+? NewDesignator=+2
Change Component Designator: OldDesignator=+? NewDesignator=+3
Change Component Designator: OldDesignator=C? NewDesignator=C1
Change Component Designator: OldDesignator=C? NewDesignator=C2
Change Component Designator: OldDesignator=C? NewDesignator=C3
Change Component Designator: OldDesignator=C? NewDesignator=C4
Change Component Designator: OldDesignator=C? NewDesignator=C5
Change Component Designator: OldDesignator=C? NewDesignator=C6
Change Component Designator: OldDesignator=C? NewDesignator=C7
Change Component Designator: OldDesignator=C? NewDesignator=C8
Change Component Designator: OldDesignator=C? NewDesignator=C9
Change Component Designator: OldDesignator=C? NewDesignator=C10
Change Component Designator: OldDesignator=C? NewDesignator=C11
Change Component Designator: OldDesignator=C? NewDesignator=C12
Change Component Designator: OldDesignator=C? NewDesignator=C13
Change Component Designator: OldDesignator=C? NewDesignator=C14
Change Component Designator: OldDesignator=C? NewDesignator=C15
Change Component Designator: OldDesignator=C? NewDesignator=C16
Change Component Designator: OldDesignator=C? NewDesignator=C17
Change Component Designator: OldDesignator=C? NewDesignator=C18
Change Component Designator: OldDesignator=C? NewDesignator=C19
Change Component Designator: OldDesignator=C? NewDesignator=C20
Change Component Designator: OldDesignator=C? NewDesignator=C21
Change Component Designator: OldDesignator=C? NewDesignator=C22
Change Component Designator: OldDesignator=C? NewDesignator=C23
Change Component Designator: OldDesignator=C? NewDesignator=C24
Change Component Designator: OldDesignator=C? NewDesignator=C25
Change Component Designator: OldDesignator=C? NewDesignator=C26
Change Component Designator: OldDesignator=C? NewDesignator=C27
Change Component Designator: OldDesignator=C? NewDesignator=C28
Change Component Designator: OldDesignator=C? NewDesignator=C29
Change Component Designator: OldDesignator=C? NewDesignator=C30
Change Component Designator: OldDesignator=C? NewDesignator=C31
Change Component Designator: OldDesignator=C? NewDesignator=C32
Change Component Designator: OldDesignator=C? NewDesignator=C33
Change Component Designator: OldDesignator=C? NewDesignator=C34
Change Component Designator: OldDesignator=C? NewDesignator=C35
Change Component Designator: OldDesignator=C? NewDesignator=C36
Change Component Designator: OldDesignator=C? NewDesignator=C37
Change Component Designator: OldDesignator=C? NewDesignator=C38
Change Component Designator: OldDesignator=C? NewDesignator=C39
Change Component Designator: OldDesignator=C? NewDesignator=C40
Change Component Designator: OldDesignator=C? NewDesignator=C41
Change Component Designator: OldDesignator=C? NewDesignator=C42
Change Component Designator: OldDesignator=C? NewDesignator=C43
Change Component Designator: OldDesignator=C? NewDesignator=C44
Change Component Designator: OldDesignator=C? NewDesignator=C45
Change Component Designator: OldDesignator=C? NewDesignator=C46
Change Component Designator: OldDesignator=C? NewDesignator=C47
Change Component Designator: OldDesignator=C? NewDesignator=C48
Change Component Designator: OldDesignator=C? NewDesignator=C49
Change Component Designator: OldDesignator=C? NewDesignator=C50
Change Component Designator: OldDesignator=C? NewDesignator=C51
Change Component Designator: OldDesignator=C? NewDesignator=C52
Change Component Designator: OldDesignator=C? NewDesignator=C53
Change Component Designator: OldDesignator=C? NewDesignator=C54
Change Component Designator: OldDesignator=C? NewDesignator=C55
Change Component Designator: OldDesignator=C? NewDesignator=C56
Change Component Designator: OldDesignator=C? NewDesignator=C57
Change Component Designator: OldDesignator=C? NewDesignator=C58
Change Component Designator: OldDesignator=C? NewDesignator=C59
Change Component Designator: OldDesignator=C? NewDesignator=C60
Change Component Designator: OldDesignator=C? NewDesignator=C61
Change Component Designator: OldDesignator=C? NewDesignator=C62
Change Component Designator: OldDesignator=C? NewDesignator=C63
Change Component Designator: OldDesignator=C? NewDesignator=C64
Change Component Designator: OldDesignator=C? NewDesignator=C65
Change Component Designator: OldDesignator=C? NewDesignator=C66
Change Component Designator: OldDesignator=C? NewDesignator=C67
Change Component Designator: OldDesignator=C? NewDesignator=C68
Change Component Designator: OldDesignator=C? NewDesignator=C69
Change Component Designator: OldDesignator=C? NewDesignator=C70
Change Component Designator: OldDesignator=C? NewDesignator=C71
Change Component Designator: OldDesignator=C? NewDesignator=C72
Change Component Designator: OldDesignator=C? NewDesignator=C73
Change Component Designator: OldDesignator=C? NewDesignator=C74
Change Component Designator: OldDesignator=C? NewDesignator=C75
Change Component Designator: OldDesignator=C? NewDesignator=C76
Change Component Designator: OldDesignator=C? NewDesignator=C77
Change Component Designator: OldDesignator=C? NewDesignator=C78
Change Component Designator: OldDesignator=C? NewDesignator=C79
Change Component Designator: OldDesignator=C? NewDesignator=C81
Change Component Designator: OldDesignator=C? NewDesignator=C82
Change Component Designator: OldDesignator=C? NewDesignator=C83
Change Component Designator: OldDesignator=C? NewDesignator=C85
Change Component Designator: OldDesignator=C? NewDesignator=C86
Change Component Designator: OldDesignator=C? NewDesignator=C87
Change Component Designator: OldDesignator=C? NewDesignator=C88
Change Component Designator: OldDesignator=C? NewDesignator=C89
Change Component Designator: OldDesignator=C? NewDesignator=C90
Change Component Designator: OldDesignator=C? NewDesignator=C91
Change Component Designator: OldDesignator=C? NewDesignator=C92
Change Component Designator: OldDesignator=C? NewDesignator=C93
Change Component Designator: OldDesignator=C? NewDesignator=C94
Change Component Designator: OldDesignator=C? NewDesignator=C95
Change Component Designator: OldDesignator=C? NewDesignator=C96
Change Component Designator: OldDesignator=C? NewDesignator=C97
Change Component Designator: OldDesignator=D? NewDesignator=D2
Change Component Designator: OldDesignator=D? NewDesignator=D3
Change Component Designator: OldDesignator=D? NewDesignator=D4
Change Component Designator: OldDesignator=D? NewDesignator=D5
Change Component Designator: OldDesignator=D? NewDesignator=D7
Change Component Designator: OldDesignator=D? NewDesignator=D8
Change Component Designator: OldDesignator=D? NewDesignator=D9
Change Component Designator: OldDesignator=D? NewDesignator=D10
Change Component Designator: OldDesignator=D? NewDesignator=D12
Change Component Designator: OldDesignator=D? NewDesignator=D13
Change Component Designator: OldDesignator=D? NewDesignator=D14
Change Component Designator: OldDesignator=D? NewDesignator=D15
Change Component Designator: OldDesignator=D? NewDesignator=D16
Change Component Designator: OldDesignator=IC? NewDesignator=IC1
Change Component Designator: OldDesignator=IC? NewDesignator=IC2
Change Component Designator: OldDesignator=L? NewDesignator=L1
Change Component Designator: OldDesignator=MP? NewDesignator=MP1
Change Component Designator: OldDesignator=MP? NewDesignator=MP2
Change Component Designator: OldDesignator=MP? NewDesignator=MP3
Change Component Designator: OldDesignator=Q? NewDesignator=Q1
Change Component Designator: OldDesignator=Q? NewDesignator=Q2
Change Component Designator: OldDesignator=Q? NewDesignator=Q3
Change Component Designator: OldDesignator=Q? NewDesignator=Q4
Change Component Designator: OldDesignator=Q? NewDesignator=Q5
Change Component Designator: OldDesignator=Q? NewDesignator=Q6
Change Component Designator: OldDesignator=Q? NewDesignator=Q7
Change Component Designator: OldDesignator=Q? NewDesignator=Q8
Change Component Designator: OldDesignator=Q? NewDesignator=Q9
Change Component Designator: OldDesignator=Q? NewDesignator=Q10
Change Component Designator: OldDesignator=Q? NewDesignator=Q11
Change Component Designator: OldDesignator=Q? NewDesignator=Q12
Change Component Designator: OldDesignator=Q? NewDesignator=Q13
Change Component Designator: OldDesignator=Q? NewDesignator=Q14
Change Component Designator: OldDesignator=Q? NewDesignator=Q15
Change Component Designator: OldDesignator=Q? NewDesignator=Q16
Change Component Designator: OldDesignator=Q? NewDesignator=Q17
Change Component Designator: OldDesignator=Q? NewDesignator=Q18
Change Component Designator: OldDesignator=R? NewDesignator=R1
Change Component Designator: OldDesignator=R? NewDesignator=R2
Change Component Designator: OldDesignator=R? NewDesignator=R3
Change Component Designator: OldDesignator=R? NewDesignator=R4
Change Component Designator: OldDesignator=R? NewDesignator=R5
Change Component Designator: OldDesignator=R? NewDesignator=R6
Change Component Designator: OldDesignator=R? NewDesignator=R7
Change Component Designator: OldDesignator=R? NewDesignator=R8
Change Component Designator: OldDesignator=R? NewDesignator=R9
Change Component Designator: OldDesignator=R? NewDesignator=R10
Change Component Designator: OldDesignator=R? NewDesignator=R11
Change Component Designator: OldDesignator=R? NewDesignator=R12
Change Component Designator: OldDesignator=R? NewDesignator=R13
Change Component Designator: OldDesignator=R? NewDesignator=R14
Change Component Designator: OldDesignator=R? NewDesignator=R15
Change Component Designator: OldDesignator=R? NewDesignator=R16
Change Component Designator: OldDesignator=R? NewDesignator=R17
Change Component Designator: OldDesignator=R? NewDesignator=R18
Change Component Designator: OldDesignator=R? NewDesignator=R19
Change Component Designator: OldDesignator=R? NewDesignator=R20
Change Component Designator: OldDesignator=R? NewDesignator=R21
Change Component Designator: OldDesignator=R? NewDesignator=R22
Change Component Designator: OldDesignator=R? NewDesignator=R23
Change Component Designator: OldDesignator=R? NewDesignator=R24
Change Component Designator: OldDesignator=R? NewDesignator=R25
Change Component Designator: OldDesignator=R? NewDesignator=R26
Change Component Designator: OldDesignator=R? NewDesignator=R27
Change Component Designator: OldDesignator=R? NewDesignator=R28
Change Component Designator: OldDesignator=R? NewDesignator=R29
Change Component Designator: OldDesignator=R? NewDesignator=R30
Change Component Designator: OldDesignator=R? NewDesignator=R31
Change Component Designator: OldDesignator=R? NewDesignator=R32
Change Component Designator: OldDesignator=R? NewDesignator=R33
Change Component Designator: OldDesignator=R? NewDesignator=R34
Change Component Designator: OldDesignator=R? NewDesignator=R35
Change Component Designator: OldDesignator=R? NewDesignator=R36
Change Component Designator: OldDesignator=R? NewDesignator=R37
Change Component Designator: OldDesignator=R? NewDesignator=R38
Change Component Designator: OldDesignator=R? NewDesignator=R39
Change Component Designator: OldDesignator=R? NewDesignator=R40
Change Component Designator: OldDesignator=R? NewDesignator=R41
Change Component Designator: OldDesignator=R? NewDesignator=R42
Change Component Designator: OldDesignator=R? NewDesignator=R43
Change Component Designator: OldDesignator=R? NewDesignator=R44
Change Component Designator: OldDesignator=R? NewDesignator=R45
Change Component Designator: OldDesignator=R? NewDesignator=R46
Change Component Designator: OldDesignator=R? NewDesignator=R47
Change Component Designator: OldDesignator=R? NewDesignator=R48
Change Component Designator: OldDesignator=R? NewDesignator=R49
Change Component Designator: OldDesignator=R? NewDesignator=R50
Change Component Designator: OldDesignator=R? NewDesignator=R51
Change Component Designator: OldDesignator=R? NewDesignator=R52
Change Component Designator: OldDesignator=R? NewDesignator=R53
Change Component Designator: OldDesignator=R? NewDesignator=R54
Change Component Designator: OldDesignator=R? NewDesignator=R55
Change Component Designator: OldDesignator=R? NewDesignator=R56
Change Component Designator: OldDesignator=R? NewDesignator=R57
Change Component Designator: OldDesignator=R? NewDesignator=R58
Change Component Designator: OldDesignator=R? NewDesignator=R59
Change Component Designator: OldDesignator=R? NewDesignator=R60
Change Component Designator: OldDesignator=R? NewDesignator=R61
Change Component Designator: OldDesignator=R? NewDesignator=R62
Change Component Designator: OldDesignator=R? NewDesignator=R63
Change Component Designator: OldDesignator=R? NewDesignator=R64
Change Component Designator: OldDesignator=R? NewDesignator=R65
Change Component Designator: OldDesignator=R? NewDesignator=R66
Change Component Designator: OldDesignator=R? NewDesignator=R67
Change Component Designator: OldDesignator=R? NewDesignator=R68
Change Component Designator: OldDesignator=R? NewDesignator=R69
Change Component Designator: OldDesignator=R? NewDesignator=R70
Change Component Designator: OldDesignator=R? NewDesignator=R71
Change Component Designator: OldDesignator=R? NewDesignator=R72
Change Component Designator: OldDesignator=R? NewDesignator=R73
Change Component Designator: OldDesignator=R? NewDesignator=R74
Change Component Designator: OldDesignator=R? NewDesignator=R75
Change Component Designator: OldDesignator=R? NewDesignator=R76
Change Component Designator: OldDesignator=R? NewDesignator=R77
Change Component Designator: OldDesignator=R? NewDesignator=R78
Change Component Designator: OldDesignator=R? NewDesignator=R79
Change Component Designator: OldDesignator=R? NewDesignator=R80
Change Component Designator: OldDesignator=R? NewDesignator=R81
Change Component Designator: OldDesignator=R? NewDesignator=R82
Change Component Designator: OldDesignator=R? NewDesignator=R83
Change Component Designator: OldDesignator=R? NewDesignator=R84
Change Component Designator: OldDesignator=R? NewDesignator=R85
Change Component Designator: OldDesignator=R? NewDesignator=R86
Change Component Designator: OldDesignator=R? NewDesignator=R87
Change Component Designator: OldDesignator=R? NewDesignator=R88
Change Component Designator: OldDesignator=R? NewDesignator=R90
Change Component Designator: OldDesignator=R? NewDesignator=R91
Change Component Designator: OldDesignator=U? NewDesignator=U1
Change Component Designator: OldDesignator=U? NewDesignator=U2
Change Component Designator: OldDesignator=U? NewDesignator=U3
Change Component Designator: OldDesignator=VIN? NewDesignator=VIN1
Change Component Designator: OldDesignator=VR? NewDesignator=VR1
Change component parameters: Designator = "C?" ("C51"); Footprint = "0603_CAP"; UniqueID = "\XHTELHND" ("\XHTELHND")
Change component parameters (AddParameter): Name = "Value"; Value = "220pF 16V"; VariantName = "[No Variations]"
Add Component: Footprint Not Found R1SE3305H2R
Add Component: Footprint Not Found R1SE3305H2R
Add Component: Footprint Not Found R1SE3305H2R
Add Component: Footprint Not Found R1SE3305H2R
Add Component: Footprint Not Found R1SE3305H2R
Add Component: Footprint Not Found R1SE3305H2R
Add Component: Footprint Not Found WCAP-ATG5_D5H11
Add Component: Footprint Not Found WCAP-ATG5_D5H11
Added Component: Designator=C98(0805_CAP)
Add component (AddParameter): Name = "Value"; Value = "100nF 16V"; VariantName = "[No Variations]"
Added Component: Designator=C99(0805_CAP)
Add component (AddParameter): Name = "Value"; Value = "100nF 35V"; VariantName = "[No Variations]"
Added Component: Designator=C100(0805_CAP)
Add component (AddParameter): Name = "Value"; Value = "100nF 35V"; VariantName = "[No Variations]"
Added Component: Designator=C101(0805_CAP)
Add component (AddParameter): Name = "Value"; Value = "100nF 35V"; VariantName = "[No Variations]"
Added Component: Designator=C102(0805_CAP)
Add component (AddParameter): Name = "Value"; Value = "330nF 50V"; VariantName = "[No Variations]"
Added Component: Designator=C103(0805_CAP)
Add component (AddParameter): Name = "Value"; Value = "100nF 25V"; VariantName = "[No Variations]"
Add Component: Footprint Not Found Wolfspeed_TO-252-2_v2_MFG
Add Component: Footprint Not Found Wolfspeed_TO-252-2_v2_MFG
Add Component: Footprint Not Found Wolfspeed_TO-252-2_v2_MFG
Add Component: Footprint Not Found ACS772ECB200BPFFT
Add Component: Footprint Not Found ACS772ECB200BPFFT
Added Component: Designator=IC5(TO-220-3)
Add component (AddParameter): Name = "ComponentLink1Description"; Value = "畤disan"; VariantName = "[No Variations]"
Add component (AddParameter): Name = "ComponentLink1URL"; Value = "https://ozdisan.com/entegre-devreler-ics/guc-entegreleri/lineer-voltaj-regulatorleri/L7806CV-DG/5861"; VariantName = "[No Variations]"
Add component (AddParameter): Name = "ComponentLink2Description"; Value = "Datasheet"; VariantName = "[No Variations]"
Add component (AddParameter): Name = "ComponentLink2URL"; Value = "https://cdn.ozdisan.com/ETicaret_Dosya/39226_7065362.pdf"; VariantName = "[No Variations]"
Add component (AddParameter): Name = "PartValue"; Value = "L7805"; VariantName = "[No Variations]"
Added Component: Designator=J1(TB3_3.81_90C)
Add component (AddParameter): Name = "ComponentLink1Description"; Value = "畤disan"; VariantName = "[No Variations]"
Add component (AddParameter): Name = "ComponentLink1URL"; Value = "https://www.ozdisan.com/Product/Detail/515263/15EDGRC-3-81-03P-11-00AH"; VariantName = "[No Variations]"
Add component (AddParameter): Name = "ComponentLink2Description"; Value = "Datasheet"; VariantName = "[No Variations]"
Add component (AddParameter): Name = "ComponentLink2URL"; Value = "https://enoss.degson.com/upload/file/20210313/10030000179/15EDGRC-3.81-XXP-1Y-00A(H)T0-1.pdf"; VariantName = "[No Variations]"
Added Component: Designator=J2(TB5 3.81MM)
Add component (AddParameter): Name = "ComponentLink1Description"; Value = "畤disan"; VariantName = "[No Variations]"
Add component (AddParameter): Name = "ComponentLink1URL"; Value = "https://www.ozdisan.com/konnektor-ve-baglanti-elemanlari/klemensler/gecmeli-klemensler/15EDGRC-3-81-05P-14-00AH"; VariantName = "[No Variations]"
Add component (AddParameter): Name = "ComponentLink2Description"; Value = "Datasheet"; VariantName = "[No Variations]"
Add component (AddParameter): Name = "ComponentLink2URL"; Value = "https://enoss.degson.com/upload/file/20210313/10030000179/15EDGRC-3.81-XXP-1Y-00A(H)T0-1.pdf"; VariantName = "[No Variations]"
Added Component: Designator=J3(TB2_3.81MM)
Add component (AddParameter): Name = "ComponentLink1Description"; Value = "畤disan"; VariantName = "[No Variations]"
Add component (AddParameter): Name = "ComponentLink1URL"; Value = "https://ozdisan.com/konnektor-ve-baglanti-elemanlari/klemensler/gecmeli-klemensler/15EDGRC-3-81-02P-11-00AH"; VariantName = "[No Variations]"
Added Component: Designator=J4(TB2_3.81MM)
Add component (AddParameter): Name = "ComponentLink1Description"; Value = "畤disan"; VariantName = "[No Variations]"
Add component (AddParameter): Name = "ComponentLink1URL"; Value = "https://ozdisan.com/konnektor-ve-baglanti-elemanlari/klemensler/gecmeli-klemensler/15EDGRC-3-81-02P-11-00AH"; VariantName = "[No Variations]"
Add Component: Footprint Not Found IND_RLS-126-R
Add Component: Footprint Not Found IND_RLS-126-R
Add Component: Footprint Not Found IND_RLS-126-R
Add Component: Footprint Not Found IND_RLS-126-R
Add Component: Footprint Not Found IND_RLS-126-R
Add Component: Footprint Not Found IND_RLS-126-R
Added Component: Designator=MP4(7461098_chemical surface)
Add component (AddParameter): Name = "Category"; Value = "REDCUBE PRESS-FIT"; VariantName = "[No Variations]"
Add component (AddParameter): Name = "ComponentLink1Description"; Value = "Website Link"; VariantName = "[No Variations]"
Add component (AddParameter): Name = "ComponentLink1URL"; Value = "https://www.we-online.com/redexpert/article/7461098?ad"; VariantName = "[No Variations]"
Add component (AddParameter): Name = "ComponentLink2Description"; Value = "Datasheet Link"; VariantName = "[No Variations]"
Add component (AddParameter): Name = "ComponentLink2URL"; Value = "https://www.we-online.com/redexpert/spec/7461098?ad"; VariantName = "[No Variations]"
Add component (AddParameter): Name = "Height"; Value = "15.5mm"; VariantName = "[No Variations]"
Add component (AddParameter): Name = "Length"; Value = "13mm"; VariantName = "[No Variations]"
Add component (AddParameter): Name = "Manufacturer"; Value = "Wurth Elektronik"; VariantName = "[No Variations]"
Add component (AddParameter): Name = "Manufacturer Part Number"; Value = "7461098"; VariantName = "[No Variations]"
Add component (AddParameter): Name = "Match Code"; Value = "WP-SHFU"; VariantName = "[No Variations]"
Add component (AddParameter): Name = "Material"; Value = "Brass"; VariantName = "[No Variations]"
Add component (AddParameter): Name = "Mount"; Value = "Press Fit"; VariantName = "[No Variations]"
Add component (AddParameter): Name = "Number of Pins"; Value = "25"; VariantName = "[No Variations]"
Add component (AddParameter): Name = "Operating Temperature Max"; Value = "150蚓"; VariantName = "[No Variations]"
Add component (AddParameter): Name = "Operating Temperature Min"; Value = "-55蚓"; VariantName = "[No Variations]"
Add component (AddParameter): Name = "Packaging"; Value = "Bulk"; VariantName = "[No Variations]"
Add component (AddParameter): Name = "Rated Current"; Value = "250A"; VariantName = "[No Variations]"
Add component (AddParameter): Name = "Surface"; Value = "Tin"; VariantName = "[No Variations]"
Add component (AddParameter): Name = "Thread Length"; Value = "10mm"; VariantName = "[No Variations]"
Add component (AddParameter): Name = "Thread Size"; Value = "M6"; VariantName = "[No Variations]"
Add component (AddParameter): Name = "Width"; Value = "13mm"; VariantName = "[No Variations]"
Added Component: Designator=MP5(7461098_chemical surface)
Add component (AddParameter): Name = "Category"; Value = "REDCUBE PRESS-FIT"; VariantName = "[No Variations]"
Add component (AddParameter): Name = "ComponentLink1Description"; Value = "Website Link"; VariantName = "[No Variations]"
Add component (AddParameter): Name = "ComponentLink1URL"; Value = "https://www.we-online.com/redexpert/article/7461098?ad"; VariantName = "[No Variations]"
Add component (AddParameter): Name = "ComponentLink2Description"; Value = "Datasheet Link"; VariantName = "[No Variations]"
Add component (AddParameter): Name = "ComponentLink2URL"; Value = "https://www.we-online.com/redexpert/spec/7461098?ad"; VariantName = "[No Variations]"
Add component (AddParameter): Name = "Height"; Value = "15.5mm"; VariantName = "[No Variations]"
Add component (AddParameter): Name = "Length"; Value = "13mm"; VariantName = "[No Variations]"
Add component (AddParameter): Name = "Manufacturer"; Value = "Wurth Elektronik"; VariantName = "[No Variations]"
Add component (AddParameter): Name = "Manufacturer Part Number"; Value = "7461098"; VariantName = "[No Variations]"
Add component (AddParameter): Name = "Match Code"; Value = "WP-SHFU"; VariantName = "[No Variations]"
Add component (AddParameter): Name = "Material"; Value = "Brass"; VariantName = "[No Variations]"
Add component (AddParameter): Name = "Mount"; Value = "Press Fit"; VariantName = "[No Variations]"
Add component (AddParameter): Name = "Number of Pins"; Value = "25"; VariantName = "[No Variations]"
Add component (AddParameter): Name = "Operating Temperature Max"; Value = "150蚓"; VariantName = "[No Variations]"
Add component (AddParameter): Name = "Operating Temperature Min"; Value = "-55蚓"; VariantName = "[No Variations]"
Add component (AddParameter): Name = "Packaging"; Value = "Bulk"; VariantName = "[No Variations]"
Add component (AddParameter): Name = "Rated Current"; Value = "250A"; VariantName = "[No Variations]"
Add component (AddParameter): Name = "Surface"; Value = "Tin"; VariantName = "[No Variations]"
Add component (AddParameter): Name = "Thread Length"; Value = "10mm"; VariantName = "[No Variations]"
Add component (AddParameter): Name = "Thread Size"; Value = "M6"; VariantName = "[No Variations]"
Add component (AddParameter): Name = "Width"; Value = "13mm"; VariantName = "[No Variations]"
Added Component: Designator=P1(61302621121)
Add component (AddParameter): Name = "Category"; Value = "Board-to-Board Connectors"; VariantName = "[No Variations]"
Add component (AddParameter): Name = "ComponentLink1Description"; Value = "Website Link"; VariantName = "[No Variations]"
Add component (AddParameter): Name = "ComponentLink1URL"; Value = "https://www.we-online.com/redexpert/article/61302621121?ad"; VariantName = "[No Variations]"
Add component (AddParameter): Name = "ComponentLink2Description"; Value = "Datasheet Link"; VariantName = "[No Variations]"
Add component (AddParameter): Name = "ComponentLink2URL"; Value = "https://www.we-online.com/redexpert/spec/61302621121?ad"; VariantName = "[No Variations]"
Add component (AddParameter): Name = "Contact Resistance"; Value = "20m?"; VariantName = "[No Variations]"
Add component (AddParameter): Name = "Gender"; Value = "Pin Header"; VariantName = "[No Variations]"
Add component (AddParameter): Name = "Manufacturer"; Value = "Wurth Elektronik"; VariantName = "[No Variations]"
Add component (AddParameter): Name = "Manufacturer Part Number"; Value = "61302621121"; VariantName = "[No Variations]"
Add component (AddParameter): Name = "Match Code"; Value = "WR-PHD"; VariantName = "[No Variations]"
Add component (AddParameter): Name = "Mount"; Value = "Through Hole"; VariantName = "[No Variations]"
Add component (AddParameter): Name = "Number of Pins"; Value = "26"; VariantName = "[No Variations]"
Add component (AddParameter): Name = "Number of Rows"; Value = "2"; VariantName = "[No Variations]"
Add component (AddParameter): Name = "Operating Temperature Max"; Value = "105蚓"; VariantName = "[No Variations]"
Add component (AddParameter): Name = "Operating Temperature Min"; Value = "-40蚓"; VariantName = "[No Variations]"
Add component (AddParameter): Name = "Orientation"; Value = "Vertical"; VariantName = "[No Variations]"
Add component (AddParameter): Name = "Packaging"; Value = "Bag"; VariantName = "[No Variations]"
Add component (AddParameter): Name = "Pitch"; Value = "2.54mm"; VariantName = "[No Variations]"
Add component (AddParameter): Name = "Rated Current"; Value = "3A"; VariantName = "[No Variations]"
Add component (AddParameter): Name = "Withstanding Voltage"; Value = "500V"; VariantName = "[No Variations]"
Add component (AddParameter): Name = "Working Voltage"; Value = "250V"; VariantName = "[No Variations]"
Add Component: Footprint Not Found 0805_RES
Add Component: Footprint Not Found 0805_RES
Added Component: Designator=R93(0805_RES)
Add component (AddParameter): Name = "Power"; Value = "1/8 W"; VariantName = "[No Variations]"
Add component (AddParameter): Name = "Value"; Value = "10k Ohms"; VariantName = "[No Variations]"
Added Component: Designator=R94(0805_RES)
Add component (AddParameter): Name = "Power"; Value = "1/8 W"; VariantName = "[No Variations]"
Add component (AddParameter): Name = "Value"; Value = "10k Ohms"; VariantName = "[No Variations]"
Added Component: Designator=R95(0805_RES)
Add component (AddParameter): Name = "Power"; Value = "1/8 W"; VariantName = "[No Variations]"
Add component (AddParameter): Name = "Value"; Value = "10k Ohms"; VariantName = "[No Variations]"
Added Component: Designator=R96(0805_RES)
Add component (AddParameter): Name = "Power"; Value = "1/8 W"; VariantName = "[No Variations]"
Add component (AddParameter): Name = "Value"; Value = "100k Ohms"; VariantName = "[No Variations]"
Added Component: Designator=R97(0805_RES)
Add component (AddParameter): Name = "Power"; Value = "1/8 W"; VariantName = "[No Variations]"
Add component (AddParameter): Name = "Value"; Value = "5.5k Ohms"; VariantName = "[No Variations]"
Add Component: Footprint Not Found WPME-FDSM_SIP-3_L11.6W8.5H10.5
Add Component: Footprint Not Found WPME-FDSM_SIP-3_L11.6W8.5H10.5
Add Component: Footprint Not Found TO170P1524X483-6N
Add Pin To Net: Unknown Pin: Pin B1-1
Add Pin To Net: Unknown Pin: Pin B1-4
Add Pin To Net: Unknown Pin: Pin B1-5
Add Pin To Net: Unknown Pin: Pin B2-1
Add Pin To Net: Unknown Pin: Pin B2-4
Add Pin To Net: Unknown Pin: Pin B2-5
Add Pin To Net: Unknown Pin: Pin B3-1
Add Pin To Net: Unknown Pin: Pin B3-4
Add Pin To Net: Unknown Pin: Pin B3-5
Add Pin To Net: Unknown Pin: Pin B4-1
Add Pin To Net: Unknown Pin: Pin B4-4
Add Pin To Net: Unknown Pin: Pin B4-5
Add Pin To Net: Unknown Pin: Pin B5-1
Add Pin To Net: Unknown Pin: Pin B5-4
Add Pin To Net: Unknown Pin: Pin B5-5
Add Pin To Net: Unknown Pin: Pin B6-1
Add Pin To Net: Unknown Pin: Pin B6-4
Add Pin To Net: Unknown Pin: Pin B6-5
Added Pin To Net: NetName=GND Pin=C3-1
Add Pin To Net: Unknown Pin: Pin C80-1
Add Pin To Net: Unknown Pin: Pin C80-2
Add Pin To Net: Unknown Pin: Pin C84-1
Add Pin To Net: Unknown Pin: Pin C84-2
Added Pin To Net: NetName=GND Pin=C98-1
Added Pin To Net: NetName=REFOUT Pin=C98-2
Added Pin To Net: NetName=GND Pin=C99-1
Added Pin To Net: NetName=HA Pin=C99-2
Added Pin To Net: NetName=GND Pin=C100-1
Added Pin To Net: NetName=HB Pin=C100-2
Added Pin To Net: NetName=GND Pin=C101-1
Added Pin To Net: NetName=HC Pin=C101-2
Added Pin To Net: NetName=GND Pin=C102-1
Added Pin To Net: NetName=+15V Pin=C102-2
Added Pin To Net: NetName=GND Pin=C103-1
Added Pin To Net: NetName=REFOUT Pin=C103-2
Add Pin To Net: Unknown Pin: Pin D1-1
Add Pin To Net: Unknown Pin: Pin D1-3
Add Pin To Net: Unknown Pin: Pin D6-1
Add Pin To Net: Unknown Pin: Pin D6-3
Add Pin To Net: Unknown Pin: Pin D11-1
Add Pin To Net: Unknown Pin: Pin D11-3
Add Pin To Net: Unknown Pin: Pin IC3-1
Add Pin To Net: Unknown Pin: Pin IC3-2
Add Pin To Net: Unknown Pin: Pin IC3-5
Add Pin To Net: Unknown Pin: Pin IC3-6
Add Pin To Net: Unknown Pin: Pin IC3-7
Add Pin To Net: Unknown Pin: Pin IC3-8
Add Pin To Net: Unknown Pin: Pin IC3-9
Add Pin To Net: Unknown Pin: Pin IC3-10
Add Pin To Net: Unknown Pin: Pin IC3-11
Add Pin To Net: Unknown Pin: Pin IC3-12
Add Pin To Net: Unknown Pin: Pin IC3-13
Add Pin To Net: Unknown Pin: Pin IC3-14
Add Pin To Net: Unknown Pin: Pin IC3-15
Add Pin To Net: Unknown Pin: Pin IC3-16
Add Pin To Net: Unknown Pin: Pin IC3-17
Add Pin To Net: Unknown Pin: Pin IC3-18
Add Pin To Net: Unknown Pin: Pin IC3-19
Add Pin To Net: Unknown Pin: Pin IC3-20
Add Pin To Net: Unknown Pin: Pin IC4-1
Add Pin To Net: Unknown Pin: Pin IC4-2
Added Pin To Net: NetName=+15V Pin=IC5-1
Added Pin To Net: NetName=GND Pin=IC5-2
Added Pin To Net: NetName=REFOUT Pin=IC5-3
Added Pin To Net: NetName=GND Pin=J1-1
Added Pin To Net: NetName=SPEED Pin=J1-2
Added Pin To Net: NetName=REFOUT Pin=J1-3
Added Pin To Net: NetName=REFOUT Pin=J2-1
Added Pin To Net: NetName=HA Pin=J2-2
Added Pin To Net: NetName=HB Pin=J2-3
Added Pin To Net: NetName=HC Pin=J2-4
Added Pin To Net: NetName=GND Pin=J2-5
Added Pin To Net: NetName=ENABLE Pin=J3-1
Added Pin To Net: NetName=GND Pin=J3-2
Added Pin To Net: NetName=FWD/REV Pin=J4-1
Added Pin To Net: NetName=GND Pin=J4-2
Added Pin To Net: NetName=+15V Pin=L1-2
Add Pin To Net: Unknown Pin: Pin L2-1
Add Pin To Net: Unknown Pin: Pin L3-1
Add Pin To Net: Unknown Pin: Pin L4-1
Add Pin To Net: Unknown Pin: Pin L5-1
Add Pin To Net: Unknown Pin: Pin L6-1
Add Pin To Net: Unknown Pin: Pin L7-1
Added Pin To Net: NetName=PHASE_C Pin=MP1-1
Added Pin To Net: NetName=PHASE_C Pin=MP1-1
Added Pin To Net: NetName=PHASE_C Pin=MP1-1
Added Pin To Net: NetName=PHASE_C Pin=MP1-1
Added Pin To Net: NetName=PHASE_C Pin=MP1-1
Added Pin To Net: NetName=PHASE_C Pin=MP1-1
Added Pin To Net: NetName=PHASE_C Pin=MP1-1
Added Pin To Net: NetName=PHASE_C Pin=MP1-1
Added Pin To Net: NetName=PHASE_C Pin=MP1-1
Added Pin To Net: NetName=PHASE_C Pin=MP1-1
Added Pin To Net: NetName=PHASE_C Pin=MP1-1
Added Pin To Net: NetName=PHASE_C Pin=MP1-1
Added Pin To Net: NetName=PHASE_C Pin=MP1-1
Added Pin To Net: NetName=PHASE_C Pin=MP1-1
Added Pin To Net: NetName=PHASE_C Pin=MP1-1
Added Pin To Net: NetName=PHASE_C Pin=MP1-1
Added Pin To Net: NetName=PHASE_C Pin=MP1-1
Added Pin To Net: NetName=PHASE_C Pin=MP1-1
Added Pin To Net: NetName=PHASE_C Pin=MP1-1
Added Pin To Net: NetName=PHASE_C Pin=MP1-1
Added Pin To Net: NetName=PHASE_C Pin=MP1-1
Added Pin To Net: NetName=PHASE_C Pin=MP1-1
Added Pin To Net: NetName=PHASE_C Pin=MP1-1
Added Pin To Net: NetName=PHASE_C Pin=MP1-1
Added Pin To Net: NetName=PHASE_C Pin=MP1-1
Added Pin To Net: NetName=PVDD Pin=MP4-1
Added Pin To Net: NetName=PVDD Pin=MP4-1
Added Pin To Net: NetName=PVDD Pin=MP4-1
Added Pin To Net: NetName=PVDD Pin=MP4-1
Added Pin To Net: NetName=PVDD Pin=MP4-1
Added Pin To Net: NetName=PVDD Pin=MP4-1
Added Pin To Net: NetName=PVDD Pin=MP4-1
Added Pin To Net: NetName=PVDD Pin=MP4-1
Added Pin To Net: NetName=PVDD Pin=MP4-1
Added Pin To Net: NetName=PVDD Pin=MP4-1
Added Pin To Net: NetName=PVDD Pin=MP4-1
Added Pin To Net: NetName=PVDD Pin=MP4-1
Added Pin To Net: NetName=PVDD Pin=MP4-1
Added Pin To Net: NetName=PVDD Pin=MP4-1
Added Pin To Net: NetName=PVDD Pin=MP4-1
Added Pin To Net: NetName=PVDD Pin=MP4-1
Added Pin To Net: NetName=PVDD Pin=MP4-1
Added Pin To Net: NetName=PVDD Pin=MP4-1
Added Pin To Net: NetName=PVDD Pin=MP4-1
Added Pin To Net: NetName=PVDD Pin=MP4-1
Added Pin To Net: NetName=PVDD Pin=MP4-1
Added Pin To Net: NetName=PVDD Pin=MP4-1
Added Pin To Net: NetName=PVDD Pin=MP4-1
Added Pin To Net: NetName=PVDD Pin=MP4-1
Added Pin To Net: NetName=PVDD Pin=MP4-1
Added Pin To Net: NetName=GND Pin=MP5-1
Added Pin To Net: NetName=GND Pin=MP5-1
Added Pin To Net: NetName=GND Pin=MP5-1
Added Pin To Net: NetName=GND Pin=MP5-1
Added Pin To Net: NetName=GND Pin=MP5-1
Added Pin To Net: NetName=GND Pin=MP5-1
Added Pin To Net: NetName=GND Pin=MP5-1
Added Pin To Net: NetName=GND Pin=MP5-1
Added Pin To Net: NetName=GND Pin=MP5-1
Added Pin To Net: NetName=GND Pin=MP5-1
Added Pin To Net: NetName=GND Pin=MP5-1
Added Pin To Net: NetName=GND Pin=MP5-1
Added Pin To Net: NetName=GND Pin=MP5-1
Added Pin To Net: NetName=GND Pin=MP5-1
Added Pin To Net: NetName=GND Pin=MP5-1
Added Pin To Net: NetName=GND Pin=MP5-1
Added Pin To Net: NetName=GND Pin=MP5-1
Added Pin To Net: NetName=GND Pin=MP5-1
Added Pin To Net: NetName=GND Pin=MP5-1
Added Pin To Net: NetName=GND Pin=MP5-1
Added Pin To Net: NetName=GND Pin=MP5-1
Added Pin To Net: NetName=GND Pin=MP5-1
Added Pin To Net: NetName=GND Pin=MP5-1
Added Pin To Net: NetName=GND Pin=MP5-1
Added Pin To Net: NetName=GND Pin=MP5-1
Added Pin To Net: NetName=C_IN_L Pin=P1-3
Added Pin To Net: NetName=HC Pin=P1-4
Added Pin To Net: NetName=C_IN_H Pin=P1-5
Added Pin To Net: NetName=HB Pin=P1-6
Added Pin To Net: NetName=GND Pin=P1-7
Added Pin To Net: NetName=HA Pin=P1-8
Added Pin To Net: NetName=+5V Pin=P1-9
Added Pin To Net: NetName=GND Pin=P1-10
Added Pin To Net: NetName=GND Pin=P1-11
Added Pin To Net: NetName=GND Pin=P1-12
Added Pin To Net: NetName=B_IN_L Pin=P1-13
Added Pin To Net: NetName=REFOUT Pin=P1-14
Added Pin To Net: NetName=B_IN_H Pin=P1-15
Added Pin To Net: NetName=+5V Pin=P1-16
Added Pin To Net: NetName=SPEED Pin=P1-18
Added Pin To Net: NetName=+5V Pin=P1-20
Added Pin To Net: NetName=ENABLE Pin=P1-22
Added Pin To Net: NetName=A_IN_L Pin=P1-23
Added Pin To Net: NetName=GND Pin=P1-24
Added Pin To Net: NetName=A_IN_H Pin=P1-25
Added Pin To Net: NetName=FWD/REV Pin=P1-26
Added Pin To Net: NetName=ISO_-12_C_L Pin=R44-1
Added Pin To Net: NetName=C_VSS_L Pin=R44-2
Add Pin To Net: Unknown Pin: Pin R89-1
Add Pin To Net: Unknown Pin: Pin R92-2
Added Pin To Net: NetName=REFOUT Pin=R93-1
Added Pin To Net: NetName=HA Pin=R93-2
Added Pin To Net: NetName=REFOUT Pin=R94-1
Added Pin To Net: NetName=HB Pin=R94-2
Added Pin To Net: NetName=REFOUT Pin=R95-1
Added Pin To Net: NetName=HC Pin=R95-2
Added Pin To Net: NetName=PVDD Pin=R96-1
Added Pin To Net: NetName=GND Pin=R97-2
Added Pin To Net: NetName=+5V Pin=U3-3
Add Pin To Net: Unknown Pin: Pin U4-1
Add Pin To Net: Unknown Pin: Pin U4-2
Add Pin To Net: Unknown Pin: Pin U4-3
Add Pin To Net: Unknown Pin: Pin U5-1
Add Pin To Net: Unknown Pin: Pin U5-2
Add Pin To Net: Unknown Pin: Pin U5-3
Added Pin To Net: NetName=+45V Pin=VR1-2
Added Pin To Net: NetName=PVDD Pin=VR1-3
Add Pin To Net: Unknown Pin: Pin VR2-1
Add Pin To Net: Unknown Pin: Pin VR2-3
Add Pin To Net: Unknown Pin: Pin VR2-5
Add Pin To Net: Unknown Pin: Pin VR2-6
Change Net Name : Old Net Name=Net+?_1 New Net Name=Net+2_1
Change Net Name : Old Net Name=NetC?_1 New Net Name=NetC85_1
Change Net Name : Old Net Name=NetC?_2 New Net Name=NetC17_2
Change Net Name : Old Net Name=NetD?_A New Net Name=NetD9_A
Change Net Name : Old Net Name=NetD?_C New Net Name=NetD8_C
Change Net Name : Old Net Name=NetQ?_1 New Net Name=NetQ11_1
Change Net Name : Old Net Name=NetQ?_2 New Net Name=NetQ5_2
Change Net Name : Old Net Name=NetQ?_4 New Net Name=NetQ1_5
Change Net Name : Old Net Name=NetR?_2 New Net Name=NetR87_2
Change Net Name : Old Net Name=PHASE_C New Net Name=PHASE_A
Added Pin To Net: NetName=COUT_A Pin=C51-2
Added Pin To Net: NetName=COUT_A Pin=P1-21
Added Pin To Net: NetName=COUT_A Pin=R58-2
Added Net: Name=COUT_A
Added Pin To Net: NetName=COUT_B Pin=C61-2
Added Pin To Net: NetName=COUT_B Pin=P1-19
Added Pin To Net: NetName=COUT_B Pin=R71-2
Added Net: Name=COUT_B
Added Pin To Net: NetName=COUT_C Pin=C71-2
Added Pin To Net: NetName=COUT_C Pin=P1-17
Added Pin To Net: NetName=COUT_C Pin=R84-2
Added Net: Name=COUT_C
Added Pin To Net: NetName=Net+1_1 Pin=+1-1
Added Pin To Net: NetName=Net+1_1 Pin=R85-2
Added Net: Name=Net+1_1
Added Pin To Net: NetName=Net+3_1 Pin=+3-1
Added Pin To Net: NetName=Net+3_1 Pin=R88-2
Added Net: Name=Net+3_1
Added Pin To Net: NetName=NetB1_2 Pin=C86-2
Added Pin To Net: NetName=NetB1_2 Pin=C87-2
Added Net: Name=NetB1_2
Added Pin To Net: NetName=NetB2_2 Pin=C88-2
Added Pin To Net: NetName=NetB2_2 Pin=C89-2
Added Net: Name=NetB2_2
Added Pin To Net: NetName=NetB3_2 Pin=C90-2
Added Pin To Net: NetName=NetB3_2 Pin=C91-2
Added Net: Name=NetB3_2
Added Pin To Net: NetName=NetB4_2 Pin=C92-2
Added Pin To Net: NetName=NetB4_2 Pin=C93-2
Added Net: Name=NetB4_2
Added Pin To Net: NetName=NetB5_2 Pin=C94-2
Added Pin To Net: NetName=NetB5_2 Pin=C95-2
Added Net: Name=NetB5_2
Added Pin To Net: NetName=NetB6_2 Pin=C96-2
Added Pin To Net: NetName=NetB6_2 Pin=C97-2
Added Net: Name=NetB6_2
Added Pin To Net: NetName=NetC3_2 Pin=C3-2
Added Pin To Net: NetName=NetC3_2 Pin=R2-2
Added Pin To Net: NetName=NetC3_2 Pin=U1-5
Added Net: Name=NetC3_2
Added Pin To Net: NetName=NetC7_1 Pin=C7-1
Added Pin To Net: NetName=NetC7_1 Pin=R3-1
Added Pin To Net: NetName=NetC7_1 Pin=U1-6
Added Net: Name=NetC7_1
Added Pin To Net: NetName=NetC8_2 Pin=C8-2
Added Pin To Net: NetName=NetC8_2 Pin=R6-2
Added Pin To Net: NetName=NetC8_2 Pin=R8-2
Added Pin To Net: NetName=NetC8_2 Pin=U1-1
Added Net: Name=NetC8_2
Added Pin To Net: NetName=NetC14_2 Pin=C14-2
Added Pin To Net: NetName=NetC14_2 Pin=R12-2
Added Pin To Net: NetName=NetC14_2 Pin=R15-2
Added Pin To Net: NetName=NetC14_2 Pin=U1-2
Added Net: Name=NetC14_2
Added Pin To Net: NetName=NetC21_1 Pin=C21-1
Added Pin To Net: NetName=NetC21_1 Pin=R18-1
Added Pin To Net: NetName=NetC21_1 Pin=U2-6
Added Net: Name=NetC21_1
Added Pin To Net: NetName=NetC22_2 Pin=C22-2
Added Pin To Net: NetName=NetC22_2 Pin=R21-2
Added Pin To Net: NetName=NetC22_2 Pin=R23-2
Added Pin To Net: NetName=NetC22_2 Pin=U2-1
Added Net: Name=NetC22_2
Added Pin To Net: NetName=NetC28_2 Pin=C28-2
Added Pin To Net: NetName=NetC28_2 Pin=R27-2
Added Pin To Net: NetName=NetC28_2 Pin=R30-2
Added Pin To Net: NetName=NetC28_2 Pin=U2-2
Added Net: Name=NetC28_2
Added Pin To Net: NetName=NetC31_2 Pin=C31-2
Added Pin To Net: NetName=NetC31_2 Pin=R32-2
Added Pin To Net: NetName=NetC31_2 Pin=U3-5
Added Net: Name=NetC31_2
Added Pin To Net: NetName=NetC35_1 Pin=C35-1
Added Pin To Net: NetName=NetC35_1 Pin=R33-1
Added Pin To Net: NetName=NetC35_1 Pin=U3-6
Added Net: Name=NetC35_1
Added Pin To Net: NetName=NetC36_2 Pin=C36-2
Added Pin To Net: NetName=NetC36_2 Pin=R36-2
Added Pin To Net: NetName=NetC36_2 Pin=R38-2
Added Pin To Net: NetName=NetC36_2 Pin=U3-1
Added Net: Name=NetC36_2
Added Pin To Net: NetName=NetC42_2 Pin=C42-2
Added Pin To Net: NetName=NetC42_2 Pin=R42-2
Added Pin To Net: NetName=NetC42_2 Pin=R45-2
Added Pin To Net: NetName=NetC42_2 Pin=U3-2
Added Net: Name=NetC42_2
Added Pin To Net: NetName=NetD1_2 Pin=R1-1
Added Net: Name=NetD1_2
Added Pin To Net: NetName=NetD3_A Pin=D3-A
Added Pin To Net: NetName=NetD3_A Pin=R7-1
Added Net: Name=NetD3_A
Added Pin To Net: NetName=NetD3_C Pin=D3-C
Added Pin To Net: NetName=NetD3_C Pin=R5-1
Added Pin To Net: NetName=NetD3_C Pin=U1-15
Added Net: Name=NetD3_C
Added Pin To Net: NetName=NetD4_A Pin=D4-A
Added Pin To Net: NetName=NetD4_A Pin=R10-1
Added Net: Name=NetD4_A
Added Pin To Net: NetName=NetD4_C Pin=D4-C
Added Pin To Net: NetName=NetD4_C Pin=R9-1
Added Pin To Net: NetName=NetD4_C Pin=U1-10
Added Net: Name=NetD4_C
Added Pin To Net: NetName=NetD6_2 Pin=R16-1
Added Net: Name=NetD6_2
Added Pin To Net: NetName=NetD8_A Pin=D8-A
Added Pin To Net: NetName=NetD8_A Pin=R22-1
Added Net: Name=NetD8_A
Added Pin To Net: NetName=NetD9_C Pin=D9-C
Added Pin To Net: NetName=NetD9_C Pin=R24-1
Added Pin To Net: NetName=NetD9_C Pin=U2-10
Added Net: Name=NetD9_C
Added Pin To Net: NetName=NetD11_2 Pin=R31-1
Added Net: Name=NetD11_2
Added Pin To Net: NetName=NetD13_A Pin=D13-A
Added Pin To Net: NetName=NetD13_A Pin=R37-1
Added Net: Name=NetD13_A
Added Pin To Net: NetName=NetD13_C Pin=D13-C
Added Pin To Net: NetName=NetD13_C Pin=R35-1
Added Pin To Net: NetName=NetD13_C Pin=U3-15
Added Net: Name=NetD13_C
Added Pin To Net: NetName=NetD14_A Pin=D14-A
Added Pin To Net: NetName=NetD14_A Pin=R40-1
Added Net: Name=NetD14_A
Added Pin To Net: NetName=NetD14_C Pin=D14-C
Added Pin To Net: NetName=NetD14_C Pin=R39-1
Added Pin To Net: NetName=NetD14_C Pin=U3-10
Added Net: Name=NetD14_C
Added Pin To Net: NetName=NetD16_2 Pin=D16-2
Added Pin To Net: NetName=NetD16_2 Pin=L1-1
Added Net: Name=NetD16_2
Added Pin To Net: NetName=NetQ1_1 Pin=Q1-1
Added Pin To Net: NetName=NetQ1_1 Pin=R46-2
Added Net: Name=NetQ1_1
Added Pin To Net: NetName=NetQ1_2 Pin=Q1-2
Added Pin To Net: NetName=NetQ1_2 Pin=Q1-3
Added Pin To Net: NetName=NetQ1_2 Pin=R49-2
Added Net: Name=NetQ1_2
Added Pin To Net: NetName=NetQ2_1 Pin=Q2-1
Added Pin To Net: NetName=NetQ2_1 Pin=R47-2
Added Net: Name=NetQ2_1
Added Pin To Net: NetName=NetQ2_2 Pin=Q2-2
Added Pin To Net: NetName=NetQ2_2 Pin=Q2-3
Added Pin To Net: NetName=NetQ2_2 Pin=R50-2
Added Net: Name=NetQ2_2
Added Pin To Net: NetName=NetQ3_1 Pin=Q3-1
Added Pin To Net: NetName=NetQ3_1 Pin=R48-2
Added Net: Name=NetQ3_1
Added Pin To Net: NetName=NetQ3_2 Pin=Q3-2
Added Pin To Net: NetName=NetQ3_2 Pin=Q3-3
Added Pin To Net: NetName=NetQ3_2 Pin=R51-2
Added Net: Name=NetQ3_2
Added Pin To Net: NetName=NetQ4_1 Pin=Q4-1
Added Pin To Net: NetName=NetQ4_1 Pin=R52-2
Added Net: Name=NetQ4_1
Added Pin To Net: NetName=NetQ4_2 Pin=Q4-2
Added Pin To Net: NetName=NetQ4_2 Pin=Q4-3
Added Pin To Net: NetName=NetQ4_2 Pin=R55-2
Added Net: Name=NetQ4_2
Added Pin To Net: NetName=NetQ5_1 Pin=Q5-1
Added Pin To Net: NetName=NetQ5_1 Pin=R53-2
Added Net: Name=NetQ5_1
Added Pin To Net: NetName=NetQ6_1 Pin=Q6-1
Added Pin To Net: NetName=NetQ6_1 Pin=R54-2
Added Net: Name=NetQ6_1
Added Pin To Net: NetName=NetQ6_2 Pin=Q6-2
Added Pin To Net: NetName=NetQ6_2 Pin=Q6-3
Added Pin To Net: NetName=NetQ6_2 Pin=R57-2
Added Net: Name=NetQ6_2
Added Pin To Net: NetName=NetQ7_1 Pin=Q7-1
Added Pin To Net: NetName=NetQ7_1 Pin=R59-2
Added Net: Name=NetQ7_1
Added Pin To Net: NetName=NetQ7_2 Pin=Q7-2
Added Pin To Net: NetName=NetQ7_2 Pin=Q7-3
Added Pin To Net: NetName=NetQ7_2 Pin=R62-2
Added Net: Name=NetQ7_2
Added Pin To Net: NetName=NetQ7_5 Pin=Q7-5
Added Pin To Net: NetName=NetQ7_5 Pin=Q7-6
Added Pin To Net: NetName=NetQ7_5 Pin=Q7-7
Added Pin To Net: NetName=NetQ7_5 Pin=Q8-5
Added Pin To Net: NetName=NetQ7_5 Pin=Q8-6
Added Pin To Net: NetName=NetQ7_5 Pin=Q8-7
Added Pin To Net: NetName=NetQ7_5 Pin=Q9-5
Added Pin To Net: NetName=NetQ7_5 Pin=Q9-6
Added Pin To Net: NetName=NetQ7_5 Pin=Q9-7
Added Pin To Net: NetName=NetQ7_5 Pin=Q10-4
Added Pin To Net: NetName=NetQ7_5 Pin=Q11-4
Added Pin To Net: NetName=NetQ7_5 Pin=Q12-4
Added Net: Name=NetQ7_5
Added Pin To Net: NetName=NetQ8_1 Pin=Q8-1
Added Pin To Net: NetName=NetQ8_1 Pin=R60-2
Added Net: Name=NetQ8_1
Added Pin To Net: NetName=NetQ8_2 Pin=Q8-2
Added Pin To Net: NetName=NetQ8_2 Pin=Q8-3
Added Pin To Net: NetName=NetQ8_2 Pin=R63-2
Added Net: Name=NetQ8_2
Added Pin To Net: NetName=NetQ9_1 Pin=Q9-1
Added Pin To Net: NetName=NetQ9_1 Pin=R61-2
Added Net: Name=NetQ9_1
Added Pin To Net: NetName=NetQ9_2 Pin=Q9-2
Added Pin To Net: NetName=NetQ9_2 Pin=Q9-3
Added Pin To Net: NetName=NetQ9_2 Pin=R64-2
Added Net: Name=NetQ9_2
Added Pin To Net: NetName=NetQ10_1 Pin=Q10-1
Added Pin To Net: NetName=NetQ10_1 Pin=R65-2
Added Net: Name=NetQ10_1
Added Pin To Net: NetName=NetQ10_2 Pin=Q10-2
Added Pin To Net: NetName=NetQ10_2 Pin=Q10-3
Added Pin To Net: NetName=NetQ10_2 Pin=R68-2
Added Net: Name=NetQ10_2
Added Pin To Net: NetName=NetQ11_2 Pin=Q11-2
Added Pin To Net: NetName=NetQ11_2 Pin=Q11-3
Added Pin To Net: NetName=NetQ11_2 Pin=R69-2
Added Net: Name=NetQ11_2
Added Pin To Net: NetName=NetQ12_1 Pin=Q12-1
Added Pin To Net: NetName=NetQ12_1 Pin=R67-2
Added Net: Name=NetQ12_1
Added Pin To Net: NetName=NetQ12_2 Pin=Q12-2
Added Pin To Net: NetName=NetQ12_2 Pin=Q12-3
Added Pin To Net: NetName=NetQ12_2 Pin=R70-2
Added Net: Name=NetQ12_2
Added Pin To Net: NetName=NetQ13_1 Pin=Q13-1
Added Pin To Net: NetName=NetQ13_1 Pin=R72-2
Added Net: Name=NetQ13_1
Added Pin To Net: NetName=NetQ13_2 Pin=Q13-2
Added Pin To Net: NetName=NetQ13_2 Pin=Q13-3
Added Pin To Net: NetName=NetQ13_2 Pin=R75-2
Added Net: Name=NetQ13_2
Added Pin To Net: NetName=NetQ13_5 Pin=Q13-5
Added Pin To Net: NetName=NetQ13_5 Pin=Q13-6
Added Pin To Net: NetName=NetQ13_5 Pin=Q13-7
Added Pin To Net: NetName=NetQ13_5 Pin=Q14-5
Added Pin To Net: NetName=NetQ13_5 Pin=Q14-6
Added Pin To Net: NetName=NetQ13_5 Pin=Q14-7
Added Pin To Net: NetName=NetQ13_5 Pin=Q15-5
Added Pin To Net: NetName=NetQ13_5 Pin=Q15-6
Added Pin To Net: NetName=NetQ13_5 Pin=Q15-7
Added Pin To Net: NetName=NetQ13_5 Pin=Q16-4
Added Pin To Net: NetName=NetQ13_5 Pin=Q17-4
Added Pin To Net: NetName=NetQ13_5 Pin=Q18-4
Added Net: Name=NetQ13_5
Added Pin To Net: NetName=NetQ14_1 Pin=Q14-1
Added Pin To Net: NetName=NetQ14_1 Pin=R73-2
Added Net: Name=NetQ14_1
Added Pin To Net: NetName=NetQ14_2 Pin=Q14-2
Added Pin To Net: NetName=NetQ14_2 Pin=Q14-3
Added Pin To Net: NetName=NetQ14_2 Pin=R76-2
Added Net: Name=NetQ14_2
Added Pin To Net: NetName=NetQ15_1 Pin=Q15-1
Added Pin To Net: NetName=NetQ15_1 Pin=R74-2
Added Net: Name=NetQ15_1
Added Pin To Net: NetName=NetQ15_2 Pin=Q15-2
Added Pin To Net: NetName=NetQ15_2 Pin=Q15-3
Added Pin To Net: NetName=NetQ15_2 Pin=R77-2
Added Net: Name=NetQ15_2
Added Pin To Net: NetName=NetQ16_1 Pin=Q16-1
Added Pin To Net: NetName=NetQ16_1 Pin=R78-2
Added Net: Name=NetQ16_1
Added Pin To Net: NetName=NetQ16_2 Pin=Q16-2
Added Pin To Net: NetName=NetQ16_2 Pin=Q16-3
Added Pin To Net: NetName=NetQ16_2 Pin=R81-2
Added Net: Name=NetQ16_2
Added Pin To Net: NetName=NetQ17_1 Pin=Q17-1
Added Pin To Net: NetName=NetQ17_1 Pin=R79-2
Added Net: Name=NetQ17_1
Added Pin To Net: NetName=NetQ17_2 Pin=Q17-2
Added Pin To Net: NetName=NetQ17_2 Pin=Q17-3
Added Pin To Net: NetName=NetQ17_2 Pin=R82-2
Added Net: Name=NetQ17_2
Added Pin To Net: NetName=NetQ18_1 Pin=Q18-1
Added Pin To Net: NetName=NetQ18_1 Pin=R80-2
Added Net: Name=NetQ18_1
Added Pin To Net: NetName=NetQ18_2 Pin=Q18-2
Added Pin To Net: NetName=NetQ18_2 Pin=Q18-3
Added Pin To Net: NetName=NetQ18_2 Pin=R83-2
Added Net: Name=NetQ18_2
Added Pin To Net: NetName=NetR58_1 Pin=R58-1
Added Pin To Net: NetName=NetR58_1 Pin=IC1-3
Added Net: Name=NetR58_1
Added Pin To Net: NetName=NetR71_1 Pin=R71-1
Added Net: Name=NetR71_1
Added Pin To Net: NetName=NetR84_1 Pin=R84-1
Added Net: Name=NetR84_1
Added Pin To Net: NetName=NetR89_2 Pin=VR1-1
Added Net: Name=NetR89_2
Added Pin To Net: NetName=PHASE_C Pin=MP3-1
Added Pin To Net: NetName=PHASE_C Pin=MP3-1
Added Pin To Net: NetName=PHASE_C Pin=MP3-1
Added Pin To Net: NetName=PHASE_C Pin=MP3-1
Added Pin To Net: NetName=PHASE_C Pin=MP3-1
Added Pin To Net: NetName=PHASE_C Pin=MP3-1
Added Pin To Net: NetName=PHASE_C Pin=MP3-1
Added Pin To Net: NetName=PHASE_C Pin=MP3-1
Added Pin To Net: NetName=PHASE_C Pin=MP3-1
Added Pin To Net: NetName=PHASE_C Pin=MP3-1
Added Pin To Net: NetName=PHASE_C Pin=MP3-1
Added Pin To Net: NetName=PHASE_C Pin=MP3-1
Added Pin To Net: NetName=PHASE_C Pin=MP3-1
Added Pin To Net: NetName=PHASE_C Pin=MP3-1
Added Pin To Net: NetName=PHASE_C Pin=MP3-1
Added Pin To Net: NetName=PHASE_C Pin=MP3-1
Added Pin To Net: NetName=PHASE_C Pin=MP3-1
Added Pin To Net: NetName=PHASE_C Pin=MP3-1
Added Pin To Net: NetName=PHASE_C Pin=MP3-1
Added Pin To Net: NetName=PHASE_C Pin=MP3-1
Added Pin To Net: NetName=PHASE_C Pin=MP3-1
Added Pin To Net: NetName=PHASE_C Pin=MP3-1
Added Pin To Net: NetName=PHASE_C Pin=MP3-1
Added Pin To Net: NetName=PHASE_C Pin=MP3-1
Added Pin To Net: NetName=PHASE_C Pin=MP3-1
Added Net: Name=PHASE_C
Added Pin To Net: NetName=V_Sense Pin=P1-2
Added Pin To Net: NetName=V_Sense Pin=R96-2
Added Pin To Net: NetName=V_Sense Pin=R97-1
Added Net: Name=V_Sense
Added Class: Name=Connection
Added Member To Class: ClassName=Regulators Member=Component +1 Green
Added Member To Class: ClassName=Regulators Member=Component +2 Green
Add Class Member: Failed to add class member : Component B1 R1SE-0512_H2-R
Add Class Member: Failed to add class member : Component B2 R1SE-0512_H2-R
Add Class Member: Failed to add class member : Component B3 R1SE-0512_H2-R
Add Class Member: Failed to add class member : Component B4 R1SE-0512_H2-R
Add Class Member: Failed to add class member : Component B5 R1SE-0512_H2-R
Add Class Member: Failed to add class member : Component B6 R1SE-0512_H2-R
Added Member To Class: ClassName=Driver Member=Component C1 100nF 50V
Added Member To Class: ClassName=Driver Member=Component C2 1uF 50V
Added Member To Class: ClassName=Driver Member=Component C3 220pF 50V
Added Member To Class: ClassName=Driver Member=Component C4 1uF Tantalum
Added Member To Class: ClassName=Driver Member=Component C5 100nF 50V
Added Member To Class: ClassName=Driver Member=Component C6 1uF 50V
Added Member To Class: ClassName=Driver Member=Component C7 2200pF 50V
Added Member To Class: ClassName=Driver Member=Component C8 220pF 50V
Added Member To Class: ClassName=Driver Member=Component C9 10uF Tantalum
Added Member To Class: ClassName=Driver Member=Component C10 220nF 50V
Added Member To Class: ClassName=Driver Member=Component C11 10uF 50V
Added Member To Class: ClassName=Driver Member=Component C12 100nF 50V
Added Member To Class: ClassName=Driver Member=Component C13 10uF 50V
Added Member To Class: ClassName=Driver Member=Component C14 220pF 50V
Added Member To Class: ClassName=Driver Member=Component C15 100nF 50V
Added Member To Class: ClassName=Driver Member=Component C16 1uF 50V
Added Member To Class: ClassName=Driver Member=Component C17 220pF 50V
Added Member To Class: ClassName=Driver Member=Component C18 1uF Tantalum
Added Member To Class: ClassName=Driver Member=Component C19 100nF 50V
Added Member To Class: ClassName=Driver Member=Component C20 1uF 50V
Added Member To Class: ClassName=Driver Member=Component C21 2200pF 50V
Added Member To Class: ClassName=Driver Member=Component C22 220pF 50V
Added Member To Class: ClassName=Driver Member=Component C23 10uF Tantalum
Added Member To Class: ClassName=Driver Member=Component C24 220nF 50V
Added Member To Class: ClassName=Driver Member=Component C25 10uF 50V
Added Member To Class: ClassName=Driver Member=Component C26 100nF 50V
Added Member To Class: ClassName=Driver Member=Component C27 10uF 50V
Added Member To Class: ClassName=Driver Member=Component C28 220pF 50V
Added Member To Class: ClassName=Driver Member=Component C29 100nF 50V
Added Member To Class: ClassName=Driver Member=Component C30 1uF 50V
Added Member To Class: ClassName=Driver Member=Component C31 220pF 50V
Added Member To Class: ClassName=Driver Member=Component C32 1uF Tantalum
Added Member To Class: ClassName=Driver Member=Component C33 100nF 50V
Added Member To Class: ClassName=Driver Member=Component C34 1uF 50V
Added Member To Class: ClassName=Driver Member=Component C35 2200pF 50V
Added Member To Class: ClassName=Driver Member=Component C36 220pF 50V
Added Member To Class: ClassName=Driver Member=Component C37 10uF Tantalum
Added Member To Class: ClassName=Driver Member=Component C38 220nF 50V
Added Member To Class: ClassName=Driver Member=Component C39 10uF 50V
Added Member To Class: ClassName=Driver Member=Component C40 100nF 50V
Added Member To Class: ClassName=Driver Member=Component C41 10uF 50V
Added Member To Class: ClassName=Driver Member=Component C42 220pF 50V
Added Member To Class: ClassName=Power Member=Component C43 4.7uF
Added Member To Class: ClassName=Power Member=Component C44 4.7uF
Added Member To Class: ClassName=Power Member=Component C45 4.7uF
Added Member To Class: ClassName=Power Member=Component C46 4.7uF
Added Member To Class: ClassName=Power Member=Component C47 4.7uF
Added Member To Class: ClassName=Power Member=Component C48 4.7uF
Added Member To Class: ClassName=Power Member=Component C49 470uF 200V
Added Member To Class: ClassName=Power Member=Component C50 470uF 200V
Added Member To Class: ClassName=Power Member=Component C52 100nF 25V
Added Member To Class: ClassName=Power Member=Component C53 4.7uF
Added Member To Class: ClassName=Power Member=Component C54 4.7uF
Added Member To Class: ClassName=Power Member=Component C55 4.7uF
Added Member To Class: ClassName=Power Member=Component C56 4.7uF
Added Member To Class: ClassName=Power Member=Component C57 4.7uF
Added Member To Class: ClassName=Power Member=Component C58 4.7uF
Added Member To Class: ClassName=Power Member=Component C59 470uF 200V
Added Member To Class: ClassName=Power Member=Component C60 470uF 200V
Added Member To Class: ClassName=Power Member=Component C61 1uF 16V
Added Member To Class: ClassName=Power Member=Component C62 100nF 25V
Added Member To Class: ClassName=Power Member=Component C63 4.7uF
Added Member To Class: ClassName=Power Member=Component C64 4.7uF
Added Member To Class: ClassName=Power Member=Component C65 4.7uF
Added Member To Class: ClassName=Power Member=Component C66 4.7uF
Added Member To Class: ClassName=Power Member=Component C67 4.7uF
Added Member To Class: ClassName=Power Member=Component C68 4.7uF
Added Member To Class: ClassName=Power Member=Component C69 470uF 200V
Added Member To Class: ClassName=Power Member=Component C70 470uF 200V
Added Member To Class: ClassName=Power Member=Component C71 1uF 16V
Added Member To Class: ClassName=Power Member=Component C72 100nF 25V
Added Member To Class: ClassName=Regulators Member=Component C73 10uF 25V
Added Member To Class: ClassName=Regulators Member=Component C74 10uF 25V
Added Member To Class: ClassName=Regulators Member=Component C75 10uF 25V
Added Member To Class: ClassName=Regulators Member=Component C76 10uF 25V
Added Member To Class: ClassName=Regulators Member=Component C77 100nF 25V
Added Member To Class: ClassName=Regulators Member=Component C78 100nF 25V
Added Member To Class: ClassName=Regulators Member=Component C79 100nF 25V
Add Class Member: Failed to add class member : Component C80 10湩 63V
Added Member To Class: ClassName=Regulators Member=Component C81 220uF 50V
Added Member To Class: ClassName=Regulators Member=Component C82 470uF 100V
Added Member To Class: ClassName=Regulators Member=Component C83 100nF 100V
Add Class Member: Failed to add class member : Component C84 10湩 63V
Added Member To Class: ClassName=Regulators Member=Component C85 680pF 25V
Added Member To Class: ClassName=Regulators Member=Component C86 10uF
Added Member To Class: ClassName=Regulators Member=Component C87 6.8uF
Added Member To Class: ClassName=Regulators Member=Component C88 10uF
Added Member To Class: ClassName=Regulators Member=Component C89 6.8uF
Added Member To Class: ClassName=Regulators Member=Component C90 10uF
Added Member To Class: ClassName=Regulators Member=Component C91 6.8uF
Added Member To Class: ClassName=Regulators Member=Component C92 10uF
Added Member To Class: ClassName=Regulators Member=Component C93 6.8uF
Added Member To Class: ClassName=Regulators Member=Component C94 10uF
Added Member To Class: ClassName=Regulators Member=Component C95 6.8uF
Added Member To Class: ClassName=Regulators Member=Component C96 10uF
Added Member To Class: ClassName=Regulators Member=Component C97 6.8uF
Add Class Member: Failed to add class member : Component D1 C4D02120E
Added Member To Class: ClassName=Driver Member=Component D2 B0530W-7-F
Added Member To Class: ClassName=Driver Member=Component D3 SS14
Added Member To Class: ClassName=Driver Member=Component D4 SS14
Added Member To Class: ClassName=Driver Member=Component D5 B0530W-7-F
Add Class Member: Failed to add class member : Component D6 C4D02120E
Added Member To Class: ClassName=Driver Member=Component D7 B0530W-7-F
Added Member To Class: ClassName=Driver Member=Component D8 SS14
Added Member To Class: ClassName=Driver Member=Component D9 SS14
Added Member To Class: ClassName=Driver Member=Component D10 B0530W-7-F
Add Class Member: Failed to add class member : Component D11 C4D02120E
Added Member To Class: ClassName=Driver Member=Component D12 B0530W-7-F
Added Member To Class: ClassName=Driver Member=Component D13 SS14
Added Member To Class: ClassName=Driver Member=Component D14 SS14
Added Member To Class: ClassName=Driver Member=Component D15 B0530W-7-F
Added Member To Class: ClassName=Power Member=Component IC1 ACS758LCB-100B-PFF-T
Add Class Member: Failed to add class member : Component IC3 ACS758LCB-100B-PFF-T
Add Class Member: Failed to add class member : Component IC4 ACS758LCB-100B-PFF-T
Add Class Member: Failed to add class member : Component L2 RLS-126-R
Add Class Member: Failed to add class member : Component L3 RLS-126-R
Add Class Member: Failed to add class member : Component L4 RLS-126-R
Add Class Member: Failed to add class member : Component L5 RLS-126-R
Add Class Member: Failed to add class member : Component L6 RLS-126-R
Add Class Member: Failed to add class member : Component L7 RLS-126-R
Added Member To Class: ClassName=Power Member=Component MP1 M6 x 10mm
Added Member To Class: ClassName=Power Member=Component MP2 M6 x 10mm
Added Member To Class: ClassName=Regulators Member=Component MP4 M6 x 10mm
Added Member To Class: ClassName=Regulators Member=Component MP5 M6 x 10mm
Added Member To Class: ClassName=Power Member=Component Q1 FDB0260N1007L
Added Member To Class: ClassName=Power Member=Component Q2 FDB0260N1007L
Added Member To Class: ClassName=Power Member=Component Q3 FDB0260N1007L
Added Member To Class: ClassName=Power Member=Component Q4 FDB0260N1007L
Added Member To Class: ClassName=Power Member=Component Q5 FDB0260N1007L
Added Member To Class: ClassName=Power Member=Component Q6 FDB0260N1007L
Added Member To Class: ClassName=Power Member=Component Q7 FDB0260N1007L
Added Member To Class: ClassName=Power Member=Component Q8 FDB0260N1007L
Added Member To Class: ClassName=Power Member=Component Q9 FDB0260N1007L
Added Member To Class: ClassName=Power Member=Component Q10 FDB0260N1007L
Added Member To Class: ClassName=Power Member=Component Q11 FDB0260N1007L
Added Member To Class: ClassName=Power Member=Component Q12 FDB0260N1007L
Added Member To Class: ClassName=Power Member=Component Q14 FDB0260N1007L
Added Member To Class: ClassName=Power Member=Component Q15 FDB0260N1007L
Added Member To Class: ClassName=Power Member=Component Q16 FDB0260N1007L
Added Member To Class: ClassName=Power Member=Component Q17 FDB0260N1007L
Added Member To Class: ClassName=Power Member=Component Q18 FDB0260N1007L
Added Member To Class: ClassName=Driver Member=Component R1 2 Ohms
Added Member To Class: ClassName=Driver Member=Component R2 51 Ohms
Added Member To Class: ClassName=Driver Member=Component R3 10k Ohms
Added Member To Class: ClassName=Driver Member=Component R4 10k Ohms
Added Member To Class: ClassName=Driver Member=Component R5 109 Ohms
Added Member To Class: ClassName=Driver Member=Component R6 51 Ohms
Added Member To Class: ClassName=Driver Member=Component R7 76.5 Ohms
Added Member To Class: ClassName=Driver Member=Component R8 10k Ohms
Added Member To Class: ClassName=Driver Member=Component R9 109 Ohms
Added Member To Class: ClassName=Driver Member=Component R10 76.5 Ohms
Added Member To Class: ClassName=Driver Member=Component R11 10k Ohms
Added Member To Class: ClassName=Driver Member=Component R12 51 Ohms
Added Member To Class: ClassName=Driver Member=Component R13 0 Ohms
Added Member To Class: ClassName=Driver Member=Component R14 0 Ohms
Added Member To Class: ClassName=Driver Member=Component R15 10k Ohms
Added Member To Class: ClassName=Driver Member=Component R16 2 Ohms
Added Member To Class: ClassName=Driver Member=Component R17 51 Ohms
Added Member To Class: ClassName=Driver Member=Component R18 10k Ohms
Added Member To Class: ClassName=Driver Member=Component R19 10k Ohms
Added Member To Class: ClassName=Driver Member=Component R20 109 Ohms
Added Member To Class: ClassName=Driver Member=Component R21 51 Ohms
Added Member To Class: ClassName=Driver Member=Component R22 76.5 Ohms
Added Member To Class: ClassName=Driver Member=Component R23 10k Ohms
Added Member To Class: ClassName=Driver Member=Component R24 109 Ohms
Added Member To Class: ClassName=Driver Member=Component R25 76.5 Ohms
Added Member To Class: ClassName=Driver Member=Component R26 10k Ohms
Added Member To Class: ClassName=Driver Member=Component R28 0 Ohms
Added Member To Class: ClassName=Driver Member=Component R29 0 Ohms
Added Member To Class: ClassName=Driver Member=Component R30 10k Ohms
Added Member To Class: ClassName=Driver Member=Component R31 2 Ohms
Added Member To Class: ClassName=Driver Member=Component R32 51 Ohms
Added Member To Class: ClassName=Driver Member=Component R33 10k Ohms
Added Member To Class: ClassName=Driver Member=Component R34 10k Ohms
Added Member To Class: ClassName=Driver Member=Component R35 109 Ohms
Added Member To Class: ClassName=Driver Member=Component R36 51 Ohms
Added Member To Class: ClassName=Driver Member=Component R37 76.5 Ohms
Added Member To Class: ClassName=Driver Member=Component R38 10k Ohms
Added Member To Class: ClassName=Driver Member=Component R39 109 Ohms
Added Member To Class: ClassName=Driver Member=Component R40 76.5 Ohms
Added Member To Class: ClassName=Driver Member=Component R41 10k Ohms
Added Member To Class: ClassName=Driver Member=Component R42 51 Ohms
Added Member To Class: ClassName=Driver Member=Component R43 0 Ohms
Added Member To Class: ClassName=Driver Member=Component R44 0 Ohms
Added Member To Class: ClassName=Driver Member=Component R45 10k Ohms
Added Member To Class: ClassName=Power Member=Component R46 3 Ohms
Added Member To Class: ClassName=Power Member=Component R47 3 Ohms
Added Member To Class: ClassName=Power Member=Component R48 3 Ohms
Added Member To Class: ClassName=Power Member=Component R49 3 Ohms
Added Member To Class: ClassName=Power Member=Component R50 3 Ohms
Added Member To Class: ClassName=Power Member=Component R51 3 Ohms
Added Member To Class: ClassName=Power Member=Component R52 3 Ohms
Added Member To Class: ClassName=Power Member=Component R53 3 Ohms
Added Member To Class: ClassName=Power Member=Component R54 3 Ohms
Added Member To Class: ClassName=Power Member=Component R55 3 Ohms
Added Member To Class: ClassName=Power Member=Component R56 3 Ohms
Added Member To Class: ClassName=Power Member=Component R57 3 Ohms
Added Member To Class: ClassName=Power Member=Component R58 120 Ohms
Added Member To Class: ClassName=Power Member=Component R59 3 Ohms
Added Member To Class: ClassName=Power Member=Component R60 3 Ohms
Added Member To Class: ClassName=Power Member=Component R61 3 Ohms
Added Member To Class: ClassName=Power Member=Component R62 3 Ohms
Added Member To Class: ClassName=Power Member=Component R63 3 Ohms
Added Member To Class: ClassName=Power Member=Component R64 3 Ohms
Added Member To Class: ClassName=Power Member=Component R65 3 Ohms
Added Member To Class: ClassName=Power Member=Component R66 3 Ohms
Added Member To Class: ClassName=Power Member=Component R67 3 Ohms
Added Member To Class: ClassName=Power Member=Component R68 3 Ohms
Added Member To Class: ClassName=Power Member=Component R69 3 Ohms
Added Member To Class: ClassName=Power Member=Component R70 3 Ohms
Added Member To Class: ClassName=Power Member=Component R71 1k Ohms
Added Member To Class: ClassName=Power Member=Component R72 3 Ohms
Added Member To Class: ClassName=Power Member=Component R73 3 Ohms
Added Member To Class: ClassName=Power Member=Component R74 3 Ohms
Added Member To Class: ClassName=Power Member=Component R75 3 Ohms
Added Member To Class: ClassName=Power Member=Component R76 3 Ohms
Added Member To Class: ClassName=Power Member=Component R77 3 Ohms
Added Member To Class: ClassName=Power Member=Component R78 3 Ohms
Added Member To Class: ClassName=Power Member=Component R79 3 Ohms
Added Member To Class: ClassName=Power Member=Component R80 3 Ohms
Added Member To Class: ClassName=Power Member=Component R81 3 Ohms
Added Member To Class: ClassName=Power Member=Component R82 3 Ohms
Added Member To Class: ClassName=Power Member=Component R83 3 Ohms
Added Member To Class: ClassName=Power Member=Component R84 1k Ohms
Added Member To Class: ClassName=Regulators Member=Component R85 2k2 Ohms
Added Member To Class: ClassName=Regulators Member=Component R86 10K Ohms
Added Member To Class: ClassName=Regulators Member=Component R87 22K Ohms
Added Member To Class: ClassName=Regulators Member=Component R88 20K Ohms
Add Class Member: Failed to add class member : Component R89 1k Ohms
Added Member To Class: ClassName=Regulators Member=Component R90 11k Ohms
Added Member To Class: ClassName=Regulators Member=Component R91 1k Ohms
Add Class Member: Failed to add class member : Component R92 35k Ohms
Added Member To Class: ClassName=Driver Member=Component U2 UCC21520DWR
Added Member To Class: ClassName=Driver Member=Component U3 UCC21520DWR
Add Class Member: Failed to add class member : Component U4 8-28Vin, 5Vout, 1Aout
Add Class Member: Failed to add class member : Component U5 8-28Vin, 5Vout, 1Aout
Add Class Member: Failed to add class member : Component VR2 LM2596S-5.0
Added Rule: Name=Schematic Supply Nets_3
