Add Class Member: Failed to add class member : Component +2 Green
Added Member To Class: ClassName=Regulators Member=Component C105 1000pF
Added Member To Class: ClassName=Regulators Member=Component C106 1000pF
Added Member To Class: ClassName=Regulators Member=Component C107 1000pF
Added Member To Class: ClassName=Regulators Member=Component R45 100k
Added Member To Class: ClassName=Regulators Member=Component R48 100k
Added Member To Class: ClassName=Regulators Member=Component R49 1k Ohms
Added Member To Class: ClassName=Regulators Member=Component R50 3.3k
Added Member To Class: ClassName=Regulators Member=Component R51 100k
Added Member To Class: ClassName=Regulators Member=Component R54 100k
Added Member To Class: ClassName=Regulators Member=Component R55 1k Ohms
Added Member To Class: ClassName=Regulators Member=Component R56 3.3k
Added Member To Class: ClassName=Regulators Member=Component R57 100k
Added Member To Class: ClassName=Regulators Member=Component R61 100k
Added Member To Class: ClassName=Regulators Member=Component R62 1k Ohms
Added Member To Class: ClassName=Regulators Member=Component R63 3.3k
Added Member To Class: ClassName=Regulators Member=Component U8 LM321MF
Added Member To Class: ClassName=Regulators Member=Component U9 LM321MF
Added Member To Class: ClassName=Regulators Member=Component U10 LM321MF
Add Class Member: Failed to add class member : Component VIN1 Green
