Added Pin To Net: NetName=NetC43_2 Pin=C80-1
Added Pin To Net: NetName=NetC43_2 Pin=MP4-1
Added Pin To Net: NetName=NetC43_2 Pin=MP4-1
Added Pin To Net: NetName=NetC43_2 Pin=MP4-1
Added Pin To Net: NetName=NetC43_2 Pin=MP4-1
Added Pin To Net: NetName=NetC43_2 Pin=MP4-1
Added Pin To Net: NetName=NetC43_2 Pin=MP4-1
Added Pin To Net: NetName=NetC43_2 Pin=MP4-1
Added Pin To Net: NetName=NetC43_2 Pin=MP4-1
Added Pin To Net: NetName=NetC43_2 Pin=MP4-1
Added Pin To Net: NetName=NetC43_2 Pin=MP4-1
Added Pin To Net: NetName=NetC43_2 Pin=MP4-1
Added Pin To Net: NetName=NetC43_2 Pin=MP4-1
Added Pin To Net: NetName=NetC43_2 Pin=MP4-1
Added Pin To Net: NetName=NetC43_2 Pin=MP4-1
Added Pin To Net: NetName=NetC43_2 Pin=MP4-1
Added Pin To Net: NetName=NetC43_2 Pin=MP4-1
Added Pin To Net: NetName=NetC43_2 Pin=MP4-1
Added Pin To Net: NetName=NetC43_2 Pin=MP4-1
Added Pin To Net: NetName=NetC43_2 Pin=MP4-1
Added Pin To Net: NetName=NetC43_2 Pin=MP4-1
Added Pin To Net: NetName=NetC43_2 Pin=MP4-1
Added Pin To Net: NetName=NetC43_2 Pin=MP4-1
Added Pin To Net: NetName=NetC43_2 Pin=MP4-1
Added Pin To Net: NetName=NetC43_2 Pin=MP4-1
Added Pin To Net: NetName=NetC43_2 Pin=MP4-1
Added Pin To Net: NetName=NetC43_2 Pin=Q2-4
Added Pin To Net: NetName=NetC43_2 Pin=Q8-4
Added Pin To Net: NetName=NetC43_2 Pin=Q14-4
Added Pin To Net: NetName=NetC43_2 Pin=R87-1
Added Pin To Net: NetName=NetC43_2 Pin=R96-1
Added Pin To Net: NetName=NetC43_2 Pin=VR1-3
Change Net Name : Old Net Name=NetC43_2 New Net Name=PVDD
