Removed Pin From Net: NetName=PVDD Pin=C43-2
Removed Pin From Net: NetName=PVDD Pin=C44-2
Removed Pin From Net: NetName=PVDD Pin=C45-2
Removed Pin From Net: NetName=PVDD Pin=C46-2
Removed Pin From Net: NetName=PVDD Pin=C47-2
Removed Pin From Net: NetName=PVDD Pin=C48-2
Removed Pin From Net: NetName=PVDD Pin=C49-2
Removed Pin From Net: NetName=PVDD Pin=C50-2
Removed Pin From Net: NetName=PVDD Pin=C63-2
Removed Pin From Net: NetName=PVDD Pin=C64-2
Removed Pin From Net: NetName=PVDD Pin=C65-2
Removed Pin From Net: NetName=PVDD Pin=C66-2
Removed Pin From Net: NetName=PVDD Pin=C67-2
Removed Pin From Net: NetName=PVDD Pin=C68-2
Removed Pin From Net: NetName=PVDD Pin=C69-2
Removed Pin From Net: NetName=PVDD Pin=C70-2
Removed Pin From Net: NetName=PVDD Pin=C80-1
Removed Pin From Net: NetName=PVDD Pin=MP4-1
Removed Pin From Net: NetName=PVDD Pin=MP4-1
Removed Pin From Net: NetName=PVDD Pin=MP4-1
Removed Pin From Net: NetName=PVDD Pin=MP4-1
Removed Pin From Net: NetName=PVDD Pin=MP4-1
Removed Pin From Net: NetName=PVDD Pin=MP4-1
Removed Pin From Net: NetName=PVDD Pin=MP4-1
Removed Pin From Net: NetName=PVDD Pin=MP4-1
Removed Pin From Net: NetName=PVDD Pin=MP4-1
Removed Pin From Net: NetName=PVDD Pin=MP4-1
Removed Pin From Net: NetName=PVDD Pin=MP4-1
Removed Pin From Net: NetName=PVDD Pin=MP4-1
Removed Pin From Net: NetName=PVDD Pin=MP4-1
Removed Pin From Net: NetName=PVDD Pin=MP4-1
Removed Pin From Net: NetName=PVDD Pin=MP4-1
Removed Pin From Net: NetName=PVDD Pin=MP4-1
Removed Pin From Net: NetName=PVDD Pin=MP4-1
Removed Pin From Net: NetName=PVDD Pin=MP4-1
Removed Pin From Net: NetName=PVDD Pin=MP4-1
Removed Pin From Net: NetName=PVDD Pin=MP4-1
Removed Pin From Net: NetName=PVDD Pin=MP4-1
Removed Pin From Net: NetName=PVDD Pin=MP4-1
Removed Pin From Net: NetName=PVDD Pin=MP4-1
Removed Pin From Net: NetName=PVDD Pin=MP4-1
Removed Pin From Net: NetName=PVDD Pin=MP4-1
Removed Pin From Net: NetName=PVDD Pin=Q1-4
Removed Pin From Net: NetName=PVDD Pin=Q2-4
Removed Pin From Net: NetName=PVDD Pin=Q8-4
Removed Pin From Net: NetName=PVDD Pin=Q13-4
Removed Pin From Net: NetName=PVDD Pin=Q14-4
Removed Pin From Net: NetName=PVDD Pin=R87-1
Removed Pin From Net: NetName=PVDD Pin=R96-1
Removed Pin From Net: NetName=PVDD Pin=VR1-3
Added Pin To Net: NetName=GND Pin=C10-2
Added Pin To Net: NetName=GND Pin=C11-2
Added Pin To Net: NetName=NetQ1_5 Pin=C12-2
Added Pin To Net: NetName=NetQ1_5 Pin=C13-1
Added Pin To Net: NetName=GND Pin=C24-2
Added Pin To Net: NetName=GND Pin=C25-1
Added Pin To Net: NetName=NetQ7_5 Pin=C26-2
Added Pin To Net: NetName=NetQ7_5 Pin=C27-1
Added Pin To Net: NetName=GND Pin=C38-2
Added Pin To Net: NetName=GND Pin=C39-1
Added Pin To Net: NetName=NetQ13_5 Pin=C40-2
Added Pin To Net: NetName=NetQ13_5 Pin=C41-1
Added Pin To Net: NetName=NetQ1_5 Pin=D2-A
Added Pin To Net: NetName=GND Pin=D5-A
Added Pin To Net: NetName=NetQ7_5 Pin=D7-A
Added Pin To Net: NetName=GND Pin=D10-A
Added Pin To Net: NetName=NetQ13_5 Pin=D12-A
Added Pin To Net: NetName=GND Pin=D15-A
Added Pin To Net: NetName=NetQ1_5 Pin=Q1-2
Added Pin To Net: NetName=NetQ1_5 Pin=Q1-3
Added Pin To Net: NetName=NetQ1_5 Pin=Q2-2
Added Pin To Net: NetName=NetQ1_5 Pin=Q2-3
Added Pin To Net: NetName=GND Pin=Q4-2
Added Pin To Net: NetName=GND Pin=Q4-3
Added Pin To Net: NetName=GND Pin=Q5-2
Added Pin To Net: NetName=GND Pin=Q5-3
Added Pin To Net: NetName=NetQ7_5 Pin=Q7-2
Added Pin To Net: NetName=NetQ7_5 Pin=Q7-3
Added Pin To Net: NetName=NetQ7_5 Pin=Q8-2
Added Pin To Net: NetName=NetQ7_5 Pin=Q8-3
Added Pin To Net: NetName=GND Pin=Q10-2
Added Pin To Net: NetName=GND Pin=Q10-3
Added Pin To Net: NetName=GND Pin=Q11-2
Added Pin To Net: NetName=GND Pin=Q11-3
Added Pin To Net: NetName=NetQ13_5 Pin=Q13-2
Added Pin To Net: NetName=NetQ13_5 Pin=Q13-3
Added Pin To Net: NetName=NetQ13_5 Pin=Q14-2
Added Pin To Net: NetName=NetQ13_5 Pin=Q14-3
Added Pin To Net: NetName=GND Pin=Q16-2
Added Pin To Net: NetName=GND Pin=Q16-3
Added Pin To Net: NetName=GND Pin=Q17-2
Added Pin To Net: NetName=GND Pin=Q17-3
Added Pin To Net: NetName=NetQ1_5 Pin=R4-1
Added Pin To Net: NetName=GND Pin=R11-2
Added Pin To Net: NetName=NetQ1_5 Pin=R13-2
Added Pin To Net: NetName=GND Pin=R14-2
Added Pin To Net: NetName=NetQ7_5 Pin=R19-1
Added Pin To Net: NetName=GND Pin=R26-2
Added Pin To Net: NetName=NetQ7_5 Pin=R28-2
Added Pin To Net: NetName=GND Pin=R29-2
Added Pin To Net: NetName=NetQ13_5 Pin=R34-1
Added Pin To Net: NetName=GND Pin=R41-2
Added Pin To Net: NetName=NetQ13_5 Pin=R43-2
Added Pin To Net: NetName=GND Pin=R44-2
Added Pin To Net: NetName=GND Pin=U1-9
Added Pin To Net: NetName=NetQ1_5 Pin=U1-14
Added Pin To Net: NetName=GND Pin=U2-9
Added Pin To Net: NetName=NetQ7_5 Pin=U2-14
Added Pin To Net: NetName=GND Pin=U3-9
Added Pin To Net: NetName=NetQ13_5 Pin=U3-14
Change Net Name : Old Net Name=GND New Net Name=A_VSS_L
Change Net Name : Old Net Name=NetQ1_5 New Net Name=A_VSS_H
Change Net Name : Old Net Name=NetQ7_5 New Net Name=B_VSS_H
Change Net Name : Old Net Name=NetQ13_5 New Net Name=C_VSS_H
Change Net Name : Old Net Name=PVDD New Net Name=NetC53_2
Added Pin To Net: NetName=NetC43_2 Pin=C43-2
Added Pin To Net: NetName=NetC43_2 Pin=C44-2
Added Pin To Net: NetName=NetC43_2 Pin=C45-2
Added Pin To Net: NetName=NetC43_2 Pin=C46-2
Added Pin To Net: NetName=NetC43_2 Pin=C47-2
Added Pin To Net: NetName=NetC43_2 Pin=C48-2
Added Pin To Net: NetName=NetC43_2 Pin=C49-2
Added Pin To Net: NetName=NetC43_2 Pin=C50-2
Added Pin To Net: NetName=NetC43_2 Pin=Q1-4
Added Net: Name=NetC43_2
Added Pin To Net: NetName=NetC63_2 Pin=C63-2
Added Pin To Net: NetName=NetC63_2 Pin=C64-2
Added Pin To Net: NetName=NetC63_2 Pin=C65-2
Added Pin To Net: NetName=NetC63_2 Pin=C66-2
Added Pin To Net: NetName=NetC63_2 Pin=C67-2
Added Pin To Net: NetName=NetC63_2 Pin=C68-2
Added Pin To Net: NetName=NetC63_2 Pin=C69-2
Added Pin To Net: NetName=NetC63_2 Pin=C70-2
Added Pin To Net: NetName=NetC63_2 Pin=Q13-4
Added Net: Name=NetC63_2
Added Pin To Net: NetName=PVDD Pin=C80-1
Added Pin To Net: NetName=PVDD Pin=MP4-1
Added Pin To Net: NetName=PVDD Pin=MP4-1
Added Pin To Net: NetName=PVDD Pin=MP4-1
Added Pin To Net: NetName=PVDD Pin=MP4-1
Added Pin To Net: NetName=PVDD Pin=MP4-1
Added Pin To Net: NetName=PVDD Pin=MP4-1
Added Pin To Net: NetName=PVDD Pin=MP4-1
Added Pin To Net: NetName=PVDD Pin=MP4-1
Added Pin To Net: NetName=PVDD Pin=MP4-1
Added Pin To Net: NetName=PVDD Pin=MP4-1
Added Pin To Net: NetName=PVDD Pin=MP4-1
Added Pin To Net: NetName=PVDD Pin=MP4-1
Added Pin To Net: NetName=PVDD Pin=MP4-1
Added Pin To Net: NetName=PVDD Pin=MP4-1
Added Pin To Net: NetName=PVDD Pin=MP4-1
Added Pin To Net: NetName=PVDD Pin=MP4-1
Added Pin To Net: NetName=PVDD Pin=MP4-1
Added Pin To Net: NetName=PVDD Pin=MP4-1
Added Pin To Net: NetName=PVDD Pin=MP4-1
Added Pin To Net: NetName=PVDD Pin=MP4-1
Added Pin To Net: NetName=PVDD Pin=MP4-1
Added Pin To Net: NetName=PVDD Pin=MP4-1
Added Pin To Net: NetName=PVDD Pin=MP4-1
Added Pin To Net: NetName=PVDD Pin=MP4-1
Added Pin To Net: NetName=PVDD Pin=MP4-1
Added Pin To Net: NetName=PVDD Pin=Q2-4
Added Pin To Net: NetName=PVDD Pin=Q8-4
Added Pin To Net: NetName=PVDD Pin=Q14-4
Added Pin To Net: NetName=PVDD Pin=R87-1
Added Pin To Net: NetName=PVDD Pin=R96-1
Added Pin To Net: NetName=PVDD Pin=VR1-3
Added Net: Name=PVDD
