Removed Pin From Net: NetName=ISO_+12_B_L Pin=C23-1
Removed Pin From Net: NetName=B_VSS_L Pin=C23-2
Removed Pin From Net: NetName=ISO_+12_C_L Pin=C37-1
Removed Pin From Net: NetName=C_VSS_L Pin=C37-2
Removed Member From Class: ClassName=Driver Member=C37
Change Component Footprint: Designator=C23 Old Footprint=CAPPC3528X210N New Footprint=WCAP-CSGP_1206_L3.2W1.6H0.8
Change Component Comment : Designator=C23 Old Comment=10uF Tantalum New Comment=10pF
Change component parameters: Designator = "C23" ("C23"); Footprint = "CAPPC3528X210N"; UniqueID = "\CARRSBDI" ("\CARRSBDI")
Change component parameters (AddParameter): Name = "Capacitance"; Value = "10pF"; VariantName = "[No Variations]"
Change component parameters (AddParameter): Name = "Capacitance Tolerance"; Value = "+/-5%"; VariantName = "[No Variations]"
Change component parameters (AddParameter): Name = "Case/Size Code"; Value = "1206"; VariantName = "[No Variations]"
Change component parameters (AddParameter): Name = "Category"; Value = "Multilayer Ceramic Chip Capacitors"; VariantName = "[No Variations]"
Change component parameters (AddParameter): Name = "Ceramic Type"; Value = "NP0"; VariantName = "[No Variations]"
Change component parameters (AddParameter): Name = "ComponentLink1Description"; Value = "Website Link"; VariantName = "[No Variations]"
Change component parameters (AddParameter): Name = "ComponentLink1URL"; Value = "https://www.we-online.com/redexpert/article/885012008001?ad"; VariantName = "[No Variations]"
Change component parameters (AddParameter): Name = "ComponentLink2Description"; Value = "Datasheet Link"; VariantName = "[No Variations]"
Change component parameters (AddParameter): Name = "ComponentLink2URL"; Value = "https://www.we-online.com/redexpert/spec/885012008001?ad"; VariantName = "[No Variations]"
Change component parameters (AddParameter): Name = "Height"; Value = "0.8mm"; VariantName = "[No Variations]"
Change component parameters (AddParameter): Name = "Length"; Value = "3.2mm"; VariantName = "[No Variations]"
Change component parameters (AddParameter): Name = "Manufacturer"; Value = "Wurth Elektronik"; VariantName = "[No Variations]"
Change component parameters (AddParameter): Name = "Manufacturer Part Number"; Value = "885012008001"; VariantName = "[No Variations]"
Change component parameters (AddParameter): Name = "Match Code"; Value = "WCAP-CSGP"; VariantName = "[No Variations]"
Change component parameters (AddParameter): Name = "Max Operating Temperature"; Value = "125°C"; VariantName = "[No Variations]"
Change component parameters (AddParameter): Name = "Min Operating Temperature"; Value = "-55°C"; VariantName = "[No Variations]"
Change component parameters (AddParameter): Name = "Mount"; Value = "Surface Mount"; VariantName = "[No Variations]"
Change component parameters (AddParameter): Name = "Packaging"; Value = "Tape and Reel"; VariantName = "[No Variations]"
Change component parameters (AddParameter): Name = "Q Factor"; Value = "600"; VariantName = "[No Variations]"
Change component parameters (AddParameter): Name = "Rated Voltage (DC)"; Value = "10V"; VariantName = "[No Variations]"
Change component parameters (AddParameter): Name = "Technical Reference"; Value = "NP01206100J010DFCT10000"; VariantName = "[No Variations]"
Change component parameters (AddParameter): Name = "Width"; Value = "1.6mm"; VariantName = "[No Variations]"
Change component parameters (AddParameter): Name = "Insulation Resistance"; Value = "10G?"; VariantName = "[No Variations]"
Added Component: Designator=C9(WCAP-CSGP_1206_L3.2W1.6H0.8)
Add component (AddParameter): Name = "Capacitance"; Value = "10pF"; VariantName = "[No Variations]"
Add component (AddParameter): Name = "Capacitance Tolerance"; Value = "+/-5%"; VariantName = "[No Variations]"
Add component (AddParameter): Name = "Case/Size Code"; Value = "1206"; VariantName = "[No Variations]"
Add component (AddParameter): Name = "Category"; Value = "Multilayer Ceramic Chip Capacitors"; VariantName = "[No Variations]"
Add component (AddParameter): Name = "Ceramic Type"; Value = "NP0"; VariantName = "[No Variations]"
Add component (AddParameter): Name = "ComponentLink1Description"; Value = "Website Link"; VariantName = "[No Variations]"
Add component (AddParameter): Name = "ComponentLink1URL"; Value = "https://www.we-online.com/redexpert/article/885012008001?ad"; VariantName = "[No Variations]"
Add component (AddParameter): Name = "ComponentLink2Description"; Value = "Datasheet Link"; VariantName = "[No Variations]"
Add component (AddParameter): Name = "ComponentLink2URL"; Value = "https://www.we-online.com/redexpert/spec/885012008001?ad"; VariantName = "[No Variations]"
Add component (AddParameter): Name = "Height"; Value = "0.8mm"; VariantName = "[No Variations]"
Add component (AddParameter): Name = "Length"; Value = "3.2mm"; VariantName = "[No Variations]"
Add component (AddParameter): Name = "Manufacturer"; Value = "Wurth Elektronik"; VariantName = "[No Variations]"
Add component (AddParameter): Name = "Manufacturer Part Number"; Value = "885012008001"; VariantName = "[No Variations]"
Add component (AddParameter): Name = "Match Code"; Value = "WCAP-CSGP"; VariantName = "[No Variations]"
Add component (AddParameter): Name = "Max Operating Temperature"; Value = "125°C"; VariantName = "[No Variations]"
Add component (AddParameter): Name = "Min Operating Temperature"; Value = "-55°C"; VariantName = "[No Variations]"
Add component (AddParameter): Name = "Mount"; Value = "Surface Mount"; VariantName = "[No Variations]"
Add component (AddParameter): Name = "Packaging"; Value = "Tape and Reel"; VariantName = "[No Variations]"
Add component (AddParameter): Name = "Q Factor"; Value = "600"; VariantName = "[No Variations]"
Add component (AddParameter): Name = "Rated Voltage (DC)"; Value = "10V"; VariantName = "[No Variations]"
Add component (AddParameter): Name = "Technical Reference"; Value = "NP01206100J010DFCT10000"; VariantName = "[No Variations]"
Add component (AddParameter): Name = "Width"; Value = "1.6mm"; VariantName = "[No Variations]"
Add component (AddParameter): Name = "Insulation Resistance"; Value = "10G?"; VariantName = "[No Variations]"
Added Component: Designator=C18(WCAP-CSGP_1206_L3.2W1.6H0.8)
Add component (AddParameter): Name = "Capacitance"; Value = "10pF"; VariantName = "[No Variations]"
Add component (AddParameter): Name = "Capacitance Tolerance"; Value = "+/-5%"; VariantName = "[No Variations]"
Add component (AddParameter): Name = "Case/Size Code"; Value = "1206"; VariantName = "[No Variations]"
Add component (AddParameter): Name = "Category"; Value = "Multilayer Ceramic Chip Capacitors"; VariantName = "[No Variations]"
Add component (AddParameter): Name = "Ceramic Type"; Value = "NP0"; VariantName = "[No Variations]"
Add component (AddParameter): Name = "ComponentLink1Description"; Value = "Website Link"; VariantName = "[No Variations]"
Add component (AddParameter): Name = "ComponentLink1URL"; Value = "https://www.we-online.com/redexpert/article/885012008001?ad"; VariantName = "[No Variations]"
Add component (AddParameter): Name = "ComponentLink2Description"; Value = "Datasheet Link"; VariantName = "[No Variations]"
Add component (AddParameter): Name = "ComponentLink2URL"; Value = "https://www.we-online.com/redexpert/spec/885012008001?ad"; VariantName = "[No Variations]"
Add component (AddParameter): Name = "Height"; Value = "0.8mm"; VariantName = "[No Variations]"
Add component (AddParameter): Name = "Length"; Value = "3.2mm"; VariantName = "[No Variations]"
Add component (AddParameter): Name = "Manufacturer"; Value = "Wurth Elektronik"; VariantName = "[No Variations]"
Add component (AddParameter): Name = "Manufacturer Part Number"; Value = "885012008001"; VariantName = "[No Variations]"
Add component (AddParameter): Name = "Match Code"; Value = "WCAP-CSGP"; VariantName = "[No Variations]"
Add component (AddParameter): Name = "Max Operating Temperature"; Value = "125°C"; VariantName = "[No Variations]"
Add component (AddParameter): Name = "Min Operating Temperature"; Value = "-55°C"; VariantName = "[No Variations]"
Add component (AddParameter): Name = "Mount"; Value = "Surface Mount"; VariantName = "[No Variations]"
Add component (AddParameter): Name = "Packaging"; Value = "Tape and Reel"; VariantName = "[No Variations]"
Add component (AddParameter): Name = "Q Factor"; Value = "600"; VariantName = "[No Variations]"
Add component (AddParameter): Name = "Rated Voltage (DC)"; Value = "10V"; VariantName = "[No Variations]"
Add component (AddParameter): Name = "Technical Reference"; Value = "NP01206100J010DFCT10000"; VariantName = "[No Variations]"
Add component (AddParameter): Name = "Width"; Value = "1.6mm"; VariantName = "[No Variations]"
Add component (AddParameter): Name = "Insulation Resistance"; Value = "10G?"; VariantName = "[No Variations]"
Added Pin To Net: NetName=ISO_+12_A_L Pin=C9-1
Added Pin To Net: NetName=A_VSS_L Pin=C9-2
Added Pin To Net: NetName=ISO_+12_B_L Pin=C18-1
Added Pin To Net: NetName=B_VSS_L Pin=C18-2
Added Pin To Net: NetName=ISO_+12_C_L Pin=C23-1
Added Pin To Net: NetName=C_VSS_L Pin=C23-2
Added Member To Class: ClassName=Driver Member=Component C9 10pF
Added Member To Class: ClassName=Driver Member=Component C18 10pF
