Removed Pin From Net: NetName=PVDD Pin=Q3-4
Removed Pin From Net: NetName=NetQ1_5 Pin=Q3-5
Removed Pin From Net: NetName=NetQ1_5 Pin=Q3-6
Removed Pin From Net: NetName=NetQ1_5 Pin=Q3-7
Removed Pin From Net: NetName=NetQ1_5 Pin=Q6-4
Removed Pin From Net: NetName=GND Pin=Q6-5
Removed Pin From Net: NetName=GND Pin=Q6-6
Removed Pin From Net: NetName=GND Pin=Q6-7
Removed Pin From Net: NetName=PVDD Pin=Q9-4
Removed Pin From Net: NetName=NetQ7_5 Pin=Q9-5
Removed Pin From Net: NetName=NetQ7_5 Pin=Q9-6
Removed Pin From Net: NetName=NetQ7_5 Pin=Q9-7
Removed Pin From Net: NetName=NetQ7_5 Pin=Q12-4
Removed Pin From Net: NetName=GND Pin=Q12-5
Removed Pin From Net: NetName=GND Pin=Q12-6
Removed Pin From Net: NetName=GND Pin=Q12-7
Removed Pin From Net: NetName=PVDD Pin=Q15-4
Removed Pin From Net: NetName=NetQ13_5 Pin=Q15-5
Removed Pin From Net: NetName=NetQ13_5 Pin=Q15-6
Removed Pin From Net: NetName=NetQ13_5 Pin=Q15-7
Removed Pin From Net: NetName=NetQ13_5 Pin=Q18-4
Removed Pin From Net: NetName=GND Pin=Q18-5
Removed Pin From Net: NetName=GND Pin=Q18-6
Removed Pin From Net: NetName=GND Pin=Q18-7
Removed Pin From Net: NetName=Phase_A_H Pin=R48-1
Removed Pin From Net: NetName=A_VSS_H Pin=R51-1
Removed Pin From Net: NetName=Phase_A_L Pin=R54-1
Removed Pin From Net: NetName=A_VSS_L Pin=R57-1
Removed Pin From Net: NetName=Phase_B_H Pin=R61-1
Removed Pin From Net: NetName=B_VSS_H Pin=R64-1
Removed Pin From Net: NetName=Phase_B_L Pin=R67-1
Removed Pin From Net: NetName=B_VSS_L Pin=R70-1
Removed Pin From Net: NetName=Phase_C_H Pin=R74-1
Removed Pin From Net: NetName=C_VSS_H Pin=R77-1
Removed Pin From Net: NetName=Phase_C_H Pin=R80-1
Removed Pin From Net: NetName=C_VSS_L Pin=R83-1
Removed Member From Class: ClassName=Power Member=Q3
Removed Member From Class: ClassName=Power Member=Q6
Removed Member From Class: ClassName=Power Member=Q9
Removed Member From Class: ClassName=Power Member=Q12
Removed Member From Class: ClassName=Power Member=Q15
Removed Member From Class: ClassName=Power Member=Q18
Removed Member From Class: ClassName=Power Member=R48
Removed Member From Class: ClassName=Power Member=R51
Removed Member From Class: ClassName=Power Member=R54
Removed Member From Class: ClassName=Power Member=R57
Removed Member From Class: ClassName=Power Member=R61
Removed Member From Class: ClassName=Power Member=R64
Removed Member From Class: ClassName=Power Member=R67
Removed Member From Class: ClassName=Power Member=R70
Removed Member From Class: ClassName=Power Member=R74
Removed Member From Class: ClassName=Power Member=R77
Removed Member From Class: ClassName=Power Member=R80
Removed Member From Class: ClassName=Power Member=R83
