Change Component Designator: OldDesignator=C? NewDesignator=C85
Change Component Designator: OldDesignator=C? NewDesignator=C98
Change Component Designator: OldDesignator=C? NewDesignator=C99
Change Component Designator: OldDesignator=C? NewDesignator=C100
Change Component Designator: OldDesignator=C? NewDesignator=C101
Change Component Designator: OldDesignator=C? NewDesignator=C102
Change Component Designator: OldDesignator=C? NewDesignator=C103
Change Component Designator: OldDesignator=C? NewDesignator=C104
Change Component Designator: OldDesignator=C? NewDesignator=C105
Change Component Designator: OldDesignator=C? NewDesignator=C106
Change Component Designator: OldDesignator=IC? NewDesignator=IC4
Change Component Designator: OldDesignator=J? NewDesignator=J1
Change Component Designator: OldDesignator=J? NewDesignator=J2
Change Component Designator: OldDesignator=J? NewDesignator=J3
Change Component Designator: OldDesignator=J? NewDesignator=J4
Change Component Designator: OldDesignator=J? NewDesignator=J5
Change Component Designator: OldDesignator=P? NewDesignator=P1
Change Component Designator: OldDesignator=R? NewDesignator=R2
Change Component Designator: OldDesignator=R? NewDesignator=R8
Change Component Designator: OldDesignator=R? NewDesignator=R13
Change Component Designator: OldDesignator=R? NewDesignator=R15
Change Component Designator: OldDesignator=R? NewDesignator=R17
Change Component Designator: OldDesignator=R? NewDesignator=R23
Change Component Designator: OldDesignator=R? NewDesignator=R28
Change Component Designator: OldDesignator=R? NewDesignator=R30
Change Component Designator: OldDesignator=R? NewDesignator=R32
Change Component Designator: OldDesignator=R? NewDesignator=R38
Change Component Designator: OldDesignator=R? NewDesignator=R43
Change Component Designator: OldDesignator=U? NewDesignator=U7
Added Component: Designator=LED1(0805LED)
Added Component: Designator=LED2(0805LED)
Added Pin To Net: NetName=ENABLE Pin=LED1-2
Added Pin To Net: NetName=FWD/REV Pin=LED2-2
Change Net Name : Old Net Name=NetC?_1 New Net Name=NetC104_1
Change Net Name : Old Net Name=NetJ?_1 New Net Name=NetJ3_1
Change Net Name : Old Net Name=NetJ?_2 New Net Name=NetJ3_2
Added Pin To Net: NetName=NetC103_1 Pin=C103-1
Added Pin To Net: NetName=NetC103_1 Pin=C105-1
Added Pin To Net: NetName=NetC103_1 Pin=U7-3
Added Net: Name=NetC103_1
Added Pin To Net: NetName=NetLED1_1 Pin=LED1-1
Added Pin To Net: NetName=NetLED1_1 Pin=R28-2
Added Net: Name=NetLED1_1
Added Pin To Net: NetName=NetLED2_1 Pin=LED2-1
Added Pin To Net: NetName=NetLED2_1 Pin=R43-2
Added Net: Name=NetLED2_1
Added Member To Class: ClassName=Connection Member=Component C85 100nF 16V
Added Member To Class: ClassName=Connection Member=Component C98 100nF 35V
Added Member To Class: ClassName=Connection Member=Component C100 100nF 35V
Added Member To Class: ClassName=Connection Member=Component C101 330nF 50V
Added Member To Class: ClassName=Connection Member=Component C102 100nF 25V
Added Member To Class: ClassName=Connection Member=Component C103 100nF
Added Member To Class: ClassName=Connection Member=Component C104 4.7nF
Added Member To Class: ClassName=Connection Member=Component C105 2.2uF
Added Member To Class: ClassName=Connection Member=Component C106 100nF
Added Member To Class: ClassName=Connection Member=Component J1 3P 3.81MM
Added Member To Class: ClassName=Connection Member=Component J3 DS1070 3 Pin
Added Member To Class: ClassName=Connection Member=Component J4 2P 3.81mm
Added Member To Class: ClassName=Connection Member=Component J5 2P 3.81mm
Added Member To Class: ClassName=Connection Member=Component LED1 Green
Added Member To Class: ClassName=Connection Member=Component LED2 Green
Added Member To Class: ClassName=Connection Member=Component R2 10k Ohms
Added Member To Class: ClassName=Connection Member=Component R8 10k Ohms
Added Member To Class: ClassName=Connection Member=Component R15 100k Ohms
Added Member To Class: ClassName=Connection Member=Component R17 5.5k Ohms
Added Member To Class: ClassName=Connection Member=Component R23 60 Ohms
Added Member To Class: ClassName=Connection Member=Component R28 2k2
Added Member To Class: ClassName=Connection Member=Component R30 60 Ohms
Added Member To Class: ClassName=Connection Member=Component R32 4.7K
Added Member To Class: ClassName=Connection Member=Component R38 4.7K
Added Member To Class: ClassName=Connection Member=Component R43 2k2
