Added Component: Designator=MP10(7466303)
Add component (AddParameter): Name = "Category"; Value = "REDCUBE SMT"; VariantName = "[No Variations]"
Add component (AddParameter): Name = "ComponentLink1Description"; Value = "Website Link"; VariantName = "[No Variations]"
Add component (AddParameter): Name = "ComponentLink1URL"; Value = "https://www.we-online.com/redexpert/article/7466303?ad"; VariantName = "[No Variations]"
Add component (AddParameter): Name = "ComponentLink2Description"; Value = "Datasheet Link"; VariantName = "[No Variations]"
Add component (AddParameter): Name = "ComponentLink2URL"; Value = "https://www.we-online.com/redexpert/spec/7466303?ad"; VariantName = "[No Variations]"
Add component (AddParameter): Name = "Height"; Value = "5mm"; VariantName = "[No Variations]"
Add component (AddParameter): Name = "Manufacturer"; Value = "Wurth Elektronik"; VariantName = "[No Variations]"
Add component (AddParameter): Name = "Manufacturer Part Number"; Value = "7466303"; VariantName = "[No Variations]"
Add component (AddParameter): Name = "Match Code"; Value = "WP-SMRA"; VariantName = "[No Variations]"
Add component (AddParameter): Name = "Material"; Value = "Brass"; VariantName = "[No Variations]"
Add component (AddParameter): Name = "Mount"; Value = "Surface Mount"; VariantName = "[No Variations]"
Add component (AddParameter): Name = "Operating Temperature Max"; Value = "150°C"; VariantName = "[No Variations]"
Add component (AddParameter): Name = "Operating Temperature Min"; Value = "-55°C"; VariantName = "[No Variations]"
Add component (AddParameter): Name = "Packaging"; Value = "Bulk"; VariantName = "[No Variations]"
Add component (AddParameter): Name = "Rated Current"; Value = "50A"; VariantName = "[No Variations]"
Add component (AddParameter): Name = "Surface"; Value = "Tin"; VariantName = "[No Variations]"
Add component (AddParameter): Name = "Thread Size"; Value = "M3"; VariantName = "[No Variations]"
Added Component: Designator=MP11(7466303)
Add component (AddParameter): Name = "Category"; Value = "REDCUBE SMT"; VariantName = "[No Variations]"
Add component (AddParameter): Name = "ComponentLink1Description"; Value = "Website Link"; VariantName = "[No Variations]"
Add component (AddParameter): Name = "ComponentLink1URL"; Value = "https://www.we-online.com/redexpert/article/7466303?ad"; VariantName = "[No Variations]"
Add component (AddParameter): Name = "ComponentLink2Description"; Value = "Datasheet Link"; VariantName = "[No Variations]"
Add component (AddParameter): Name = "ComponentLink2URL"; Value = "https://www.we-online.com/redexpert/spec/7466303?ad"; VariantName = "[No Variations]"
Add component (AddParameter): Name = "Height"; Value = "5mm"; VariantName = "[No Variations]"
Add component (AddParameter): Name = "Manufacturer"; Value = "Wurth Elektronik"; VariantName = "[No Variations]"
Add component (AddParameter): Name = "Manufacturer Part Number"; Value = "7466303"; VariantName = "[No Variations]"
Add component (AddParameter): Name = "Match Code"; Value = "WP-SMRA"; VariantName = "[No Variations]"
Add component (AddParameter): Name = "Material"; Value = "Brass"; VariantName = "[No Variations]"
Add component (AddParameter): Name = "Mount"; Value = "Surface Mount"; VariantName = "[No Variations]"
Add component (AddParameter): Name = "Operating Temperature Max"; Value = "150°C"; VariantName = "[No Variations]"
Add component (AddParameter): Name = "Operating Temperature Min"; Value = "-55°C"; VariantName = "[No Variations]"
Add component (AddParameter): Name = "Packaging"; Value = "Bulk"; VariantName = "[No Variations]"
Add component (AddParameter): Name = "Rated Current"; Value = "50A"; VariantName = "[No Variations]"
Add component (AddParameter): Name = "Surface"; Value = "Tin"; VariantName = "[No Variations]"
Add component (AddParameter): Name = "Thread Size"; Value = "M3"; VariantName = "[No Variations]"
Added Member To Class: ClassName=Connection Member=Component MP9 M3 x 11mm
Added Member To Class: ClassName=Connection Member=Component MP10 M3
Added Member To Class: ClassName=Connection Member=Component MP11 M3
Added Member To Class: ClassName=Connection Member=Component U7 TJA1051T/3
