Removed Pin From Net: NetName=A_VSS_H Pin=B1-4
Removed Pin From Net: NetName=B_VSS_H Pin=B3-4
Removed Pin From Net: NetName=C_VSS_H Pin=B6-4
Removed Pin From Net: NetName=A_VSS_L Pin=C10-2
Removed Pin From Net: NetName=A_VSS_L Pin=C11-1
Removed Pin From Net: NetName=A_VSS_H Pin=C12-2
Removed Pin From Net: NetName=A_VSS_H Pin=C13-1
Removed Pin From Net: NetName=A_VSS_L Pin=C24-2
Removed Pin From Net: NetName=A_VSS_L Pin=C25-1
Removed Pin From Net: NetName=B_VSS_H Pin=C26-2
Removed Pin From Net: NetName=B_VSS_H Pin=C27-1
Removed Pin From Net: NetName=A_VSS_L Pin=C38-2
Removed Pin From Net: NetName=A_VSS_L Pin=C39-1
Removed Pin From Net: NetName=C_VSS_H Pin=C40-2
Removed Pin From Net: NetName=C_VSS_H Pin=C41-1
Removed Pin From Net: NetName=A_VSS_H Pin=Q1-2
Removed Pin From Net: NetName=A_VSS_H Pin=Q1-3
Removed Pin From Net: NetName=A_VSS_H Pin=Q2-2
Removed Pin From Net: NetName=A_VSS_H Pin=Q2-3
Removed Pin From Net: NetName=A_VSS_L Pin=Q4-2
Removed Pin From Net: NetName=A_VSS_L Pin=Q4-3
Removed Pin From Net: NetName=A_VSS_L Pin=Q5-2
Removed Pin From Net: NetName=A_VSS_L Pin=Q5-3
Removed Pin From Net: NetName=B_VSS_H Pin=Q7-2
Removed Pin From Net: NetName=B_VSS_H Pin=Q7-3
Removed Pin From Net: NetName=B_VSS_H Pin=Q8-2
Removed Pin From Net: NetName=B_VSS_H Pin=Q8-3
Removed Pin From Net: NetName=A_VSS_L Pin=Q10-2
Removed Pin From Net: NetName=A_VSS_L Pin=Q10-3
Removed Pin From Net: NetName=A_VSS_L Pin=Q11-2
Removed Pin From Net: NetName=A_VSS_L Pin=Q11-3
Removed Pin From Net: NetName=C_VSS_H Pin=Q13-2
Removed Pin From Net: NetName=C_VSS_H Pin=Q13-3
Removed Pin From Net: NetName=C_VSS_H Pin=Q14-2
Removed Pin From Net: NetName=C_VSS_H Pin=Q14-3
Removed Pin From Net: NetName=A_VSS_L Pin=Q16-2
Removed Pin From Net: NetName=A_VSS_L Pin=Q16-3
Removed Pin From Net: NetName=A_VSS_L Pin=Q17-2
Removed Pin From Net: NetName=A_VSS_L Pin=Q17-3
Removed Pin From Net: NetName=A_VSS_H Pin=R4-1
Removed Pin From Net: NetName=A_VSS_L Pin=R11-2
Removed Pin From Net: NetName=A_VSS_L Pin=R14-2
Removed Pin From Net: NetName=B_VSS_H Pin=R19-1
Removed Pin From Net: NetName=A_VSS_L Pin=R26-2
Removed Pin From Net: NetName=A_VSS_L Pin=R29-2
Removed Pin From Net: NetName=C_VSS_H Pin=R34-1
Removed Pin From Net: NetName=A_VSS_L Pin=R41-2
Removed Pin From Net: NetName=A_VSS_L Pin=R44-2
Removed Pin From Net: NetName=A_VSS_L Pin=U1-9
Removed Pin From Net: NetName=A_VSS_H Pin=U1-14
Removed Pin From Net: NetName=A_VSS_L Pin=U2-9
Removed Pin From Net: NetName=B_VSS_H Pin=U2-14
Removed Pin From Net: NetName=A_VSS_L Pin=U3-9
Removed Pin From Net: NetName=C_VSS_H Pin=U3-14
Change Component Designator: OldDesignator=+5V NewDesignator=+1
Change Component Designator: OldDesignator=+15V NewDesignator=+2
Change Component Designator: OldDesignator=PVDD NewDesignator=VIN1
Added Pin To Net: NetName=kelvin 2 Pin=C10-2
Added Pin To Net: NetName=kelvin 2 Pin=C11-1
Added Pin To Net: NetName=kelvin 2 Pin=Q4-2
Added Pin To Net: NetName=kelvin 2 Pin=Q4-3
Added Pin To Net: NetName=kelvin 2 Pin=Q5-2
Added Pin To Net: NetName=kelvin 2 Pin=Q5-3
Added Pin To Net: NetName=kelvin 2 Pin=R11-2
Added Pin To Net: NetName=kelvin 2 Pin=R14-2
Added Pin To Net: NetName=kelvin 2 Pin=U1-9
Added Net: Name=kelvin 2
Added Pin To Net: NetName=kelvin 4 Pin=C24-2
Added Pin To Net: NetName=kelvin 4 Pin=C25-1
Added Pin To Net: NetName=kelvin 4 Pin=Q10-2
Added Pin To Net: NetName=kelvin 4 Pin=Q10-3
Added Pin To Net: NetName=kelvin 4 Pin=Q11-2
Added Pin To Net: NetName=kelvin 4 Pin=Q11-3
Added Pin To Net: NetName=kelvin 4 Pin=R26-2
Added Pin To Net: NetName=kelvin 4 Pin=R29-2
Added Pin To Net: NetName=kelvin 4 Pin=U2-9
Added Net: Name=kelvin 4
Added Pin To Net: NetName=kelvin 6 Pin=C38-2
Added Pin To Net: NetName=kelvin 6 Pin=C39-1
Added Pin To Net: NetName=kelvin 6 Pin=Q16-2
Added Pin To Net: NetName=kelvin 6 Pin=Q16-3
Added Pin To Net: NetName=kelvin 6 Pin=Q17-2
Added Pin To Net: NetName=kelvin 6 Pin=Q17-3
Added Pin To Net: NetName=kelvin 6 Pin=R41-2
Added Pin To Net: NetName=kelvin 6 Pin=R44-2
Added Pin To Net: NetName=kelvin 6 Pin=U3-9
Added Net: Name=kelvin 6
