Added Pin To Net: NetName=NetC105_1 Pin=C105-1
Added Pin To Net: NetName=Current_Sense_A Pin=C105-2
Added Pin To Net: NetName=NetC106_1 Pin=C106-1
Added Pin To Net: NetName=Current_Sense_B Pin=C106-2
Added Pin To Net: NetName=NetC107_1 Pin=C107-1
Added Pin To Net: NetName=Current_Sense_C Pin=C107-2
Added Pin To Net: NetName=NetR45_1 Pin=R45-1
Added Pin To Net: NetName=+3.3V Pin=R45-2
Added Pin To Net: NetName=GND Pin=R48-1
Added Pin To Net: NetName=NetR45_1 Pin=R48-2
Added Pin To Net: NetName=COUT_A Pin=R49-1
Added Pin To Net: NetName=NetC105_1 Pin=R49-2
Added Pin To Net: NetName=NetC105_1 Pin=R50-1
Added Pin To Net: NetName=Current_Sense_A Pin=R50-2
Added Pin To Net: NetName=NetR51_1 Pin=R51-1
Added Pin To Net: NetName=+3.3V Pin=R51-2
Added Pin To Net: NetName=GND Pin=R54-1
Added Pin To Net: NetName=NetR51_1 Pin=R54-2
Added Pin To Net: NetName=COUT_B Pin=R55-1
Added Pin To Net: NetName=NetC106_1 Pin=R55-2
Added Pin To Net: NetName=NetC106_1 Pin=R56-1
Added Pin To Net: NetName=Current_Sense_B Pin=R56-2
Added Pin To Net: NetName=NetR57_1 Pin=R57-1
Added Pin To Net: NetName=+3.3V Pin=R57-2
Added Pin To Net: NetName=GND Pin=R61-1
Added Pin To Net: NetName=NetR57_1 Pin=R61-2
Added Pin To Net: NetName=COUT_C Pin=R62-1
Added Pin To Net: NetName=NetC107_1 Pin=R62-2
Added Pin To Net: NetName=NetC107_1 Pin=R63-1
Added Pin To Net: NetName=Current_Sense_C Pin=R63-2
Added Pin To Net: NetName=NetR45_1 Pin=U8-1
Added Pin To Net: NetName=GND Pin=U8-2
Added Pin To Net: NetName=NetC105_1 Pin=U8-3
Added Pin To Net: NetName=Current_Sense_A Pin=U8-4
Added Pin To Net: NetName=+3.3V Pin=U8-5
Added Pin To Net: NetName=NetR51_1 Pin=U9-1
Added Pin To Net: NetName=GND Pin=U9-2
Added Pin To Net: NetName=NetC106_1 Pin=U9-3
Added Pin To Net: NetName=Current_Sense_B Pin=U9-4
Added Pin To Net: NetName=+3.3V Pin=U9-5
Added Pin To Net: NetName=NetR57_1 Pin=U10-1
Added Pin To Net: NetName=GND Pin=U10-2
Added Pin To Net: NetName=NetC107_1 Pin=U10-3
Added Pin To Net: NetName=Current_Sense_C Pin=U10-4
Added Pin To Net: NetName=+3.3V Pin=U10-5
