Removed Pin From Net: NetName=PVDD Pin=C?-1
Removed Pin From Net: NetName=GND Pin=C?-2
Removed Pin From Net: NetName=ISO_5V Pin=L?-1
Removed Pin From Net: NetName=NetB?_2 Pin=L?-2
Removed Pin From Net: NetName=NetR?_1 Pin=R?-1
Removed Pin From Net: NetName=NetR?_1 Pin=R?-2
Removed Pin From Net: NetName=+15V Pin=U?-1
Removed Pin From Net: NetName=GND Pin=U?-2
Removed Pin From Net: NetName=ISO_5V Pin=U?-3
Removed Pin From Net: NetName=NetD?_2 Pin=VR?-2
Removed Pin From Net: NetName=GND Pin=VR?-3
Add Component: Footprint Not Found R1SE3305H2R
Add Component: Footprint Not Found R1SE3305H2R
Add Component: Footprint Not Found R1SE3305H2R
Add Component: Footprint Not Found R1SE3305H2R
Add Component: Footprint Not Found R1SE3305H2R
Add Component: Footprint Not Found R1SE3305H2R
Add Component: Footprint Not Found WCAP-ATG5_D5H11
Add Component: Footprint Not Found WCAP-ATG5_D5H11
Add Component: Footprint Not Found Wolfspeed_TO-252-2_v2_MFG
Add Component: Footprint Not Found Wolfspeed_TO-252-2_v2_MFG
Add Component: Footprint Not Found Wolfspeed_TO-252-2_v2_MFG
Added Component: Designator=IC?(ACS772ECB200BPFFT)
Add component (AddParameter): Name = "Arrow Part Number"; Value = "ACS758LCB-100B-PFF-T"; VariantName = "[No Variations]"
Add component (AddParameter): Name = "Arrow Price/Stock"; Value = "https://www.arrow.com/en/products/acs758lcb-100b-pff-t/allegro-microsystems?region=nac"; VariantName = "[No Variations]"
Add component (AddParameter): Name = "Datasheet Link"; Value = "https://www.allegromicro.com/-/media/files/datasheets/acs758-datasheet.ashx"; VariantName = "[No Variations]"
Add component (AddParameter): Name = "Height"; Value = "7.1mm"; VariantName = "[No Variations]"
Add component (AddParameter): Name = "Manufacturer_Name"; Value = "Allegro Microsystems"; VariantName = "[No Variations]"
Add component (AddParameter): Name = "Manufacturer_Part_Number"; Value = "ACS758LCB-100B-PFF-T"; VariantName = "[No Variations]"
Add component (AddParameter): Name = "Mouser Part Number"; Value = "250-758LCB100BPFFT"; VariantName = "[No Variations]"
Add component (AddParameter): Name = "Mouser Price/Stock"; Value = "https://www.mouser.co.uk/ProductDetail/Allegro-MicroSystems/ACS758LCB-100B-PFF-T?qs=pUKx8fyJudA0WtlqV%2Fcrcw%3D%3D"; VariantName = "[No Variations]"
Add Component: Footprint Not Found ACS772ECB200BPFFT
Added Component: Designator=IC?(ACS772ECB200BPFFT)
Add component (AddParameter): Name = "Arrow Part Number"; Value = "ACS758LCB-100B-PFF-T"; VariantName = "[No Variations]"
Add component (AddParameter): Name = "Arrow Price/Stock"; Value = "https://www.arrow.com/en/products/acs758lcb-100b-pff-t/allegro-microsystems?region=nac"; VariantName = "[No Variations]"
Add component (AddParameter): Name = "Datasheet Link"; Value = "https://www.allegromicro.com/-/media/files/datasheets/acs758-datasheet.ashx"; VariantName = "[No Variations]"
Add component (AddParameter): Name = "Height"; Value = "7.1mm"; VariantName = "[No Variations]"
Add component (AddParameter): Name = "Manufacturer_Name"; Value = "Allegro Microsystems"; VariantName = "[No Variations]"
Add component (AddParameter): Name = "Manufacturer_Part_Number"; Value = "ACS758LCB-100B-PFF-T"; VariantName = "[No Variations]"
Add component (AddParameter): Name = "Mouser Part Number"; Value = "250-758LCB100BPFFT"; VariantName = "[No Variations]"
Add component (AddParameter): Name = "Mouser Price/Stock"; Value = "https://www.mouser.co.uk/ProductDetail/Allegro-MicroSystems/ACS758LCB-100B-PFF-T?qs=pUKx8fyJudA0WtlqV%2Fcrcw%3D%3D"; VariantName = "[No Variations]"
Add Component: Footprint Not Found ACS772ECB200BPFFT
Add Component: Footprint Not Found IND_RLS-126-R
Add Component: Footprint Not Found IND_RLS-126-R
Add Component: Footprint Not Found IND_RLS-126-R
Add Component: Footprint Not Found IND_RLS-126-R
Add Component: Footprint Not Found IND_RLS-126-R
Add Component: Footprint Not Found IND_RLS-126-R
Add Component: Footprint Not Found 0805_RES
Add Component: Footprint Not Found 0805_RES
Add Component: Footprint Not Found WPME-FDSM_SIP-3_L11.6W8.5H10.5
Add Component: Footprint Not Found WPME-FDSM_SIP-3_L11.6W8.5H10.5
Add Component: Footprint Not Found TO170P1524X483-6N
Add Pin To Net: Unknown Pin: Pin B?-1
Add Pin To Net: Unknown Pin: Pin B?-1
Add Pin To Net: Unknown Pin: Pin B?-1
Add Pin To Net: Unknown Pin: Pin B?-1
Add Pin To Net: Unknown Pin: Pin B?-1
Add Pin To Net: Unknown Pin: Pin B?-1
Add Pin To Net: Unknown Pin: Pin B?-2
Add Pin To Net: Unknown Pin: Pin B?-4
Add Pin To Net: Unknown Pin: Pin B?-4
Add Pin To Net: Unknown Pin: Pin B?-4
Add Pin To Net: Unknown Pin: Pin B?-4
Add Pin To Net: Unknown Pin: Pin B?-4
Add Pin To Net: Unknown Pin: Pin B?-4
Add Pin To Net: Unknown Pin: Pin B?-5
Add Pin To Net: Unknown Pin: Pin B?-5
Add Pin To Net: Unknown Pin: Pin B?-5
Add Pin To Net: Unknown Pin: Pin B?-5
Add Pin To Net: Unknown Pin: Pin B?-5
Add Pin To Net: Unknown Pin: Pin B?-5
Added Pin To Net: NetName=+45V Pin=C?-1
Added Pin To Net: NetName=GND Pin=C?-1
Added Pin To Net: NetName=PVDD Pin=C?-1
Added Pin To Net: NetName=GND Pin=C?-2
Add Pin To Net: Unknown Pin: Pin D?-1
Add Pin To Net: Unknown Pin: Pin D?-1
Add Pin To Net: Unknown Pin: Pin D?-1
Add Pin To Net: Unknown Pin: Pin D?-3
Add Pin To Net: Unknown Pin: Pin D?-3
Add Pin To Net: Unknown Pin: Pin D?-3
Added Pin To Net: NetName=+3.3V Pin=IC?-1
Added Pin To Net: NetName=GND Pin=IC?-2
Added Pin To Net: NetName=NetQ?_4 Pin=IC?-4
Added Pin To Net: NetName=PHASE_A Pin=IC?-5
Added Pin To Net: NetName=PHASE_A Pin=IC?-5
Added Pin To Net: NetName=PHASE_B Pin=IC?-5
Added Pin To Net: NetName=PHASE_B Pin=IC?-5
Added Pin To Net: NetName=PHASE_C Pin=IC?-5
Added Pin To Net: NetName=PHASE_C Pin=IC?-5
Added Pin To Net: NetName=PHASE_A Pin=IC?-6
Added Pin To Net: NetName=PHASE_B Pin=IC?-6
Added Pin To Net: NetName=PHASE_C Pin=IC?-6
Added Pin To Net: NetName=PHASE_A Pin=IC?-7
Added Pin To Net: NetName=PHASE_B Pin=IC?-7
Added Pin To Net: NetName=PHASE_C Pin=IC?-7
Added Pin To Net: NetName=PHASE_A Pin=IC?-8
Added Pin To Net: NetName=PHASE_B Pin=IC?-8
Added Pin To Net: NetName=PHASE_C Pin=IC?-8
Added Pin To Net: NetName=PHASE_A Pin=IC?-9
Added Pin To Net: NetName=PHASE_B Pin=IC?-9
Added Pin To Net: NetName=PHASE_C Pin=IC?-9
Added Pin To Net: NetName=PHASE_A Pin=IC?-10
Added Pin To Net: NetName=PHASE_B Pin=IC?-10
Added Pin To Net: NetName=PHASE_C Pin=IC?-10
Added Pin To Net: NetName=PHASE_A Pin=IC?-11
Added Pin To Net: NetName=PHASE_B Pin=IC?-11
Added Pin To Net: NetName=PHASE_C Pin=IC?-11
Added Pin To Net: NetName=PHASE_A Pin=IC?-12
Added Pin To Net: NetName=PHASE_B Pin=IC?-12
Added Pin To Net: NetName=PHASE_C Pin=IC?-12
Added Pin To Net: NetName=PHASE_A Pin=IC?-13
Added Pin To Net: NetName=PHASE_B Pin=IC?-13
Added Pin To Net: NetName=PHASE_C Pin=IC?-13
Added Pin To Net: NetName=PHASE_A Pin=IC?-14
Added Pin To Net: NetName=PHASE_A Pin=IC?-14
Added Pin To Net: NetName=PHASE_A Pin=IC?-14
Added Pin To Net: NetName=PHASE_B Pin=IC?-14
Added Pin To Net: NetName=PHASE_B Pin=IC?-14
Added Pin To Net: NetName=PHASE_B Pin=IC?-14
Added Pin To Net: NetName=PHASE_C Pin=IC?-14
Added Pin To Net: NetName=PHASE_C Pin=IC?-14
Added Pin To Net: NetName=PHASE_C Pin=IC?-14
Added Pin To Net: NetName=PHASE_A Pin=IC?-15
Added Pin To Net: NetName=PHASE_B Pin=IC?-15
Added Pin To Net: NetName=PHASE_C Pin=IC?-15
Added Pin To Net: NetName=PHASE_A Pin=IC?-16
Added Pin To Net: NetName=PHASE_B Pin=IC?-16
Added Pin To Net: NetName=PHASE_C Pin=IC?-16
Added Pin To Net: NetName=PHASE_A Pin=IC?-17
Added Pin To Net: NetName=PHASE_B Pin=IC?-17
Added Pin To Net: NetName=PHASE_C Pin=IC?-17
Added Pin To Net: NetName=PHASE_A Pin=IC?-18
Added Pin To Net: NetName=PHASE_B Pin=IC?-18
Added Pin To Net: NetName=PHASE_C Pin=IC?-18
Added Pin To Net: NetName=PHASE_A Pin=IC?-19
Added Pin To Net: NetName=PHASE_B Pin=IC?-19
Added Pin To Net: NetName=PHASE_C Pin=IC?-19
Added Pin To Net: NetName=PHASE_A Pin=IC?-20
Added Pin To Net: NetName=PHASE_B Pin=IC?-20
Added Pin To Net: NetName=PHASE_C Pin=IC?-20
Added Pin To Net: NetName=NetQ?_4 Pin=IC?-21
Added Pin To Net: NetName=NetQ?_4 Pin=IC?-22
Added Pin To Net: NetName=NetQ?_4 Pin=IC?-23
Added Pin To Net: NetName=NetQ?_4 Pin=IC?-24
Added Pin To Net: NetName=NetQ?_4 Pin=IC?-25
Added Pin To Net: NetName=NetQ?_4 Pin=IC?-26
Added Pin To Net: NetName=NetQ?_4 Pin=IC?-27
Added Pin To Net: NetName=NetQ?_4 Pin=IC?-28
Added Pin To Net: NetName=NetQ?_4 Pin=IC?-29
Added Pin To Net: NetName=NetQ?_4 Pin=IC?-30
Added Pin To Net: NetName=NetQ?_4 Pin=IC?-31
Added Pin To Net: NetName=NetQ?_4 Pin=IC?-32
Added Pin To Net: NetName=NetQ?_4 Pin=IC?-33
Added Pin To Net: NetName=NetQ?_4 Pin=IC?-34
Added Pin To Net: NetName=NetQ?_4 Pin=IC?-35
Added Pin To Net: NetName=ISO_5V Pin=L?-1
Added Pin To Net: NetName=NetD?_2 Pin=L?-1
Added Pin To Net: NetName=+15V Pin=L?-2
Added Pin To Net: NetName=NetB?_2 Pin=L?-2
Added Pin To Net: NetName=+45V Pin=R?-1
Added Pin To Net: NetName=ISO_-12_C_L Pin=R?-1
Added Pin To Net: NetName=NetR?_1 Pin=R?-1
Added Pin To Net: NetName=C_VSS_L Pin=R?-2
Added Pin To Net: NetName=GND Pin=R?-2
Added Pin To Net: NetName=NetR?_1 Pin=R?-2
Added Pin To Net: NetName=+15V Pin=U?-1
Added Pin To Net: NetName=GND Pin=U?-2
Added Pin To Net: NetName=+5V Pin=U?-3
Added Pin To Net: NetName=ISO_5V Pin=U?-3
Added Pin To Net: NetName=+45V Pin=VR?-1
Added Pin To Net: NetName=+45V Pin=VR?-2
Added Pin To Net: NetName=NetD?_2 Pin=VR?-2
Added Pin To Net: NetName=GND Pin=VR?-3
Added Pin To Net: NetName=PVDD Pin=VR?-3
Add Pin To Net: Unknown Pin: Pin VR?-5
Add Pin To Net: Unknown Pin: Pin VR?-6
Add Net: Net with name "Net+?_1" already exists
Add Net: Net with name "Net+?_1" already exists
Add Net: Net with name "NetB?_2" already exists
Add Net: Net with name "NetB?_2" already exists
Add Net: Net with name "NetB?_2" already exists
Add Net: Net with name "NetB?_2" already exists
Add Net: Net with name "NetB?_2" already exists
Add Net: Net with name "NetC?_1" already exists
Add Net: Net with name "NetC?_1" already exists
Add Net: Net with name "NetC?_1" already exists
Add Net: Net with name "NetC?_2" already exists
Add Net: Net with name "NetC?_2" already exists
Add Net: Net with name "NetC?_2" already exists
Add Net: Net with name "NetC?_2" already exists
Add Net: Net with name "NetC?_2" already exists
Add Net: Net with name "NetC?_2" already exists
Add Net: Net with name "NetC?_2" already exists
Add Net: Net with name "NetC?_2" already exists
Add Net: Net with name "NetD?_2" already exists
Add Net: Net with name "NetD?_2" already exists
Add Net: Net with name "NetD?_2" already exists
Add Net: Net with name "NetD?_A" already exists
Add Net: Net with name "NetD?_A" already exists
Add Net: Net with name "NetD?_A" already exists
Add Net: Net with name "NetD?_A" already exists
Add Net: Net with name "NetD?_A" already exists
Add Net: Net with name "NetD?_C" already exists
Add Net: Net with name "NetD?_C" already exists
Add Net: Net with name "NetD?_C" already exists
Add Net: Net with name "NetD?_C" already exists
Add Net: Net with name "NetD?_C" already exists
Add Net: Net with name "NetQ?_1" already exists
Add Net: Net with name "NetQ?_1" already exists
Add Net: Net with name "NetQ?_1" already exists
Add Net: Net with name "NetQ?_1" already exists
Add Net: Net with name "NetQ?_1" already exists
Add Net: Net with name "NetQ?_1" already exists
Add Net: Net with name "NetQ?_1" already exists
Add Net: Net with name "NetQ?_1" already exists
Add Net: Net with name "NetQ?_1" already exists
Add Net: Net with name "NetQ?_1" already exists
Add Net: Net with name "NetQ?_1" already exists
Add Net: Net with name "NetQ?_1" already exists
Add Net: Net with name "NetQ?_1" already exists
Add Net: Net with name "NetQ?_1" already exists
Add Net: Net with name "NetQ?_1" already exists
Add Net: Net with name "NetQ?_1" already exists
Add Net: Net with name "NetQ?_1" already exists
Add Net: Net with name "NetQ?_2" already exists
Add Net: Net with name "NetQ?_2" already exists
Add Net: Net with name "NetQ?_2" already exists
Add Net: Net with name "NetQ?_2" already exists
Add Net: Net with name "NetQ?_2" already exists
Add Net: Net with name "NetQ?_2" already exists
Add Net: Net with name "NetQ?_2" already exists
Add Net: Net with name "NetQ?_2" already exists
Add Net: Net with name "NetQ?_2" already exists
Add Net: Net with name "NetQ?_2" already exists
Add Net: Net with name "NetQ?_2" already exists
Add Net: Net with name "NetQ?_2" already exists
Add Net: Net with name "NetQ?_2" already exists
Add Net: Net with name "NetQ?_2" already exists
Add Net: Net with name "NetQ?_2" already exists
Add Net: Net with name "NetQ?_2" already exists
Add Net: Net with name "NetQ?_2" already exists
Add Net: Net with name "NetQ?_4" already exists
Add Net: Net with name "NetQ?_4" already exists
Add Net: Net with name "NetR?_1" already exists
Add Net: Net with name "NetR?_1" already exists
Add Net: Net with name "NetR?_1" already exists
Added Member To Class: ClassName=Regulators Member=Component +? Green
Added Member To Class: ClassName=Regulators Member=Component +? Green
Add Class Member: Failed to add class member : Component B? R1SE-0512_H2-R
Add Class Member: Failed to add class member : Component B? R1SE-0512_H2-R
Add Class Member: Failed to add class member : Component B? R1SE-0512_H2-R
Add Class Member: Failed to add class member : Component B? R1SE-0512_H2-R
Add Class Member: Failed to add class member : Component B? R1SE-0512_H2-R
Add Class Member: Failed to add class member : Component B? R1SE-0512_H2-R
Added Member To Class: ClassName=Driver Member=Component C? 10uF 50V
Added Member To Class: ClassName=Driver Member=Component C? 2200pF 50V
Added Member To Class: ClassName=Driver Member=Component C? 220pF 50V
Added Member To Class: ClassName=Driver Member=Component C? 1uF 50V
Added Member To Class: ClassName=Driver Member=Component C? 10uF 50V
Added Member To Class: ClassName=Driver Member=Component C? 220nF 50V
Added Member To Class: ClassName=Driver Member=Component C? 10uF 50V
Added Member To Class: ClassName=Driver Member=Component C? 100nF 50V
Added Member To Class: ClassName=Driver Member=Component C? 100nF 50V
Added Member To Class: ClassName=Driver Member=Component C? 2200pF 50V
Added Member To Class: ClassName=Driver Member=Component C? 1uF 50V
Added Member To Class: ClassName=Driver Member=Component C? 220nF 50V
Added Member To Class: ClassName=Driver Member=Component C? 220pF 50V
Added Member To Class: ClassName=Driver Member=Component C? 1uF 50V
Added Member To Class: ClassName=Driver Member=Component C? 100nF 50V
Added Member To Class: ClassName=Driver Member=Component C? 220pF 50V
Added Member To Class: ClassName=Driver Member=Component C? 1uF 50V
Added Member To Class: ClassName=Driver Member=Component C? 100nF 50V
Added Member To Class: ClassName=Driver Member=Component C? 1uF 50V
Added Member To Class: ClassName=Driver Member=Component C? 1uF 50V
Added Member To Class: ClassName=Driver Member=Component C? 220pF 50V
Added Member To Class: ClassName=Driver Member=Component C? 10uF 50V
Added Member To Class: ClassName=Driver Member=Component C? 220pF 50V
Added Member To Class: ClassName=Driver Member=Component C? 220pF 50V
Added Member To Class: ClassName=Driver Member=Component C? 10uF Tantalum
Added Member To Class: ClassName=Driver Member=Component C? 220nF 50V
Added Member To Class: ClassName=Driver Member=Component C? 2200pF 50V
Added Member To Class: ClassName=Driver Member=Component C? 220pF 50V
Added Member To Class: ClassName=Driver Member=Component C? 1uF Tantalum
Added Member To Class: ClassName=Driver Member=Component C? 100nF 50V
Added Member To Class: ClassName=Driver Member=Component C? 100nF 50V
Added Member To Class: ClassName=Driver Member=Component C? 10uF Tantalum
Added Member To Class: ClassName=Driver Member=Component C? 10uF 50V
Added Member To Class: ClassName=Driver Member=Component C? 220pF 50V
Added Member To Class: ClassName=Driver Member=Component C? 100nF 50V
Added Member To Class: ClassName=Driver Member=Component C? 220pF 50V
Added Member To Class: ClassName=Driver Member=Component C? 100nF 50V
Added Member To Class: ClassName=Driver Member=Component C? 1uF Tantalum
Added Member To Class: ClassName=Driver Member=Component C? 10uF 50V
Added Member To Class: ClassName=Driver Member=Component C? 10uF Tantalum
Added Member To Class: ClassName=Driver Member=Component C? 100nF 50V
Added Member To Class: ClassName=Power Member=Component C? 4.7uF
Added Member To Class: ClassName=Power Member=Component C? 4.7uF
Added Member To Class: ClassName=Power Member=Component C? 4.7uF
Added Member To Class: ClassName=Power Member=Component C? 470uF 200V
Added Member To Class: ClassName=Power Member=Component C? 4.7uF
Added Member To Class: ClassName=Power Member=Component C? 4.7uF
Added Member To Class: ClassName=Power Member=Component C? 470uF 200V
Added Member To Class: ClassName=Power Member=Component C? 4.7uF
Added Member To Class: ClassName=Power Member=Component C? 470uF 200V
Added Member To Class: ClassName=Power Member=Component C? 1uF 16V
Added Member To Class: ClassName=Power Member=Component C? 4.7uF
Added Member To Class: ClassName=Power Member=Component C? 4.7uF
Added Member To Class: ClassName=Power Member=Component C? 1uF 16V
Added Member To Class: ClassName=Power Member=Component C? 100nF 25V
Added Member To Class: ClassName=Power Member=Component C? 470uF 200V
Added Member To Class: ClassName=Power Member=Component C? 4.7uF
Added Member To Class: ClassName=Power Member=Component C? 4.7uF
Added Member To Class: ClassName=Power Member=Component C? 4.7uF
Added Member To Class: ClassName=Power Member=Component C? 4.7uF
Added Member To Class: ClassName=Power Member=Component C? 4.7uF
Added Member To Class: ClassName=Power Member=Component C? 4.7uF
Added Member To Class: ClassName=Power Member=Component C? 4.7uF
Added Member To Class: ClassName=Power Member=Component C? 100nF 25V
Added Member To Class: ClassName=Power Member=Component C? 4.7uF
Added Member To Class: ClassName=Power Member=Component C? 470uF 200V
Added Member To Class: ClassName=Power Member=Component C? 4.7uF
Added Member To Class: ClassName=Power Member=Component C? 100nF 25V
Added Member To Class: ClassName=Power Member=Component C? 470uF 200V
Added Member To Class: ClassName=Power Member=Component C? 4.7uF
Added Member To Class: ClassName=Regulators Member=Component C? 10uF
Added Member To Class: ClassName=Regulators Member=Component C? 10uF 25V
Added Member To Class: ClassName=Regulators Member=Component C? 100nF 25V
Added Member To Class: ClassName=Regulators Member=Component C? 10uF 25V
Added Member To Class: ClassName=Regulators Member=Component C? 100nF 100V
Added Member To Class: ClassName=Regulators Member=Component C? 10uF 25V
Added Member To Class: ClassName=Regulators Member=Component C? 10µF 63V
Added Member To Class: ClassName=Regulators Member=Component C? 470uF 100V
Added Member To Class: ClassName=Regulators Member=Component C? 100nF 25V
Added Member To Class: ClassName=Regulators Member=Component C? 6.8uF
Added Member To Class: ClassName=Regulators Member=Component C? 680pF 25V
Added Member To Class: ClassName=Regulators Member=Component C? 220uF 50V
Added Member To Class: ClassName=Regulators Member=Component C? 10uF
Added Member To Class: ClassName=Regulators Member=Component C? 100nF 25V
Added Member To Class: ClassName=Regulators Member=Component C? 10uF
Added Member To Class: ClassName=Regulators Member=Component C? 10uF 25V
Added Member To Class: ClassName=Regulators Member=Component C? 6.8uF
Added Member To Class: ClassName=Regulators Member=Component C? 10uF
Added Member To Class: ClassName=Regulators Member=Component C? 6.8uF
Added Member To Class: ClassName=Regulators Member=Component C? 10uF
Added Member To Class: ClassName=Regulators Member=Component C? 10µF 63V
Added Member To Class: ClassName=Regulators Member=Component C? 6.8uF
Added Member To Class: ClassName=Regulators Member=Component C? 10uF
Added Member To Class: ClassName=Regulators Member=Component C? 6.8uF
Added Member To Class: ClassName=Driver Member=Component D? SS14
Added Member To Class: ClassName=Driver Member=Component D? B0530W-7-F
Added Member To Class: ClassName=Driver Member=Component D? SS14
Added Member To Class: ClassName=Driver Member=Component D? B0530W-7-F
Added Member To Class: ClassName=Driver Member=Component D? C4D02120E
Added Member To Class: ClassName=Driver Member=Component D? SS14
Added Member To Class: ClassName=Driver Member=Component D? SS14
Added Member To Class: ClassName=Driver Member=Component D? B0530W-7-F
Added Member To Class: ClassName=Driver Member=Component D? B0530W-7-F
Added Member To Class: ClassName=Driver Member=Component D? B0530W-7-F
Added Member To Class: ClassName=Driver Member=Component D? C4D02120E
Added Member To Class: ClassName=Driver Member=Component D? C4D02120E
Added Member To Class: ClassName=Driver Member=Component D? B0530W-7-F
Added Member To Class: ClassName=Driver Member=Component D? SS14
Added Member To Class: ClassName=Power Member=Component IC? ACS758LCB-100B-PFF-T
Added Member To Class: ClassName=Power Member=Component IC? ACS758LCB-100B-PFF-T
Added Member To Class: ClassName=Power Member=Component IC? ACS758LCB-100B-PFF-T
Added Member To Class: ClassName=Power Member=Component IC? ACS758LCB-100B-PFF-T
Added Member To Class: ClassName=Regulators Member=Component L? RLS-126-R
Added Member To Class: ClassName=Regulators Member=Component L? RLS-126-R
Added Member To Class: ClassName=Regulators Member=Component L? RLS-126-R
Added Member To Class: ClassName=Regulators Member=Component L? RLS-126-R
Added Member To Class: ClassName=Regulators Member=Component L? 47uH 2A
Added Member To Class: ClassName=Regulators Member=Component L? RLS-126-R
Added Member To Class: ClassName=Power Member=Component MP? M6 x 10mm
Added Member To Class: ClassName=Power Member=Component MP? M6 x 10mm
Added Member To Class: ClassName=Driver Member=Component P? 61302221121
Added Member To Class: ClassName=Power Member=Component Q? FDB0260N1007L
Added Member To Class: ClassName=Power Member=Component Q? FDB0260N1007L
Added Member To Class: ClassName=Power Member=Component Q? FDB0260N1007L
Added Member To Class: ClassName=Power Member=Component Q? FDB0260N1007L
Added Member To Class: ClassName=Power Member=Component Q? FDB0260N1007L
Added Member To Class: ClassName=Power Member=Component Q? FDB0260N1007L
Added Member To Class: ClassName=Power Member=Component Q? FDB0260N1007L
Added Member To Class: ClassName=Power Member=Component Q? FDB0260N1007L
Added Member To Class: ClassName=Power Member=Component Q? FDB0260N1007L
Added Member To Class: ClassName=Power Member=Component Q? FDB0260N1007L
Added Member To Class: ClassName=Power Member=Component Q? FDB0260N1007L
Added Member To Class: ClassName=Power Member=Component Q? FDB0260N1007L
Added Member To Class: ClassName=Power Member=Component Q? FDB0260N1007L
Added Member To Class: ClassName=Power Member=Component Q? FDB0260N1007L
Added Member To Class: ClassName=Power Member=Component Q? FDB0260N1007L
Added Member To Class: ClassName=Power Member=Component Q? FDB0260N1007L
Added Member To Class: ClassName=Power Member=Component Q? FDB0260N1007L
Added Member To Class: ClassName=Driver Member=Component R? 109 Ohms
Added Member To Class: ClassName=Driver Member=Component R? 51 Ohms
Added Member To Class: ClassName=Driver Member=Component R? 109 Ohms
Added Member To Class: ClassName=Driver Member=Component R? 51 Ohms
Added Member To Class: ClassName=Driver Member=Component R? 76.5 Ohms
Added Member To Class: ClassName=Driver Member=Component R? 2 Ohms
Added Member To Class: ClassName=Driver Member=Component R? 51 Ohms
Added Member To Class: ClassName=Driver Member=Component R? 0 Ohms
Added Member To Class: ClassName=Driver Member=Component R? 10k Ohms
Added Member To Class: ClassName=Driver Member=Component R? 10k Ohms
Added Member To Class: ClassName=Driver Member=Component R? 76.5 Ohms
Added Member To Class: ClassName=Driver Member=Component R? 10k Ohms
Added Member To Class: ClassName=Driver Member=Component R? 10k Ohms
Added Member To Class: ClassName=Driver Member=Component R? 51 Ohms
Added Member To Class: ClassName=Driver Member=Component R? 109 Ohms
Added Member To Class: ClassName=Driver Member=Component R? 10k Ohms
Added Member To Class: ClassName=Driver Member=Component R? 51 Ohms
Added Member To Class: ClassName=Driver Member=Component R? 109 Ohms
Added Member To Class: ClassName=Driver Member=Component R? 76.5 Ohms
Added Member To Class: ClassName=Driver Member=Component R? 109 Ohms
Added Member To Class: ClassName=Driver Member=Component R? 0 Ohms
Added Member To Class: ClassName=Driver Member=Component R? 109 Ohms
Added Member To Class: ClassName=Driver Member=Component R? 51 Ohms
Added Member To Class: ClassName=Driver Member=Component R? 2 Ohms
Added Member To Class: ClassName=Driver Member=Component R? 76.5 Ohms
Added Member To Class: ClassName=Driver Member=Component R? 76.5 Ohms
Added Member To Class: ClassName=Driver Member=Component R? 0 Ohms
Added Member To Class: ClassName=Driver Member=Component R? 76.5 Ohms
Added Member To Class: ClassName=Driver Member=Component R? 0 Ohms
Added Member To Class: ClassName=Driver Member=Component R? 0 Ohms
Added Member To Class: ClassName=Driver Member=Component R? 51 Ohms
Added Member To Class: ClassName=Driver Member=Component R? 10k Ohms
Added Member To Class: ClassName=Driver Member=Component R? 10k Ohms
Added Member To Class: ClassName=Driver Member=Component R? 2 Ohms
Added Member To Class: ClassName=Driver Member=Component R? 10k Ohms
Added Member To Class: ClassName=Driver Member=Component R? 10k Ohms
Added Member To Class: ClassName=Driver Member=Component R? 10k Ohms
Added Member To Class: ClassName=Driver Member=Component R? 10k Ohms
Added Member To Class: ClassName=Driver Member=Component R? 10k Ohms
Added Member To Class: ClassName=Driver Member=Component R? 10k Ohms
Added Member To Class: ClassName=Driver Member=Component R? 51 Ohms
Added Member To Class: ClassName=Driver Member=Component R? 10k Ohms
Added Member To Class: ClassName=Driver Member=Component R? 51 Ohms
Added Member To Class: ClassName=Driver Member=Component R? 10k Ohms
Added Member To Class: ClassName=Power Member=Component R? 3 Ohms
Added Member To Class: ClassName=Power Member=Component R? 3 Ohms
Added Member To Class: ClassName=Power Member=Component R? 3 Ohms
Added Member To Class: ClassName=Power Member=Component R? 3 Ohms
Added Member To Class: ClassName=Power Member=Component R? 3 Ohms
Added Member To Class: ClassName=Power Member=Component R? 3 Ohms
Added Member To Class: ClassName=Power Member=Component R? 3 Ohms
Added Member To Class: ClassName=Power Member=Component R? 3 Ohms
Added Member To Class: ClassName=Power Member=Component R? 3 Ohms
Added Member To Class: ClassName=Power Member=Component R? 3 Ohms
Added Member To Class: ClassName=Power Member=Component R? 3 Ohms
Added Member To Class: ClassName=Power Member=Component R? 3 Ohms
Added Member To Class: ClassName=Power Member=Component R? 3 Ohms
Added Member To Class: ClassName=Power Member=Component R? 3 Ohms
Added Member To Class: ClassName=Power Member=Component R? 3 Ohms
Added Member To Class: ClassName=Power Member=Component R? 3 Ohms
Added Member To Class: ClassName=Power Member=Component R? 3 Ohms
Added Member To Class: ClassName=Power Member=Component R? 3 Ohms
Added Member To Class: ClassName=Power Member=Component R? 3 Ohms
Added Member To Class: ClassName=Power Member=Component R? 1k Ohms
Added Member To Class: ClassName=Power Member=Component R? 3 Ohms
Added Member To Class: ClassName=Power Member=Component R? 3 Ohms
Added Member To Class: ClassName=Power Member=Component R? 3 Ohms
Added Member To Class: ClassName=Power Member=Component R? 3 Ohms
Added Member To Class: ClassName=Power Member=Component R? 3 Ohms
Added Member To Class: ClassName=Power Member=Component R? 3 Ohms
Added Member To Class: ClassName=Power Member=Component R? 3 Ohms
Added Member To Class: ClassName=Power Member=Component R? 3 Ohms
Added Member To Class: ClassName=Power Member=Component R? 3 Ohms
Added Member To Class: ClassName=Power Member=Component R? 1k Ohms
Added Member To Class: ClassName=Power Member=Component R? 3 Ohms
Added Member To Class: ClassName=Power Member=Component R? 3 Ohms
Added Member To Class: ClassName=Power Member=Component R? 3 Ohms
Added Member To Class: ClassName=Power Member=Component R? 3 Ohms
Added Member To Class: ClassName=Power Member=Component R? 3 Ohms
Added Member To Class: ClassName=Power Member=Component R? 3 Ohms
Added Member To Class: ClassName=Power Member=Component R? 3 Ohms
Added Member To Class: ClassName=Power Member=Component R? 3 Ohms
Added Member To Class: ClassName=Regulators Member=Component R? 11k Ohms
Added Member To Class: ClassName=Regulators Member=Component R? 10K Ohms
Added Member To Class: ClassName=Regulators Member=Component R? 20K Ohms
Added Member To Class: ClassName=Regulators Member=Component R? 1k Ohms
Added Member To Class: ClassName=Regulators Member=Component R? 22K Ohms
Added Member To Class: ClassName=Regulators Member=Component R? 1k Ohms
Added Member To Class: ClassName=Regulators Member=Component R? 2k2 Ohms
Added Member To Class: ClassName=Driver Member=Component U? UCC21520DWR
Added Member To Class: ClassName=Driver Member=Component U? UCC21520DWR
Added Member To Class: ClassName=Regulators Member=Component U? 8-28Vin, 5Vout, 1Aout
Added Member To Class: ClassName=Regulators Member=Component VR? LM2596S-5.0
