Removed Pin From Net: NetName=A_VSS_L Pin=C10-2
Removed Pin From Net: NetName=A_VSS_L Pin=C11-1
Removed Pin From Net: NetName=A_VSS_L Pin=C24-2
Removed Pin From Net: NetName=A_VSS_L Pin=C25-1
Removed Pin From Net: NetName=A_VSS_L Pin=C31-2
Removed Pin From Net: NetName=A_VSS_L Pin=C32-2
Removed Pin From Net: NetName=A_VSS_L Pin=C37-2
Removed Pin From Net: NetName=A_VSS_L Pin=C38-2
Removed Pin From Net: NetName=A_VSS_L Pin=C39-1
Removed Pin From Net: NetName=A_VSS_L Pin=C43-2
Removed Pin From Net: NetName=A_VSS_L Pin=C44-2
Removed Pin From Net: NetName=A_VSS_L Pin=C45-2
Removed Pin From Net: NetName=A_VSS_L Pin=C46-2
Removed Pin From Net: NetName=A_VSS_L Pin=C47-2
Removed Pin From Net: NetName=A_VSS_L Pin=C48-2
Removed Pin From Net: NetName=A_VSS_L Pin=C49-2
Removed Pin From Net: NetName=A_VSS_L Pin=C50-2
Removed Pin From Net: NetName=A_VSS_L Pin=C53-2
Removed Pin From Net: NetName=A_VSS_L Pin=C54-2
Removed Pin From Net: NetName=A_VSS_L Pin=C55-2
Removed Pin From Net: NetName=A_VSS_L Pin=C56-2
Removed Pin From Net: NetName=A_VSS_L Pin=C57-2
Removed Pin From Net: NetName=A_VSS_L Pin=C58-2
Removed Pin From Net: NetName=A_VSS_L Pin=C59-2
Removed Pin From Net: NetName=A_VSS_L Pin=C60-2
Removed Pin From Net: NetName=A_VSS_L Pin=C63-2
Removed Pin From Net: NetName=A_VSS_L Pin=C64-2
Removed Pin From Net: NetName=A_VSS_L Pin=C65-2
Removed Pin From Net: NetName=A_VSS_L Pin=C66-2
Removed Pin From Net: NetName=A_VSS_L Pin=C67-2
Removed Pin From Net: NetName=A_VSS_L Pin=C68-2
Removed Pin From Net: NetName=A_VSS_L Pin=C69-2
Removed Pin From Net: NetName=A_VSS_L Pin=C70-2
Removed Pin From Net: NetName=A_VSS_L Pin=C79-2
Removed Pin From Net: NetName=A_VSS_L Pin=C80-2
Removed Pin From Net: NetName=A_VSS_L Pin=C81-2
Removed Pin From Net: NetName=A_VSS_L Pin=C82-2
Removed Pin From Net: NetName=A_VSS_L Pin=C83-2
Removed Pin From Net: NetName=A_VSS_L Pin=C84-2
Removed Pin From Net: NetName=A_VSS_L Pin=Q4-2
Removed Pin From Net: NetName=A_VSS_L Pin=Q4-3
Removed Pin From Net: NetName=A_VSS_L Pin=Q4-5
Removed Pin From Net: NetName=A_VSS_L Pin=Q4-6
Removed Pin From Net: NetName=A_VSS_L Pin=Q4-7
Removed Pin From Net: NetName=A_VSS_L Pin=Q5-2
Removed Pin From Net: NetName=A_VSS_L Pin=Q5-3
Removed Pin From Net: NetName=A_VSS_L Pin=Q5-5
Removed Pin From Net: NetName=A_VSS_L Pin=Q5-6
Removed Pin From Net: NetName=A_VSS_L Pin=Q5-7
Removed Pin From Net: NetName=A_VSS_L Pin=Q10-2
Removed Pin From Net: NetName=A_VSS_L Pin=Q10-3
Removed Pin From Net: NetName=A_VSS_L Pin=Q10-5
Removed Pin From Net: NetName=A_VSS_L Pin=Q10-6
Removed Pin From Net: NetName=A_VSS_L Pin=Q10-7
Removed Pin From Net: NetName=A_VSS_L Pin=Q11-2
Removed Pin From Net: NetName=A_VSS_L Pin=Q11-3
Removed Pin From Net: NetName=A_VSS_L Pin=Q11-5
Removed Pin From Net: NetName=A_VSS_L Pin=Q11-6
Removed Pin From Net: NetName=A_VSS_L Pin=Q11-7
Removed Pin From Net: NetName=A_VSS_L Pin=Q16-2
Removed Pin From Net: NetName=A_VSS_L Pin=Q16-3
Removed Pin From Net: NetName=A_VSS_L Pin=Q16-5
Removed Pin From Net: NetName=A_VSS_L Pin=Q16-6
Removed Pin From Net: NetName=A_VSS_L Pin=Q16-7
Removed Pin From Net: NetName=A_VSS_L Pin=Q17-2
Removed Pin From Net: NetName=A_VSS_L Pin=Q17-3
Removed Pin From Net: NetName=A_VSS_L Pin=Q17-5
Removed Pin From Net: NetName=A_VSS_L Pin=Q17-6
Removed Pin From Net: NetName=A_VSS_L Pin=Q17-7
Removed Pin From Net: NetName=A_VSS_L Pin=R11-2
Removed Pin From Net: NetName=A_VSS_L Pin=R14-2
Removed Pin From Net: NetName=A_VSS_L Pin=R26-2
Removed Pin From Net: NetName=A_VSS_L Pin=R29-2
Removed Pin From Net: NetName=A_VSS_L Pin=R41-2
Removed Pin From Net: NetName=A_VSS_L Pin=R44-2
Removed Pin From Net: NetName=A_VSS_L Pin=U1-9
Removed Pin From Net: NetName=A_VSS_L Pin=U2-9
Removed Pin From Net: NetName=A_VSS_L Pin=U3-9
Added Component: Designator=NT1(NET TIE)
Added Pin To Net: NetName=A_VSS_L Pin=NT1-2
Change Net Name : Old Net Name=A_VSS_L New Net Name=GND
Added Pin To Net: NetName=A_VSS_L Pin=C10-2
Added Pin To Net: NetName=A_VSS_L Pin=C11-1
Added Pin To Net: NetName=A_VSS_L Pin=C24-2
Added Pin To Net: NetName=A_VSS_L Pin=C25-1
Added Pin To Net: NetName=A_VSS_L Pin=C31-2
Added Pin To Net: NetName=A_VSS_L Pin=C32-2
Added Pin To Net: NetName=A_VSS_L Pin=C37-2
Added Pin To Net: NetName=A_VSS_L Pin=C38-2
Added Pin To Net: NetName=A_VSS_L Pin=C39-1
Added Pin To Net: NetName=A_VSS_L Pin=C43-2
Added Pin To Net: NetName=A_VSS_L Pin=C44-2
Added Pin To Net: NetName=A_VSS_L Pin=C45-2
Added Pin To Net: NetName=A_VSS_L Pin=C46-2
Added Pin To Net: NetName=A_VSS_L Pin=C47-2
Added Pin To Net: NetName=A_VSS_L Pin=C48-2
Added Pin To Net: NetName=A_VSS_L Pin=C49-2
Added Pin To Net: NetName=A_VSS_L Pin=C50-2
Added Pin To Net: NetName=A_VSS_L Pin=C53-2
Added Pin To Net: NetName=A_VSS_L Pin=C54-2
Added Pin To Net: NetName=A_VSS_L Pin=C55-2
Added Pin To Net: NetName=A_VSS_L Pin=C56-2
Added Pin To Net: NetName=A_VSS_L Pin=C57-2
Added Pin To Net: NetName=A_VSS_L Pin=C58-2
Added Pin To Net: NetName=A_VSS_L Pin=C59-2
Added Pin To Net: NetName=A_VSS_L Pin=C60-2
Added Pin To Net: NetName=A_VSS_L Pin=C63-2
Added Pin To Net: NetName=A_VSS_L Pin=C64-2
Added Pin To Net: NetName=A_VSS_L Pin=C65-2
Added Pin To Net: NetName=A_VSS_L Pin=C66-2
Added Pin To Net: NetName=A_VSS_L Pin=C67-2
Added Pin To Net: NetName=A_VSS_L Pin=C68-2
Added Pin To Net: NetName=A_VSS_L Pin=C69-2
Added Pin To Net: NetName=A_VSS_L Pin=C70-2
Added Pin To Net: NetName=A_VSS_L Pin=C79-2
Added Pin To Net: NetName=A_VSS_L Pin=C80-2
Added Pin To Net: NetName=A_VSS_L Pin=C81-2
Added Pin To Net: NetName=A_VSS_L Pin=C82-2
Added Pin To Net: NetName=A_VSS_L Pin=C83-2
Added Pin To Net: NetName=A_VSS_L Pin=C84-2
Added Pin To Net: NetName=A_VSS_L Pin=NT1-1
Added Pin To Net: NetName=A_VSS_L Pin=Q4-2
Added Pin To Net: NetName=A_VSS_L Pin=Q4-3
Added Pin To Net: NetName=A_VSS_L Pin=Q4-5
Added Pin To Net: NetName=A_VSS_L Pin=Q4-6
Added Pin To Net: NetName=A_VSS_L Pin=Q4-7
Added Pin To Net: NetName=A_VSS_L Pin=Q5-2
Added Pin To Net: NetName=A_VSS_L Pin=Q5-3
Added Pin To Net: NetName=A_VSS_L Pin=Q5-5
Added Pin To Net: NetName=A_VSS_L Pin=Q5-6
Added Pin To Net: NetName=A_VSS_L Pin=Q5-7
Added Pin To Net: NetName=A_VSS_L Pin=Q10-2
Added Pin To Net: NetName=A_VSS_L Pin=Q10-3
Added Pin To Net: NetName=A_VSS_L Pin=Q10-5
Added Pin To Net: NetName=A_VSS_L Pin=Q10-6
Added Pin To Net: NetName=A_VSS_L Pin=Q10-7
Added Pin To Net: NetName=A_VSS_L Pin=Q11-2
Added Pin To Net: NetName=A_VSS_L Pin=Q11-3
Added Pin To Net: NetName=A_VSS_L Pin=Q11-5
Added Pin To Net: NetName=A_VSS_L Pin=Q11-6
Added Pin To Net: NetName=A_VSS_L Pin=Q11-7
Added Pin To Net: NetName=A_VSS_L Pin=Q16-2
Added Pin To Net: NetName=A_VSS_L Pin=Q16-3
Added Pin To Net: NetName=A_VSS_L Pin=Q16-5
Added Pin To Net: NetName=A_VSS_L Pin=Q16-6
Added Pin To Net: NetName=A_VSS_L Pin=Q16-7
Added Pin To Net: NetName=A_VSS_L Pin=Q17-2
Added Pin To Net: NetName=A_VSS_L Pin=Q17-3
Added Pin To Net: NetName=A_VSS_L Pin=Q17-5
Added Pin To Net: NetName=A_VSS_L Pin=Q17-6
Added Pin To Net: NetName=A_VSS_L Pin=Q17-7
Added Pin To Net: NetName=A_VSS_L Pin=R11-2
Added Pin To Net: NetName=A_VSS_L Pin=R14-2
Added Pin To Net: NetName=A_VSS_L Pin=R26-2
Added Pin To Net: NetName=A_VSS_L Pin=R29-2
Added Pin To Net: NetName=A_VSS_L Pin=R41-2
Added Pin To Net: NetName=A_VSS_L Pin=R44-2
Added Pin To Net: NetName=A_VSS_L Pin=U1-9
Added Pin To Net: NetName=A_VSS_L Pin=U2-9
Added Pin To Net: NetName=A_VSS_L Pin=U3-9
Added Net: Name=A_VSS_L
Added Member To Class: ClassName=Power Member=Component NT1 Net Tie
Added Rule: Name=Schematic Supply Nets
