Removed Member From Class: ClassName=Power Member=C7
Removed Member From Class: ClassName=Regulators Member=D2
Added Component: Designator=B1(R1SE3305H2R)
Add component (AddParameter): Name = "Arrow Part Number"; Value = "R1SE-0512/H2-R"; VariantName = "[No Variations]"
Add component (AddParameter): Name = "Arrow Price/Stock"; Value = "https://www.arrow.com/en/products/r1se-0512h2-r/recom-power?region=nac"; VariantName = "[No Variations]"
Add component (AddParameter): Name = "Datasheet Link"; Value = "https://componentsearchengine.com/Datasheets/1/R1SE-0512_H2-R.pdf"; VariantName = "[No Variations]"
Add component (AddParameter): Name = "Geometry.Height"; Value = "7.5mm"; VariantName = "[No Variations]"
Add component (AddParameter): Name = "Manufacturer_Name"; Value = "RECOM Power"; VariantName = "[No Variations]"
Add component (AddParameter): Name = "Manufacturer_Part_Number"; Value = "R1SE-0512/H2-R"; VariantName = "[No Variations]"
Add component (AddParameter): Name = "Mouser Part Number"; Value = "919-R1SE-0512/H2-R"; VariantName = "[No Variations]"
Add component (AddParameter): Name = "Mouser Price/Stock"; Value = "https://www.mouser.co.uk/ProductDetail/RECOM-Power/R1SE-0512-H2-R?qs=2sV1BwmkawRQ2FXa7NBFcA%3D%3D"; VariantName = "[No Variations]"
Added Component: Designator=B2(R1SE3305H2R)
Add component (AddParameter): Name = "Arrow Part Number"; Value = "R1SE-0512/H2-R"; VariantName = "[No Variations]"
Add component (AddParameter): Name = "Arrow Price/Stock"; Value = "https://www.arrow.com/en/products/r1se-0512h2-r/recom-power?region=nac"; VariantName = "[No Variations]"
Add component (AddParameter): Name = "Datasheet Link"; Value = "https://componentsearchengine.com/Datasheets/1/R1SE-0512_H2-R.pdf"; VariantName = "[No Variations]"
Add component (AddParameter): Name = "Geometry.Height"; Value = "7.5mm"; VariantName = "[No Variations]"
Add component (AddParameter): Name = "Manufacturer_Name"; Value = "RECOM Power"; VariantName = "[No Variations]"
Add component (AddParameter): Name = "Manufacturer_Part_Number"; Value = "R1SE-0512/H2-R"; VariantName = "[No Variations]"
Add component (AddParameter): Name = "Mouser Part Number"; Value = "919-R1SE-0512/H2-R"; VariantName = "[No Variations]"
Add component (AddParameter): Name = "Mouser Price/Stock"; Value = "https://www.mouser.co.uk/ProductDetail/RECOM-Power/R1SE-0512-H2-R?qs=2sV1BwmkawRQ2FXa7NBFcA%3D%3D"; VariantName = "[No Variations]"
Added Component: Designator=B3(R1SE3305H2R)
Add component (AddParameter): Name = "Arrow Part Number"; Value = "R1SE-0512/H2-R"; VariantName = "[No Variations]"
Add component (AddParameter): Name = "Arrow Price/Stock"; Value = "https://www.arrow.com/en/products/r1se-0512h2-r/recom-power?region=nac"; VariantName = "[No Variations]"
Add component (AddParameter): Name = "Datasheet Link"; Value = "https://componentsearchengine.com/Datasheets/1/R1SE-0512_H2-R.pdf"; VariantName = "[No Variations]"
Add component (AddParameter): Name = "Geometry.Height"; Value = "7.5mm"; VariantName = "[No Variations]"
Add component (AddParameter): Name = "Manufacturer_Name"; Value = "RECOM Power"; VariantName = "[No Variations]"
Add component (AddParameter): Name = "Manufacturer_Part_Number"; Value = "R1SE-0512/H2-R"; VariantName = "[No Variations]"
Add component (AddParameter): Name = "Mouser Part Number"; Value = "919-R1SE-0512/H2-R"; VariantName = "[No Variations]"
Add component (AddParameter): Name = "Mouser Price/Stock"; Value = "https://www.mouser.co.uk/ProductDetail/RECOM-Power/R1SE-0512-H2-R?qs=2sV1BwmkawRQ2FXa7NBFcA%3D%3D"; VariantName = "[No Variations]"
Added Component: Designator=B4(R1SE3305H2R)
Add component (AddParameter): Name = "Arrow Part Number"; Value = "R1SE-0512/H2-R"; VariantName = "[No Variations]"
Add component (AddParameter): Name = "Arrow Price/Stock"; Value = "https://www.arrow.com/en/products/r1se-0512h2-r/recom-power?region=nac"; VariantName = "[No Variations]"
Add component (AddParameter): Name = "Datasheet Link"; Value = "https://componentsearchengine.com/Datasheets/1/R1SE-0512_H2-R.pdf"; VariantName = "[No Variations]"
Add component (AddParameter): Name = "Geometry.Height"; Value = "7.5mm"; VariantName = "[No Variations]"
Add component (AddParameter): Name = "Manufacturer_Name"; Value = "RECOM Power"; VariantName = "[No Variations]"
Add component (AddParameter): Name = "Manufacturer_Part_Number"; Value = "R1SE-0512/H2-R"; VariantName = "[No Variations]"
Add component (AddParameter): Name = "Mouser Part Number"; Value = "919-R1SE-0512/H2-R"; VariantName = "[No Variations]"
Add component (AddParameter): Name = "Mouser Price/Stock"; Value = "https://www.mouser.co.uk/ProductDetail/RECOM-Power/R1SE-0512-H2-R?qs=2sV1BwmkawRQ2FXa7NBFcA%3D%3D"; VariantName = "[No Variations]"
Added Component: Designator=B5(R1SE3305H2R)
Add component (AddParameter): Name = "Arrow Part Number"; Value = "R1SE-0512/H2-R"; VariantName = "[No Variations]"
Add component (AddParameter): Name = "Arrow Price/Stock"; Value = "https://www.arrow.com/en/products/r1se-0512h2-r/recom-power?region=nac"; VariantName = "[No Variations]"
Add component (AddParameter): Name = "Datasheet Link"; Value = "https://componentsearchengine.com/Datasheets/1/R1SE-0512_H2-R.pdf"; VariantName = "[No Variations]"
Add component (AddParameter): Name = "Geometry.Height"; Value = "7.5mm"; VariantName = "[No Variations]"
Add component (AddParameter): Name = "Manufacturer_Name"; Value = "RECOM Power"; VariantName = "[No Variations]"
Add component (AddParameter): Name = "Manufacturer_Part_Number"; Value = "R1SE-0512/H2-R"; VariantName = "[No Variations]"
Add component (AddParameter): Name = "Mouser Part Number"; Value = "919-R1SE-0512/H2-R"; VariantName = "[No Variations]"
Add component (AddParameter): Name = "Mouser Price/Stock"; Value = "https://www.mouser.co.uk/ProductDetail/RECOM-Power/R1SE-0512-H2-R?qs=2sV1BwmkawRQ2FXa7NBFcA%3D%3D"; VariantName = "[No Variations]"
Added Component: Designator=B6(R1SE3305H2R)
Add component (AddParameter): Name = "Arrow Part Number"; Value = "R1SE-0512/H2-R"; VariantName = "[No Variations]"
Add component (AddParameter): Name = "Arrow Price/Stock"; Value = "https://www.arrow.com/en/products/r1se-0512h2-r/recom-power?region=nac"; VariantName = "[No Variations]"
Add component (AddParameter): Name = "Datasheet Link"; Value = "https://componentsearchengine.com/Datasheets/1/R1SE-0512_H2-R.pdf"; VariantName = "[No Variations]"
Add component (AddParameter): Name = "Geometry.Height"; Value = "7.5mm"; VariantName = "[No Variations]"
Add component (AddParameter): Name = "Manufacturer_Name"; Value = "RECOM Power"; VariantName = "[No Variations]"
Add component (AddParameter): Name = "Manufacturer_Part_Number"; Value = "R1SE-0512/H2-R"; VariantName = "[No Variations]"
Add component (AddParameter): Name = "Mouser Part Number"; Value = "919-R1SE-0512/H2-R"; VariantName = "[No Variations]"
Add component (AddParameter): Name = "Mouser Price/Stock"; Value = "https://www.mouser.co.uk/ProductDetail/RECOM-Power/R1SE-0512-H2-R?qs=2sV1BwmkawRQ2FXa7NBFcA%3D%3D"; VariantName = "[No Variations]"
Add Component: Footprint Not Found WCAP-ATG5_D5H11
Add Component: Footprint Not Found WCAP-ATG5_D5H11
Add Component: Footprint Not Found Wolfspeed_TO-252-2_v2_MFG
Add Component: Footprint Not Found Wolfspeed_TO-252-2_v2_MFG
Add Component: Footprint Not Found Wolfspeed_TO-252-2_v2_MFG
Add Component: Footprint Not Found ACS772ECB200BPFFT
Add Component: Footprint Not Found ACS772ECB200BPFFT
Added Component: Designator=L2(IND_RLS-126-R)
Add component (AddParameter): Name = "Check_prices"; Value = "https://www.snapeda.com/parts/RLS-126-R/Recom+Power/view-part/?ref=eda"; VariantName = "[No Variations]"
Add component (AddParameter): Name = "MF"; Value = "Recom Power"; VariantName = "[No Variations]"
Add component (AddParameter): Name = "MP"; Value = "RLS-126-R"; VariantName = "[No Variations]"
Add component (AddParameter): Name = "Package"; Value = "None"; VariantName = "[No Variations]"
Add component (AddParameter): Name = "SnapEDA_Link"; Value = "https://www.snapeda.com/parts/RLS-126-R/Recom+Power/view-part/?ref=snap"; VariantName = "[No Variations]"
Add component (AddParameter): Name = "Value"; Value = ""; VariantName = "[No Variations]"
Added Component: Designator=L3(IND_RLS-126-R)
Add component (AddParameter): Name = "Check_prices"; Value = "https://www.snapeda.com/parts/RLS-126-R/Recom+Power/view-part/?ref=eda"; VariantName = "[No Variations]"
Add component (AddParameter): Name = "MF"; Value = "Recom Power"; VariantName = "[No Variations]"
Add component (AddParameter): Name = "MP"; Value = "RLS-126-R"; VariantName = "[No Variations]"
Add component (AddParameter): Name = "Package"; Value = "None"; VariantName = "[No Variations]"
Add component (AddParameter): Name = "SnapEDA_Link"; Value = "https://www.snapeda.com/parts/RLS-126-R/Recom+Power/view-part/?ref=snap"; VariantName = "[No Variations]"
Add component (AddParameter): Name = "Value"; Value = ""; VariantName = "[No Variations]"
Added Component: Designator=L4(IND_RLS-126-R)
Add component (AddParameter): Name = "Check_prices"; Value = "https://www.snapeda.com/parts/RLS-126-R/Recom+Power/view-part/?ref=eda"; VariantName = "[No Variations]"
Add component (AddParameter): Name = "MF"; Value = "Recom Power"; VariantName = "[No Variations]"
Add component (AddParameter): Name = "MP"; Value = "RLS-126-R"; VariantName = "[No Variations]"
Add component (AddParameter): Name = "Package"; Value = "None"; VariantName = "[No Variations]"
Add component (AddParameter): Name = "SnapEDA_Link"; Value = "https://www.snapeda.com/parts/RLS-126-R/Recom+Power/view-part/?ref=snap"; VariantName = "[No Variations]"
Add component (AddParameter): Name = "Value"; Value = ""; VariantName = "[No Variations]"
Added Component: Designator=L5(IND_RLS-126-R)
Add component (AddParameter): Name = "Check_prices"; Value = "https://www.snapeda.com/parts/RLS-126-R/Recom+Power/view-part/?ref=eda"; VariantName = "[No Variations]"
Add component (AddParameter): Name = "MF"; Value = "Recom Power"; VariantName = "[No Variations]"
Add component (AddParameter): Name = "MP"; Value = "RLS-126-R"; VariantName = "[No Variations]"
Add component (AddParameter): Name = "Package"; Value = "None"; VariantName = "[No Variations]"
Add component (AddParameter): Name = "SnapEDA_Link"; Value = "https://www.snapeda.com/parts/RLS-126-R/Recom+Power/view-part/?ref=snap"; VariantName = "[No Variations]"
Add component (AddParameter): Name = "Value"; Value = ""; VariantName = "[No Variations]"
Added Component: Designator=L6(IND_RLS-126-R)
Add component (AddParameter): Name = "Check_prices"; Value = "https://www.snapeda.com/parts/RLS-126-R/Recom+Power/view-part/?ref=eda"; VariantName = "[No Variations]"
Add component (AddParameter): Name = "MF"; Value = "Recom Power"; VariantName = "[No Variations]"
Add component (AddParameter): Name = "MP"; Value = "RLS-126-R"; VariantName = "[No Variations]"
Add component (AddParameter): Name = "Package"; Value = "None"; VariantName = "[No Variations]"
Add component (AddParameter): Name = "SnapEDA_Link"; Value = "https://www.snapeda.com/parts/RLS-126-R/Recom+Power/view-part/?ref=snap"; VariantName = "[No Variations]"
Add component (AddParameter): Name = "Value"; Value = ""; VariantName = "[No Variations]"
Added Component: Designator=L7(IND_RLS-126-R)
Add component (AddParameter): Name = "Check_prices"; Value = "https://www.snapeda.com/parts/RLS-126-R/Recom+Power/view-part/?ref=eda"; VariantName = "[No Variations]"
Add component (AddParameter): Name = "MF"; Value = "Recom Power"; VariantName = "[No Variations]"
Add component (AddParameter): Name = "MP"; Value = "RLS-126-R"; VariantName = "[No Variations]"
Add component (AddParameter): Name = "Package"; Value = "None"; VariantName = "[No Variations]"
Add component (AddParameter): Name = "SnapEDA_Link"; Value = "https://www.snapeda.com/parts/RLS-126-R/Recom+Power/view-part/?ref=snap"; VariantName = "[No Variations]"
Add component (AddParameter): Name = "Value"; Value = ""; VariantName = "[No Variations]"
Add Component: Footprint Not Found 0805_RES
Add Component: Footprint Not Found 0805_RES
Add Component: Footprint Not Found WPME-FDSM_SIP-3_L11.6W8.5H10.5
Add Component: Footprint Not Found WPME-FDSM_SIP-3_L11.6W8.5H10.5
Add Component: Footprint Not Found TO170P1524X483-6N
Added Pin To Net: NetName=GND Pin=B1-1
Added Pin To Net: NetName=NetB1_2 Pin=B1-2
Added Pin To Net: NetName=ISO_-12_A_H Pin=B1-4
Added Pin To Net: NetName=ISO_+12_A_H Pin=B1-5
Added Pin To Net: NetName=GND Pin=B2-1
Added Pin To Net: NetName=NetB2_2 Pin=B2-2
Added Pin To Net: NetName=ISO_-12_A_L Pin=B2-4
Added Pin To Net: NetName=ISO_+12_A_L Pin=B2-5
Added Pin To Net: NetName=GND Pin=B3-1
Added Pin To Net: NetName=NetB3_2 Pin=B3-2
Added Pin To Net: NetName=ISO_-12_B_H Pin=B3-4
Added Pin To Net: NetName=ISO_+12_B_H Pin=B3-5
Added Pin To Net: NetName=GND Pin=B4-1
Added Pin To Net: NetName=NetB4_2 Pin=B4-2
Added Pin To Net: NetName=ISO_-12_B_L Pin=B4-4
Added Pin To Net: NetName=ISO_+12_B_L Pin=B4-5
Added Pin To Net: NetName=GND Pin=B5-1
Added Pin To Net: NetName=NetB5_2 Pin=B5-2
Added Pin To Net: NetName=ISO_-12_C_L Pin=B5-4
Added Pin To Net: NetName=ISO_+12_C_L Pin=B5-5
Added Pin To Net: NetName=GND Pin=B6-1
Added Pin To Net: NetName=NetB6_2 Pin=B6-2
Added Pin To Net: NetName=ISO_-12_C_H Pin=B6-4
Added Pin To Net: NetName=ISO_+12_C_H Pin=B6-5
Add Pin To Net: Unknown Pin: Pin C80-1
Add Pin To Net: Unknown Pin: Pin C80-2
Add Pin To Net: Unknown Pin: Pin C84-1
Add Pin To Net: Unknown Pin: Pin C84-2
Add Pin To Net: Unknown Pin: Pin D1-1
Add Pin To Net: Unknown Pin: Pin D1-2
Add Pin To Net: Unknown Pin: Pin D1-3
Add Pin To Net: Unknown Pin: Pin D6-1
Add Pin To Net: Unknown Pin: Pin D6-2
Add Pin To Net: Unknown Pin: Pin D6-3
Add Pin To Net: Unknown Pin: Pin D11-1
Add Pin To Net: Unknown Pin: Pin D11-2
Add Pin To Net: Unknown Pin: Pin D11-3
Add Pin To Net: Unknown Pin: Pin IC3-1
Add Pin To Net: Unknown Pin: Pin IC3-2
Add Pin To Net: Unknown Pin: Pin IC3-3
Add Pin To Net: Unknown Pin: Pin IC3-4
Add Pin To Net: Unknown Pin: Pin IC3-5
Add Pin To Net: Unknown Pin: Pin IC3-6
Add Pin To Net: Unknown Pin: Pin IC3-7
Add Pin To Net: Unknown Pin: Pin IC3-8
Add Pin To Net: Unknown Pin: Pin IC3-9
Add Pin To Net: Unknown Pin: Pin IC3-10
Add Pin To Net: Unknown Pin: Pin IC3-11
Add Pin To Net: Unknown Pin: Pin IC3-12
Add Pin To Net: Unknown Pin: Pin IC3-13
Add Pin To Net: Unknown Pin: Pin IC3-14
Add Pin To Net: Unknown Pin: Pin IC3-15
Add Pin To Net: Unknown Pin: Pin IC3-16
Add Pin To Net: Unknown Pin: Pin IC3-17
Add Pin To Net: Unknown Pin: Pin IC3-18
Add Pin To Net: Unknown Pin: Pin IC3-19
Add Pin To Net: Unknown Pin: Pin IC3-20
Add Pin To Net: Unknown Pin: Pin IC3-21
Add Pin To Net: Unknown Pin: Pin IC3-22
Add Pin To Net: Unknown Pin: Pin IC3-23
Add Pin To Net: Unknown Pin: Pin IC3-24
Add Pin To Net: Unknown Pin: Pin IC3-25
Add Pin To Net: Unknown Pin: Pin IC3-26
Add Pin To Net: Unknown Pin: Pin IC3-27
Add Pin To Net: Unknown Pin: Pin IC3-28
Add Pin To Net: Unknown Pin: Pin IC3-29
Add Pin To Net: Unknown Pin: Pin IC3-30
Add Pin To Net: Unknown Pin: Pin IC3-31
Add Pin To Net: Unknown Pin: Pin IC3-32
Add Pin To Net: Unknown Pin: Pin IC3-33
Add Pin To Net: Unknown Pin: Pin IC3-34
Add Pin To Net: Unknown Pin: Pin IC3-35
Add Pin To Net: Unknown Pin: Pin IC4-1
Add Pin To Net: Unknown Pin: Pin IC4-2
Add Pin To Net: Unknown Pin: Pin IC4-3
Add Pin To Net: Unknown Pin: Pin IC4-4
Add Pin To Net: Unknown Pin: Pin IC4-5
Add Pin To Net: Unknown Pin: Pin IC4-6
Add Pin To Net: Unknown Pin: Pin IC4-7
Add Pin To Net: Unknown Pin: Pin IC4-8
Add Pin To Net: Unknown Pin: Pin IC4-9
Add Pin To Net: Unknown Pin: Pin IC4-10
Add Pin To Net: Unknown Pin: Pin IC4-11
Add Pin To Net: Unknown Pin: Pin IC4-12
Add Pin To Net: Unknown Pin: Pin IC4-13
Add Pin To Net: Unknown Pin: Pin IC4-14
Add Pin To Net: Unknown Pin: Pin IC4-15
Add Pin To Net: Unknown Pin: Pin IC4-16
Add Pin To Net: Unknown Pin: Pin IC4-17
Add Pin To Net: Unknown Pin: Pin IC4-18
Add Pin To Net: Unknown Pin: Pin IC4-19
Add Pin To Net: Unknown Pin: Pin IC4-20
Add Pin To Net: Unknown Pin: Pin IC4-21
Add Pin To Net: Unknown Pin: Pin IC4-22
Add Pin To Net: Unknown Pin: Pin IC4-23
Add Pin To Net: Unknown Pin: Pin IC4-24
Add Pin To Net: Unknown Pin: Pin IC4-25
Add Pin To Net: Unknown Pin: Pin IC4-26
Add Pin To Net: Unknown Pin: Pin IC4-27
Add Pin To Net: Unknown Pin: Pin IC4-28
Add Pin To Net: Unknown Pin: Pin IC4-29
Add Pin To Net: Unknown Pin: Pin IC4-30
Add Pin To Net: Unknown Pin: Pin IC4-31
Add Pin To Net: Unknown Pin: Pin IC4-32
Add Pin To Net: Unknown Pin: Pin IC4-33
Add Pin To Net: Unknown Pin: Pin IC4-34
Add Pin To Net: Unknown Pin: Pin IC4-35
Added Pin To Net: NetName=ISO_5V Pin=L2-1
Added Pin To Net: NetName=NetB1_2 Pin=L2-2
Added Pin To Net: NetName=ISO_5V Pin=L3-1
Added Pin To Net: NetName=NetB2_2 Pin=L3-2
Added Pin To Net: NetName=ISO_5V Pin=L4-1
Added Pin To Net: NetName=NetB3_2 Pin=L4-2
Added Pin To Net: NetName=ISO_5V Pin=L5-1
Added Pin To Net: NetName=NetB4_2 Pin=L5-2
Added Pin To Net: NetName=ISO_5V Pin=L6-1
Added Pin To Net: NetName=NetB5_2 Pin=L6-2
Added Pin To Net: NetName=ISO_5V Pin=L7-1
Added Pin To Net: NetName=NetB6_2 Pin=L7-2
Add Pin To Net: Unknown Pin: Pin R89-1
Add Pin To Net: Unknown Pin: Pin R89-2
Add Pin To Net: Unknown Pin: Pin R92-1
Add Pin To Net: Unknown Pin: Pin R92-2
Add Pin To Net: Unknown Pin: Pin U4-1
Add Pin To Net: Unknown Pin: Pin U4-2
Add Pin To Net: Unknown Pin: Pin U4-3
Add Pin To Net: Unknown Pin: Pin U5-1
Add Pin To Net: Unknown Pin: Pin U5-2
Add Pin To Net: Unknown Pin: Pin U5-3
Add Pin To Net: Unknown Pin: Pin VR2-1
Add Pin To Net: Unknown Pin: Pin VR2-2
Add Pin To Net: Unknown Pin: Pin VR2-3
Add Pin To Net: Unknown Pin: Pin VR2-5
Add Pin To Net: Unknown Pin: Pin VR2-6
Added Member To Class: ClassName=Regulators Member=Component B1 R1SE-0512_H2-R
Added Member To Class: ClassName=Regulators Member=Component B2 R1SE-0512_H2-R
Added Member To Class: ClassName=Regulators Member=Component B3 R1SE-0512_H2-R
Added Member To Class: ClassName=Regulators Member=Component B4 R1SE-0512_H2-R
Added Member To Class: ClassName=Regulators Member=Component B5 R1SE-0512_H2-R
Added Member To Class: ClassName=Regulators Member=Component B6 R1SE-0512_H2-R
Added Member To Class: ClassName=Power Member=Component C51 220pF 16V
Add Class Member: Failed to add class member : Component C80 10湩 63V
Add Class Member: Failed to add class member : Component C84 10湩 63V
Add Class Member: Failed to add class member : Component D1 C4D02120E
Add Class Member: Failed to add class member : Component D6 C4D02120E
Add Class Member: Failed to add class member : Component D11 C4D02120E
Added Member To Class: ClassName=Regulators Member=Component D16 SS36-HT
Added Member To Class: ClassName=Power Member=Component IC2 ACS758LCB-100B-PFF-T
Add Class Member: Failed to add class member : Component IC3 ACS758LCB-100B-PFF-T
Add Class Member: Failed to add class member : Component IC4 ACS758LCB-100B-PFF-T
Added Member To Class: ClassName=Regulators Member=Component L2 RLS-126-R
Added Member To Class: ClassName=Regulators Member=Component L3 RLS-126-R
Added Member To Class: ClassName=Regulators Member=Component L4 RLS-126-R
Added Member To Class: ClassName=Regulators Member=Component L5 RLS-126-R
Added Member To Class: ClassName=Regulators Member=Component L6 RLS-126-R
Added Member To Class: ClassName=Regulators Member=Component L7 RLS-126-R
Added Member To Class: ClassName=Power Member=Component MP3 M6 x 10mm
Added Member To Class: ClassName=Power Member=Component Q13 FDB0260N1007L
Added Member To Class: ClassName=Driver Member=Component R27 51 Ohms
Add Class Member: Failed to add class member : Component R89 1k Ohms
Add Class Member: Failed to add class member : Component R92 35k Ohms
Add Class Member: Failed to add class member : Component U4 8-28Vin, 5Vout, 1Aout
Add Class Member: Failed to add class member : Component U5 8-28Vin, 5Vout, 1Aout
Add Class Member: Failed to add class member : Component VR2 LM2596S-5.0
