Removed Pin From Net: NetName=+5V Pin=C103-1
Removed Pin From Net: NetName=GND Pin=C103-2
Removed Pin From Net: NetName=GND Pin=C104-2
Removed Pin From Net: NetName=+5V Pin=C105-1
Removed Pin From Net: NetName=GND Pin=C105-2
Removed Pin From Net: NetName=+3.3V Pin=C106-1
Removed Pin From Net: NetName=GND Pin=C106-2
Removed Pin From Net: NetName=CAN_H Pin=R23-2
Removed Pin From Net: NetName=CAN_L Pin=R30-2
Removed Pin From Net: NetName=GND Pin=U7-2
Removed Pin From Net: NetName=+5V Pin=U7-3
Removed Pin From Net: NetName=+3.3V Pin=U7-5
Removed Pin From Net: NetName=CAN_L Pin=U7-6
Removed Pin From Net: NetName=CAN_H Pin=U7-7
Removed Pin From Net: NetName=GND Pin=U7-8
Removed Member From Class: ClassName=Connection Member=C103
Removed Member From Class: ClassName=Connection Member=C104
Removed Member From Class: ClassName=Connection Member=C105
Removed Member From Class: ClassName=Connection Member=C106
Removed Member From Class: ClassName=Connection Member=R23
Removed Member From Class: ClassName=Connection Member=R30
Removed Member From Class: ClassName=Connection Member=U7
Added Pin To Net: NetName=CAN_L Pin=P1-14
Added Pin To Net: NetName=CAN_H Pin=P1-16
