Removed Pin From Net: NetName=+3.3V Pin=IC1-1
Removed Pin From Net: NetName=A_VSS_L Pin=IC1-2
Removed Pin From Net: NetName=A_VSS_H Pin=IC1-4
Removed Pin From Net: NetName=PHASE_A Pin=IC1-5
Removed Pin From Net: NetName=PHASE_A Pin=IC1-5
Removed Pin From Net: NetName=PHASE_A Pin=IC1-6
Removed Pin From Net: NetName=PHASE_A Pin=IC1-7
Removed Pin From Net: NetName=PHASE_A Pin=IC1-8
Removed Pin From Net: NetName=PHASE_A Pin=IC1-9
Removed Pin From Net: NetName=PHASE_A Pin=IC1-10
Removed Pin From Net: NetName=PHASE_A Pin=IC1-11
Removed Pin From Net: NetName=PHASE_A Pin=IC1-12
Removed Pin From Net: NetName=PHASE_A Pin=IC1-13
Removed Pin From Net: NetName=PHASE_A Pin=IC1-14
Removed Pin From Net: NetName=PHASE_A Pin=IC1-15
Remove Pin from Net: Failed to remove Pin
Removed Pin From Net: NetName=PHASE_A Pin=IC1-16
Removed Pin From Net: NetName=PHASE_A Pin=IC1-16
Removed Pin From Net: NetName=A_VSS_H Pin=IC1-16
Removed Pin From Net: NetName=PHASE_A Pin=IC1-17
Removed Pin From Net: NetName=PHASE_A Pin=IC1-18
Removed Pin From Net: NetName=PHASE_A Pin=IC1-19
Removed Pin From Net: NetName=PHASE_A Pin=IC1-20
Removed Pin From Net: NetName=A_VSS_H Pin=IC1-21
Removed Pin From Net: NetName=A_VSS_H Pin=IC1-22
Removed Pin From Net: NetName=A_VSS_H Pin=IC1-23
Removed Pin From Net: NetName=A_VSS_H Pin=IC1-24
Removed Pin From Net: NetName=A_VSS_H Pin=IC1-25
Removed Pin From Net: NetName=A_VSS_H Pin=IC1-26
Removed Pin From Net: NetName=A_VSS_H Pin=IC1-27
Removed Pin From Net: NetName=A_VSS_H Pin=IC1-28
Removed Pin From Net: NetName=A_VSS_H Pin=IC1-29
Removed Pin From Net: NetName=A_VSS_H Pin=IC1-30
Removed Pin From Net: NetName=A_VSS_H Pin=IC1-31
Removed Pin From Net: NetName=A_VSS_H Pin=IC1-32
Removed Pin From Net: NetName=A_VSS_H Pin=IC1-33
Removed Pin From Net: NetName=A_VSS_H Pin=IC1-34
Removed Pin From Net: NetName=A_VSS_H Pin=IC1-35
Removed Pin From Net: NetName=+3.3V Pin=IC2-1
Removed Pin From Net: NetName=A_VSS_L Pin=IC2-2
Removed Pin From Net: NetName=B_VSS_H Pin=IC2-4
Removed Pin From Net: NetName=PHASE_B Pin=IC2-5
Removed Pin From Net: NetName=PHASE_B Pin=IC2-5
Removed Pin From Net: NetName=PHASE_B Pin=IC2-6
Removed Pin From Net: NetName=PHASE_B Pin=IC2-7
Removed Pin From Net: NetName=PHASE_B Pin=IC2-8
Removed Pin From Net: NetName=PHASE_B Pin=IC2-9
Removed Pin From Net: NetName=PHASE_B Pin=IC2-10
Removed Pin From Net: NetName=PHASE_B Pin=IC2-11
Removed Pin From Net: NetName=PHASE_B Pin=IC2-12
Removed Pin From Net: NetName=PHASE_B Pin=IC2-13
Removed Pin From Net: NetName=PHASE_B Pin=IC2-14
Removed Pin From Net: NetName=PHASE_B Pin=IC2-14
Removed Pin From Net: NetName=PHASE_B Pin=IC2-14
Removed Pin From Net: NetName=PHASE_B Pin=IC2-15
Removed Pin From Net: NetName=PHASE_B Pin=IC2-16
Removed Pin From Net: NetName=PHASE_B Pin=IC2-17
Removed Pin From Net: NetName=PHASE_B Pin=IC2-18
Removed Pin From Net: NetName=PHASE_B Pin=IC2-19
Removed Pin From Net: NetName=PHASE_B Pin=IC2-20
Removed Pin From Net: NetName=B_VSS_H Pin=IC2-21
Removed Pin From Net: NetName=B_VSS_H Pin=IC2-22
Removed Pin From Net: NetName=B_VSS_H Pin=IC2-23
Removed Pin From Net: NetName=B_VSS_H Pin=IC2-24
Removed Pin From Net: NetName=B_VSS_H Pin=IC2-25
Removed Pin From Net: NetName=B_VSS_H Pin=IC2-26
Removed Pin From Net: NetName=B_VSS_H Pin=IC2-27
Removed Pin From Net: NetName=B_VSS_H Pin=IC2-28
Removed Pin From Net: NetName=B_VSS_H Pin=IC2-29
Removed Pin From Net: NetName=B_VSS_H Pin=IC2-30
Removed Pin From Net: NetName=B_VSS_H Pin=IC2-31
Removed Pin From Net: NetName=B_VSS_H Pin=IC2-32
Removed Pin From Net: NetName=B_VSS_H Pin=IC2-33
Removed Pin From Net: NetName=B_VSS_H Pin=IC2-34
Removed Pin From Net: NetName=B_VSS_H Pin=IC2-35
Removed Pin From Net: NetName=+3.3V Pin=IC3-1
Removed Pin From Net: NetName=A_VSS_L Pin=IC3-2
Removed Pin From Net: NetName=NetR84_1 Pin=IC3-3
Removed Pin From Net: NetName=C_VSS_H Pin=IC3-4
Removed Pin From Net: NetName=PHASE_C Pin=IC3-5
Removed Pin From Net: NetName=PHASE_C Pin=IC3-5
Removed Pin From Net: NetName=PHASE_C Pin=IC3-6
Removed Pin From Net: NetName=PHASE_C Pin=IC3-7
Removed Pin From Net: NetName=PHASE_C Pin=IC3-8
Removed Pin From Net: NetName=PHASE_C Pin=IC3-9
Removed Pin From Net: NetName=PHASE_C Pin=IC3-10
Removed Pin From Net: NetName=PHASE_C Pin=IC3-11
Removed Pin From Net: NetName=PHASE_C Pin=IC3-12
Removed Pin From Net: NetName=PHASE_C Pin=IC3-13
Removed Pin From Net: NetName=PHASE_C Pin=IC3-14
Removed Pin From Net: NetName=PHASE_C Pin=IC3-14
Removed Pin From Net: NetName=PHASE_C Pin=IC3-14
Removed Pin From Net: NetName=PHASE_C Pin=IC3-15
Removed Pin From Net: NetName=PHASE_C Pin=IC3-16
Removed Pin From Net: NetName=PHASE_C Pin=IC3-17
Removed Pin From Net: NetName=PHASE_C Pin=IC3-18
Removed Pin From Net: NetName=PHASE_C Pin=IC3-19
Removed Pin From Net: NetName=PHASE_C Pin=IC3-20
Removed Pin From Net: NetName=C_VSS_H Pin=IC3-21
Removed Pin From Net: NetName=C_VSS_H Pin=IC3-22
Removed Pin From Net: NetName=C_VSS_H Pin=IC3-23
Removed Pin From Net: NetName=C_VSS_H Pin=IC3-24
Removed Pin From Net: NetName=C_VSS_H Pin=IC3-25
Removed Pin From Net: NetName=C_VSS_H Pin=IC3-26
Removed Pin From Net: NetName=C_VSS_H Pin=IC3-27
Removed Pin From Net: NetName=C_VSS_H Pin=IC3-28
Removed Pin From Net: NetName=C_VSS_H Pin=IC3-29
Removed Pin From Net: NetName=C_VSS_H Pin=IC3-30
Removed Pin From Net: NetName=C_VSS_H Pin=IC3-31
Removed Pin From Net: NetName=C_VSS_H Pin=IC3-32
Removed Pin From Net: NetName=C_VSS_H Pin=IC3-33
Removed Pin From Net: NetName=C_VSS_H Pin=IC3-34
Removed Pin From Net: NetName=C_VSS_H Pin=IC3-35
Removed Member From Class: ClassName=Power Member=IC1
Removed Member From Class: ClassName=Power Member=IC2
Removed Member From Class: ClassName=Power Member=IC3
Add Component: Footprint Not Found ACS772ECB200BPFFT
Add Pin To Net: Unknown Pin: Pin IC?-1
Add Pin To Net: Unknown Pin: Pin IC?-2
Add Pin To Net: Unknown Pin: Pin IC?-3
Add Pin To Net: Unknown Pin: Pin IC?-4
Add Pin To Net: Unknown Pin: Pin IC?-5
Add Pin To Net: Unknown Pin: Pin IC?-6
Add Pin To Net: Unknown Pin: Pin IC?-7
Add Pin To Net: Unknown Pin: Pin IC?-8
Add Pin To Net: Unknown Pin: Pin IC?-9
Add Pin To Net: Unknown Pin: Pin IC?-10
Add Pin To Net: Unknown Pin: Pin IC?-11
Add Pin To Net: Unknown Pin: Pin IC?-12
Add Pin To Net: Unknown Pin: Pin IC?-13
Add Pin To Net: Unknown Pin: Pin IC?-14
Add Pin To Net: Unknown Pin: Pin IC?-15
Add Pin To Net: Unknown Pin: Pin IC?-16
Add Pin To Net: Unknown Pin: Pin IC?-17
Add Pin To Net: Unknown Pin: Pin IC?-18
Add Pin To Net: Unknown Pin: Pin IC?-19
Add Pin To Net: Unknown Pin: Pin IC?-20
Add Pin To Net: Unknown Pin: Pin IC?-21
Add Pin To Net: Unknown Pin: Pin IC?-22
Add Pin To Net: Unknown Pin: Pin IC?-23
Add Pin To Net: Unknown Pin: Pin IC?-24
Add Pin To Net: Unknown Pin: Pin IC?-25
Add Pin To Net: Unknown Pin: Pin IC?-26
Add Pin To Net: Unknown Pin: Pin IC?-27
Add Pin To Net: Unknown Pin: Pin IC?-28
Add Pin To Net: Unknown Pin: Pin IC?-29
Add Pin To Net: Unknown Pin: Pin IC?-30
Add Pin To Net: Unknown Pin: Pin IC?-31
Add Pin To Net: Unknown Pin: Pin IC?-32
Add Pin To Net: Unknown Pin: Pin IC?-33
Add Pin To Net: Unknown Pin: Pin IC?-34
Add Pin To Net: Unknown Pin: Pin IC?-35
Add Class Member: Failed to add class member : Component IC? ACS758LCB-100B-PFF-T
