Removed Pin From Net: NetName=kelvin 1 Pin=Q1-2
Removed Pin From Net: NetName=kelvin 1 Pin=Q1-3
Removed Pin From Net: NetName=kelvin 1 Pin=Q2-2
Removed Pin From Net: NetName=kelvin 1 Pin=Q2-3
Added Pin To Net: NetName=kelvin 1 Pin=B1-4
Added Pin To Net: NetName=B_VSS_H Pin=B3-4
Added Pin To Net: NetName=C_VSS_H Pin=B6-4
Added Pin To Net: NetName=A_VSS_L Pin=C10-2
Added Pin To Net: NetName=A_VSS_L Pin=C11-1
Added Pin To Net: NetName=A_VSS_L Pin=C24-2
Added Pin To Net: NetName=A_VSS_L Pin=C25-1
Added Pin To Net: NetName=B_VSS_H Pin=C26-2
Added Pin To Net: NetName=B_VSS_H Pin=C27-1
Added Pin To Net: NetName=A_VSS_L Pin=C38-2
Added Pin To Net: NetName=A_VSS_L Pin=C39-1
Added Pin To Net: NetName=C_VSS_H Pin=C40-2
Added Pin To Net: NetName=C_VSS_H Pin=C41-1
Added Pin To Net: NetName=A_VSS_H Pin=Q1-2
Added Pin To Net: NetName=A_VSS_H Pin=Q1-3
Added Pin To Net: NetName=A_VSS_H Pin=Q2-2
Added Pin To Net: NetName=A_VSS_H Pin=Q2-3
Added Pin To Net: NetName=A_VSS_L Pin=Q4-2
Added Pin To Net: NetName=A_VSS_L Pin=Q4-3
Added Pin To Net: NetName=A_VSS_L Pin=Q5-2
Added Pin To Net: NetName=A_VSS_L Pin=Q5-3
Added Pin To Net: NetName=B_VSS_H Pin=Q7-2
Added Pin To Net: NetName=B_VSS_H Pin=Q7-3
Added Pin To Net: NetName=B_VSS_H Pin=Q8-2
Added Pin To Net: NetName=B_VSS_H Pin=Q8-3
Added Pin To Net: NetName=A_VSS_L Pin=Q10-2
Added Pin To Net: NetName=A_VSS_L Pin=Q10-3
Added Pin To Net: NetName=A_VSS_L Pin=Q11-2
Added Pin To Net: NetName=A_VSS_L Pin=Q11-3
Added Pin To Net: NetName=C_VSS_H Pin=Q13-2
Added Pin To Net: NetName=C_VSS_H Pin=Q13-3
Added Pin To Net: NetName=C_VSS_H Pin=Q14-2
Added Pin To Net: NetName=C_VSS_H Pin=Q14-3
Added Pin To Net: NetName=A_VSS_L Pin=Q16-2
Added Pin To Net: NetName=A_VSS_L Pin=Q16-3
Added Pin To Net: NetName=A_VSS_L Pin=Q17-2
Added Pin To Net: NetName=A_VSS_L Pin=Q17-3
Added Pin To Net: NetName=A_VSS_L Pin=R11-2
Added Pin To Net: NetName=A_VSS_L Pin=R14-2
Added Pin To Net: NetName=B_VSS_H Pin=R19-1
Added Pin To Net: NetName=A_VSS_L Pin=R26-2
Added Pin To Net: NetName=A_VSS_L Pin=R29-2
Added Pin To Net: NetName=C_VSS_H Pin=R34-1
Added Pin To Net: NetName=A_VSS_L Pin=R41-2
Added Pin To Net: NetName=A_VSS_L Pin=R44-2
Added Pin To Net: NetName=A_VSS_L Pin=U1-9
Added Pin To Net: NetName=A_VSS_L Pin=U2-9
Added Pin To Net: NetName=B_VSS_H Pin=U2-14
Added Pin To Net: NetName=A_VSS_L Pin=U3-9
Added Pin To Net: NetName=C_VSS_H Pin=U3-14
Change Net Name : Old Net Name=kelvin 1 New Net Name=ISO_-12_A_H
