Removed Pin From Net: NetName=PHASE_B Pin=MP2-1
Removed Pin From Net: NetName=PHASE_B Pin=MP2-1
Removed Pin From Net: NetName=PHASE_B Pin=MP2-1
Removed Pin From Net: NetName=PHASE_B Pin=MP2-1
Removed Pin From Net: NetName=PHASE_B Pin=MP2-1
Removed Pin From Net: NetName=PHASE_B Pin=MP2-1
Removed Pin From Net: NetName=PHASE_B Pin=MP2-1
Removed Pin From Net: NetName=PHASE_B Pin=MP2-1
Removed Pin From Net: NetName=PHASE_B Pin=MP2-1
Removed Pin From Net: NetName=PHASE_B Pin=MP2-1
Removed Pin From Net: NetName=PHASE_B Pin=MP2-1
Removed Pin From Net: NetName=PHASE_B Pin=MP2-1
Removed Pin From Net: NetName=PHASE_B Pin=MP2-1
Removed Pin From Net: NetName=PHASE_B Pin=MP2-1
Removed Pin From Net: NetName=PHASE_B Pin=MP2-1
Removed Pin From Net: NetName=PHASE_B Pin=MP2-1
Removed Pin From Net: NetName=PHASE_B Pin=MP2-1
Removed Pin From Net: NetName=PHASE_B Pin=MP2-1
Removed Pin From Net: NetName=PHASE_B Pin=MP2-1
Removed Pin From Net: NetName=PHASE_B Pin=MP2-1
Removed Pin From Net: NetName=PHASE_B Pin=MP2-1
Removed Pin From Net: NetName=PHASE_B Pin=MP2-1
Removed Pin From Net: NetName=PHASE_B Pin=MP2-1
Removed Pin From Net: NetName=PHASE_B Pin=MP2-1
Removed Pin From Net: NetName=PHASE_B Pin=MP2-1
Added Pin To Net: NetName=A_VSS_L Pin=MP2-1
Added Pin To Net: NetName=A_VSS_L Pin=MP2-1
Added Pin To Net: NetName=A_VSS_L Pin=MP2-1
Added Pin To Net: NetName=A_VSS_L Pin=MP2-1
Added Pin To Net: NetName=A_VSS_L Pin=MP2-1
Added Pin To Net: NetName=A_VSS_L Pin=MP2-1
Added Pin To Net: NetName=A_VSS_L Pin=MP2-1
Added Pin To Net: NetName=A_VSS_L Pin=MP2-1
Added Pin To Net: NetName=A_VSS_L Pin=MP2-1
Added Pin To Net: NetName=A_VSS_L Pin=MP2-1
Added Pin To Net: NetName=A_VSS_L Pin=MP2-1
Added Pin To Net: NetName=A_VSS_L Pin=MP2-1
Added Pin To Net: NetName=A_VSS_L Pin=MP2-1
Added Pin To Net: NetName=A_VSS_L Pin=MP2-1
Added Pin To Net: NetName=A_VSS_L Pin=MP2-1
Added Pin To Net: NetName=A_VSS_L Pin=MP2-1
Added Pin To Net: NetName=A_VSS_L Pin=MP2-1
Added Pin To Net: NetName=A_VSS_L Pin=MP2-1
Added Pin To Net: NetName=A_VSS_L Pin=MP2-1
Added Pin To Net: NetName=A_VSS_L Pin=MP2-1
Added Pin To Net: NetName=A_VSS_L Pin=MP2-1
Added Pin To Net: NetName=A_VSS_L Pin=MP2-1
Added Pin To Net: NetName=A_VSS_L Pin=MP2-1
Added Pin To Net: NetName=A_VSS_L Pin=MP2-1
Added Pin To Net: NetName=A_VSS_L Pin=MP2-1
Added Pin To Net: NetName=A_VSS Pin=MP5-1
Added Pin To Net: NetName=A_VSS Pin=MP5-1
Added Pin To Net: NetName=A_VSS Pin=MP5-1
Added Pin To Net: NetName=A_VSS Pin=MP5-1
Added Pin To Net: NetName=A_VSS Pin=MP5-1
Added Pin To Net: NetName=A_VSS Pin=MP5-1
Added Pin To Net: NetName=A_VSS Pin=MP5-1
Added Pin To Net: NetName=A_VSS Pin=MP5-1
Added Pin To Net: NetName=A_VSS Pin=MP5-1
Added Pin To Net: NetName=A_VSS Pin=MP5-1
Added Pin To Net: NetName=A_VSS Pin=MP5-1
Added Pin To Net: NetName=A_VSS Pin=MP5-1
Added Pin To Net: NetName=A_VSS Pin=MP5-1
Added Pin To Net: NetName=A_VSS Pin=MP5-1
Added Pin To Net: NetName=A_VSS Pin=MP5-1
Added Pin To Net: NetName=A_VSS Pin=MP5-1
Added Pin To Net: NetName=A_VSS Pin=MP5-1
Added Pin To Net: NetName=A_VSS Pin=MP5-1
Added Pin To Net: NetName=A_VSS Pin=MP5-1
Added Pin To Net: NetName=A_VSS Pin=MP5-1
Added Pin To Net: NetName=A_VSS Pin=MP5-1
Added Pin To Net: NetName=A_VSS Pin=MP5-1
Added Pin To Net: NetName=A_VSS Pin=MP5-1
Added Pin To Net: NetName=A_VSS Pin=MP5-1
Added Pin To Net: NetName=A_VSS Pin=MP5-1
Added Net: Name=A_VSS
Added Member To Class: ClassName=Power Member=Component MP2 M6 x 10mm
Added Member To Class: ClassName=Regulators Member=Component MP5 M6 x 10mm
