Removed Pin From Net: NetName=PWM_AH Pin=J3-1
Removed Pin From Net: NetName=FWD/REV Pin=J3-2
Removed Pin From Net: NetName=PWM_AL Pin=J3-3
Removed Pin From Net: NetName=GND Pin=J3-4
Removed Pin From Net: NetName=ENABLE Pin=J3-6
Removed Pin From Net: NetName=+5 Pin=J3-8
Removed Pin From Net: NetName=SPEED Pin=J3-10
Removed Pin From Net: NetName=PWM_BH Pin=J3-11
Removed Pin From Net: NetName=CAN_RX Pin=J3-12
Removed Pin From Net: NetName=PWM_BL Pin=J3-13
Removed Pin From Net: NetName=CAN_TX Pin=J3-14
Removed Pin From Net: NetName=GND Pin=J3-15
Removed Pin From Net: NetName=PC5 Pin=J3-16
Removed Pin From Net: NetName=PB10 Pin=J3-18
Removed Pin From Net: NetName=GND Pin=J3-19
Removed Pin From Net: NetName=HA Pin=J3-20
Removed Pin From Net: NetName=PWM_CH Pin=J3-21
Removed Pin From Net: NetName=HB Pin=J3-22
Removed Pin From Net: NetName=PWM_CL Pin=J3-23
Removed Pin From Net: NetName=HC Pin=J3-24
Removed Pin From Net: NetName=+5 Pin=J3-25
Removed Pin From Net: NetName=PA1 Pin=J3-26
Removed Member From Class: ClassName=Sheet1 Member=J3
Added Component: Designator=J5(61302621821)
Add component (AddParameter): Name = "Category"; Value = "Board-to-Board Connectors"; VariantName = "[No Variations]"
Add component (AddParameter): Name = "ComponentLink1Description"; Value = "Website Link"; VariantName = "[No Variations]"
Add component (AddParameter): Name = "ComponentLink1URL"; Value = "https://www.we-online.com/redexpert/article/61302621821?ad"; VariantName = "[No Variations]"
Add component (AddParameter): Name = "ComponentLink2Description"; Value = "Datasheet Link"; VariantName = "[No Variations]"
Add component (AddParameter): Name = "ComponentLink2URL"; Value = "https://www.we-online.com/redexpert/spec/61302621821?ad"; VariantName = "[No Variations]"
Add component (AddParameter): Name = "Contact Resistance"; Value = "20mOhm"; VariantName = "[No Variations]"
Add component (AddParameter): Name = "Gender"; Value = "Socket Header"; VariantName = "[No Variations]"
Add component (AddParameter): Name = "Manufacturer"; Value = "Wurth Elektronik"; VariantName = "[No Variations]"
Add component (AddParameter): Name = "Manufacturer Part Number"; Value = "61302621821"; VariantName = "[No Variations]"
Add component (AddParameter): Name = "Match Code"; Value = "WR-PHD"; VariantName = "[No Variations]"
Add component (AddParameter): Name = "Mount"; Value = "Through Hole"; VariantName = "[No Variations]"
Add component (AddParameter): Name = "Number of Pins"; Value = "26"; VariantName = "[No Variations]"
Add component (AddParameter): Name = "Number of Rows"; Value = "2"; VariantName = "[No Variations]"
Add component (AddParameter): Name = "Operating Temperature Max"; Value = "125°C"; VariantName = "[No Variations]"
Add component (AddParameter): Name = "Operating Temperature Min"; Value = "-40°C"; VariantName = "[No Variations]"
Add component (AddParameter): Name = "Orientation"; Value = "Vertical"; VariantName = "[No Variations]"
Add component (AddParameter): Name = "Packaging"; Value = "Tray"; VariantName = "[No Variations]"
Add component (AddParameter): Name = "Pitch"; Value = "2.54mm"; VariantName = "[No Variations]"
Add component (AddParameter): Name = "Rated Current"; Value = "3A"; VariantName = "[No Variations]"
Add component (AddParameter): Name = "Withstanding Voltage"; Value = "500V"; VariantName = "[No Variations]"
Add component (AddParameter): Name = "Working Voltage"; Value = "250V"; VariantName = "[No Variations]"
Added Pin To Net: NetName=PA1 Pin=J5-1
Added Pin To Net: NetName=+5 Pin=J5-2
Added Pin To Net: NetName=HC Pin=J5-3
Added Pin To Net: NetName=PWM_CL Pin=J5-4
Added Pin To Net: NetName=HB Pin=J5-5
Added Pin To Net: NetName=PWM_CH Pin=J5-6
Added Pin To Net: NetName=HA Pin=J5-7
Added Pin To Net: NetName=GND Pin=J5-8
Added Pin To Net: NetName=PB10 Pin=J5-9
Added Pin To Net: NetName=PC5 Pin=J5-11
Added Pin To Net: NetName=GND Pin=J5-12
Added Pin To Net: NetName=CAN_TX Pin=J5-13
Added Pin To Net: NetName=PWM_BL Pin=J5-14
Added Pin To Net: NetName=CAN_RX Pin=J5-15
Added Pin To Net: NetName=PWM_BH Pin=J5-16
Added Pin To Net: NetName=SPEED Pin=J5-17
Added Pin To Net: NetName=+5 Pin=J5-19
Added Pin To Net: NetName=ENABLE Pin=J5-21
Added Pin To Net: NetName=GND Pin=J5-23
Added Pin To Net: NetName=PWM_AL Pin=J5-24
Added Pin To Net: NetName=FWD/REV Pin=J5-25
Added Pin To Net: NetName=PWM_AH Pin=J5-26
Added Pin To Net: NetName=NetJ5_10 Pin=J5-10
Added Pin To Net: NetName=NetJ5_10 Pin=R22-2
Added Net: Name=NetJ5_10
Added Pin To Net: NetName=NetJ5_18 Pin=J5-18
Added Pin To Net: NetName=NetJ5_18 Pin=R18-2
Added Net: Name=NetJ5_18
Added Pin To Net: NetName=NetJ5_20 Pin=J5-20
Added Pin To Net: NetName=NetJ5_20 Pin=R17-2
Added Net: Name=NetJ5_20
Added Pin To Net: NetName=NetJ5_22 Pin=J5-22
Added Pin To Net: NetName=NetJ5_22 Pin=R16-2
Added Net: Name=NetJ5_22
Added Member To Class: ClassName=Sheet1 Member=Component J5 61302621821
