Change Component Footprint: Designator=C17 Old Footprint=0805_CAP New Footprint=0603_CAP
Change Component Footprint: Designator=C18 Old Footprint=0805_CAP New Footprint=0603_CAP
Change Component Footprint: Designator=C19 Old Footprint=0805_CAP New Footprint=0603_CAP
Change Component Footprint: Designator=C23 Old Footprint=0805_CAP New Footprint=0603_CAP
Change Component Footprint: Designator=R13 Old Footprint=0805_RES New Footprint=0603_RES
Change Component Footprint: Designator=R20 Old Footprint=0805_RES New Footprint=0603_RES
Change Component Comment : Designator=R13 Old Comment=1M Ohms New Comment=1M
Change Component Comment : Designator=R20 Old Comment=1M Ohms New Comment=1M
Change Component Comment : Designator=C19 Old Comment=12.5pF 16V New Comment=12.5pF
Change Component Comment : Designator=C23 Old Comment=12.5pF 16V New Comment=12.5pF
Change Component Comment : Designator=C17 Old Comment=20pF 16V New Comment=20pF
Change Component Comment : Designator=C18 Old Comment=20pF 16V New Comment=20pF
Change component parameters: Designator = "C17" ("C17"); Footprint = "0805_CAP"; UniqueID = "\AHKKVDJH" ("\AHKKVDJH")
Change component parameters (AddParameter): Name = "Value"; Value = "1uF 16V"; VariantName = "[No Variations]"
Change component parameters: Designator = "C18" ("C18"); Footprint = "0805_CAP"; UniqueID = "\ZICTVGBF" ("\ZICTVGBF")
Change component parameters (AddParameter): Name = "Value"; Value = "1uF 16V"; VariantName = "[No Variations]"
Change component parameters: Designator = "C19" ("C19"); Footprint = "0805_CAP"; UniqueID = "\UHXJMZQM" ("\UHXJMZQM")
Change component parameters (AddParameter): Name = "Value"; Value = "1uF 16V"; VariantName = "[No Variations]"
Change component parameters: Designator = "C23" ("C23"); Footprint = "0805_CAP"; UniqueID = "\DMZKSMTE" ("\DMZKSMTE")
Change component parameters (AddParameter): Name = "Value"; Value = "1uF 16V"; VariantName = "[No Variations]"
Change component parameters: Designator = "R13" ("R13"); Footprint = "0805_RES"; UniqueID = "\WWBRJIPM" ("\WWBRJIPM")
Change component parameters (AddParameter): Name = "Power"; Value = "1/8W"; VariantName = "[No Variations]"
Change component parameters (AddParameter): Name = "Value"; Value = "0/10 Ohms"; VariantName = "[No Variations]"
Change component parameters: Designator = "R20" ("R20"); Footprint = "0805_RES"; UniqueID = "\JVALNWEM" ("\JVALNWEM")
Change component parameters (AddParameter): Name = "Power"; Value = "1/8W"; VariantName = "[No Variations]"
Change component parameters (AddParameter): Name = "Value"; Value = "0/10 Ohms"; VariantName = "[No Variations]"
