Removed Pin From Net: NetName=PA3 Pin=B1-1
Removed Pin From Net: NetName=PA2 Pin=B1-4
Removed Pin From Net: NetName=PB10 Pin=J5-9
Removed Pin From Net: NetName=PC5 Pin=J5-11
Removed Pin From Net: NetName=+5 Pin=R7-+5
Removed Pin From Net: NetName=RS485+ Pin=TB1-1
Removed Pin From Net: NetName=RS485- Pin=TB1-2
Removed Member From Class: ClassName=Sheet1 Member=TB1
Change Component Description : Designator=D1 Old Description=LED SMD 0603 Ultra Yellow 593nm 70mcd Water Clear Lens 130 Deg Viewing Angle New Description=LED SMD 0603 Ultra Yellow 593nm 70mcd Water Clear Lens 130 Deg Viewing Angle | Bivar Inc. SM0603UYC
Change Component Description : Designator=D2 Old Description=LED SMD 0603 Ultra Yellow 593nm 70mcd Water Clear Lens 130 Deg Viewing Angle New Description=LED SMD 0603 Ultra Yellow 593nm 70mcd Water Clear Lens 130 Deg Viewing Angle | Bivar Inc. SM0603UYC
Change Component Description : Designator=D3 Old Description=LED SMD 0603 Ultra Yellow 593nm 70mcd Water Clear Lens 130 Deg Viewing Angle New Description=LED SMD 0603 Ultra Yellow 593nm 70mcd Water Clear Lens 130 Deg Viewing Angle | Bivar Inc. SM0603UYC
Change Component Description : Designator=D4 Old Description=LED SMD 0603 Ultra Yellow 593nm 70mcd Water Clear Lens 130 Deg Viewing Angle New Description=LED SMD 0603 Ultra Yellow 593nm 70mcd Water Clear Lens 130 Deg Viewing Angle | Bivar Inc. SM0603UYC
Change Component Description : Designator=D5 Old Description=LED SMD 0603 Ultra Yellow 593nm 70mcd Water Clear Lens 130 Deg Viewing Angle New Description=LED SMD 0603 Ultra Yellow 593nm 70mcd Water Clear Lens 130 Deg Viewing Angle | Bivar Inc. SM0603UYC
Change Component Description : Designator=D6 Old Description=LED SMD 0603 Ultra Yellow 593nm 70mcd Water Clear Lens 130 Deg Viewing Angle New Description=LED SMD 0603 Ultra Yellow 593nm 70mcd Water Clear Lens 130 Deg Viewing Angle | Bivar Inc. SM0603UYC
Change Component Description : Designator=D7 Old Description=LED SMD 0603 Ultra Yellow 593nm 70mcd Water Clear Lens 130 Deg Viewing Angle New Description=LED SMD 0603 Ultra Yellow 593nm 70mcd Water Clear Lens 130 Deg Viewing Angle | Bivar Inc. SM0603UYC
Change Component Description : Designator=D8 Old Description=LED SMD 0603 Ultra Yellow 593nm 70mcd Water Clear Lens 130 Deg Viewing Angle New Description=LED SMD 0603 Ultra Yellow 593nm 70mcd Water Clear Lens 130 Deg Viewing Angle | Bivar Inc. SM0603UYC
Added Pin To Net: NetName=PC5 Pin=B1-1
Added Pin To Net: NetName=PB10 Pin=B1-4
Added Pin To Net: NetName=RS485+ Pin=J5-9
Added Pin To Net: NetName=RS485- Pin=J5-11
