Change Component Description : Designator=D1 Old Description=LED SMD 0603 Ultra Yellow 593nm 70mcd Water Clear Lens 130 Deg Viewing Angle New Description=LED SMD 0603 Ultra Yellow 593nm 70mcd Water Clear Lens 130 Deg Viewing Angle | Bivar Inc. SM0603UYC
Change Component Description : Designator=D2 Old Description=LED SMD 0603 Ultra Yellow 593nm 70mcd Water Clear Lens 130 Deg Viewing Angle New Description=LED SMD 0603 Ultra Yellow 593nm 70mcd Water Clear Lens 130 Deg Viewing Angle | Bivar Inc. SM0603UYC
Change Component Description : Designator=D3 Old Description=LED SMD 0603 Ultra Yellow 593nm 70mcd Water Clear Lens 130 Deg Viewing Angle New Description=LED SMD 0603 Ultra Yellow 593nm 70mcd Water Clear Lens 130 Deg Viewing Angle | Bivar Inc. SM0603UYC
Change Component Description : Designator=D4 Old Description=LED SMD 0603 Ultra Yellow 593nm 70mcd Water Clear Lens 130 Deg Viewing Angle New Description=LED SMD 0603 Ultra Yellow 593nm 70mcd Water Clear Lens 130 Deg Viewing Angle | Bivar Inc. SM0603UYC
Change Component Description : Designator=D5 Old Description=LED SMD 0603 Ultra Yellow 593nm 70mcd Water Clear Lens 130 Deg Viewing Angle New Description=LED SMD 0603 Ultra Yellow 593nm 70mcd Water Clear Lens 130 Deg Viewing Angle | Bivar Inc. SM0603UYC
Change Component Description : Designator=D6 Old Description=LED SMD 0603 Ultra Yellow 593nm 70mcd Water Clear Lens 130 Deg Viewing Angle New Description=LED SMD 0603 Ultra Yellow 593nm 70mcd Water Clear Lens 130 Deg Viewing Angle | Bivar Inc. SM0603UYC
Change Component Description : Designator=D7 Old Description=LED SMD 0603 Ultra Yellow 593nm 70mcd Water Clear Lens 130 Deg Viewing Angle New Description=LED SMD 0603 Ultra Yellow 593nm 70mcd Water Clear Lens 130 Deg Viewing Angle | Bivar Inc. SM0603UYC
Change Component Description : Designator=D8 Old Description=LED SMD 0603 Ultra Yellow 593nm 70mcd Water Clear Lens 130 Deg Viewing Angle New Description=LED SMD 0603 Ultra Yellow 593nm 70mcd Water Clear Lens 130 Deg Viewing Angle | Bivar Inc. SM0603UYC
Added Component: Designator=C?(0805_CAP)
Add component (AddParameter): Name = "Value"; Value = "100nF 16V"; VariantName = "[No Variations]"
Added Component: Designator=C?(0805_CAP)
Add component (AddParameter): Name = "Value"; Value = "100nF 16V"; VariantName = "[No Variations]"
Added Component: Designator=R?(0805_RES)
Add component (AddParameter): Name = "Power"; Value = "1/8 W"; VariantName = "[No Variations]"
Add component (AddParameter): Name = "Value"; Value = "100k Ohms"; VariantName = "[No Variations]"
Added Component: Designator=R?(0805_RES)
Add component (AddParameter): Name = "Power"; Value = "1/8 W"; VariantName = "[No Variations]"
Add component (AddParameter): Name = "Value"; Value = "100k Ohms"; VariantName = "[No Variations]"
Add Component: Footprint Not Found SOT96-1
Added Pin To Net: NetName=GND Pin=C?-1
Added Pin To Net: NetName=GND Pin=C?-1
Added Pin To Net: NetName=+5 Pin=C?-2
Add Pin To Net: Unknown Pin: Pin U?-2
Add Pin To Net: Unknown Pin: Pin U?-3
Add Pin To Net: Unknown Pin: Pin U?-5
Add Pin To Net: Unknown Pin: Pin U?-8
Added Pin To Net: NetName=CAN_H Pin=R?-2
Added Net: Name=CAN_H
Added Pin To Net: NetName=CAN_L Pin=R?-1
Added Net: Name=CAN_L
Added Pin To Net: NetName=NetC?_2 Pin=C?-2
Added Pin To Net: NetName=NetC?_2 Pin=R?-1
Added Pin To Net: NetName=NetC?_2 Pin=R?-2
Added Net: Name=NetC?_2
Added Member To Class: ClassName=Sheet1 Member=Component C? 100nF 16V
Added Member To Class: ClassName=Sheet1 Member=Component C? 100nF 16V
Added Member To Class: ClassName=Sheet1 Member=Component R? 60
Added Member To Class: ClassName=Sheet1 Member=Component R? 60
Add Class Member: Failed to add class member : Component U? TJA1051T/3
