Added Component: Designator=C1(0603_CAP)
Add component (AddParameter): Name = "Value"; Value = "1uF 16V"; VariantName = "[No Variations]"
Added Component: Designator=C2(0603_CAP)
Add component (AddParameter): Name = "Value"; Value = "1uF 16V"; VariantName = "[No Variations]"
Added Component: Designator=C3(0603_CAP)
Add component (AddParameter): Name = "Value"; Value = "1uF 16V"; VariantName = "[No Variations]"
Added Component: Designator=C4(0603_CAP)
Add component (AddParameter): Name = "Value"; Value = "1uF 16V"; VariantName = "[No Variations]"
Added Component: Designator=C5(0603_CAP)
Add component (AddParameter): Name = "Value"; Value = "1uF 16V"; VariantName = "[No Variations]"
Added Component: Designator=C6(0603_CAP)
Add component (AddParameter): Name = "Value"; Value = "1uF 16V"; VariantName = "[No Variations]"
Added Component: Designator=C7(0603_CAP)
Add component (AddParameter): Name = "Value"; Value = "1uF 16V"; VariantName = "[No Variations]"
Added Component: Designator=C8(0603_CAP)
Add component (AddParameter): Name = "Value"; Value = "1uF 16V"; VariantName = "[No Variations]"
Added Component: Designator=C9(0603_CAP)
Add component (AddParameter): Name = "Value"; Value = "1uF 16V"; VariantName = "[No Variations]"
Added Component: Designator=C10(0603_CAP)
Add component (AddParameter): Name = "Value"; Value = "100nF 16V"; VariantName = "[No Variations]"
Added Component: Designator=C11(CAPMP3216X180N)
Add component (AddParameter): Name = "Arrow_Electronics-Purchase-URL"; Value = "https://snapeda.com/shop?store=Arrow+Electronics&id=47127"; VariantName = "[No Variations]"
Add component (AddParameter): Name = "Availability"; Value = "Warning"; VariantName = "[No Variations]"
Add component (AddParameter): Name = "Check_prices"; Value = "https://www.snapeda.com/parts/TAJA106K016RNJ/AVX%20/%20Kyocera/view-part/47127/?ref=eda"; VariantName = "[No Variations]"
Add component (AddParameter): Name = "MF"; Value = "AVX"; VariantName = "[No Variations]"
Add component (AddParameter): Name = "Mouser-Purchase-URL"; Value = "https://snapeda.com/shop?store=Mouser&id=47127"; VariantName = "[No Variations]"
Add component (AddParameter): Name = "MP"; Value = "TAJA106K016RNJ"; VariantName = "[No Variations]"
Add component (AddParameter): Name = "Package"; Value = "1206 AVX"; VariantName = "[No Variations]"
Add component (AddParameter): Name = "Price"; Value = "None"; VariantName = "[No Variations]"
Add component (AddParameter): Name = "SnapEDA_Link"; Value = "https://www.snapeda.com/parts/TAJA106K016RNJ/AVX%20/%20Kyocera/view-part/47127/?ref=snap"; VariantName = "[No Variations]"
Add component (AddParameter): Name = "Value"; Value = ""; VariantName = "[No Variations]"
Added Component: Designator=C12(CAPMP3216X180N)
Add component (AddParameter): Name = "Arrow_Electronics-Purchase-URL"; Value = "https://snapeda.com/shop?store=Arrow+Electronics&id=47127"; VariantName = "[No Variations]"
Add component (AddParameter): Name = "Availability"; Value = "Warning"; VariantName = "[No Variations]"
Add component (AddParameter): Name = "Check_prices"; Value = "https://www.snapeda.com/parts/TAJA106K016RNJ/AVX%20/%20Kyocera/view-part/47127/?ref=eda"; VariantName = "[No Variations]"
Add component (AddParameter): Name = "MF"; Value = "AVX"; VariantName = "[No Variations]"
Add component (AddParameter): Name = "Mouser-Purchase-URL"; Value = "https://snapeda.com/shop?store=Mouser&id=47127"; VariantName = "[No Variations]"
Add component (AddParameter): Name = "MP"; Value = "TAJA106K016RNJ"; VariantName = "[No Variations]"
Add component (AddParameter): Name = "Package"; Value = "1206 AVX"; VariantName = "[No Variations]"
Add component (AddParameter): Name = "Price"; Value = "None"; VariantName = "[No Variations]"
Add component (AddParameter): Name = "SnapEDA_Link"; Value = "https://www.snapeda.com/parts/TAJA106K016RNJ/AVX%20/%20Kyocera/view-part/47127/?ref=snap"; VariantName = "[No Variations]"
Add component (AddParameter): Name = "Value"; Value = ""; VariantName = "[No Variations]"
Added Component: Designator=C13(0805_CAP)
Add component (AddParameter): Name = "Value"; Value = "100nF 16V"; VariantName = "[No Variations]"
Added Component: Designator=C14(0603_CAP)
Add component (AddParameter): Name = "Value"; Value = "1uF 16V"; VariantName = "[No Variations]"
Added Component: Designator=C15(0603_CAP)
Add component (AddParameter): Name = "Value"; Value = "1uF 16V"; VariantName = "[No Variations]"
Added Component: Designator=C16(0603_CAP)
Add component (AddParameter): Name = "Value"; Value = "1uF 16V"; VariantName = "[No Variations]"
Added Component: Designator=C17(0603_CAP)
Add component (AddParameter): Name = "Value"; Value = "1uF 16V"; VariantName = "[No Variations]"
Added Component: Designator=C18(0603_CAP)
Add component (AddParameter): Name = "Value"; Value = "1uF 16V"; VariantName = "[No Variations]"
Added Component: Designator=C19(0603_CAP)
Add component (AddParameter): Name = "Value"; Value = "1uF 16V"; VariantName = "[No Variations]"
Added Component: Designator=C20(0603_CAP)
Add component (AddParameter): Name = "Value"; Value = "1uF 16V"; VariantName = "[No Variations]"
Added Component: Designator=C21(0603_CAP)
Add component (AddParameter): Name = "Value"; Value = "1uF 16V"; VariantName = "[No Variations]"
Added Component: Designator=C22(0603_CAP)
Add component (AddParameter): Name = "Value"; Value = "1uF 16V"; VariantName = "[No Variations]"
Added Component: Designator=C23(0603_CAP)
Add component (AddParameter): Name = "Value"; Value = "1uF 16V"; VariantName = "[No Variations]"
Added Component: Designator=D1(LED_SM0603UYC)
Add component (AddParameter): Name = "Check_prices"; Value = "https://www.snapeda.com/parts/SM0603UYC/Bivar/view-part/?ref=eda"; VariantName = "[No Variations]"
Add component (AddParameter): Name = "MF"; Value = "Bivar"; VariantName = "[No Variations]"
Add component (AddParameter): Name = "MP"; Value = "SM0603UYC"; VariantName = "[No Variations]"
Add component (AddParameter): Name = "Package"; Value = "0603 Bivar"; VariantName = "[No Variations]"
Add component (AddParameter): Name = "SnapEDA_Link"; Value = "https://www.snapeda.com/parts/SM0603UYC/Bivar/view-part/?ref=snap"; VariantName = "[No Variations]"
Add component (AddParameter): Name = "Value"; Value = ""; VariantName = "[No Variations]"
Added Component: Designator=D2(LED_SM0603UYC)
Add component (AddParameter): Name = "Check_prices"; Value = "https://www.snapeda.com/parts/SM0603UYC/Bivar/view-part/?ref=eda"; VariantName = "[No Variations]"
Add component (AddParameter): Name = "MF"; Value = "Bivar"; VariantName = "[No Variations]"
Add component (AddParameter): Name = "MP"; Value = "SM0603UYC"; VariantName = "[No Variations]"
Add component (AddParameter): Name = "Package"; Value = "0603 Bivar"; VariantName = "[No Variations]"
Add component (AddParameter): Name = "SnapEDA_Link"; Value = "https://www.snapeda.com/parts/SM0603UYC/Bivar/view-part/?ref=snap"; VariantName = "[No Variations]"
Add component (AddParameter): Name = "Value"; Value = ""; VariantName = "[No Variations]"
Added Component: Designator=D3(LED_SM0603UYC)
Add component (AddParameter): Name = "Check_prices"; Value = "https://www.snapeda.com/parts/SM0603UYC/Bivar/view-part/?ref=eda"; VariantName = "[No Variations]"
Add component (AddParameter): Name = "MF"; Value = "Bivar"; VariantName = "[No Variations]"
Add component (AddParameter): Name = "MP"; Value = "SM0603UYC"; VariantName = "[No Variations]"
Add component (AddParameter): Name = "Package"; Value = "0603 Bivar"; VariantName = "[No Variations]"
Add component (AddParameter): Name = "SnapEDA_Link"; Value = "https://www.snapeda.com/parts/SM0603UYC/Bivar/view-part/?ref=snap"; VariantName = "[No Variations]"
Add component (AddParameter): Name = "Value"; Value = ""; VariantName = "[No Variations]"
Added Component: Designator=D4(LED_SM0603UYC)
Add component (AddParameter): Name = "Check_prices"; Value = "https://www.snapeda.com/parts/SM0603UYC/Bivar/view-part/?ref=eda"; VariantName = "[No Variations]"
Add component (AddParameter): Name = "MF"; Value = "Bivar"; VariantName = "[No Variations]"
Add component (AddParameter): Name = "MP"; Value = "SM0603UYC"; VariantName = "[No Variations]"
Add component (AddParameter): Name = "Package"; Value = "0603 Bivar"; VariantName = "[No Variations]"
Add component (AddParameter): Name = "SnapEDA_Link"; Value = "https://www.snapeda.com/parts/SM0603UYC/Bivar/view-part/?ref=snap"; VariantName = "[No Variations]"
Add component (AddParameter): Name = "Value"; Value = ""; VariantName = "[No Variations]"
Added Component: Designator=D5(LED_SM0603UYC)
Add component (AddParameter): Name = "Check_prices"; Value = "https://www.snapeda.com/parts/SM0603UYC/Bivar/view-part/?ref=eda"; VariantName = "[No Variations]"
Add component (AddParameter): Name = "MF"; Value = "Bivar"; VariantName = "[No Variations]"
Add component (AddParameter): Name = "MP"; Value = "SM0603UYC"; VariantName = "[No Variations]"
Add component (AddParameter): Name = "Package"; Value = "0603 Bivar"; VariantName = "[No Variations]"
Add component (AddParameter): Name = "SnapEDA_Link"; Value = "https://www.snapeda.com/parts/SM0603UYC/Bivar/view-part/?ref=snap"; VariantName = "[No Variations]"
Add component (AddParameter): Name = "Value"; Value = ""; VariantName = "[No Variations]"
Added Component: Designator=D6(LED_SM0603UYC)
Add component (AddParameter): Name = "Check_prices"; Value = "https://www.snapeda.com/parts/SM0603UYC/Bivar/view-part/?ref=eda"; VariantName = "[No Variations]"
Add component (AddParameter): Name = "MF"; Value = "Bivar"; VariantName = "[No Variations]"
Add component (AddParameter): Name = "MP"; Value = "SM0603UYC"; VariantName = "[No Variations]"
Add component (AddParameter): Name = "Package"; Value = "0603 Bivar"; VariantName = "[No Variations]"
Add component (AddParameter): Name = "SnapEDA_Link"; Value = "https://www.snapeda.com/parts/SM0603UYC/Bivar/view-part/?ref=snap"; VariantName = "[No Variations]"
Add component (AddParameter): Name = "Value"; Value = ""; VariantName = "[No Variations]"
Added Component: Designator=D7(LED_SM0603UYC)
Add component (AddParameter): Name = "Check_prices"; Value = "https://www.snapeda.com/parts/SM0603UYC/Bivar/view-part/?ref=eda"; VariantName = "[No Variations]"
Add component (AddParameter): Name = "MF"; Value = "Bivar"; VariantName = "[No Variations]"
Add component (AddParameter): Name = "MP"; Value = "SM0603UYC"; VariantName = "[No Variations]"
Add component (AddParameter): Name = "Package"; Value = "0603 Bivar"; VariantName = "[No Variations]"
Add component (AddParameter): Name = "SnapEDA_Link"; Value = "https://www.snapeda.com/parts/SM0603UYC/Bivar/view-part/?ref=snap"; VariantName = "[No Variations]"
Add component (AddParameter): Name = "Value"; Value = ""; VariantName = "[No Variations]"
Added Component: Designator=D8(LED_SM0603UYC)
Add component (AddParameter): Name = "Check_prices"; Value = "https://www.snapeda.com/parts/SM0603UYC/Bivar/view-part/?ref=eda"; VariantName = "[No Variations]"
Add component (AddParameter): Name = "MF"; Value = "Bivar"; VariantName = "[No Variations]"
Add component (AddParameter): Name = "MP"; Value = "SM0603UYC"; VariantName = "[No Variations]"
Add component (AddParameter): Name = "Package"; Value = "0603 Bivar"; VariantName = "[No Variations]"
Add component (AddParameter): Name = "SnapEDA_Link"; Value = "https://www.snapeda.com/parts/SM0603UYC/Bivar/view-part/?ref=snap"; VariantName = "[No Variations]"
Add component (AddParameter): Name = "Value"; Value = ""; VariantName = "[No Variations]"
Added Component: Designator=IC1(SOT223)
Add component (AddParameter): Name = "Check_prices"; Value = "https://www.snapeda.com/parts/LD1117S33CTR/STMicroelectronics/view-part/?ref=eda"; VariantName = "[No Variations]"
Add component (AddParameter): Name = "MF"; Value = "STMicroelectronics"; VariantName = "[No Variations]"
Add component (AddParameter): Name = "MP"; Value = "LD1117S33CTR"; VariantName = "[No Variations]"
Add component (AddParameter): Name = "Package"; Value = "SOT-223 STMicroelectronics"; VariantName = "[No Variations]"
Add component (AddParameter): Name = "SnapEDA_Link"; Value = "https://www.snapeda.com/parts/LD1117S33CTR/STMicroelectronics/view-part/?ref=snap"; VariantName = "[No Variations]"
Add component (AddParameter): Name = "Value"; Value = ""; VariantName = "[No Variations]"
Added Component: Designator=J1(2PIN_100mil)
Added Component: Designator=J2(2PIN_100mil)
Added Component: Designator=J5(61302621821)
Add component (AddParameter): Name = "Category"; Value = "Board-to-Board Connectors"; VariantName = "[No Variations]"
Add component (AddParameter): Name = "ComponentLink1Description"; Value = "Website Link"; VariantName = "[No Variations]"
Add component (AddParameter): Name = "ComponentLink1URL"; Value = "https://www.we-online.com/redexpert/article/61302621821?ad"; VariantName = "[No Variations]"
Add component (AddParameter): Name = "ComponentLink2Description"; Value = "Datasheet Link"; VariantName = "[No Variations]"
Add component (AddParameter): Name = "ComponentLink2URL"; Value = "https://www.we-online.com/redexpert/spec/61302621821?ad"; VariantName = "[No Variations]"
Add component (AddParameter): Name = "Contact Resistance"; Value = "20mOhm"; VariantName = "[No Variations]"
Add component (AddParameter): Name = "Gender"; Value = "Socket Header"; VariantName = "[No Variations]"
Add component (AddParameter): Name = "Manufacturer"; Value = "Wurth Elektronik"; VariantName = "[No Variations]"
Add component (AddParameter): Name = "Manufacturer Part Number"; Value = "61302621821"; VariantName = "[No Variations]"
Add component (AddParameter): Name = "Match Code"; Value = "WR-PHD"; VariantName = "[No Variations]"
Add component (AddParameter): Name = "Mount"; Value = "Through Hole"; VariantName = "[No Variations]"
Add component (AddParameter): Name = "Number of Pins"; Value = "26"; VariantName = "[No Variations]"
Add component (AddParameter): Name = "Number of Rows"; Value = "2"; VariantName = "[No Variations]"
Add component (AddParameter): Name = "Operating Temperature Max"; Value = "125°C"; VariantName = "[No Variations]"
Add component (AddParameter): Name = "Operating Temperature Min"; Value = "-40°C"; VariantName = "[No Variations]"
Add component (AddParameter): Name = "Orientation"; Value = "Vertical"; VariantName = "[No Variations]"
Add component (AddParameter): Name = "Packaging"; Value = "Tray"; VariantName = "[No Variations]"
Add component (AddParameter): Name = "Pitch"; Value = "2.54mm"; VariantName = "[No Variations]"
Add component (AddParameter): Name = "Rated Current"; Value = "3A"; VariantName = "[No Variations]"
Add component (AddParameter): Name = "Withstanding Voltage"; Value = "500V"; VariantName = "[No Variations]"
Add component (AddParameter): Name = "Working Voltage"; Value = "250V"; VariantName = "[No Variations]"
Added Component: Designator=P1(61300511121)
Add component (AddParameter): Name = "Category"; Value = "Board-to-Board Connectors"; VariantName = "[No Variations]"
Add component (AddParameter): Name = "ComponentLink1Description"; Value = "Website Link"; VariantName = "[No Variations]"
Add component (AddParameter): Name = "ComponentLink1URL"; Value = "https://www.we-online.com/redexpert/article/61300511121?ad"; VariantName = "[No Variations]"
Add component (AddParameter): Name = "ComponentLink2Description"; Value = "Datasheet Link"; VariantName = "[No Variations]"
Add component (AddParameter): Name = "ComponentLink2URL"; Value = "https://www.we-online.com/redexpert/spec/61300511121?ad"; VariantName = "[No Variations]"
Add component (AddParameter): Name = "Contact Resistance"; Value = "20mOhm"; VariantName = "[No Variations]"
Add component (AddParameter): Name = "Gender"; Value = "Pin Header"; VariantName = "[No Variations]"
Add component (AddParameter): Name = "Manufacturer"; Value = "Wurth Elektronik"; VariantName = "[No Variations]"
Add component (AddParameter): Name = "Manufacturer Part Number"; Value = "61300511121"; VariantName = "[No Variations]"
Add component (AddParameter): Name = "Match Code"; Value = "WR-PHD"; VariantName = "[No Variations]"
Add component (AddParameter): Name = "Mount"; Value = "Through Hole"; VariantName = "[No Variations]"
Add component (AddParameter): Name = "Number of Pins"; Value = "5"; VariantName = "[No Variations]"
Add component (AddParameter): Name = "Number of Rows"; Value = "1"; VariantName = "[No Variations]"
Add component (AddParameter): Name = "Operating Temperature Max"; Value = "105°C"; VariantName = "[No Variations]"
Add component (AddParameter): Name = "Operating Temperature Min"; Value = "-40°C"; VariantName = "[No Variations]"
Add component (AddParameter): Name = "Orientation"; Value = "Vertical"; VariantName = "[No Variations]"
Add component (AddParameter): Name = "Packaging"; Value = "Bag"; VariantName = "[No Variations]"
Add component (AddParameter): Name = "Pitch"; Value = "2.54mm"; VariantName = "[No Variations]"
Add component (AddParameter): Name = "Rated Current"; Value = "3A"; VariantName = "[No Variations]"
Add component (AddParameter): Name = "Withstanding Voltage"; Value = "500V"; VariantName = "[No Variations]"
Add component (AddParameter): Name = "Working Voltage"; Value = "250V"; VariantName = "[No Variations]"
Added Component: Designator=R1(0603_RES)
Add component (AddParameter): Name = "Power"; Value = "1/8W"; VariantName = "[No Variations]"
Add component (AddParameter): Name = "Value"; Value = "0/10 Ohms"; VariantName = "[No Variations]"
Added Component: Designator=R2(0603_RES)
Add component (AddParameter): Name = "Power"; Value = "1/8W"; VariantName = "[No Variations]"
Add component (AddParameter): Name = "Value"; Value = "0/10 Ohms"; VariantName = "[No Variations]"
Added Component: Designator=R3(0603_RES)
Add component (AddParameter): Name = "Power"; Value = "1/8W"; VariantName = "[No Variations]"
Add component (AddParameter): Name = "Value"; Value = "0/10 Ohms"; VariantName = "[No Variations]"
Added Component: Designator=R5(0603_RES)
Add component (AddParameter): Name = "Power"; Value = "1/8W"; VariantName = "[No Variations]"
Add component (AddParameter): Name = "Value"; Value = "0/10 Ohms"; VariantName = "[No Variations]"
Added Component: Designator=R6(0805_RES)
Add component (AddParameter): Name = "Power"; Value = "1/8 W"; VariantName = "[No Variations]"
Add component (AddParameter): Name = "Value"; Value = "4.7k Ohms"; VariantName = "[No Variations]"
Added Component: Designator=R7(0805_RES)
Add component (AddParameter): Name = "Power"; Value = "1/8 W"; VariantName = "[No Variations]"
Add component (AddParameter): Name = "Value"; Value = "4.7k Ohms"; VariantName = "[No Variations]"
Added Component: Designator=R8(0603_RES)
Add component (AddParameter): Name = "Power"; Value = "1/8W"; VariantName = "[No Variations]"
Add component (AddParameter): Name = "Value"; Value = "0/10 Ohms"; VariantName = "[No Variations]"
Added Component: Designator=R9(0603_RES)
Add component (AddParameter): Name = "Power"; Value = "1/8W"; VariantName = "[No Variations]"
Add component (AddParameter): Name = "Value"; Value = "0/10 Ohms"; VariantName = "[No Variations]"
Added Component: Designator=R10(0603_RES)
Add component (AddParameter): Name = "Power"; Value = "1/8W"; VariantName = "[No Variations]"
Add component (AddParameter): Name = "Value"; Value = "0/10 Ohms"; VariantName = "[No Variations]"
Added Component: Designator=R11(0603_RES)
Add component (AddParameter): Name = "Power"; Value = "1/8W"; VariantName = "[No Variations]"
Add component (AddParameter): Name = "Value"; Value = "0/10 Ohms"; VariantName = "[No Variations]"
Added Component: Designator=R12(0603_RES)
Add component (AddParameter): Name = "Power"; Value = "1/8W"; VariantName = "[No Variations]"
Add component (AddParameter): Name = "Value"; Value = "0/10 Ohms"; VariantName = "[No Variations]"
Added Component: Designator=R13(0603_RES)
Add component (AddParameter): Name = "Power"; Value = "1/8W"; VariantName = "[No Variations]"
Add component (AddParameter): Name = "Value"; Value = "0/10 Ohms"; VariantName = "[No Variations]"
Added Component: Designator=R14(0603_RES)
Add component (AddParameter): Name = "Power"; Value = "1/8W"; VariantName = "[No Variations]"
Add component (AddParameter): Name = "Value"; Value = "0/10 Ohms"; VariantName = "[No Variations]"
Added Component: Designator=R15(0603_RES)
Add component (AddParameter): Name = "Power"; Value = "1/8W"; VariantName = "[No Variations]"
Add component (AddParameter): Name = "Value"; Value = "0/10 Ohms"; VariantName = "[No Variations]"
Added Component: Designator=R16(0603_RES)
Add component (AddParameter): Name = "Power"; Value = "1/8W"; VariantName = "[No Variations]"
Add component (AddParameter): Name = "Value"; Value = "0/10 Ohms"; VariantName = "[No Variations]"
Added Component: Designator=R17(0603_RES)
Add component (AddParameter): Name = "Power"; Value = "1/8W"; VariantName = "[No Variations]"
Add component (AddParameter): Name = "Value"; Value = "0/10 Ohms"; VariantName = "[No Variations]"
Added Component: Designator=R18(0603_RES)
Add component (AddParameter): Name = "Power"; Value = "1/8W"; VariantName = "[No Variations]"
Add component (AddParameter): Name = "Value"; Value = "0/10 Ohms"; VariantName = "[No Variations]"
Added Component: Designator=R19(0603_RES)
Add component (AddParameter): Name = "Power"; Value = "1/8W"; VariantName = "[No Variations]"
Add component (AddParameter): Name = "Value"; Value = "0/10 Ohms"; VariantName = "[No Variations]"
Added Component: Designator=R20(0603_RES)
Add component (AddParameter): Name = "Power"; Value = "1/8W"; VariantName = "[No Variations]"
Add component (AddParameter): Name = "Value"; Value = "0/10 Ohms"; VariantName = "[No Variations]"
Added Component: Designator=R21(0603_RES)
Add component (AddParameter): Name = "Power"; Value = "1/8W"; VariantName = "[No Variations]"
Add component (AddParameter): Name = "Value"; Value = "0/10 Ohms"; VariantName = "[No Variations]"
Added Component: Designator=R22(0805_RES)
Add component (AddParameter): Name = "Power"; Value = "1/8 W"; VariantName = "[No Variations]"
Add component (AddParameter): Name = "Value"; Value = "1k Ohms"; VariantName = "[No Variations]"
Added Component: Designator=S1(Button)
Add component (AddParameter): Name = "ComponentLink1Description"; Value = "özdisan"; VariantName = "[No Variations]"
Add component (AddParameter): Name = "ComponentLink1URL"; Value = "https://ozdisan.com/elektromekanik-komponentler/sivicler-ve-anahtarlar/tact-sivicler/DTSMF-31R-V-TR"; VariantName = "[No Variations]"
Added Component: Designator=U1(QFP50P1200X1200X160-64N)
Add component (AddParameter): Name = "Availability"; Value = "Unavailable"; VariantName = "[No Variations]"
Add component (AddParameter): Name = "MF"; Value = ""; VariantName = "[No Variations]"
Add component (AddParameter): Name = "MP"; Value = "STM32F446RET6"; VariantName = "[No Variations]"
Add component (AddParameter): Name = "Package"; Value = "None"; VariantName = "[No Variations]"
Add component (AddParameter): Name = "Price"; Value = "None"; VariantName = "[No Variations]"
Add component (AddParameter): Name = "Value"; Value = ""; VariantName = "[No Variations]"
Added Component: Designator=Y1(XTAL_ABM3-8.000MHZ-D2Y-T)
Add component (AddParameter): Name = "Availability"; Value = "In Stock"; VariantName = "[No Variations]"
Add component (AddParameter): Name = "Check_prices"; Value = "https://www.snapeda.com/parts/ABM3-8.000MHZ-D2Y-T/Abracon+LLC/view-part/?ref=eda"; VariantName = "[No Variations]"
Add component (AddParameter): Name = "MF"; Value = "Abracon"; VariantName = "[No Variations]"
Add component (AddParameter): Name = "MP"; Value = "ABM3-8.000MHZ-D2Y-T"; VariantName = "[No Variations]"
Add component (AddParameter): Name = "Package"; Value = "SMD-2 Abracon"; VariantName = "[No Variations]"
Add component (AddParameter): Name = "Price"; Value = "None"; VariantName = "[No Variations]"
Add component (AddParameter): Name = "Purchase-URL"; Value = "https://pricing.snapeda.com/search/part/ABM3-8.000MHZ-D2Y-T/?ref=eda"; VariantName = "[No Variations]"
Add component (AddParameter): Name = "SnapEDA_Link"; Value = "https://www.snapeda.com/parts/ABM3-8.000MHZ-D2Y-T/Abracon+LLC/view-part/?ref=snap"; VariantName = "[No Variations]"
Add component (AddParameter): Name = "Value"; Value = ""; VariantName = "[No Variations]"
Added Component: Designator=Y2(XTAL_CC7V-T1A-32.768KHZ-9PF-20PPM-TA-QC)
Add component (AddParameter): Name = "Check_prices"; Value = "https://www.snapeda.com/parts/CC7V-T1A-32.768kHz-9pF-20PPM-TA-QC/Micro+Crystal/view-part/?ref=eda"; VariantName = "[No Variations]"
Add component (AddParameter): Name = "MF"; Value = "Micro Crystal"; VariantName = "[No Variations]"
Add component (AddParameter): Name = "MP"; Value = "CC7V-T1A-32.768kHz-9pF-20PPM-TA-QC"; VariantName = "[No Variations]"
Add component (AddParameter): Name = "Package"; Value = "SMD-2 Micro Crystal"; VariantName = "[No Variations]"
Add component (AddParameter): Name = "SnapEDA_Link"; Value = "https://www.snapeda.com/parts/CC7V-T1A-32.768kHz-9pF-20PPM-TA-QC/Micro+Crystal/view-part/?ref=snap"; VariantName = "[No Variations]"
Add component (AddParameter): Name = "Value"; Value = ""; VariantName = "[No Variations]"
Added Pin To Net: NetName=+3V3 Pin=C1-1
Added Pin To Net: NetName=+3V3 Pin=C2-1
Added Pin To Net: NetName=+3V3 Pin=C3-1
Added Pin To Net: NetName=+3V3 Pin=C4-1
Added Pin To Net: NetName=+3V3 Pin=C5-1
Added Pin To Net: NetName=+3V3 Pin=C6-1
Added Pin To Net: NetName=+3V3 Pin=C7-1
Added Pin To Net: NetName=+3V3 Pin=C8-1
Added Pin To Net: NetName=+3V3 Pin=C9-1
Added Pin To Net: NetName=+3V3 Pin=C12-1
Added Pin To Net: NetName=+3V3 Pin=C13-2
Added Pin To Net: NetName=+3V3 Pin=IC1-2
Added Pin To Net: NetName=+3V3 Pin=IC1-4
Added Pin To Net: NetName=+3V3 Pin=J2-1
Added Pin To Net: NetName=+3V3 Pin=P1-1
Added Pin To Net: NetName=+3V3 Pin=R3-1
Added Pin To Net: NetName=+3V3 Pin=R6-1
Added Pin To Net: NetName=+3V3 Pin=R7-1
Added Pin To Net: NetName=+3V3 Pin=R10-2
Added Pin To Net: NetName=+3V3 Pin=R11-1
Added Pin To Net: NetName=+3V3 Pin=R12-1
Added Pin To Net: NetName=+3V3 Pin=R14-1
Added Pin To Net: NetName=+3V3 Pin=R15-1
Added Pin To Net: NetName=+3V3 Pin=R19-1
Added Pin To Net: NetName=+3V3 Pin=R21-1
Added Pin To Net: NetName=+3V3 Pin=R22-1
Added Pin To Net: NetName=+3V3 Pin=U1-1
Added Pin To Net: NetName=+3V3 Pin=U1-13
Added Pin To Net: NetName=+3V3 Pin=U1-19
Added Pin To Net: NetName=+3V3 Pin=U1-32
Added Pin To Net: NetName=+3V3 Pin=U1-48
Added Pin To Net: NetName=+3V3 Pin=U1-64
Added Net: Name=+3V3
Added Pin To Net: NetName=+5 Pin=C11-1
Added Pin To Net: NetName=+5 Pin=IC1-3
Added Pin To Net: NetName=+5 Pin=J5-2
Added Pin To Net: NetName=+5 Pin=J5-19
Added Net: Name=+5
Added Pin To Net: NetName=BUTTON_2 Pin=J2-2
Added Pin To Net: NetName=BUTTON_2 Pin=R5-1
Added Pin To Net: NetName=BUTTON_2 Pin=R8-1
Added Pin To Net: NetName=BUTTON_2 Pin=U1-55
Added Net: Name=BUTTON_2
Added Pin To Net: NetName=CAN_RX Pin=D7-C
Added Pin To Net: NetName=CAN_RX Pin=J5-15
Added Pin To Net: NetName=CAN_RX Pin=U1-44
Added Net: Name=CAN_RX
Added Pin To Net: NetName=CAN_TX Pin=D6-C
Added Pin To Net: NetName=CAN_TX Pin=J5-13
Added Pin To Net: NetName=CAN_TX Pin=U1-45
Added Net: Name=CAN_TX
Added Pin To Net: NetName=ENABLE Pin=J5-21
Added Pin To Net: NetName=ENABLE Pin=R6-2
Added Pin To Net: NetName=ENABLE Pin=U1-53
Added Net: Name=ENABLE
Added Pin To Net: NetName=FWD/REV Pin=J5-25
Added Pin To Net: NetName=FWD/REV Pin=R7-2
Added Pin To Net: NetName=FWD/REV Pin=U1-34
Added Net: Name=FWD/REV
Added Pin To Net: NetName=GND Pin=C1-2
Added Pin To Net: NetName=GND Pin=C2-2
Added Pin To Net: NetName=GND Pin=C3-2
Added Pin To Net: NetName=GND Pin=C4-2
Added Pin To Net: NetName=GND Pin=C5-2
Added Pin To Net: NetName=GND Pin=C6-2
Added Pin To Net: NetName=GND Pin=C7-2
Added Pin To Net: NetName=GND Pin=C8-2
Added Pin To Net: NetName=GND Pin=C9-2
Added Pin To Net: NetName=GND Pin=C10-2
Added Pin To Net: NetName=GND Pin=C11-2
Added Pin To Net: NetName=GND Pin=C12-2
Added Pin To Net: NetName=GND Pin=C13-1
Added Pin To Net: NetName=GND Pin=C14-2
Added Pin To Net: NetName=GND Pin=C15-2
Added Pin To Net: NetName=GND Pin=C16-2
Added Pin To Net: NetName=GND Pin=C17-1
Added Pin To Net: NetName=GND Pin=C18-1
Added Pin To Net: NetName=GND Pin=C19-1
Added Pin To Net: NetName=GND Pin=C20-2
Added Pin To Net: NetName=GND Pin=C21-2
Added Pin To Net: NetName=GND Pin=C22-2
Added Pin To Net: NetName=GND Pin=C23-1
Added Pin To Net: NetName=GND Pin=D2-C
Added Pin To Net: NetName=GND Pin=IC1-1
Added Pin To Net: NetName=GND Pin=J5-8
Added Pin To Net: NetName=GND Pin=J5-12
Added Pin To Net: NetName=GND Pin=J5-23
Added Pin To Net: NetName=GND Pin=P1-3
Added Pin To Net: NetName=GND Pin=R2-1
Added Pin To Net: NetName=GND Pin=R5-2
Added Pin To Net: NetName=GND Pin=R9-2
Added Pin To Net: NetName=GND Pin=S1-1
Added Pin To Net: NetName=GND Pin=U1-12
Added Pin To Net: NetName=GND Pin=U1-18
Added Pin To Net: NetName=GND Pin=U1-31
Added Pin To Net: NetName=GND Pin=U1-47
Added Pin To Net: NetName=GND Pin=U1-63
Added Net: Name=GND
Added Pin To Net: NetName=HA Pin=J5-7
Added Pin To Net: NetName=HA Pin=U1-58
Added Net: Name=HA
Added Pin To Net: NetName=HB Pin=J5-5
Added Pin To Net: NetName=HB Pin=U1-59
Added Net: Name=HB
Added Pin To Net: NetName=HC Pin=J5-3
Added Pin To Net: NetName=HC Pin=U1-61
Added Net: Name=HC
Added Pin To Net: NetName=NetC14_1 Pin=C14-1
Added Pin To Net: NetName=NetC14_1 Pin=C15-1
Added Pin To Net: NetName=NetC14_1 Pin=U1-30
Added Net: Name=NetC14_1
Added Pin To Net: NetName=NetD1_A Pin=D1-A
Added Pin To Net: NetName=NetD1_A Pin=R3-2
Added Net: Name=NetD1_A
Added Pin To Net: NetName=NetD2_A Pin=D2-A
Added Pin To Net: NetName=NetD2_A Pin=R8-2
Added Net: Name=NetD2_A
Added Pin To Net: NetName=NetD3_A Pin=D3-A
Added Pin To Net: NetName=NetD3_A Pin=R11-2
Added Net: Name=NetD3_A
Added Pin To Net: NetName=NetD4_A Pin=D4-A
Added Pin To Net: NetName=NetD4_A Pin=R12-2
Added Net: Name=NetD4_A
Added Pin To Net: NetName=NetD5_A Pin=D5-A
Added Pin To Net: NetName=NetD5_A Pin=R14-2
Added Net: Name=NetD5_A
Added Pin To Net: NetName=NetD6_A Pin=D6-A
Added Pin To Net: NetName=NetD6_A Pin=R15-2
Added Net: Name=NetD6_A
Added Pin To Net: NetName=NetD7_A Pin=D7-A
Added Pin To Net: NetName=NetD7_A Pin=R19-2
Added Net: Name=NetD7_A
Added Pin To Net: NetName=NetD8_A Pin=D8-A
Added Pin To Net: NetName=NetD8_A Pin=R21-2
Added Net: Name=NetD8_A
Added Pin To Net: NetName=NetJ5_10 Pin=J5-10
Added Pin To Net: NetName=NetJ5_10 Pin=R22-2
Added Net: Name=NetJ5_10
Added Pin To Net: NetName=NetJ5_18 Pin=J5-18
Added Pin To Net: NetName=NetJ5_18 Pin=R18-1
Added Net: Name=NetJ5_18
Added Pin To Net: NetName=NetJ5_20 Pin=J5-20
Added Pin To Net: NetName=NetJ5_20 Pin=R17-1
Added Net: Name=NetJ5_20
Added Pin To Net: NetName=NetJ5_22 Pin=J5-22
Added Pin To Net: NetName=NetJ5_22 Pin=R16-1
Added Net: Name=NetJ5_22
Added Pin To Net: NetName=NetR9_1 Pin=R9-1
Added Pin To Net: NetName=NetR9_1 Pin=U1-60
Added Net: Name=NetR9_1
Added Pin To Net: NetName=OSC_IN_1 Pin=C19-2
Added Pin To Net: NetName=OSC_IN_1 Pin=R20-2
Added Pin To Net: NetName=OSC_IN_1 Pin=U1-3
Added Pin To Net: NetName=OSC_IN_1 Pin=Y2-2
Added Net: Name=OSC_IN_1
Added Pin To Net: NetName=OSC_IN_2 Pin=C17-2
Added Pin To Net: NetName=OSC_IN_2 Pin=R13-2
Added Pin To Net: NetName=OSC_IN_2 Pin=U1-5
Added Pin To Net: NetName=OSC_IN_2 Pin=Y1-2
Added Net: Name=OSC_IN_2
Added Pin To Net: NetName=OSC_OUT_1 Pin=C23-2
Added Pin To Net: NetName=OSC_OUT_1 Pin=R20-1
Added Pin To Net: NetName=OSC_OUT_1 Pin=U1-4
Added Pin To Net: NetName=OSC_OUT_1 Pin=Y2-1
Added Net: Name=OSC_OUT_1
Added Pin To Net: NetName=OSC_OUT_2 Pin=C18-2
Added Pin To Net: NetName=OSC_OUT_2 Pin=R13-1
Added Pin To Net: NetName=OSC_OUT_2 Pin=U1-6
Added Pin To Net: NetName=OSC_OUT_2 Pin=Y1-1
Added Net: Name=OSC_OUT_2
Added Pin To Net: NetName=PA0 Pin=U1-14
Added Net: Name=PA0
Added Pin To Net: NetName=PA1 Pin=J5-1
Added Pin To Net: NetName=PA1 Pin=U1-15
Added Net: Name=PA1
Added Pin To Net: NetName=PA2 Pin=U1-16
Added Net: Name=PA2
Added Pin To Net: NetName=PA3 Pin=U1-17
Added Net: Name=PA3
Added Pin To Net: NetName=PA4 Pin=C20-1
Added Pin To Net: NetName=PA4 Pin=R16-2
Added Pin To Net: NetName=PA4 Pin=U1-20
Added Net: Name=PA4
Added Pin To Net: NetName=PA5 Pin=C21-1
Added Pin To Net: NetName=PA5 Pin=R17-2
Added Pin To Net: NetName=PA5 Pin=U1-21
Added Net: Name=PA5
Added Pin To Net: NetName=PA6 Pin=C22-1
Added Pin To Net: NetName=PA6 Pin=R18-2
Added Pin To Net: NetName=PA6 Pin=U1-22
Added Net: Name=PA6
Added Pin To Net: NetName=PA7 Pin=U1-23
Added Net: Name=PA7
Added Pin To Net: NetName=PA15 Pin=U1-50
Added Net: Name=PA15
Added Pin To Net: NetName=PB0 Pin=U1-26
Added Net: Name=PB0
Added Pin To Net: NetName=PB1 Pin=R1-2
Added Pin To Net: NetName=PB1 Pin=U1-27
Added Net: Name=PB1
Added Pin To Net: NetName=PB2 Pin=U1-28
Added Net: Name=PB2
Added Pin To Net: NetName=PB4 Pin=U1-56
Added Net: Name=PB4
Added Pin To Net: NetName=PB5 Pin=U1-57
Added Net: Name=PB5
Added Pin To Net: NetName=PB9 Pin=U1-62
Added Net: Name=PB9
Added Pin To Net: NetName=PB10 Pin=D3-C
Added Pin To Net: NetName=PB10 Pin=J5-9
Added Pin To Net: NetName=PB10 Pin=U1-29
Added Net: Name=PB10
Added Pin To Net: NetName=PB12 Pin=D8-C
Added Pin To Net: NetName=PB12 Pin=U1-33
Added Net: Name=PB12
Added Pin To Net: NetName=PB14 Pin=U1-35
Added Net: Name=PB14
Added Pin To Net: NetName=PB15 Pin=D5-C
Added Pin To Net: NetName=PB15 Pin=U1-36
Added Net: Name=PB15
Added Pin To Net: NetName=PC0 Pin=U1-8
Added Net: Name=PC0
Added Pin To Net: NetName=PC1 Pin=U1-9
Added Net: Name=PC1
Added Pin To Net: NetName=PC2 Pin=U1-10
Added Net: Name=PC2
Added Pin To Net: NetName=PC3 Pin=U1-11
Added Net: Name=PC3
Added Pin To Net: NetName=PC4 Pin=U1-24
Added Net: Name=PC4
Added Pin To Net: NetName=PC5 Pin=D4-C
Added Pin To Net: NetName=PC5 Pin=J5-11
Added Pin To Net: NetName=PC5 Pin=U1-25
Added Net: Name=PC5
Added Pin To Net: NetName=PC9 Pin=U1-40
Added Net: Name=PC9
Added Pin To Net: NetName=PC13 Pin=U1-2
Added Net: Name=PC13
Added Pin To Net: NetName=PD2 Pin=U1-54
Added Net: Name=PD2
Added Pin To Net: NetName=PWM_AH Pin=J5-26
Added Pin To Net: NetName=PWM_AH Pin=U1-37
Added Net: Name=PWM_AH
Added Pin To Net: NetName=PWM_AL Pin=J5-24
Added Pin To Net: NetName=PWM_AL Pin=U1-38
Added Net: Name=PWM_AL
Added Pin To Net: NetName=PWM_BH Pin=J5-16
Added Pin To Net: NetName=PWM_BH Pin=U1-39
Added Net: Name=PWM_BH
Added Pin To Net: NetName=PWM_BL Pin=J5-14
Added Pin To Net: NetName=PWM_BL Pin=U1-41
Added Net: Name=PWM_BL
Added Pin To Net: NetName=PWM_CH Pin=J5-6
Added Pin To Net: NetName=PWM_CH Pin=U1-42
Added Net: Name=PWM_CH
Added Pin To Net: NetName=PWM_CL Pin=J5-4
Added Pin To Net: NetName=PWM_CL Pin=U1-43
Added Net: Name=PWM_CL
Added Pin To Net: NetName=RESET Pin=C16-1
Added Pin To Net: NetName=RESET Pin=P1-5
Added Pin To Net: NetName=RESET Pin=R10-1
Added Pin To Net: NetName=RESET Pin=S1-2
Added Pin To Net: NetName=RESET Pin=U1-7
Added Net: Name=RESET
Added Pin To Net: NetName=RX / BUTTON Pin=J1-1
Added Pin To Net: NetName=RX / BUTTON Pin=U1-52
Added Net: Name=RX / BUTTON
Added Pin To Net: NetName=SPEED Pin=C10-1
Added Pin To Net: NetName=SPEED Pin=J5-17
Added Pin To Net: NetName=SPEED Pin=R1-1
Added Pin To Net: NetName=SPEED Pin=R2-2
Added Net: Name=SPEED
Added Pin To Net: NetName=SWCLK Pin=P1-2
Added Pin To Net: NetName=SWCLK Pin=U1-49
Added Net: Name=SWCLK
Added Pin To Net: NetName=SWDIO Pin=P1-4
Added Pin To Net: NetName=SWDIO Pin=U1-46
Added Net: Name=SWDIO
Added Pin To Net: NetName=TX / BUTTON Pin=D1-C
Added Pin To Net: NetName=TX / BUTTON Pin=J1-2
Added Pin To Net: NetName=TX / BUTTON Pin=U1-51
Added Net: Name=TX / BUTTON
Added Class: Name=Sheet1
Added Rule: Name=Schematic Supply Nets
Added Rule: Name=Schematic Supply Nets_1
Added Rule: Name=Schematic Supply Nets_2
