Added Pin To Net: NetName=GND Pin=J3-9
Added Pin To Net: NetName=GND Pin=J3-10
Added Pin To Net: NetName=GND Pin=J3-12
Added Pin To Net: NetName=GND Pin=J3-14
Added Member To Class: ClassName=Power Member=Component C1 16nF 35V
Added Member To Class: ClassName=Power Member=Component C2 1210YD106KAT2A
Added Member To Class: ClassName=Power Member=Component C3 470ÁF 100V
Added Member To Class: ClassName=Power Member=Component C4 470ÁF 100V
Added Member To Class: ClassName=Power Member=Component C5 470ÁF 100V
Added Member To Class: ClassName=Power Member=Component C6 470ÁF 100V
Added Member To Class: ClassName=Power Member=Component C7 100nF 35V
Added Member To Class: ClassName=Power Member=Component C8 10uF
Added Member To Class: ClassName=Power Member=Component C9 16nF 35V
Added Member To Class: ClassName=Power Member=Component C10 470ÁF 100V
Added Member To Class: ClassName=Power Member=Component C11 470ÁF 100V
Added Member To Class: ClassName=Power Member=Component C12 470ÁF 100V
Added Member To Class: ClassName=Power Member=Component C13 470ÁF 100V
Added Member To Class: ClassName=Power Member=Component C14 0.1uF
Added Member To Class: ClassName=Power Member=Component C15 0.1uF
Added Member To Class: ClassName=Power Member=Component C16 2.2uF
Added Member To Class: ClassName=Power Member=Component C17 2.2uF
Added Member To Class: ClassName=Power Member=Component C18 16nF 35V
Added Member To Class: ClassName=Power Member=Component C19 1210YD106KAT2A
Added Member To Class: ClassName=Power Member=Component C20 10uF
Added Member To Class: ClassName=Power Member=Component C21 100nF 35V
Added Member To Class: ClassName=Power Member=Component C22 100nF 16V
Added Member To Class: ClassName=Power Member=Component C23 2.2uF
Added Member To Class: ClassName=Power Member=Component C24 2.2uF
Added Member To Class: ClassName=Power Member=Component C25 2.2uF
Added Member To Class: ClassName=Power Member=Component C26 2.2uF
Added Member To Class: ClassName=Power Member=Component C27 16nF 35V
Added Member To Class: ClassName=Power Member=Component C28 1210YD106KAT2A
Added Member To Class: ClassName=Power Member=Component J2 5P
Added Member To Class: ClassName=Power Member=Component J3 61302421821
Added Member To Class: ClassName=Power Member=Component J4 282837-3
Added Member To Class: ClassName=Regulator Member=Component L1 6.8uH, 2.91A
Added Member To Class: ClassName=Power Member=Component P1 282837-2
Added Member To Class: ClassName=Power Member=Component R1 1k Ohms
Added Member To Class: ClassName=Power Member=Component R6 22R Ohms
Added Member To Class: ClassName=Power Member=Component R7 10R Ohms
Added Member To Class: ClassName=Power Member=Component R8 1k Ohms
Added Member To Class: ClassName=Power Member=Component R9 1k Ohms
Added Member To Class: ClassName=Power Member=Component R10 22R Ohms
Added Member To Class: ClassName=Power Member=Component R11 22R Ohms
Added Member To Class: ClassName=Power Member=Component R12 1k Ohms
Added Member To Class: ClassName=Power Member=Component R13 10R Ohms
Added Member To Class: ClassName=Power Member=Component R14 10R Ohms
Added Member To Class: ClassName=Power Member=Component R15 2mR 6W
Added Member To Class: ClassName=Power Member=Component R16 1k Ohms
Added Member To Class: ClassName=Power Member=Component R17 1k Ohms
Added Member To Class: ClassName=Power Member=Component R18 1k Ohms
Added Member To Class: ClassName=Power Member=Component R19 10R Ohms
Added Member To Class: ClassName=Power Member=Component R20 1k Ohms
Added Member To Class: ClassName=Power Member=Component R21 22R Ohms
Added Member To Class: ClassName=Power Member=Component R22 22R Ohms
Added Member To Class: ClassName=Power Member=Component R23 10R Ohms
Added Member To Class: ClassName=Power Member=Component R24 1k Ohms
Added Member To Class: ClassName=Regulator Member=Component U1 8-28Vin, 5Vout, 1Aout
