Removed Pin From Net: NetName=+5 Pin=C35-1
Removed Pin From Net: NetName=Shunt Pin=C35-2
Removed Pin From Net: NetName=+3V3 Pin=C36-1
Removed Pin From Net: NetName=Shunt Pin=C36-2
Removed Pin From Net: NetName=Shunt Pin=C37-1
Removed Pin From Net: NetName=+3V3 Pin=C37-2
Removed Pin From Net: NetName=NetD3_2 Pin=D3-2
Removed Pin From Net: NetName=NetD5_2 Pin=D5-2
Removed Pin From Net: NetName=DC/DC 3 Pin=D7-C
Removed Pin From Net: NetName=NetD9_2 Pin=D9-2
Removed Pin From Net: NetName=NetD3_2 Pin=IC1-5
Removed Pin From Net: NetName=NetD5_2 Pin=IC2-7
Removed Pin From Net: NetName=NetD9_2 Pin=IC3-5
Removed Pin From Net: NetName=NetD8_2 Pin=IC3-7
Removed Pin From Net: NetName=NetD2_2 Pin=R7-2
Removed Pin From Net: NetName=NetD3_2 Pin=R14-2
Removed Pin From Net: NetName=NetD5_2 Pin=R23-2
Removed Pin From Net: NetName=NetD8_2 Pin=R41-2
Removed Pin From Net: NetName=NetD9_2 Pin=R48-2
Removed Member From Class: ClassName=Regulator Member=C59
Removed Member From Class: ClassName=Regulator Member=C60
Removed Member From Class: ClassName=Regulator Member=C61
Change Component Comment : Designator=D2 Old Comment=SOD-323 New Comment=BAT54
Change Component Comment : Designator=D3 Old Comment=SOD-323 New Comment=BAT54
Change Component Comment : Designator=D5 Old Comment=SOD-323 New Comment=BAT54
Change Component Comment : Designator=D6 Old Comment=SOD-323 New Comment=BAT54
Change Component Designator: OldDesignator=C23 NewDesignator=C27
Change Component Designator: OldDesignator=C24 NewDesignator=C23
Change Component Designator: OldDesignator=C25 NewDesignator=C24
Change Component Designator: OldDesignator=C26 NewDesignator=C25
Change Component Designator: OldDesignator=C27 NewDesignator=C26
Change Component Designator: OldDesignator=C28 NewDesignator=C29
Change Component Designator: OldDesignator=C29 NewDesignator=C28
Change Component Designator: OldDesignator=C38 NewDesignator=C35
Change Component Designator: OldDesignator=C39 NewDesignator=C36
Change Component Designator: OldDesignator=C40 NewDesignator=C37
Change Component Designator: OldDesignator=C41 NewDesignator=C38
Change Component Designator: OldDesignator=C42 NewDesignator=C39
Change Component Designator: OldDesignator=C43 NewDesignator=C40
Change Component Designator: OldDesignator=C44 NewDesignator=C41
Change Component Designator: OldDesignator=C45 NewDesignator=C42
Change Component Designator: OldDesignator=C46 NewDesignator=C43
Change Component Designator: OldDesignator=C47 NewDesignator=C44
Change Component Designator: OldDesignator=C48 NewDesignator=C45
Change Component Designator: OldDesignator=C49 NewDesignator=C46
Change Component Designator: OldDesignator=C50 NewDesignator=C47
Change Component Designator: OldDesignator=C51 NewDesignator=C48
Change Component Designator: OldDesignator=C52 NewDesignator=C49
Change Component Designator: OldDesignator=C53 NewDesignator=C50
Change Component Designator: OldDesignator=C54 NewDesignator=C51
Change Component Designator: OldDesignator=C55 NewDesignator=C52
Change Component Designator: OldDesignator=C56 NewDesignator=C53
Change Component Designator: OldDesignator=C57 NewDesignator=C54
Change Component Designator: OldDesignator=C58 NewDesignator=C55
Change Component Designator: OldDesignator=C59 NewDesignator=C56
Change Component Designator: OldDesignator=C60 NewDesignator=C57
Change Component Designator: OldDesignator=C61 NewDesignator=C58
Change Component Designator: OldDesignator=C62 NewDesignator=C59
Change Component Designator: OldDesignator=C63 NewDesignator=C60
Change Component Designator: OldDesignator=C64 NewDesignator=C61
Change Component Designator: OldDesignator=C65 NewDesignator=C62
Change Component Designator: OldDesignator=C66 NewDesignator=C63
Change Component Designator: OldDesignator=C67 NewDesignator=C64
Change Component Designator: OldDesignator=C68 NewDesignator=C65
Change Component Designator: OldDesignator=C69 NewDesignator=C66
Change Component Designator: OldDesignator=C70 NewDesignator=C67
Change Component Designator: OldDesignator=C71 NewDesignator=C68
Change Component Designator: OldDesignator=C72 NewDesignator=C69
Change Component Designator: OldDesignator=C73 NewDesignator=C70
Change Component Designator: OldDesignator=C76 NewDesignator=C71
Change Component Designator: OldDesignator=C77 NewDesignator=C72
Change Component Designator: OldDesignator=C78 NewDesignator=C73
Change Component Designator: OldDesignator=C79 NewDesignator=C76
Change Component Designator: OldDesignator=C80 NewDesignator=C77
Change Component Designator: OldDesignator=C81 NewDesignator=C78
Change Component Designator: OldDesignator=C82 NewDesignator=C79
Change Component Designator: OldDesignator=C83 NewDesignator=C80
Change Component Designator: OldDesignator=C84 NewDesignator=C81
Change Component Designator: OldDesignator=C85 NewDesignator=C82
Change Component Designator: OldDesignator=C86 NewDesignator=C83
Change Component Designator: OldDesignator=C87 NewDesignator=C84
Change Component Designator: OldDesignator=C88 NewDesignator=C86
Change Component Designator: OldDesignator=C89 NewDesignator=C85
Change Component Designator: OldDesignator=C90 NewDesignator=C87
Change Component Designator: OldDesignator=C91 NewDesignator=C88
Change Component Designator: OldDesignator=D3 NewDesignator=D4
Change Component Designator: OldDesignator=D4 NewDesignator=D6
Change Component Designator: OldDesignator=D5 NewDesignator=D7
Change Component Designator: OldDesignator=D6 NewDesignator=D9
Change Component Designator: OldDesignator=D10 NewDesignator=D16
Change Component Designator: OldDesignator=IC5 NewDesignator=IC4
Change Component Designator: OldDesignator=J2 NewDesignator=J4
Change Component Designator: OldDesignator=J3 NewDesignator=J5
Change Component Designator: OldDesignator=J4 NewDesignator=J2
Change Component Designator: OldDesignator=J5 NewDesignator=J6
Change Component Designator: OldDesignator=J6 NewDesignator=J7
Change Component Designator: OldDesignator=J7 NewDesignator=J3
Change Component Designator: OldDesignator=J8 NewDesignator=J9
Change Component Designator: OldDesignator=J9 NewDesignator=J8
Change Component Designator: OldDesignator=R59 NewDesignator=R62
Change Component Designator: OldDesignator=R60 NewDesignator=R63
Change Component Designator: OldDesignator=R61 NewDesignator=R64
Change Component Designator: OldDesignator=R62 NewDesignator=R65
Change Component Designator: OldDesignator=R63 NewDesignator=R59
Change Component Designator: OldDesignator=R64 NewDesignator=R60
Change Component Designator: OldDesignator=R65 NewDesignator=R61
Change Component Designator: OldDesignator=R68 NewDesignator=R69
Change Component Designator: OldDesignator=R69 NewDesignator=R68
Change Component Designator: OldDesignator=R71 NewDesignator=R72
Change Component Designator: OldDesignator=R72 NewDesignator=R71
Change Component Designator: OldDesignator=R74 NewDesignator=R77
Change Component Designator: OldDesignator=R75 NewDesignator=R78
Change Component Designator: OldDesignator=R76 NewDesignator=R79
Change Component Designator: OldDesignator=R77 NewDesignator=R80
Change Component Designator: OldDesignator=R78 NewDesignator=R74
Change Component Designator: OldDesignator=R79 NewDesignator=R81
Change Component Designator: OldDesignator=R80 NewDesignator=R75
Change Component Designator: OldDesignator=R81 NewDesignator=R76
Change Component Designator: OldDesignator=U4 NewDesignator=U5
Change Component Designator: OldDesignator=U5 NewDesignator=U4
Added Component: Designator=D3(SOD323)
Added Component: Designator=D5(SOD323)
Added Component: Designator=D10(SOD323)
Added Component: Designator=D11(DIOM4336X265N)
Add component (AddParameter): Name = "Availability"; Value = "In Stock"; VariantName = "[No Variations]"
Add component (AddParameter): Name = "Check_prices"; Value = "https://www.snapeda.com/parts/RS2M/Taiwan+Semiconductor/view-part/?ref=eda"; VariantName = "[No Variations]"
Add component (AddParameter): Name = "MF"; Value = "Taiwan Semiconductor"; VariantName = "[No Variations]"
Add component (AddParameter): Name = "MP"; Value = "RS2M"; VariantName = "[No Variations]"
Add component (AddParameter): Name = "Package"; Value = "DO-214AA-2 Taiwan Semiconductor"; VariantName = "[No Variations]"
Add component (AddParameter): Name = "Price"; Value = "None"; VariantName = "[No Variations]"
Add component (AddParameter): Name = "SnapEDA_Link"; Value = "https://www.snapeda.com/parts/RS2M/Taiwan+Semiconductor/view-part/?ref=snap"; VariantName = "[No Variations]"
Add component (AddParameter): Name = "Value"; Value = ""; VariantName = "[No Variations]"
Added Component: Designator=D12(SOD323)
Added Component: Designator=D13(SOD323)
Added Component: Designator=D14(SOD323)
Added Component: Designator=D15(SOD323)
Added Pin To Net: NetName=+3.3V Pin=C59-1
Added Pin To Net: NetName=+3.3V Pin=C60-1
Added Pin To Net: NetName=+3.3V Pin=C62-1
Added Pin To Net: NetName=+3.3V Pin=C63-1
Added Pin To Net: NetName=+3.3V Pin=C64-1
Added Pin To Net: NetName=+3.3V Pin=C65-1
Added Pin To Net: NetName=+3.3V Pin=C66-1
Added Pin To Net: NetName=+3.3V Pin=C67-1
Added Pin To Net: NetName=+3.3V Pin=C68-1
Added Pin To Net: NetName=+3.3V Pin=C69-1
Added Pin To Net: NetName=+3.3V Pin=C70-1
Added Pin To Net: NetName=+3.3V Pin=C85-2
Added Pin To Net: NetName=NetD2_2 Pin=D3-1
Added Pin To Net: NetName=NetD3_2 Pin=D3-2
Added Pin To Net: NetName=NetD5_2 Pin=D5-2
Added Pin To Net: NetName=NetD9_2 Pin=D9-2
Added Pin To Net: NetName=NetD9_2 Pin=D10-1
Added Pin To Net: NetName=DC/DC 3 Pin=D11-C
Added Pin To Net: NetName=NetD9_2 Pin=IC2-5
Added Pin To Net: NetName=+3.3V Pin=J8-1
Added Pin To Net: NetName=NetD3_2 Pin=R7-2
Added Pin To Net: NetName=NetD5_2 Pin=R14-2
Added Pin To Net: NetName=NetD8_2 Pin=R23-2
Added Pin To Net: NetName=+3.3V Pin=R72-2
Added Pin To Net: NetName=+3.3V Pin=R74-1
Added Pin To Net: NetName=+3.3V Pin=R75-1
Added Pin To Net: NetName=+3.3V Pin=R76-2
Added Pin To Net: NetName=+3.3V Pin=R78-1
Added Pin To Net: NetName=+3.3V Pin=R79-1
Added Pin To Net: NetName=+3.3V Pin=R80-1
Added Pin To Net: NetName=+3.3V Pin=R82-1
Added Pin To Net: NetName=+3.3V Pin=R83-1
Added Pin To Net: NetName=+3.3V Pin=R84-1
Added Pin To Net: NetName=+3.3V Pin=U4-1
Added Pin To Net: NetName=+3.3V Pin=U4-13
Added Pin To Net: NetName=+3.3V Pin=U4-19
Added Pin To Net: NetName=+3.3V Pin=U4-32
Added Pin To Net: NetName=+3.3V Pin=U4-48
Added Pin To Net: NetName=+3.3V Pin=U4-64
Added Pin To Net: NetName=+3.3V Pin=U5-6
Change Net Name : Old Net Name=NetC23_2 New Net Name=NetC27_2
Change Net Name : Old Net Name=NetC28_1 New Net Name=NetC29_1
Change Net Name : Old Net Name=NetC38_2 New Net Name=NetC35_2
Change Net Name : Old Net Name=NetC43_2 New Net Name=NetC40_2
Change Net Name : Old Net Name=NetC47_1 New Net Name=NetC44_1
Change Net Name : Old Net Name=NetC55_2 New Net Name=NetC52_2
Change Net Name : Old Net Name=NetC76_2 New Net Name=NetC71_2
Change Net Name : Old Net Name=NetC77_2 New Net Name=NetC72_2
Change Net Name : Old Net Name=NetC78_2 New Net Name=NetC73_2
Change Net Name : Old Net Name=NetC81_1 New Net Name=NetC78_1
Change Net Name : Old Net Name=NetC83_2 New Net Name=NetC80_2
Change Net Name : Old Net Name=NetC84_2 New Net Name=NetC81_2
Change Net Name : Old Net Name=NetC85_2 New Net Name=NetC82_2
Change Net Name : Old Net Name=NetC86_2 New Net Name=NetC83_2
Change Net Name : Old Net Name=NetC88_1 New Net Name=NetC86_1
Change Net Name : Old Net Name=NetD3_1 New Net Name=NetD4_1
Change Net Name : Old Net Name=NetD4_A New Net Name=NetD6_A
Change Net Name : Old Net Name=NetD5_1 New Net Name=NetD7_1
Change Net Name : Old Net Name=NetD6_1 New Net Name=NetD9_1
Change Net Name : Old Net Name=NetD10_2 New Net Name=NetD16_2
Change Net Name : Old Net Name=NetIC5_4 New Net Name=NetIC4_4
Change Net Name : Old Net Name=NetJ2_1 New Net Name=NetJ4_1
Change Net Name : Old Net Name=NetJ2_2 New Net Name=NetJ4_2
Change Net Name : Old Net Name=NetJ2_3 New Net Name=NetJ4_3
Change Net Name : Old Net Name=NetJ2_4 New Net Name=NetJ4_4
Change Net Name : Old Net Name=NetJ5_1 New Net Name=NetJ6_1
Change Net Name : Old Net Name=NetJ5_2 New Net Name=NetJ6_2
Change Net Name : Old Net Name=NetJ6_1 New Net Name=NetJ7_1
Change Net Name : Old Net Name=NetJ6_2 New Net Name=NetJ7_2
Change Net Name : Old Net Name=NetR59_1 New Net Name=NetR62_1
Change Net Name : Old Net Name=NetR60_2 New Net Name=NetR63_2
Change Net Name : Old Net Name=NetR62_1 New Net Name=NetR65_1
Change Net Name : Old Net Name=NetR69_2 New Net Name=NetR68_2
Change Net Name : Old Net Name=NetR78_2 New Net Name=NetR74_2
Change Net Name : Old Net Name=NetR80_2 New Net Name=NetR75_2
Added Pin To Net: NetName=NetD4_2 Pin=D4-2
Added Pin To Net: NetName=NetD4_2 Pin=D5-1
Added Pin To Net: NetName=NetD4_2 Pin=IC1-5
Added Net: Name=NetD4_2
Added Pin To Net: NetName=NetD7_2 Pin=D7-2
Added Pin To Net: NetName=NetD7_2 Pin=D8-1
Added Pin To Net: NetName=NetD7_2 Pin=IC2-7
Added Net: Name=NetD7_2
Added Pin To Net: NetName=NetD10_2 Pin=D10-2
Added Pin To Net: NetName=NetD10_2 Pin=R32-2
Added Net: Name=NetD10_2
Added Pin To Net: NetName=NetD11_A Pin=D11-A
Added Pin To Net: NetName=NetD11_A Pin=R35-2
Added Net: Name=NetD11_A
Added Pin To Net: NetName=NetD12_1 Pin=D12-1
Added Pin To Net: NetName=NetD12_1 Pin=R37-1
Added Net: Name=NetD12_1
Added Pin To Net: NetName=NetD12_2 Pin=D12-2
Added Pin To Net: NetName=NetD12_2 Pin=D13-1
Added Pin To Net: NetName=NetD12_2 Pin=IC3-7
Added Net: Name=NetD12_2
Added Pin To Net: NetName=NetD13_2 Pin=D13-2
Added Pin To Net: NetName=NetD13_2 Pin=R41-2
Added Net: Name=NetD13_2
Added Pin To Net: NetName=NetD14_1 Pin=D14-1
Added Pin To Net: NetName=NetD14_1 Pin=R47-2
Added Net: Name=NetD14_1
Added Pin To Net: NetName=NetD14_2 Pin=D14-2
Added Pin To Net: NetName=NetD14_2 Pin=D15-1
Added Pin To Net: NetName=NetD14_2 Pin=IC3-5
Added Net: Name=NetD14_2
Added Pin To Net: NetName=NetD15_2 Pin=D15-2
Added Pin To Net: NetName=NetD15_2 Pin=R48-2
Added Net: Name=NetD15_2
Added Member To Class: ClassName=Power Member=Component D10 SOD-323
Added Member To Class: ClassName=Power Member=Component D11 RS2M
Added Member To Class: ClassName=Power Member=Component D12 BAT54
Added Member To Class: ClassName=Power Member=Component D13 SOD-323
Added Member To Class: ClassName=Power Member=Component D14 BAT54
Added Member To Class: ClassName=Power Member=Component D15 SOD-323
