Removed Pin From Net: NetName=GND Pin=J4-1
Removed Pin From Net: NetName=+5V Pin=J4-3
Removed Pin From Net: NetName=GND Pin=J6-1
Removed Pin From Net: NetName=+5V Pin=J6-3
Removed Member From Class: ClassName=Power Member=J6
Change Component Footprint: Designator=J4 Old Footprint=TB3_3.81_90C New Footprint=TE_284512-3
Change Component Comment : Designator=J4 Old Comment=3P 3.81MM New Comment=284512-3
Change component parameters: Designator = "J4" ("J4"); Footprint = "TB3_3.81_90C"; UniqueID = "\WAODQGKN" ("\WAODQGKN")
Change component parameters (AddParameter): Name = "Availability"; Value = "Unavailable"; VariantName = "[No Variations]"
Change component parameters (AddParameter): Name = "Centerline_Pitch"; Value = "3.5 mm[.138 in]"; VariantName = "[No Variations]"
Change component parameters (AddParameter): Name = "EU_RoHS_Compliance"; Value = "Compliant"; VariantName = "[No Variations]"
Change component parameters (AddParameter): Name = "MF"; Value = "TE Connectivity"; VariantName = "[No Variations]"
Change component parameters (AddParameter): Name = "MP"; Value = "284512-3"; VariantName = "[No Variations]"
Change component parameters (AddParameter): Name = "Number_of_Positions"; Value = "3"; VariantName = "[No Variations]"
Change component parameters (AddParameter): Name = "Package"; Value = "None"; VariantName = "[No Variations]"
Change component parameters (AddParameter): Name = "Price"; Value = "None"; VariantName = "[No Variations]"
Change component parameters (AddParameter): Name = "SnapEDA_Link"; Value = "https://www.snapeda.com/parts/284512-3/TE%20Connectivity%20AMP%20Connectors/view-part/223060/?ref=snap"; VariantName = "[No Variations]"
Change component parameters (AddParameter): Name = "TE_purchase_URL"; Value = "https://www.te.com/usa-en/product-284512-3.html?te_bu=Cor&te_type=disp&te_campaign=seda_glo_cor-seda-global-disp-prtnr-fy19-seda-model-bom-cta_sma-317_1&elqCampaignId=32493"; VariantName = "[No Variations]"
Change component parameters (AddParameter): Name = "Value"; Value = ""; VariantName = "[No Variations]"
Added Pin To Net: NetName=+5V Pin=J4-1
Added Pin To Net: NetName=GND Pin=J4-3
Added Room: Name=Power
Added Room: Name=Regulator
