Removed Pin From Net: NetName=+15 Pin=C38-2
Removed Pin From Net: NetName=+15 Pin=C46-1
Removed Pin From Net: NetName=+15 Pin=C48-2
Removed Pin From Net: NetName=+15 Pin=C50-2
Removed Pin From Net: NetName=+15 Pin=C57-2
Removed Pin From Net: NetName=+15 Pin=L1-1
Removed Pin From Net: NetName=+15 Pin=L2-2
Removed Pin From Net: NetName=+15 Pin=L4-1
Removed Pin From Net: NetName=+15 Pin=L5-1
Removed Pin From Net: NetName=+15 Pin=R51-2
Added Pin To Net: NetName=+15V Pin=C38-2
Added Pin To Net: NetName=+15V Pin=C46-1
Added Pin To Net: NetName=+15V Pin=C48-2
Added Pin To Net: NetName=+15V Pin=C50-2
Added Pin To Net: NetName=+15V Pin=C57-2
Added Pin To Net: NetName=+15V Pin=L1-1
Added Pin To Net: NetName=+15V Pin=L2-2
Added Pin To Net: NetName=+15V Pin=L4-1
Added Pin To Net: NetName=+15V Pin=L5-1
Added Pin To Net: NetName=+15V Pin=R51-2
