Removed Pin From Net: NetName=DC/DC 1 Pin=C35-1
Removed Pin From Net: NetName=DC/DC 2 Pin=C40-1
Removed Pin From Net: NetName=DC/DC 3 Pin=C52-1
Removed Pin From Net: NetName=IN+ Pin=C61-1
Removed Pin From Net: NetName=IN- Pin=C61-2
Removed Pin From Net: NetName=+15V Pin=L1-1
Removed Pin From Net: NetName=+15V Pin=L4-1
Removed Pin From Net: NetName=+15V Pin=L5-1
Removed Pin From Net: NetName=GND Pin=PS1-1
Removed Pin From Net: NetName=VSS_A Pin=PS1-3
Removed Pin From Net: NetName=DC/DC 1 Pin=PS1-4
Removed Pin From Net: NetName=GND Pin=PS2-1
Removed Pin From Net: NetName=VSS_B Pin=PS2-3
Removed Pin From Net: NetName=DC/DC 2 Pin=PS2-4
Removed Pin From Net: NetName=GND Pin=PS3-1
Removed Pin From Net: NetName=VSS_C Pin=PS3-3
Removed Pin From Net: NetName=DC/DC 3 Pin=PS3-4
Removed Member From Class: ClassName=Regulator Member=C35
Removed Member From Class: ClassName=Regulator Member=C40
Removed Member From Class: ClassName=Regulator Member=C52
Removed Member From Class: ClassName=Regulator Member=L1
Removed Member From Class: ClassName=Regulator Member=L4
Removed Member From Class: ClassName=Regulator Member=L5
Change Component Footprint: Designator=PS1 Old Footprint=CONV_B0505S-1WR3 New Footprint=CONV_TMA_1515S
Change Component Footprint: Designator=PS2 Old Footprint=CONV_B0505S-1WR3 New Footprint=CONV_TMA_1515S
Change Component Footprint: Designator=PS3 Old Footprint=CONV_B0505S-1WR3 New Footprint=CONV_TMA_1515S
Change Component Comment : Designator=PS1 Old Comment=B0505S-1WR3 New Comment=TMA_1515S
Change Component Comment : Designator=PS2 Old Comment=B0505S-1WR3 New Comment=TMA_1515S
Change Component Comment : Designator=PS3 Old Comment=B0505S-1WR3 New Comment=TMA_1515S
Change component parameters: Designator = "PS1" ("PS1"); Footprint = "CONV_B0505S-1WR3"; UniqueID = "\DZMNIUAG" ("\DZMNIUAG")
Change component parameters (AddParameter): Name = "Availability"; Value = "Unavailable"; VariantName = "[No Variations]"
Change component parameters (AddParameter): Name = "MF"; Value = "{'manufacturer': u'Traco Power'}"; VariantName = "[No Variations]"
Change component parameters (AddParameter): Name = "MP"; Value = "TMA_1515S"; VariantName = "[No Variations]"
Change component parameters (AddParameter): Name = "Package"; Value = "None"; VariantName = "[No Variations]"
Change component parameters (AddParameter): Name = "Price"; Value = "None"; VariantName = "[No Variations]"
Change component parameters (AddParameter): Name = "Value"; Value = ""; VariantName = "[No Variations]"
Change component parameters: Designator = "PS2" ("PS2"); Footprint = "CONV_B0505S-1WR3"; UniqueID = "\RLGYKVKN" ("\RLGYKVKN")
Change component parameters (AddParameter): Name = "Availability"; Value = "Unavailable"; VariantName = "[No Variations]"
Change component parameters (AddParameter): Name = "MF"; Value = "{'manufacturer': u'Traco Power'}"; VariantName = "[No Variations]"
Change component parameters (AddParameter): Name = "MP"; Value = "TMA_1515S"; VariantName = "[No Variations]"
Change component parameters (AddParameter): Name = "Package"; Value = "None"; VariantName = "[No Variations]"
Change component parameters (AddParameter): Name = "Price"; Value = "None"; VariantName = "[No Variations]"
Change component parameters (AddParameter): Name = "Value"; Value = ""; VariantName = "[No Variations]"
Change component parameters: Designator = "PS3" ("PS3"); Footprint = "CONV_B0505S-1WR3"; UniqueID = "\CZCPPJGI" ("\CZCPPJGI")
Change component parameters (AddParameter): Name = "Availability"; Value = "Unavailable"; VariantName = "[No Variations]"
Change component parameters (AddParameter): Name = "MF"; Value = "{'manufacturer': u'Traco Power'}"; VariantName = "[No Variations]"
Change component parameters (AddParameter): Name = "MP"; Value = "TMA_1515S"; VariantName = "[No Variations]"
Change component parameters (AddParameter): Name = "Package"; Value = "None"; VariantName = "[No Variations]"
Change component parameters (AddParameter): Name = "Price"; Value = "None"; VariantName = "[No Variations]"
Change component parameters (AddParameter): Name = "Value"; Value = ""; VariantName = "[No Variations]"
Added Pin To Net: NetName=+15V Pin=C39-2
Added Pin To Net: NetName=+15V Pin=C51-2
Added Pin To Net: NetName=+15V Pin=C58-2
Added Pin To Net: NetName=Shunt Pin=C61-1
Added Pin To Net: NetName=GND Pin=C61-2
Added Pin To Net: NetName=+15V Pin=PS1-1
Added Pin To Net: NetName=GND Pin=PS1-2
Added Pin To Net: NetName=VSS_A Pin=PS1-4
Added Pin To Net: NetName=DC/DC 1 Pin=PS1-6
Added Pin To Net: NetName=+15V Pin=PS2-1
Added Pin To Net: NetName=GND Pin=PS2-2
Added Pin To Net: NetName=VSS_B Pin=PS2-4
Added Pin To Net: NetName=DC/DC 2 Pin=PS2-6
Added Pin To Net: NetName=+15V Pin=PS3-1
Added Pin To Net: NetName=GND Pin=PS3-2
Added Pin To Net: NetName=VSS_C Pin=PS3-4
Added Pin To Net: NetName=DC/DC 3 Pin=PS3-6
Added Room: Name=Power
Added Room: Name=Regulator
