Removed Pin From Net: NetName=Shunt Pin=C41-1
Removed Pin From Net: NetName=Shunt Pin=C42-1
Removed Pin From Net: NetName=+5 Pin=C43-1
Removed Pin From Net: NetName=Shunt Pin=C43-2
Removed Pin From Net: NetName=Shunt Pin=C44-2
Removed Pin From Net: NetName=Shunt Pin=C59-2
Removed Pin From Net: NetName=Shunt Pin=C60-2
Removed Pin From Net: NetName=Shunt Pin=C61-2
Removed Pin From Net: NetName=Shunt Pin=C62-2
Removed Pin From Net: NetName=Shunt Pin=C63-2
Removed Pin From Net: NetName=Shunt Pin=C64-2
Removed Pin From Net: NetName=Shunt Pin=C65-2
Removed Pin From Net: NetName=Shunt Pin=C66-2
Removed Pin From Net: NetName=Shunt Pin=C67-2
Removed Pin From Net: NetName=Shunt Pin=C68-2
Removed Pin From Net: NetName=Shunt Pin=C69-2
Removed Pin From Net: NetName=Shunt Pin=C70-2
Removed Pin From Net: NetName=Shunt Pin=C71-1
Removed Pin From Net: NetName=Shunt Pin=C72-1
Removed Pin From Net: NetName=Shunt Pin=C73-1
Removed Pin From Net: NetName=Shunt Pin=C74-2
Removed Pin From Net: NetName=Shunt Pin=C75-2
Removed Pin From Net: NetName=Shunt Pin=C76-1
Removed Pin From Net: NetName=Shunt Pin=C77-1
Removed Pin From Net: NetName=Shunt Pin=C78-2
Removed Pin From Net: NetName=Shunt Pin=C79-2
Removed Pin From Net: NetName=Shunt Pin=C80-1
Removed Pin From Net: NetName=Shunt Pin=C81-1
Removed Pin From Net: NetName=Shunt Pin=C82-1
Removed Pin From Net: NetName=Shunt Pin=C83-1
Removed Pin From Net: NetName=Shunt Pin=C84-2
Removed Pin From Net: NetName=Shunt Pin=C85-1
Removed Pin From Net: NetName=Shunt Pin=C86-2
Removed Pin From Net: NetName=Shunt Pin=C87-2
Removed Pin From Net: NetName=Shunt Pin=C88-2
Removed Pin From Net: NetName=Shunt Pin=J1-5
Removed Pin From Net: NetName=Shunt Pin=J2-1
Removed Pin From Net: NetName=Shunt Pin=J3-1
Removed Pin From Net: NetName=Shunt Pin=J5-1
Removed Pin From Net: NetName=Shunt Pin=J6-3
Removed Pin From Net: NetName=Shunt Pin=J7-3
Removed Pin From Net: NetName=Shunt Pin=J8-3
Removed Pin From Net: NetName=Shunt Pin=J9-3
Removed Pin From Net: NetName=Shunt Pin=J10-1
Removed Pin From Net: NetName=Shunt Pin=J11-1
Removed Pin From Net: NetName=Shunt Pin=J12-2
Removed Pin From Net: NetName=Shunt Pin=J13-2
Removed Pin From Net: NetName=+5 Pin=L3-1
Removed Pin From Net: NetName=Shunt Pin=Mot-V/C1-4
Removed Pin From Net: NetName=Shunt Pin=R62-2
Removed Pin From Net: NetName=Shunt Pin=R67-2
Removed Pin From Net: NetName=Shunt Pin=R69-2
Removed Pin From Net: NetName=Shunt Pin=R77-1
Removed Pin From Net: NetName=Shunt Pin=S1-1
Removed Pin From Net: NetName=Shunt Pin=U2-2
Removed Pin From Net: NetName=Shunt Pin=U3-2
Removed Pin From Net: NetName=+5 Pin=U3-3
Removed Pin From Net: NetName=Shunt Pin=U4-12
Removed Pin From Net: NetName=PWM_AH Pin=U4-14
Removed Pin From Net: NetName=PWM_BH Pin=U4-15
Removed Pin From Net: NetName=PWM_CH Pin=U4-16
Removed Pin From Net: NetName=Shunt Pin=U4-18
Removed Pin From Net: NetName=Shunt Pin=U4-31
Removed Pin From Net: NetName=PWM_AL Pin=U4-44
Removed Pin From Net: NetName=PWM_BL Pin=U4-45
Removed Pin From Net: NetName=Shunt Pin=U4-47
Removed Pin From Net: NetName=PWM_CL Pin=U4-50
Removed Pin From Net: NetName=Shunt Pin=U4-63
Removed Pin From Net: NetName=Shunt Pin=U5-7
Removed Pin From Net: NetName=PVDD Pin=U5-8
Removed Pin From Net: NetName=IN- Pin=U5-9
Removed Pin From Net: NetName=IN+ Pin=U5-10
Removed Member From Class: ClassName=Regulator Member=C41
Removed Member From Class: ClassName=Regulator Member=C42
Removed Member From Class: ClassName=Regulator Member=C43
Removed Member From Class: ClassName=Regulator Member=C44
Removed Member From Class: ClassName=Regulator Member=L3
Removed Member From Class: ClassName=Regulator Member=U2
Change Room Name: Old Name=STM32 New Name=Regulator
Change Room Scope: Old Scope=InComponentClass('STM32') New Scope=InComponentClass('Regulator')
Added Room: Name=Power
