Replace Part C2 1210YD106KAT2A in C:\Users\ahmet\OneDrive\Masa³st³\Controller\IR2186_Motor_Controller\Power.SchDoc with 1210YD106KAT2A from 1210YD106KAT2A.IntLib
Replace Part C3 860040881012 in C:\Users\ahmet\OneDrive\Masa³st³\Controller\IR2186_Motor_Controller\Power.SchDoc with 860040881012 from Hidroana Lib.IntLib
Replace Part C4 860040881012 in C:\Users\ahmet\OneDrive\Masa³st³\Controller\IR2186_Motor_Controller\Power.SchDoc with 860040881012 from Hidroana Lib.IntLib
Replace Part C5 860040881012 in C:\Users\ahmet\OneDrive\Masa³st³\Controller\IR2186_Motor_Controller\Power.SchDoc with 860040881012 from Hidroana Lib.IntLib
Replace Part C6 860040881012 in C:\Users\ahmet\OneDrive\Masa³st³\Controller\IR2186_Motor_Controller\Power.SchDoc with 860040881012 from Hidroana Lib.IntLib
Replace Part C10 860040881012 in C:\Users\ahmet\OneDrive\Masa³st³\Controller\IR2186_Motor_Controller\Power.SchDoc with 860040881012 from Hidroana Lib.IntLib
Replace Part C11 860040881012 in C:\Users\ahmet\OneDrive\Masa³st³\Controller\IR2186_Motor_Controller\Power.SchDoc with 860040881012 from Hidroana Lib.IntLib
Replace Part C12 860040881012 in C:\Users\ahmet\OneDrive\Masa³st³\Controller\IR2186_Motor_Controller\Power.SchDoc with 860040881012 from Hidroana Lib.IntLib
Replace Part C13 860040881012 in C:\Users\ahmet\OneDrive\Masa³st³\Controller\IR2186_Motor_Controller\Power.SchDoc with 860040881012 from Hidroana Lib.IntLib
Replace Part C14 1210YD106KAT2A in C:\Users\ahmet\OneDrive\Masa³st³\Controller\IR2186_Motor_Controller\Power.SchDoc with 1210YD106KAT2A from 1210YD106KAT2A.IntLib
Replace Part C15 1210YD106KAT2A in C:\Users\ahmet\OneDrive\Masa³st³\Controller\IR2186_Motor_Controller\Power.SchDoc with 1210YD106KAT2A from 1210YD106KAT2A.IntLib
Replace Part C16 1210YD106KAT2A in C:\Users\ahmet\OneDrive\Masa³st³\Controller\IR2186_Motor_Controller\Power.SchDoc with 1210YD106KAT2A from 1210YD106KAT2A.IntLib
Replace Part C17 1210YD106KAT2A in C:\Users\ahmet\OneDrive\Masa³st³\Controller\IR2186_Motor_Controller\Power.SchDoc with 1210YD106KAT2A from 1210YD106KAT2A.IntLib
Replace Part C19 1210YD106KAT2A in C:\Users\ahmet\OneDrive\Masa³st³\Controller\IR2186_Motor_Controller\Power.SchDoc with 1210YD106KAT2A from 1210YD106KAT2A.IntLib
Replace Part C24 1210YD106KAT2A in C:\Users\ahmet\OneDrive\Masa³st³\Controller\IR2186_Motor_Controller\Power.SchDoc with 1210YD106KAT2A from 1210YD106KAT2A.IntLib
Replace Part C25 1210YD106KAT2A in C:\Users\ahmet\OneDrive\Masa³st³\Controller\IR2186_Motor_Controller\Power.SchDoc with 1210YD106KAT2A from 1210YD106KAT2A.IntLib
Replace Part C26 1210YD106KAT2A in C:\Users\ahmet\OneDrive\Masa³st³\Controller\IR2186_Motor_Controller\Power.SchDoc with 1210YD106KAT2A from 1210YD106KAT2A.IntLib
Replace Part C27 1210YD106KAT2A in C:\Users\ahmet\OneDrive\Masa³st³\Controller\IR2186_Motor_Controller\Power.SchDoc with 1210YD106KAT2A from 1210YD106KAT2A.IntLib
Replace Part C29 1210YD106KAT2A in C:\Users\ahmet\OneDrive\Masa³st³\Controller\IR2186_Motor_Controller\Power.SchDoc with 1210YD106KAT2A from 1210YD106KAT2A.IntLib
Replace Part D1 RS2M in C:\Users\ahmet\OneDrive\Masa³st³\Controller\IR2186_Motor_Controller\Power.SchDoc with RS2M from RS2M.IntLib
Replace Part D4 RS2M in C:\Users\ahmet\OneDrive\Masa³st³\Controller\IR2186_Motor_Controller\Power.SchDoc with RS2M from RS2M.IntLib
Replace Part D7 RS2M in C:\Users\ahmet\OneDrive\Masa³st³\Controller\IR2186_Motor_Controller\Power.SchDoc with RS2M from RS2M.IntLib
Replace Part IC1 IRS21867S in C:\Users\ahmet\OneDrive\Masa³st³\Controller\IR2186_Motor_Controller\Power.SchDoc with IRS21867S from IRS21867S.IntLib
Replace Part IC2 IRS21867S in C:\Users\ahmet\OneDrive\Masa³st³\Controller\IR2186_Motor_Controller\Power.SchDoc with IRS21867S from IRS21867S.IntLib
Replace Part IC3 IRS21867S in C:\Users\ahmet\OneDrive\Masa³st³\Controller\IR2186_Motor_Controller\Power.SchDoc with IRS21867S from IRS21867S.IntLib
Replace Part R1 RES_0805 in C:\Users\ahmet\OneDrive\Masa³st³\Controller\IR2186_Motor_Controller\Power.SchDoc with RES_0805 from Hidroana Lib.IntLib
Replace Part R2 RES_0805 in C:\Users\ahmet\OneDrive\Masa³st³\Controller\IR2186_Motor_Controller\Power.SchDoc with RES_0805 from Hidroana Lib.IntLib
Replace Part R4 RES_0805 in C:\Users\ahmet\OneDrive\Masa³st³\Controller\IR2186_Motor_Controller\Power.SchDoc with RES_0805 from Hidroana Lib.IntLib
Replace Part R8 RES_0805 in C:\Users\ahmet\OneDrive\Masa³st³\Controller\IR2186_Motor_Controller\Power.SchDoc with RES_0805 from Hidroana Lib.IntLib
Replace Part R12 RES_0805 in C:\Users\ahmet\OneDrive\Masa³st³\Controller\IR2186_Motor_Controller\Power.SchDoc with RES_0805 from Hidroana Lib.IntLib
Replace Part R17 RES_0805 in C:\Users\ahmet\OneDrive\Masa³st³\Controller\IR2186_Motor_Controller\Power.SchDoc with RES_0805 from Hidroana Lib.IntLib
Replace Part R18 RES_0805 in C:\Users\ahmet\OneDrive\Masa³st³\Controller\IR2186_Motor_Controller\Power.SchDoc with RES_0805 from Hidroana Lib.IntLib
Replace Part R20 RES_0805 in C:\Users\ahmet\OneDrive\Masa³st³\Controller\IR2186_Motor_Controller\Power.SchDoc with RES_0805 from Hidroana Lib.IntLib
Replace Part R24 RES_0805 in C:\Users\ahmet\OneDrive\Masa³st³\Controller\IR2186_Motor_Controller\Power.SchDoc with RES_0805 from Hidroana Lib.IntLib
Replace Part R30 RES_0805 in C:\Users\ahmet\OneDrive\Masa³st³\Controller\IR2186_Motor_Controller\Power.SchDoc with RES_0805 from Hidroana Lib.IntLib
Replace Part R35 RES_0805 in C:\Users\ahmet\OneDrive\Masa³st³\Controller\IR2186_Motor_Controller\Power.SchDoc with RES_0805 from Hidroana Lib.IntLib
Replace Part R36 RES_0805 in C:\Users\ahmet\OneDrive\Masa³st³\Controller\IR2186_Motor_Controller\Power.SchDoc with RES_0805 from Hidroana Lib.IntLib
Replace Part R38 RES_0805 in C:\Users\ahmet\OneDrive\Masa³st³\Controller\IR2186_Motor_Controller\Power.SchDoc with RES_0805 from Hidroana Lib.IntLib
Replace Part R42 RES_0805 in C:\Users\ahmet\OneDrive\Masa³st³\Controller\IR2186_Motor_Controller\Power.SchDoc with RES_0805 from Hidroana Lib.IntLib
Replace Part R46 RES_0805 in C:\Users\ahmet\OneDrive\Masa³st³\Controller\IR2186_Motor_Controller\Power.SchDoc with RES_0805 from Hidroana Lib.IntLib
