Change Component Designator: Old Designator=+5 New Designator=+?
Change Component Designator: Old Designator=+15 New Designator=+?
Change Component Designator: Old Designator=3V3 New Designator=?
Change Component Designator: Old Designator=C29 New Designator=C?
Change Component Designator: Old Designator=C43 New Designator=C?
Change Component Designator: Old Designator=C44 New Designator=C?
Change Component Designator: Old Designator=C45 New Designator=C?
Change Component Designator: Old Designator=C46 New Designator=C?
Change Component Designator: Old Designator=C48 New Designator=C?
Change Component Designator: Old Designator=C49 New Designator=C?
Change Component Designator: Old Designator=C50 New Designator=C?
Change Component Designator: Old Designator=C51 New Designator=C?
Change Component Designator: Old Designator=C52 New Designator=C?
Change Component Designator: Old Designator=C53 New Designator=C?
Change Component Designator: Old Designator=D22 New Designator=D?
Change Component Designator: Old Designator=IC4 New Designator=IC?
Change Component Designator: Old Designator=IC5 New Designator=IC?
Change Component Designator: Old Designator=L1 New Designator=L?
Change Component Designator: Old Designator=R81 New Designator=R?
Change Component Designator: Old Designator=R82 New Designator=R?
Change Component Designator: Old Designator=R88 New Designator=R?
Change Component Designator: Old Designator=R89 New Designator=R?
Change Component Designator: Old Designator=R90 New Designator=R?
Change Component Designator: Old Designator=R91 New Designator=R?
Change Component Designator: Old Designator=U4 New Designator=U?
Change Component Designator: Old Designator=VIN New Designator=VIN?
Change Component Designator: Old Designator=VR2 New Designator=VR?
